<?xml version='1.0' encoding='utf-8'?>
<all_roots><root>
<reasoning>Let's walk through the code step-by-step to see if it compiles correctly.

1. The package statement `package cf3` is correct.
2. The necessary Kotlin library is imported using `import kotlin.math.absoluteValue`.
3. The `main` function reads an integer from the input and repeats a block of code `testcases` times.
4. Inside the repeat block, two lines read another integer and a list of integers.
5. The `solve` function processes this list and returns a transformed list of integers.
6. The `solve` function contains:
   - Filtering positive values.
   - Finding the minimum positive value and maximum negative value.
   - Logic to decide whether to include the distraction or not.
   - Transformation of the input list based on the determined logic.

The problematic point is in the `solve` function. Specifically:
- `contributes.min()` should be `contributors.minOrNull()`. The method `min()` was renamed in Kotlin and is called `minOrNull()` in current versions.

The code will not compile due to the use of the outdated method `min()`.

Thus, the final answer is True.</reasoning>
<answer>True</answer>
</root><root>
<reasoning>Let's analyze the provided C++ code step by step to check for any compilation errors. The code starts with the inclusion of the `bits/stdc++.h` header file, which is a common practice in competitive programming to include all standard C++ library headers at once. This is syntactically correct.

The `using namespace std` directive is also correctly used to avoid prefixing standard library names with `std::`.

In the `main` function, the `ios::sync_with_stdio(0)` line is used to disable the synchronization between C and C++ standard streams, which can improve the input/output performance. This is also correctly used.

Next, `cin.tie(0)` is called to untie `cin` from `cout`, ensuring that output operations are not automatically flushed before each input operation. Similarly, `cout.tie(0)` is used to untie `cout` from itself, which usually has no effect, but itâ€™s sometimes used in competitive programming to match coding habits.

The `main` function has a proper signature and a return type of `int`, correctly returning 0 at the end, which signifies successful execution.

There are no syntactical or logical errors present in the provided code snippet that would prevent it from compiling.

Therefore, based on the analysis, the code does not generate a compilation error.
</reasoning>
<answer>False</answer>
</root><root>
<reasoning>
Step 1: Import Statements Examination
- The code uses `java.lang.Integer.max` and `java.lang.Integer.min`. However, there is no need for these imports as Kotlin provides its own `kotlin.math.max` and `kotlin.math.min` functions.
- Conclusion: No compilation error due to import statements; They are just unnecessary.

Step 2: Utility Function Analysis
- The code uses utility functions `readInt()` and `readInts()`. These utility functions are not defined within the provided code snippet.
- Conclusion: This will cause a compilation error since `readInt()` and `readInts()` are not standard library functions and are missing from the context.

Step 3: Main Function Analysis
- The main logic of the program seems logically correct and well-structured. The indices and operations within the loops are correctly managed.
- Overall, if `readInt()` and `readInts()` were defined, the main logic would run without errors.

Conclusion: The undefined utility functions `readInt()` and `readInts()` will lead to a compilation error.
</reasoning>
<answer>True</answer>
</root><root>
<reasoning>
Let's reason through the code meticulously:

1. The `solve` function takes two arguments: `inputReader` and `output`. A lambda function returning `String?` and a lambda function taking a `String` as argument respectively.
2. The line `val testCaseCount = inputReader()!!.toInt()` attempts to read and convert to an integer the number of test cases. The use of `!!` assumes that the result of `inputReader()` is non-null.
3. The function enters a loop that runs `testCaseCount` times.
4. Within the loop, `developerCount` reads the next input and converts it to an integer, again using `!!` which assumes a non-null `String`.
5. Then, it reads a space-separated string of developer's experience levels, splits it, and maps it to a list of integers.
6. The code calculates the `maxSum` of all positive developers' experience levels.
7. It finds the highest negative experience (`greatestNegativeDeveloper`) or assigns the minimum possible integer if none exists.
8. It then looks for the smallest positive experience (`weakestPositiveDeveloper`) or assigns the maximum integer if none exists.
9. The program makes a decision based on the absolute value of the greatest negative developer's experience and the weakest positive developer's experience.
10. Depending on the condition, it either constructs a string `answer` with specific logic and calls `output` with computed values.
11. Finally, the `main` function attempts to call `solve` on an object named `solved`.

Here are the clues:
- The `inputReader()!!` calls will cause a runtime exception if they encounter a null value, but this is not a compilation issue.
- The correct import for `max` in lists is `maxOrNull` not `max`, but using `max` directly will cause a compilation error.
- The `main` function calls `solved.solve`, which implies `solved` is an object. This is not defined anywhere in the provided code, which will cause a compilation error.

Concluding, a compilation error occurs because the `max` function is incorrectly used and the undefined `solved` object is referenced in the main function.
</reasoning>
<answer>True</answer>
</root><root>
<reasoning>Step by step reasoning to determine whether the given code will generate a compilation error:

1. The first line `import Advance.add` references a module named `Advance` which does not appear to be a standard library or defined within the provided scope. The absence of this import will generate a compilation error. 

2. Next, the imports `import java.util.*` and `import java.util.Collections.max` reference standard Java libraries which should be fine.

3. The imports `import kotlin.collections.ArrayList`, `import kotlin.collections.HashMap`, `import kotlin.math.max`, `import kotlin.math.min`, and `import kotlin.math.round` reference standard Kotlin libraries which are correct as well.

4. The functions `rs() = readLine()!!`, `ri() = rs().toInt()`, `rsl() = rs().split(" ")`, and `ril() = rsl().map{it.toInt()}` are correctly defined and will not cause compilation errors.

5. The `main` function and its inner logic including loops, conditional statements, and array operations are correctly defined and will not cause compilation errors.

Given these observations, we can determine that the import statement `import Advance.add` is the only issue which will lead to a compilation error.

Final Conclusion: The code will generate a compilation error due to the invalid import statement.

</reasoning>
<answer>True</answer>
</root><root>
<reasoning>  
Step-by-step analysis of the code:
1. The code is written in Kotlin.
2. The main() function reads a number of test cases and processes each test case in a repeat loop.
3. For each test case, it reads the bench (which is not utilized further in the code) and a list of programmers.
4. It calls the solve() function that processes the programmers list and returns a list of integers.
5. The solve() function filters and processes the list, and maps values based on certain conditions.

Potential Issues:
1. The use of readLine() implies that the code expects input from standard input. Since readLine() can return null, the use of `!!` (non-null assertion operator) is necessary, and it's correctly employed here.
2. The `contributors.min()` method should function correctly in Kotlin.
3. The conditions in the map operation seem logically valid.

Considering all these points:
- No syntax issues are visible.
- Proper use of Kotlin collection functions and control structures.

Overall, the code seems syntactically correct and should not produce a compilation error.

Final Conclusion:
No compilation errors are expected based on the analysis.

</reasoning>
<answer>False</answer>
</root><root>
<reasoning>
Step 1: Check for syntax errors in the code. 
- The syntax appears correct.

Step 2: Check for undeclared or incorrectly referenced variables and functions. 
- The function `go` is defined and called correctly. 
- `val t = readLn().toInt()` and `val n = readLn().toInt()` lines rely on the `readLn` method which is defined.
- `val ar = readIntList()` relies on the `readIntList` method which is defined.
- The `readLine` method is standard in Kotlin for reading input.
- The `readIntList` method calls `readLn`. This is correctly defined.
- The partition and filter methods on the list seem correctly used.
- No errors in the use of destructuring declarations.

Step 3: Check for issues with Kotlin's scope.
- All variables within the methods are properly scoped.
- References to elements of Kotlin APIs (such as partition, filter, map, etc.) are correctly done.

Step 4: Identifying runtime errors like accessing properties on `null`.
- The code does call `minBy!!`. This ensures that `minPositive` is non-null, which is safe because `greater` must contain at least one element that passes the predicate `v &gt; 0`.

Step 5: Check potential issues with undefined or scope leakage of variables.
- Functions are defined with correct signatures.
- Variables are declared and used strictly within their scope.

Step 6: Verify all function definitions and imports.
- All functions referenced are defined within the code.
- There are no missing imports needed for compiling the code.

Conclusion: The supplied code does not generate a compilation error.
</reasoning>
<answer>False</answer>
</root><root>
<reasoning>
To determine if the code generates a compilation error, we need to inspect several aspects:
1. **Imports**: The code imports the `kotlin.test.assertTrue`, but does not use it anywhere in the code. However, unused imports do not cause compilation errors. Thus, this is not an issue.
2. **Functions:** The code defines several `private` functions (`readLn`, `readInt`, `readStrings`, `readInts`, `solve`). All these functions appear to be syntactically correct and use standard Kotlin functions correctly.
3. **Main logic:** The `main` function reads an integer, `t`, and repeats the `solve` function `t` times. This is also standard and error-free.
4. **Reading input and processing**: The `solve` function uses standard Kotlin functions correctly to read inputs and perform operations like filtering, mapping, summing, finding minimum and maximum values. 
5. **Nullability and safe calls**: The code handles nullable values using safe calls and non-null assertions (e.g., `aap.min()!!`). These are likely logically safe based on context.
6. **Print statements**: The code contains `print` and `println` statements which are syntactically correct.
7. **Control flow**: All `if` statements, loops, and other control structures appear syntactically correct.

Based on the above reasoning, the code does not contain syntax errors that would cause compilation failures.

</reasoning>
<answer>False</answer>
</root><root>
<reasoning>
The current program includes multiple references to the `solved` package, which is presumably external. Firstly, `import solved.readLn` implies that the readLn function is expected to be sourced from the `solved` package. Furthermore, `readIntList` and `readIntArray` functions also reference `solved.readLn`, denoting they use the readLn function from the same package. Additionally, there are debugging-related functions, `debLn` and `deb`, that reference `solved.debugEnabled`.

Examining these clues:
1. Without the `solved` package, which is not defined within this code snippet, `import solved.readLn` will result in a compilation error.
2. Functions `readIntList` and `readIntArray` that use `solved.readLn` will also fail to compile due to the missing package.
3. Debug-related functions (`debLn` and `deb`) accessing the `solved.debugEnabled` variable also rely on this nonexistent package.

Conclusively, since the code references a package `solved` that is undefined here, it will result in errors during compilation.
</reasoning>
<answer>True</answer>
</root><root>
<reasoning>Firstly, let's understand the code step by step and check for any potential compilation errors. 
1. The code imports java.util.*
2. It defines several helper functions to read input values: next(), nextInt(), nextLong(), nextInts(), and nextLongs().
3. It defines a global mutable list of strings, OUT.
4. The solve() function reads an integer 'n' and a list 'a' of 'n' integers nextInts().
5. Within the solve() function:
   - A mutable list 'b' of integers is defined (although not used in the rest of the code).
   - 'lo' is initialized to 10000.
   - A loop runs from 0 to n-1 to determine the minimum absolute non-zero value of 'a' and store it in 'lo'.
   - 'ans' stores a string of "0" repeated 'n' times.
   - 'tmp' is defined using a StringBuilder initialized with size 'n'.
   - The variables 'fl' and 'sm' are initialized to 0.
   - Another loop runs from 0 to n-1 to determine values in 'ans' based on conditions checking against 'lo'.
   - If 'a[i]' matches certain conditions, 'tmp[i]' and 'ans[i]' are updated.
   - However, the assignment operations 'tmp[i]' = "1" and 'ans[i]' = "1" would fail. 
6. The main() function reads an integer 'T' with nextInt() and runs a loop from 1 to T calling the solve() function each time.
7. It finally prints the resultant OUT.

The problematic assignments 'tmp[i] = "1"' and 'ans[i] = "1"' cause compilation errors because:
- Strings in Kotlin are immutable, and 'StringBuilder' requires to use 'tmp.setCharAt(i, '1')' to update 'tmp' at index 'i'.
- Similarly, 'String' cannot be directly assigned like an array. Thus, 'ans' should be mutable like 'StringBuilder' but it's incorrectly treated as mutable.

Thus, the code contains compilation errors based on incorrect string assignments.

</reasoning>
<answer>True</answer>
</root><root>
<reasoning>Step 1: Examine the `generateSequence(::readLine)` function.
The `generateSequence` function generates a sequence based on the `readLine` function which reads a single line from the standard input. This function does not generate any compilation errors.

Step 2: Check the `asStream()` function call.
The `asStream()` function operates on a collection or sequence to convert it to a `Stream`. However, checking the Kotlin standard library documentation, `Sequence` does not have an `asStream()` function by default. This leads us to suspect that it is the source of the compilation error.

Step 3: Review `skip(1)` and `forEach` methods and lambda expression.
These methods are valid Stream API operations, they process the stream correctly if it is a java.util.Stream. Similarly, the lambda expression `forEach { line -&gt; ... }` is correctly formed.

Step 4: Examine the code inside the lambda expression.
The line-to-int conversion and conditional check for even/odd numbers are syntactically correct.

Conclusion: The issue arises because `asStream` is not available for `Sequence` by default in Kotlin. Attempting to call `asStream` on a `Sequence` leads to a compilation error.

</reasoning>
<answer>True</answer>
</root><root>
<reasoning>Step-by-step examination:

1. The function `main()` defines `var t = readLine()!!.toInt()` which means it expects an integer input from the user.
2. The code then enters a while loop with the condition `while(t --)`. This part of the code aims to decrement `t` until it becomes 0. However, the correct syntax to decrement and check would be `while(t-- &gt; 0)`.
3. Inside the while loop, `var n = readLine()!!.toInt()` expects another integer input.
4. `var ans = max(0, n / 2 - 1)` uses the `max` function, but it does not import `max` from `kotlin.math`, which is necessary for its usage.
5. The condition `if(n &gt; 0)` checks if `n` is greater than 0, and if true, increments `ans` by the remainder of `n % 2`.
6. Finally, it prints the value of `ans`.

The code will result in a compilation error due to two reasons:
1. Incorrect syntax in the while loop (`while(t --)`).
2. Missing import for `max` function.

Therefore, the final answer is True because the code indeed generates a compilation error based on the identified issues.</reasoning>
<answer>True</answer>
</root><root>
<reasoning>First, we note that the code imports java.util.*, which should work fine for importing the Scanner class. The `val scan` initialization should also work without any issues, setting up a Scanner object to read from standard input.

Next, the main function is defined and within it, an integer `b` is read using `scan.nextInt()`, which is valid syntax.

However, we observe an error in the 'for' loop: The syntax for the range in Kotlin should be `i in 1..b`, not `i 1..b`.

Correct syntax would be:
```for (i in 1..b)```

Due to the incorrect syntax in the 'for' loop, the code will not compile.
</reasoning>
<answer>True</answer>
</root><root>
<reasoning>The code begins by importing the Scanner class for reading input. 
1. The `reader` object is instantiated correctly, and the first integer `t` is read.
2. The for loop correctly ranges from 1..t; this indicates it's supposed to run `t` times.
3. Inside the loop, another integer `n` is read correctly.
4. An `ans` variable is declared, and based on the condition `(n+1)/2 &gt; n/2`, `ans` is computed properly.
5. The last line of the loop attempts to print a variable named `sum`, which has not been declared or initialized anywhere in the code.
6. This undeclared variable reference will lead to a compilation error.

Thus, the attempted usage of the undeclared variable `sum` leads to a compilation error.</reasoning>
<answer>True</answer>
</root><root>
<reasoning>First we need to ensure no syntax errors or missing imports. In Kotlin, the package declaration 'package kotlinBasics' is correct if placed in the appropriate file directory.
Next, we check usage of functions and their return types. 'readLine()' reads input as a String and 'toInt()' converts it to an integer.
Declaring and initializing 'IntArray' with 'n' elements and using '..a.lastIndex' to iterate is valid syntax.
Within the first 'for' loop, 'a[i] = readLine()!!.toInt()' reads input and assigns it properly to array 'a'.
Within the second 'for' loop, we calculate 'o', then correctly use 'println' to output based on the condition whether 'a[i]' is even or odd.
After meticulous checking, all code blocks are syntactically valid and logically coherent, giving no indication of a compilation error.
Thus, the final answer is False.</reasoning>
<answer>False</answer>
</root><root>
<reasoning>First, let's analyze the code step by step to determine if it causes a compilation error:
1. The code imports `java.lang.AssertionError`, which is correct.
2. Several private functions are defined to read inputs of various types; these definitions are correct.
3. `myAssert` function is correctly defined and throws `AssertionError` if the condition is false; it is correct.
4. In the `main` function:
   - Variable `tt` is read using `readInt()`. This is correct.
   - A `for` loop iterates from 0 until `tt`. This is correct.
   - Inside the loop, `n` is read using `readInt()`. However, the syntax `var (n) = readInt()` is incorrect. It should be `var n = readInt()`.
   - Variables `ans` and `var` are incorrectly used. The correct variable declaration would be `var ans` (although it is defined but not used) and instead of `var`, the variable should have a valid name such as `result`.
Overall, the code has syntax issues related to variable declaration and assignment. These syntax issues will generate compilation errors.</reasoning>
<answer>True</answer>
</root><root>
<reasoning>
First, let's analyze the Kotlin code step by step to identify if there are any compilation errors.

1. The function `main` is defined correctly with the appropriate parameter.
2. A variable `tests` is declared and assigned a value obtained by reading input and converting it to an integer. The `readLine()!!` part ensures that the input is not null, and `.toInt()` converts it to an Integer. This part is correct and does not cause a compilation error.
3. The `if` condition `tests in 1..10000` is a valid syntax for checking if `tests` is within the specified range.
4. Within the `if` block, another variable `candies` is declared and assigned a value similarly, which is correct.
5. A variable `noOFPossibilities` is initialized to 0, which is correctly done.
6. The next `if` condition checks if `candies` is within the range. The syntax is correct except for the floating-point range check `(2 * (10.0f).pow(9))`. In Kotlin, `pow` method should be called on `10.0f` which is inside the `kotlin.math` package. We need to import `kotlin.math.pow` for this to work.
7. If the import statement is missing, it causes a compilation error.
8. Inside the `while` loop, there is a condition `a + b == candies`. It creates an infinite loop (logical mistake but not a compilation error), because `a + b` will always equal `candies` initially and then it gets messed with `a -= 1` and `b += 1`.
9. Again, we have syntax and proper voicing that doesn't directly cause a compilation error, but it is logically incorrect.
10. Finally, the `println(noOFPossibilities)` is correctly positioned.

Therefore, the critical portion that might cause a compilation error is the use of `pow` without the required import statement.

</reasoning>
<answer>True</answer>
</root><root>
<reasoning>Let's investigate the code step by step to determine if it causes a compilation error.

1. The code imports the necessary packages: util, io, and math, which seems appropriate and does not contain any issues.

2. The `main` function is defined correctly with the parameter it expects from the command line.

3. An instance of the `Scanner` class is created to take inputs from `System.in`.

4. The first input taken is `N` which signifies the number of test cases.

5. It then enters a for loop running from 1 to `N`, meaning it will repeat the process `N` times.

6. Inside the loop, it reads an integer `BB`, then initializes `A` to be `BB-1`, `B` to be 1, and `count` to be 0.

7. Within the while loop, the `count` is intended to increase by 1 for each iteration while `A` is greater than `B` but there is no logic inside the loop altering the values of `A` or `B`, resulting in an infinite loop logically, but this does not cause a compilation error, only a runtime issue.

8. After the while loop, it prints the current count.

From analyzing the code, we notice that although there is a logic error resulting in a likely infinite loop, there are no syntax or compilation issues.

Therefore, this code does not cause a compilation error but has a logical flaw.</reasoning>
<answer>False</answer>
</root><root>
<reasoning>
Let's analyze the code step by step for any potential issues:

1. The `readInts` function reads a line from the input, and then splits it into a list of strings.
2. The `main` function calls `readInts` to read the input and then converts it to a list of integers using the `map { it.toInt() }` function.
3. The variable `tests_cnt` is the list of integers obtained from this conversion.
4. The for-loop iterates from 1 to `tests_cnt[0]`. 
5. Inside the loop, the variable `a` is assigned the result of another call to `readInts`, which is then converted to a list of `BigInteger`.
6. The comparison `if (a &gt; 2)` will generate a compilation error because `a` is a list and cannot be directly compared to an integer.
7. Further operations such as `println((a/2).toBigInteger())` would also cause issues since `a` is a list and division cannot be directly performed on a list.

Therefore, there are compilation errors in this code.
</reasoning>
<answer>True</answer>
</root><root>
<reasoning>
First, let's analyze the package and import statements which don't usually cause compilation issues. 
Next, the declaration of global fields and functions is valid syntax and doesn't raise any issues. 
The functions for reading input, such as `readLine()`, `readLn()`, `readInt()`, `readDouble()`, etc., are correctly written and typical usage in Kotlin. 
The helper functions for gcd calculations and utility functions like `Boolean.toInt()` are correctly defined. 
The main function reads an integer `t` and iterates from 1 to `t`, reading another integer `a` in each iteration and printing values based on its even or odd status.

Verify if each code segment follows Kotlin syntax rules:
1. Package and imports: Correct.
2. Field declarations with @JvmField: Correct.
3. Input-related functions: Correct.
4. GCD functions: Correct.
5. Helper functions: Correct.
6. Main function iterating and printing values: Correct.

Since no syntax errors, misuses of language constructs, or improper declarations were found, the code should compile without issues.
</reasoning>
<answer>False</answer>
</root><root>
<reasoning>The provided code does generate a compilation error. The reasoning steps are as follows:
1. The code uses the "repeat" function to repeat actions based on the integer input.
2. Inside the "repeat" loop, a check is performed using "if (n and 1)".
3. The Kotlin language requires both operands in a bitwise "and" operation to be integers. Additionally, the "if" statement should compare variables with a logical operator such as "==" or "!=".
4. In this context, "n and 1" should be "n and 1 != 0". The code "if (n and 1)" is invalid syntax and causes a compilation error.
The code will not compile due to this syntactical mistake in the "if" condition.</reasoning>
<answer>True</answer>
</root><root>
<reasoning>The provided code is a Kotlin program. Let's analyze it step by step:
1. The code imports the `Scanner` class from the `java.util` package, which is correct usage to read input.
2. The `main` function is defined properly with the expected `args` parameter.
3. Inside the `main` function, a `Scanner` object `reader` is created to read input from the standard input.
4. An integer `n` is read using `reader.nextInt()`.
5. A `while` loop operates as long as `n--` is not zero. This is valid Kotlin syntax and should work correctly.
6. Inside the loop, another integer `x` is read using `reader.nextInt()`.
7. The `if` statement checks if `x` divided by 2 (in double precision) is not equal to `x` divided by 2 (in integer precision). This is valid and should work without issues.
8. Based on the above condition, it prints the relevant values as per the conditions specified.

The code is syntactically correct and does not contain any compilation errors.

In logical terms, it is well-formed and does not contain any immediately obvious mistakes that would prevent it from compiling.

</reasoning>
<answer>False</answer>
</root><root>
<reasoning>
Step by step:

1. Import statement: `import java.util.*` is correct and does not cause any compilation errors.
2. Definition of `min` function: `private fun min(a: Long, b: Long): Long` is correct syntax in Kotlin.
3. Inside the `min` function, the usage of `if` condition and `return` statements are correctly placed.

4. Parse the input in `main` function:
   - `var q = readLine()!!.toLong()`: Correct syntax for reading input and converting to Long.
   - Loop condition `while(q --&gt; 0)`: This syntax is valid in Kotlin and represents a countdown loop from `q` to 0.

5. Inside the loop:
   - The variable `n` is assigned a value from `readLine().toLong()`, but `n` is not declared.

6. The operation and `println` statement will not cause any issues in and of themselves.

Conclusion: The variable `n` is used without being declared, which causes a compilation error.

</reasoning>
<answer>True</answer>
</root><root>
<reasoning>
Let's break down the given code into its components and analyze it step by step:

1. The code imports java.util.Scanner.
2. The main function initializes and presumably reads from the input.
3. `var t = read.nextInt()` is meant to read an integer value into the variable `t`.
4. The for loop `for (i in t)` intends to iterate from `1 to t`.
5. Inside the loop, `var n = read.nextInt()` is meant to read another integer value into the variable `n`.
6. The code then prints a value based on the expression `(n-1)/2`.

Let's identify issues in the code:

- First, there is a missing semicolon in the import statement. In Java, import statements should end with a semicolon (`;`). 
- Second, there's no declaration or initialization for an object named `read`. The code likely meant to use a `Scanner` object, but it hasn't been created or used correctly.
- Third, the for loop `for (i in t)` is incorrect. In Kotlin, a correct range loop would be `for (i in 1..t)`.
  
These syntax and logical issues will result in compilation errors.

</reasoning>
<answer>True</answer>
</root><root>
<reasoning>
To determine if the code generates a compilation error, let's analyze its syntax and usage step by step:

1. The `main` function is correctly defined.
2. `var t = readLine()!!.toInt()` reads an integer from the input and stores it in the variable `t`. This syntax is correct.
3. The `for` loop syntax `for(i in 0 until t)` is correct. It will iterate `t` times.
4. Inside the loop, `var n = readLine()!!.toInt()` correctly reads another integer from the input and stores it in the variable `n`.
5. The function `max(0, n / 2 - 1)` is used to compute the initial value of `ans`. However, `max` is not a built-in function in Kotlin by default. Kotlin uses `kotlin.math.max`, which needs to be imported.
6. The `if` statement with `if(n &gt; 0)` is correctly structured.
7. `ans += n % 2` correctly adds the remainder of `n` divided by 2 to `ans`.
8. Finally, `println(ans)` correctly prints the value of `ans`.

The issue lies with the usage of `max`, which requires an import statement: `import kotlin.math.max`. Without this import, the code will generate a compilation error because `max` will be undefined.

Therefore, the code as presented will produce a compilation error.
</reasoning>
<answer>True</answer>
</root><root>
<reasoning>First, we analyze the import statement:

```kotlin
import kotlin.math.max
```

The import statement targets the 'max' function from the 'kotlin.math' package. This is correctly placed.

Next, we look at the `main` function definition:

```kotlin
fun main() { ... }
```

This is correctly defined as the entry point of a Kotlin application.

Within the `main` function, we examine the initialization of variable `s`:
```kotlin
val s = 'a' + readLine()!! + 'a'
```

The expression reads an input string, and concatenates 'a' before and after the input string. It seems correct as `readLine` returns a `String` and `!!` operator ensures non-null input. The concatenation of characters and string does not produce an error in Kotlin.

Next preliminary variable declarations:
```kotlin
var sol = 0
var last = 0
```

These are valid variable declarations with initial values.

Next, we have:
```kotlin
val vowels = setOf('a', 'e', 'i', 'o', 'u', 'y')
```

The set of vowels is correctly initialized using `setOf`.

Next is the for loop definition:
```kotlin
for (pos in 1 until s.length) {
  if (s[pos] in vowels) {
    sol = max(sol, pos - last)
    last = pos
  }
}
```

The loop iterates from position 1 to the length of `s`, and it correctly checks if each character is in vowels set. If true, it updates `sol` using `max` and `last` with the current position. The loop logic is valid.

Finally, the print statement:
```kotlin
print(sol)
```

This prints the solution, which is correct as it outputs an integer in Kotlin.

The above code does not show any compilation errors.</reasoning>
<answer>False</answer>
</root><root>
<reasoning>
First, let's break down the provided code step by step:

1. The main function is declared.
2. A `BufferedReader` is created to read data from the standard input stream.
3. A `StringBuilder` is initialized, but it is not used anywhere in the code.
4. The commented-out lines suggest that they might have been used to read and process additional input, but since they are commented out, they have no effect on the code.
5. A string `str` is read from the input.
6. A list of characters `list` is defined containing the vowels 'A', 'E', 'I', 'O', 'U', and 'Y'.
7. Two integer variables, `dis` and `max`, are initialized to 0.
8. A for loop iterates over the string `str` in reverse order.
9. If the current character is a vowel (contained in `list`), `dis` is set to 1.
10. If the current character is not a vowel, `dis` is incremented, and `max` is updated to the maximum value between the current `max` and `dis`.
11. After the loop, if the string length is 1, the code prints 1.
12. Otherwise, it prints the maximum value between 1 and `max`.

Key points to consider for compilation errors:
- The `import` statements for libraries like `System` and `BufferedReader` are implicit in Kotlin and don't cause a compilation error.
- The syntax used (reversed loop, list of characters, use of `in`) is all valid Kotlin syntax.
- Type conversions and variable initializations are correct.

Since all the syntax and operations are correct, this piece of code does not generate any compilation errors.
</reasoning>
<answer>False</answer>
</root><root>
<reasoning>
1. The code starts by importing necessary libraries to function correctly: 'import java.util.*' and 'import kotlin.collections.ArrayList'. These imports are valid and should not cause any issues.
2. Then, the main function is defined. Inside it, a string `str` is read from the standard input using `readLine()!!`. This line is valid in Kotlin.
3. A constant string `const` containing the vowels 'AEIOUY' is defined. This is also valid Kotlin syntax.
4. An ArrayList of Integers named `list` is initialized. This line of code is also correct.
5. A for-loop iterates over each character of the string `str`. The range of the loop is valid because it uses `0..str.length - 1`.
6. Inside the for loop, there is an if condition that checks if the character `str[i]` is present in `const`. If true, the index `i` is added to the list. This logic is valid and syntactically correct.
7. A variable `max` is initialized to 0. There are no syntax errors here.
8. The code checks if the size of the list is less than 2. If true, it checks if the first character in `str` is not in `const`. If the condition is met, `max` is set to 0; otherwise, it is set to 1. This conditional logic is correctly implemented.
9. If the list size is greater than or equal to 2, a for-loop iterates from 1 to `list.size - 1`. It calculates the step size between consecutive indices stored in the list. If the step size is greater than the current `max`, it updates `max` to the new step size. This logic is valid in Kotlin.
10. Finally, the code prints the value of `max`. This line is correct.

Upon thoroughly analyzing the code, there are no Kotlin compilation errors identified.
</reasoning>
<answer>False</answer>
</root><root>
<reasoning>Let's review the code snippet step by step to determine if there will be any compilation errors.

First, the `import` statements:
```java
import java.util.*
import kotlin.collections.ArrayList
```
The `import` statements miss a semicolon, but this is not relevant in Kotlin since `import` does not need semicolons at the end in Kotlin.

Next, let's check the lines of the main function:
```kotlin
fun main() {
    var const = "AEIOUY"
    var str = readLine()!!.split("A","E","I","O","U","Y")
    println(str)
    var str1 = str.maxBy { it.length }
    println(str1!!.length+1)
}
```

1. The `const` variable is defined as a string containing "AEIOUY". `const` is usually a reserved keyword in Kotlin, but since it's used here as a variable name, it's contextually permitted.
2. `readLine()!!.split("A","E","I","O","U","Y")` tries to read a line from standard input and split it by vowels. This syntax is correct and does not generate any compilation errors.
3. `println(str)` will correctly print the list of strings obtained from the split operation.
4. `str.maxBy { it.length }` uses a lambda function to find the longest string in the list. However, `maxBy` is deprecated and should be replaced with `maxByOrNull`. This might cause a warning but not a compilation error.
5. `str1!!.length+1` is valid since `str1` is expected not to be null due to the assertion `!!`, and `.length+1` will correctly evaluate to an integer value printed by `println`.

Therefore, while there is a deprecation warning due to the use of the `maxBy` function, there are no compilation errors in this Kotlin code.

Final Answer: False</reasoning>
<answer>False</answer>
</root><root>
<reasoning>
1. The first line of the code imports Java's `util` package using `import java.util.*`. Java and Kotlin can interoperate if done correctly. However, since no class from `java.util` is explicitly used in the Kotlin code, this line is redundant.

2. The next line imports the `ArrayList` class from `kotlin.collections`. This is valid and necessary for the code.

3. The `main` function is defined next, which is the entry point for the Kotlin code.

4. `readLine()` is used to read a line from the standard input and its result is assigned to `str`. The non-null assertion operator `!!` is used, indicating that `str` will not be null.

5. A constant string `const` is defined, containing certain characters.

6. An `ArrayList` is created to store indices of characters that match those in `const`.

7. A `for` loop iterates over each character in `str`, checking if it is present in `const`. If it is, the loop adds the index of the character to `list`.

8. The code initializes a variable `max` to zero to store the maximum step value.

9. Another `for` loop starts from 1 to `list.size-1`, calculates the difference between consecutive indices stored in `list`, and updates `max` if the current step is greater than `max`.

10. Finally, the value of `max` is printed.

However, we notice a crucial gap: If `list` is empty or has only one element after processing the `str`, the second `for` loop (starting from line 11) will not execute as it starts from index 1. This doesn't create a compilation error but may lead to a logical error if an empty or single matching character string is input.

Upon reviewing the entire code, we observe no syntax or semantic errors that would cause a compilation failure. The code properly adheres to Kotlin's syntax rules and utilizes necessary class imports for ArrayList.

All function calls and usage patterns are valid. Therefore, the code compiles without errors.

</reasoning>
<answer>False</answer>
</root><root>
<reasoning>First, let's examine the code step by step to clarify if it generates a compilation error.

1. Package import: The code includes `import java.util.*`, which is correct and necessary for using the Scanner class.
2. The `main` function: This is the entry point of the Kotlin program. It takes an array of strings as an argument, which is standard.
3. Scanner initialization: `val sc = Scanner(System.`in`)`, this part is correct and initializes the Scanner to take input from the standard input stream.
4. Reading an integer: `val n = sc.nextInt()` reads an integer from the input, which is valid.
5. The `solve` function: This function is called with the integer `n` and its return value is assigned to `x`. The subsequent lines print the size of the list `x` and each element in `x`. This is correct syntactically and logically.
6. The definition of the `solve` function: The function defines a range from 0 to 200 and filters values based on certain conditions. 
    - The code correctly checks if `n - it &gt; 0`.
    - The `digits()` function is called on `n - it`, but here lies the potential issue. The `Int.digits()` function returns an integer, not an `Int` subset. Correcting this necessary functionality could confirm if a compilation error exists.
7. The `digits` function: 
    - The `digits()` function is an extension function of the `Int` class and performs arithmetic operations to sum the digits of the integer, which works perfectly fine and no compilation issue here.
    
Upon inspection, the problem lies in the comparison `(n - it).digits() == it`. `digits()` returns an integer that must be checked against `it` directly. Considering every step properly, we can confirm the compilation correctness beyond logical and syntactical errors.
Ultimately, the description and its inspection validate no compilation errors logically or syntactically.

Thus, the final answer:

</reasoning>
<answer>False</answer>
</root><root>
<reasoning>
The code provided seems to be using Kotlin programming language and attempts to compile a program that consists of multiple functions. The code initializes an instance of `Scanner` to read input from the console and uses the input to call a function `solve`.

Let's examine the `solve` function:
- It takes an integer `n` as input.
- It generates a sequence of integers from 0 to 200.
- It filters this sequence using a condition: `(n - it).digits() == it`.
- Then, it maps the result to be `n - it`.

We need to investigate the `digits` function:
- It calculates the sum of the digits of an integer.
- It uses a `while` loop to iterate over each digit.

Now, step by step:
1. The code is syntactically correct in Kotlin.
2. The `Scanner` initialization and usage are correct.
3. The `solve` function's sequence generation and filtering appear correct.
4. The `digits` function correctly calculates the digit sum of an integer.
5. All functions are defined properly and the code executes as intended without syntactical errors.

Given the investigation above, the code does not show any compilation errors.

</reasoning>
<answer>False</answer>
</root><root>
<reasoning>First, we analyze the main function and check for any syntax issues. The main function uses a Scanner object to read an integer 'n'. Then, the result of the 'solve' function is printed correctly using 'println' and 'forEach'. Next, we inspect the 'solve' function. It's using a range from 1 to 200 and filtering on the condition that 'n - it' is greater than 0 and 'n - it' digits are equal to 'it'. Finally, we look at the 'Int.digits' extension function, which seems correct in its logic of summing the digits. Compilation errors generally arise from syntax issues, type inconsistencies, or missing symbols. Here, all syntax appears correct, types are consistent, and Java Collections and methods have correct invocation. Thus, the code does not have any compilation errors.</reasoning>
<answer>False</answer>
</root><root>
<reasoning>The code provided consists of a main function and two other functions: `solve` and `Int.digits`. 

Starting with the main function:
1. A `Scanner` object is created to read input from the standard input.
2. The `nextInt` method is used to read an integer `n`.
3. The `solve` function is called with `n` as an argument and its result is stored in `x`.
4. The size of `x` is printed.
5. Each element of `x` is printed using a `forEach` loop.

Now, examining the `solve` function:
1. It creates a range from 1 to 200 and filters elements based on a condition.
2. The condition involves calling the `digits` method on the result of `n - it`.
3. It maps the filtered elements to `n - it`.
4. Finally, it sorts the results.

The `digits` function:
1. It computes the sum of the digits of an integer.
2. Uses a while loop to iterate through each digit of the integer.

Potential compilation errors:
- The `digits` method is defined as an extension function for the `Int` type.
- The expression `(n - it).digits()` calls this `digits` method.

The `solve` function works correctly if the extension function `digits` exists and can be called on an `Int`. 
Examining the code closely, all methods and extensions are correctly defined. 
There is no misplaced syntax, nor any missing imports for the standard Kotlin library functions being used.

After following all steps meticulously, there are no evident compilation errors in the provided code.

Therefore, the code does not generate a compilation error.</reasoning>
<answer>False</answer>
</root><root>
<reasoning>First, I would check the code for syntax errors and ensure that all functions, variables, and expressions are used correctly. Let's review the code step by step:

1. Define the function `readB` which reads input, splits and maps the input values correctly.
2. The function `solveB`, which performs calculations, is defined correctly and returns an integer value. It uses Kotlin syntax and constructs appropriately.
3. The `main` function invokes `readB` correctly.

All the functions are properly defined and invoked, and the syntax is correct. Hence, there should not be any compilation errors.</reasoning>
<answer>False</answer>
</root><root>
<reasoning>
First, we need to analyze if the code provided is complete and if all its components are properly defined and used. The code consists of three functions: readB(), solveB(n, m, timesRaw), and main(args). Let's break down the code step by step:

1. The readB() function reads input using readLine()!!.split(" ").map { it.toInt() } and stores the values in variables n, k, and m. It then reads a second line as times, and converts it into a list of integers. It uses solveB(n, m, times) to compute a result and prints it.

2. The solveB() function takes in n, m, and timesRaw as parameters, sorts the timesRaw list, and calculates the fullTaskTime and fullTaskScore. It then iterates over a range from 0 to n, creating mappings of scores based on calculations involving time constraints and scoring logic. The maximum value from these mappings is returned as the result. 

3. The main function calls readB() to initiate the process.

Upon investigating, we need to check a few potential points where compilation errors might occur:
- readLine() and split() are standard Kotlin functions for input and string manipulation.
- map { it.toInt() } is valid for converting strings to integers.
- solveB() appears correctly defined and used within readB().
- The use of ranges, iteration, and conditional logic within solveB() looks syntactically correct.
- The main function properly invokes readB().

After methodically checking each component of the code, it is consistent with Kotlin programming syntax and constructs. The code does not have noticeable syntax errors, and all references and operations are correctly structured.

</reasoning>
<answer>False</answer>
</root><root>
<reasoning>
Let us begin by meticulously examining the provided code step by step to determine if there are any compilation errors. Here's the detailed breakdown:

1. **Function definition**:
   - `fun main()` signifies a Kotlin main function, which is correct.

2. **Variable declaration**:
   - `val (n, m) = readLine()!!.split(" ").map { it.toLong() }`
     - This line reads a line from the standard input, splits it by spaces into a list of strings, converts each string in the list to a `Long`, and destructures the list into two variables: `n` and `m`.
     - The use of `!!.split(" ")` ensures that the input is non-null. The `map { it.toLong() }` conversion is also valid.
   
3. **Variable initialization**:
   - `var sol = 0L`
     - This initializes `sol` as a Long integer with a value of 0.
   
4. **For loop**:
   - `for (i in 1..n)`
     - This loop runs from 1 through `n`. The range `1..n` is valid in Kotlin.

5. **Inner logic**:
   - `var j = 5L - i % 5L`
   - Check and adjust `j` value based on modulus operation.
   - `j = m - j`
   - Check and adjust based on condition `if (j &gt;= 0L)` and update `sol` accordingly.

6. **Output**:
   - `print(sol)`
     - Prints the value of `sol`.

After scrutinizing each part of the code, we observe that the data types match and no operations are out of place. The Kotlin syntax is followed correctly.

Therefore, it appears that the code does not have any compilation errors.

</reasoning>
<answer>False</answer>
</root><root>
<reasoning>First, the import statement `import java.util.*` is valid syntax in Kotlin.
Next, the `main` function is defined correctly, taking an array of strings as an argument.
The val statement for `n` and `m` uses `readLine` to read input, splits it by spaces, and maps each element to an integer. This syntax is correct.
The variable `ans` is initialized as Long, which is a valid type.
The `cnt` array is initialized with a size of 6, which is valid syntax.
The for-loop for `i in 1 .. m` and for-loop for `i in 1 .. n` are both using valid range operations.
Within these loops, the operations `cnt[i % 5]++` and `ans += cnt[(5 - i % 5) % 5]` are performing correct modulus and array operations.
Finally, the `print(ans)` statement is valid syntax.
Given these steps, there are no syntax errors in the code.</reasoning>
<answer>False</answer>
</root><root>
<reasoning>Let us analyze the Kotlin code step by step to determine if there is any compilation error.

1. The code is contained within a `main` function, which is correctly defined.
2. A `BufferedReader` is created for reading input.
3. A `StringBuilder` is initialized, but it is not used anywhere in the code.
4. The code reads a line of input, splits it into two parts, and maps them to `Long` values `m` and `n`. This part is correctly written.
5. `ans` is initialized to `0L` (a long integer).
6. Several mathematical operations are performed on `m` and `n` and added to `ans`. These operations are syntactically and logically correct.
7. The `when` clause is used to perform conditional checks and computations based on the modulo 5 values of `m` and `n`. All branches in the `when` clause are correctly written.
8. Finally, the result `ans` is printed.

All syntactical and logical constructs used in the code are valid and do not contain any syntax errors or type mismatches.

Therefore, the code should compile without any errors.
</reasoning>
<answer>False</answer> 
</root><root>
<reasoning>
1. First, let's analyze the import statements. The code imports `java.util.*`, which is a valid statement in Kotlin to access Java utilities.
2. Next, the `main` function is defined appropriately with the correct `args` parameter as an array of strings.
3. Inside the `main` function:
   - Variables `n` and `m` are initialized from user input. The syntax `readLine()!!.split(' ').map(String::toInt)` correctly reads a line, splits it by spaces, and maps the values to integers.
   - Variable `ans` is declared as a `Long`, which is valid Kotlin syntax.
   - Array `cnt` is initialized as an `IntArray` with 6 elements. This is correctly formatted.
4. The `for` loop iterates from 1 to `m` (inclusive) and increments the appropriate index in `cnt`.
5. The second `for` loop iterates from 1 to `n` (inclusive) and updates `ans` correctly using the values in `cnt`.
6. Finally, the result `ans` is printed using `print( ans )`.

All the syntactical elements in the code are valid in Kotlin, and no compilation errors are present.
</reasoning>
<answer>False</answer>
</root><root>
<reasoning>Step-by-step reasoning:

1. The package `java.util.*` is typically used in Java, not Kotlin. In Kotlin, wildcard imports are done using `import java.util.*`.
2. The `main` function and the rest of the code are written in Kotlin.
3. In Kotlin, wildcards work similarly to Java, importing all classes within the package.
4. Read the input line with `readLine()!!` and split it into integers `n` and `m`.
5. The code initializes a `Long` variable `ans` and an `IntArray` named `cnt` of size 6.
6. A loop runs from 1 to `m`, updating the `cnt` array.
7. Another loop runs from 1 to `n`, updating the `ans` variable based on the `cnt` values.
8. Finally, the code prints `ans`.

After reviewing the code, it doesn't produce any compilation errors and should run as intended if provided with correct input.

Therefore, the final conclusion is that the code does not generate a compilation error.</reasoning>
<answer>False</answer>
</root><root>
<reasoning>This code is a Kotlin program. Let's go through it to determine if a compilation error will occur.

1. The imports `import java.util.*`, `import java.io.*`, and `import java.lang.Math.*` are correct and standard.

2. The function `exit(msg: String)` and its overload `exit(msg: Long)` are defined correctly. These functions print a message and exit the program.

3. The `main` function is where the bulk of the code resides. It initializes a `scan` object to read input.

4. In the `scan` object:
   - `reader` is initialized correctly using `BufferedReader`.
   - `tokenizer` is nullable, which is allowed.
   - The functions `next()`, `int()`, `long()`, `double()`, and `line()` are correctly defined to handle input.

5. The main logic then reads two integers `n` and `m` using the `scan.int()` function.

6. The lambda function `xi` and its usage appear correct.

7. The mapping and computation using `mapIndexed`, `apply`, and `sum()` methods are syntactically correct.

Overall, the code is syntactically sound, and given that the functions and logic are correctly implemented in Kotlin, there shouldn't be any compilation errors.

</reasoning>
<answer>False</answer>
</root><root>
<reasoning>First, checking syntax errors:
- `import java.io.*` lacks a semicolon.
- `import java.math.BigDecimal` lacks a semicolon.
- `import java.math.BigInteger` lacks a semicolon.
- `import java.util.*` lacks a semicolon.
- In the class `TaskI`, the argument of the operator function `(1..n)` is a `Long`, not an `Int`, which causes the compilation error.
- Also, in the function `invoke` in `Iterable`, the parameter should be `function: (T) -&gt; Unit` instead of `function: (it: T) -&gt; Unit`.
- We need to ensure that the `TaskBuilder.run` method exception handling does not miss an issue in its call sequence due to the output stream.
Given these issues, the script has multiple compilation errors.</reasoning>
<answer>True</answer>
</root><root>
<reasoning>The code is written in Kotlin and seems to aim to calculate a certain value through looping and array manipulation. 

1. First, the `import java.util.*` statement is added, but it is unnecessary in Kotlin as the code does not use any classes from the Java utility package. This does not cause a compilation error.

2. The `fun main` function definition is correct and Kotlin supports it.

3. The `val ( n, m ) = readLine()!!.split(' ').map(String::toInt)` line reads input and splits it into two integers n and m. This statement is correct and does not cause a compilation error.

4. The variable `ans` is correctly declared and initialized to 0 with the type `Long`.

5. The variable `cnt` is correctly declared and initialized as an array of size 6 with all elements initially set to 0 using Kotlin's array creation syntax.

6. The first `for` loop `for( i in 1 .. m ) cnt[i % 5]++` iterates from 1 to m and correctly increments the `cnt` array positions based on the modulus operation. This syntax is correct and does not cause a compilation error.

7. The second `for` loop `for( i in 1 .. n )` iterates from 1 to n and updates `ans` based on another modulus operation that accesses the `cnt` array. This syntax is correct and does not cause a compilation error.

8. The `print( ans )` statement correctly prints the result stored in `ans` and does not cause a compilation error.

After thoroughly inspecting each part of the code, there are no syntax or semantic errors that can cause a compilation error.

The final answer should take into account all the reasoning steps above.

</reasoning>
<answer>False</answer>
</root><root>
<reasoning>
Upon examining the code step by step:

1. The import statements are incorrectly placed. They should be wrapped within appropriate braces or be properly split into multiple lines.
2. The method `Reader` should be fixed as `BufferedReader` might call `.readLine()` which could result in a potential null pointer exception if nothing is read.
3. An import statement needs to end with a semi-colon (;).

Due to these issues, especially the incorrect placement and formatting of import statements, the code will generate a compilation error.
</reasoning>
<answer>True</answer>
</root><root>
<reasoning>Let's analyze the code step by step:

1. The code starts by importing necessary classes such as BufferedReader, InputStreamReader from the java.io package, and max, min functions from the kotlin.math package.
2. The main function uses BufferedReader to read input from the console.
3. It reads a line, splits it by whitespace, and converts each split part to a long. This results in two long values `n` and `m`.
4. Then, it calculates the minimum and maximum of these two values using `min` and `max` functions.
5. The result is printed, using a fold operation that iterates from 1 to `minBound`. The fold operation sums up a certain value calculated based on `maxBound` and the current iterator value `i`.

Now, let's check for compilation errors:
1. The imports and usage of BufferedReader/InputStreamReader are correct. There is no missing semicolon after the import statements as in Kotlin, the semicolon is optional.
2. The usage of split and map with conversion to Long is correct.
3. The usage of min and max functions from the kotlin.math package is correct.
4. The fold operation and print statement syntax are correct.

Therefore, there should be no compilation errors in the provided code.</reasoning>
<answer>False</answer>
</root><root>
<reasoning>Detective work begins by meticulously examining the code. First, I see the import statements for required libraries: java.util.*, java.io.*, and java.lang.Math.*.

Next, I encounter the private functions exit, which are overloaded to accept either a String or an Int.

Following this, I see the main function, which takes an array of arguments. Inside main, there is a scan object with methods for reading from the standard input: next(), int(), long(), double(), and line().

The scan object is used to read an integer 'n', and subsequently to read 'n' integers into an array 'a'. Each integer in 'a' is processed to remove factors of 2 and 3 until it becomes indivisible by 2 and 3 when greater than 1.

Finally, there is a condition that checks if all processed integers in array 'a' are equal to the first element of 'a'. It prints "Yes" and exits the program if they are all equal, otherwise, it prints "No" and exits.

I notice that the code declares identifiers and uses standard libraries correctly. Kotlin's visibility modifiers, object declaration methods, and function syntax all appear correct.

After scrutinizing all sections, I find no compilation issues. Everything adheres to the Kotlin language syntax.

Therefore, the final conclusion is:</reasoning>
<answer>False</answer>
</root><root>
<reasoning>
First, let's look at the import statements:
- `import java.io.BufferedReader`
- `import java.io.InputStreamReader`
- `import kotlin.math.max`
- `import kotlin.math.min`

These statements seem to be correct and do not have any syntax errors. Java's BufferedReader and InputStreamReader are valid classes, and the `kotlin.math.max` and `kotlin.math.min` are valid Kotlin functions.

Next, let's move on to the main function:
- `fun main() {}` is the correct syntax for defining the main function in Kotlin.

Inside the main function:
1. `val br = BufferedReader(InputStreamReader(System.`in`))` â€“ This line is correctly initializing a BufferedReader to read from standard input.
2. `val (n, m) = br.readLine().split(" ").map { it.toInt() }` â€“ This line reads a line from input, splits it by spaces, and maps each split string to an integer. This is syntactically correct.
3. `val minBound = min(n, m)` and `val maxBound = max(n, m)` â€“ These lines use the previously imported `min` and `max` functions which are valid.
4. `println((1..minBound).fold(0){acc, i -&gt; acc + (maxBound + i)/5 - i/5 })` â€“ This line takes a range from 1 to `minBound`, folds it starting with 0, uses the lambda `{acc, i -&gt; acc + (maxBound + i)/5 - i/5 }` to accumulate the result, and prints it.

All syntax within the main function and the lambda expression appears to be correct.

Therefore, there are no syntax errors in the provided code and it should compile without any issues.
</reasoning>
<answer>False</answer>
</root><root>
<reasoning>Step 1: Check if the use of `readLine()` is correct.
- The line `val (n, m) = readLine()!!.split(" ").map { it.toInt() }` reads a line from the standard input and splits it into two integers `n` and `m`.

Step 2: Inspect if the loop structure and variable initialization are correct.
- The loop `for (i in 1..n)` iterates from 1 to `n` correctly.
- The variable `j` is initially assigned the value `5 - i % 5`.

Step 3: Review logical operations and assignments within the loop.
- The conditional `if (j == 0)` correctly handles the case when `j` is zero by setting `j = 5`.
- Then, `j` is reassigned with `j = m - j`.
- The conditional `if (j &gt;= 0)` checks if `j` is non-negative.
- If `j` is non-negative, `sol` is incremented by `1 + j / 5`.

Step 4: Verify the final output.
- `print(sol)` outputs the resulting value of `sol`.

Conclusion:
- All syntax, variable initializations, logic within the loop, and the final print statement are correct. There is no compilation error in the code.</reasoning>
<answer>False</answer>
</root><root>
<reasoning>The code defines several functions for reading integers and longs from standard input. It then creates an array to store pairs of integers representing points. In a loop, it reads the points from input. The code attempts to add the result of invoking the function `f` multiple times with different permutations of the points to a mutable set `sols`, and then removes all points from this set. Finally, it prints the size of `sols` and its contents.

The potential sources of compilation errors are:
1. The `readLine` function might return `null`, which would cause an exception when `!!` is used.
2. The `f` function must be defined before it's called, and it is indeed defined before its invocation in the main function.
3. The points should be correctly handled as pairs where each point read is split into two integers.
4. There must be no issues with the types used (Pairs of Ints, proper handling of readLine, etc.).

Upon reviewing the code thoroughly, it's confirmed that there are no compilation errors induced by syntax or type issues, as Kotlin handles these appropriately.

The code should be able to compile successfully as all necessary functions are defined and the point handling logic is valid.</reasoning>
<answer>False</answer>
</root><root>
<reasoning>Step 1: Analyze the import statement and main function declaration. These are correct and do not cause compilation errors. 

Step 2: Variable declarations for 'n' and 'k' use the standard method and are correct.

Step 3: The `fmt.Scanf` statement also appears syntactically correct and should not cause any issues.

Step 4: The `remain` and `sum` variables are initialized properly.

Step 5: Variable 'ans' initialization is correct.

Step 6: The `for` loop contains an error. In Go, `var` keyword is used to declare variables, but within the loop initialization, this keyword should not be used. Instead, it should be `i := 1`.

Step 7: The condition in the `if` statement is missing braces `{}`.

Step 8: Correcting the errors:
- Removing `var` in the `for` loop.
- Adding braces `{}` for the `if` statement.

After fixing these errors, the code should compile correctly. 

Therefore, the original code generates a compilation error.

</reasoning>
<answer>True</answer>
</root><root>
<reasoning>The code snippet provided is written in Go. The first step is to inspect the package statement: `package "main"`. In Go, the package declaration should not be enclosed in double quotes. The correct syntax is `package main`.

Next is the import statement: `import "fmt"`. This is written correctly and will not cause a compilation error.

The main function is defined using the correct syntax: `func main() { ... }`. Variable declarations and initializations (`var n,k int`) are also correctly done. 

The `fmt.Scanf` function call appears correct for scanning two integers. The loop and conditional statement are evaluated for correctness too. These do not present any syntactical issues.

Thus, the compilation error is solely due to the incorrect package declaration. The inclusion of double quotes around `main` in the package statement will cause the compiler to produce an error.

Taking these reasoning steps into account, the final answer is True, as the code will indeed generate a compilation error.</reasoning>
<answer>True</answer>
</root><root>
<reasoning>The code begins with the 'package "main"' declaration which is incorrect because package names should not be enclosed in quotes. It should be 'package main'. This mistake will lead to a compilation error. Additionally, the rest of the code seems syntactically correct according to Go standards, including the import statement for the 'fmt' package, variables declaration, the use of 'Scanf' for input, the for loop structure, and the conditional statements within the loop. However, due to the incorrectly named package, the code will not compile successfully.</reasoning>
<answer>True</answer>
</root><root>
<reasoning>The first step in analyzing this code involves checking the package declaration. The code incorrectly uses `package "main"` instead of the correct form `package main`. 

Next, we analyze the imports and function structure. The `import "fmt"` line is correct. The function `main` declaration is also syntactically correct.

Moving further, we examine the variable declarations and the usage of `fmt.Scanf` for input. The variables `n` and `k` are declared properly and the use of `fmt.Scanf` appears syntactically correct for reading integer inputs.

Next, we verify the `for` loop and the conditional statement inside it. There are no apparent syntax errors here. The arithmetic and relational operations in `if (5 * i * (i + 1) / 2 + k &gt; 360)` appear mathematically sound and the syntax matches Goâ€™s standards.

Finally, the code correctly uses `fmt.Println(i)` and `return`, and also later `fmt.Println(n)`.

However, the incorrect package declaration at the start will prevent the code from compiling.

Thus, the code will generate a compilation error.</reasoning>
<answer>True</answer>
</root><root>
<reasoning>
1. The code starts by importing necessary packages: "bufio", "fmt", "os", and "strconv". These packages are used for input/output operations and string conversions, which are straightforward and error-free.

2. The `solve` function calls `readInt()` twice to read `n` and `k`. It then performs calculations and prints `ans` based on a loop.

3. The `scanner` variable is declared twice: once globally (before the `main` function) and another time after the `main` function. This looks redundant but isn't necessarily a compilation error in Go, although it could be considered poor practice.

4. The initial `main` function sets up the buffer and scan method for `scanner` and calls `solve()`. The duplicated `main` function declaration later in the code, however, definitely leads to a compilation error. Go does not allow multiple `main` functions in a single package.

5. Additional helper functions (`abs`, `max`, `min`, etc.) and IO functions (`readString`, `readInt`, etc.) are correctly implemented without issues. 

6. Given the redundancy and key error, we conclude that the code indeed generates a compilation error.
</reasoning>
<answer>True</answer>
</root><root>
<reasoning>
Firstly, the code provided seems to have a logical structure to perform the task of sorting and formatting a string consisting of digits and plus signs ("1+2+3"). However, step-by-step analysis suggests a potential issue:
1. The code compiles and runs in the Go programming environment because there are no syntax errors or undefined variables.
2. The issue in the code is related to the `result = appendNumber(result, one, 1)` sequence. In Go, the `appendNumber` function correctly forms the result string, but this does not cause a compilation error; it operates as intended by appending numbers with a plus sign.
3. The `result = result[:len(result)-1]` line properly removes the trailing plus sign, which again does not lead to a compilation problem.
4. Therefore, while there may be logical or functional concerns (e.g., ensuring `equation` does not include invalid characters), it does not affect the compilation process.

Conclusively, the code provided does not cause a compilation error, and it would execute up to producing a logical result based on the given constraints.
</reasoning>
<answer>False</answer>
</root><root>
<reasoning>
First, the code snippet imports the necessary packages and defines a constant `MAX` which is not actually used later in the code. The `Sort` function divides an array `A` into `N` parts, sorts each part concurrently using goroutines, and then merges them back into a single sorted array.

Let's start the investigation:
1. Packages and constants are defined correctly.
2. The `main` function reads an input string, splits it by the `+` character into a slice of strings, converts these strings to their integer equivalents, and stores them in a slice of integers called `ints`.
3. The variable `N` should have been defined in one of the following scopes: within `Sort` function or before its first usage.
4. N should be defined within main method, when it gets its value from `rand.Intn(len(A)) + 1`, but there is no `A` defined in the main method.
5. Furthermore, even if you assume that the user intended `A` to mean `ints`, there should be matching logic for a variable `A` in the function `Sort` to adhere to the consistency.

Thus, due to the incorrect reference to `A` and lack of definition of `N` required before assignment, and a missing conversion of strings to integers properly, this code will generate a compilation error.

</reasoning>
<answer>True</answer>
</root><root>
<reasoning>Let's analyze the provided Go code step by step to determine if it generates a compilation error.

1. The package 'main' is correctly declared.
2. Importing the 'fmt' package is correct.
3. Declaring the 'main' function without any arguments is correct for a standalone Go program.
4. The variable 'n' is correctly declared with type 'int64'.
5. Using 'fmt.Scanf' to read an integer value from the standard input and storing it in 'n' seems correct syntactically.
6. The variable 'r' is initialized to zero and is also correctly declared with type 'int64'.
7. The 'for' loop starts at 2 and increments by 2 each time until it's less than half of 'n'. This syntax is correct.
8. Inside the loop, 'r' is incremented by 1. This operation is valid.
9. The final value of 'r' is printed using 'fmt.Println', which is also syntactically correct.

Considering all the steps above, the code follows the correct Go syntax and there seem to be no compilation errors.

Therefore, the final answer is:</reasoning>
<answer>False</answer>
</root><root>
<reasoning>First, observe the given code. The function main() is defined. Then, three variables (n, m, and a) are declared and initialized to zero. The fmt.Scanln function is used to read input values for these variables from the standard input. Notice that fmt is utilized here. However, inspect if the necessary import statement for the fmt package is present.

The absence of the import statement for the fmt package would certainly cause a compilation error, as the compiler wouldn't recognize fmt as a valid package.

Upon deducing, the lack of this import statement is evident and hence the code would generate a compilation error.

Therefore, the final answer is:
</reasoning>
<answer>True</answer>
</root><root>
<reasoning>The provided code has a 'main' package and imports "fmt" and "math" correctly. The code within the `main` function declares several float64 variables: `n`, `m`, `a`, `ndiva`, and `mdiva`. It uses `fmt.Scanf` to read three float64 inputs into `n`, `m`, and `a`. The commented-out section within the code (in block comments) includes logic to calculate `ndiva` and `mdiva`. This section does not affect the compilation of the code as it is commented out. The code then computes and prints the product of the ceiling values of `n/a` and `m/a` using `math.Ceil` function. The last commented-out print statement does not affect the compilation since it is commented out. There are no syntax errors or issues affecting this code.
</reasoning>
<answer>False</answer>
</root><root>
<reasoning>
The provided code snippet attempts to perform some arithmetic operations using integer variables and uses the fmt package for input and output. To break down the steps:
1. The code defines a main function.
2. Three integer variables (a, m, n) are declared within the main function.
3. The code tries to read three integers from standard input using fmt.Scanf.
4. The variables m and n are then divided by the variable a.
5. There are some commented-out lines, hence they do not affect the compilation.
6. Conditional checks are performed to increment m and n based on certain conditions.
7. Finally, the product of m and n is printed.

However, the very first compilation issue arises due to the missing import statement for the "fmt" package, which is crucial for functions like fmt.Scanf and fmt.Println to work. Hence, the code will not compile without importing this package.

</reasoning>
<answer>True</answer>
</root><root>
<reasoning>
First, we notice the variable declarations first: `n, m, a` are declared as `float64`.
Then, the input is read with `fmt.Scanf` using `%b` format specifier. However, `%b` in the format string represents binary integer. Therefore, it should be replaced with `%f` for `float64` values.
Next, we are using `math.Ceil` which correctly takes `float64` and returns `float64`. Then, it is converted to `uint64`. So no issues there.
However, the variable assignment `a_in_n_and_m = a_in_n_ceil * a_in_m_ceil` has a missing `:=` operator.
Additionally, in the if statement condition `flagstone_volume &gt;= square_volume`, the assignment `a_in_n_and_m = 1` inside if block is incorrect because it lacks the declaration `:=` operator required in Go. Also, the variables inside the if condition should use `:=` operator as they were not declared outside this if condition.
Combining these issues will lead to compilation errors.
</reasoning>
<answer>True</answer>
</root><root>
<reasoning>Let's scrutinize the code step by step:

1. Package imports: The code correctly imports necessary packages.
2. Type and Function Definitions: The code defines the "MyInput" struct and associated methods. These methods handle reading different types of inputs.
3. The `solve` function is defined and it performs computations correctly, using the input arguments.
4. Main Function: The main function initializes the MyInput struct with os.Stdin as its reader and calls the `solve` function with the result of `readInt64s` method of MyInput.

Checking for possible compilation errors:
- All system package names are correct.
- The syntax for type and method definitions is correct.
- The error handling and usage of channels to read inputs are correct.
- The `solve` function is well-defined and correctly used.

Therefore, the code does not contain any syntactical issues that would lead to compilation errors.
</reasoning>
<answer>False</answer>
</root><root>
<reasoning>
Upon examination of the provided code, several notable aspects influence the final compilation result:

1. **Package and Imports:**
   - The code starts with the `package main` declaration.
   - Imports include standard libraries "bufio", "fmt", "io", "strconv", and "os", useful for input/output operations and string conversions.

2. **main Function:**
   - The `main` function attempts to retrieve three integers using `s.NextInt()`. However, the actual implementation of `NextInt` is not provided within the `InOut` struct. Instead, `s.Next()` is defined, presumably to do this function.
   - Therefore, using `s.NextInt()` will lead to a compilation error since this method is not defined.

3. **Variables Initialization:**
   - The `s` variable of type `*InOut` is declared but not initialized until the `init` function.
   - The `init` function correctly initializes `s` using `NewInOut(os.Stdin, os.Stdout)`.

4. **InOut Struct and Methods:**
   - An `InOut` struct embeds `*bufio.Reader` and `*bufio.Writer` and provides associated methods for reading integers, strings, lines, and printing values.
   - The absence of a `NextInt` method and usage of undefined methods like `s.Println` and `s.Flush` deeply imply compilation errors since the struct does not feature these methods.

Given all these points meticulously accounted for and understood, the logical final conclusion is:
</reasoning>
<answer>True</answer>
</root><root>
<reasoning>
To determine if the code generates a compilation error or not, we need to analyze each component step by step.

1. **Package and Imports**: 
   - The code has `package main` which is correct for an executable program.
   - It imports `fmt` and `math`, both of which are valid imports in Go.

2. **Variable Declaration and Input**:
   - The code declares three variables `n`, `m`, and `a` of type `uint64`.
   - It uses `fmt.Scan` to read input values into these variables. This is a valid and common practice for reading standard input in Go.

3. **Math Operations**:
   - The code calls `math.Ceil(n/a)` and `math.Ceil(m/a)`. Here lies the issue:
     - `math.Ceil` is a function that expects a float64 input and returns a float64 result.
     - `n/a` and `m/a` are operations involving `uint64` types which yield `uint64` results.
     - Directly passing `uint64` to `math.Ceil` will result in a type mismatch since `math.Ceil` expects a `float64`. 
     - This will generate a compilation error.

4. **Print Statement**:
   - Although the print statement syntax is correct, it will not be reached due to the type mismatch error above.

Considering these points, we can conclude that the primary issue is the type mismatch in the math operations.

</reasoning>
<answer>True</answer>
</root><root>
<reasoning>
The first step in analyzing the code is to check the import statement. The import statement "import 'fmt'" is correct and does not produce any compilation error.

Next, the function 'main()' is correctly defined and there are no syntactic errors. We then move to variable declarations. The declaration "var m,n,a int" is valid in Go. No compilation errors so far.

We then proceed to the 'Scanln()' function call. The correct function name is 'fmt.Scanln' (with a capital 'S') instead of 'fmt.scanln'. This is crucial because Go is case-sensitive, and using an incorrect case results in a compilation error. Therefore, 'fmt.scanln' generates a compilation error because it is not defined in the 'fmt' package.

Additionally, the 'Print()' function call must be checked. The correct function name is 'fmt.Print' (with a capital 'P'). Thus, 'fmt.print' also generates a compilation error due to incorrect casing.

Given these clues, the primary causes of compilation errors are the incorrect cases in 'fmt.scanln' and 'fmt.print'.
</reasoning>
<answer>True</answer>
</root><root>
<reasoning>
Let's analyze the provided Go code step by step.

1. We have the `package main` directive indicating that this is the main package.
2. There are several imports including `bufio`, `fmt`, `io`, `strconv`, and `os`. These imports seem appropriate for the operations performed in the code.
3. In the main function, variables `n`, `m`, and `a` are initialized using `s.NextInt64()`. However, `s` seems to be an instance of `InOut` which is defined later in the code.
4. The next step performs calculations and prints the results using methods on `s` which is further defined as `Println` and `Flush`.
5. Variable `s` is defined as a pointer to an `InOut` struct.
6. In the `init` function, `s` is initialized using `NewInOut(os.Stdin, os.Stdout)`.
7. The `InOut` struct embeds `*bufio.Reader` and `*bufio.Writer`, enabling buffered I/O operations.
8. `NewInOut` initializes the `InOut` struct with readers and writers.
9. Several methods are defined on the `InOut` struct: `Next`, `NextInt64`, `NextLine`, `NextStr`, `Print`, `Println`, and `PrintlnNow`.

Upon closely examining, the method `Flush()` used in `main` for `s` is missing from the `InOut` struct implementation. The `bufio.Writer` does have a `Flush` method, but it is not directly accessible since `InOut` does not define it as one of its methods or directly expose `Writer`.

Therefore, we have identified the missing method call which leads to a compilation error because `Flush()` is used but not directly available from `s`.
</reasoning>
<answer>True</answer>
</root><root>
<reasoning>
Let's step through the code to see if it generates a compilation error or not:
1. The `main` package is correctly defined.
2. The `fmt` package is imported correctly.
3. The `main` function is declared correctly.
4. Three integer variables `n`, `m`, and `a` are declared correctly.
5. The `fmt.Scan` function is used correctly to take input values.
6. Two unsigned integer (`uint`) variables `tiles1` and `tiles2` are declared and initialized using integer division (`n/a` and `m/a`).
7. The `if` statements to check the remainders of `n%a` and `m%a` are correctly structured. These conditions correctly increment `tiles1` and `tiles2` respectively if there is a remainder.
8. A third unsigned integer variable `hasil` is declared and initialized correctly as the product of `tiles1` and `tiles2`.
9. Finally, the `fmt.Println` function is called to print the variable `hasil`.

Based on these steps, the code does not contain any syntax or semantic issues that would lead to a compilation error. It correctly follows the rules of Go language syntax and usage.
</reasoning>
<answer>False</answer>
</root><root>
<reasoning>
Step 1: The main package is correctly imported along with the "fmt" package.
Step 2: The main function is defined without any issues.
Step 3: Variables i, j, k are declared correctly as integers.
Step 4: fmt.Scanf function is used correctly to scan input values for i, j, k.
Step 5: The code attempts to declare variables n and m with the syntax "var int n = i/k". This is incorrect. The correct syntax should be "var n int = i/k". This syntax error in variable declaration will generate a compilation error.
Step 6: Other parts of the code such as the if conditions and the final print statement are syntactically and logically correct.

Due to the incorrect syntax in variable declaration for n and m, the code will generate a compilation error.
</reasoning>
<answer>True</answer>
</root><root>
<reasoning>The Go language uses strict typing. The code provided declares variables `a`, `b`, and `c` as `int32`, and initializes `result` as an integer. The `Scan` function is used to take input values for `a`, `b`, and `c`. The conditional checks and printing statements are syntactically correct and consistent with Goâ€™s language specifications. Variable assignments, arithmetic operations, and standard library functions (such as `fmt.Scan` and `fmt.Println`) used in this context do not lead to any type mismatches or other issues that would normally result in a compilation error. Thus, this code will compile successfully.</reasoning>
<answer>False</answer>
</root><root>
<reasoning>Step 1: Check the 'package main' statement.
- Correct usage, no error here.

Step 2: Import statements: 'fmt' and 'math'
- Both packages are correctly imported, no error here.

Step 3: Define the 'main' function.
- Correct, no error here.

Step 4: Declare variables 'a', 'b', 'c' of type int64.
- Correct, no error here.

Step 5: Use 'fmt.Scan' to read input for variables 'a', 'b', 'c'.
- Correct usage, no error here.

Step 6: Calculate and print the expression ((a-1)/c + 1) * ((b-1)/c + 1)
- The manipulation of int64 variables and the arithmetic operations are correct and adhere to Go's syntax.

No compilation errors found through detailed examination.</reasoning>
<answer>False</answer>
</root><root>
<reasoning>Step 1: Inspect the package declaration and imports.
- The package declaration and imports are correct.

Step 2: Verify the main function declaration.
- The main function is correctly declared.

Step 3: Validate the variable declarations and initializations.
- The variables n, m, and a are correctly declared as float64.

Step 4: Check the input scanning.
- The code uses fmt.Scanf to scan three float64 values correctly.

Step 5: Confirm the calculations and output.
- The math.Ceil function correctly returns the ceiling of the division.
- The code multiplies the ceiling values correctly and prints the result.

No syntax errors or misuses are found during these steps. Hence, the code does not generate a compilation error.</reasoning>
<answer>False</answer>
</root><root>
<reasoning>Let's analyze the code step by step: 
1. The package `main` and import statement for the `fmt` package are correctly included.
2. Inside the `main` function, variables `i`, `j`, and `k` are declared of type `int` and their values are scanned from user input.
3. The line `var int n = i/k` is intended to declare and initialize the variable `n` as an integer with the value `i/k`. This syntax, however, is incorrect in Go. Variables should be declared using `var n int` or via short-hand declaration like `n := i/k`.
4. The same incorrect syntax is used for the variable `m`, leading to another error.
5. The rest of the code contains valid logic to increment `n` and `m` under certain conditions, and print the product of `n` and `m`.

The errors identified in points 3 and 4 cause compilation errors due to incorrect variable declaration syntax.

Final conclusion: The code generates a compilation error because of incorrect variable declaration syntax.</reasoning>
<answer>True</answer>
</root><root>
<reasoning>The initial code imports the "fmt" package, which is necessary for input and output functions. Next, the function "main" is defined, which is mandatory for executable Go programs. Inside the main function, three integer variables are declared: `n`, `m`, and `a`. These variables are used as inputs through the `fmt.Scanf` function call. 
However, the code does not handle the case where the division of `n` by `a` or `m` by `a` could be exact (i.e., if the width or height calculation does not require the additional increment of 1). The unintended '+1' in `width := n/a+1;` and `height := m/a+1;` is incorrect for exact fit scenarios. According to Go syntax, semicolons are not required at the end of a line except in specific cases like within `for`, `if`, and `multiple statements` within initialized blocks. 
Additionally, integer division in Go will not handle non-integer results but this detail will not lead to a syntax error.
Thus, based on the observed clues: correct package import, proper declaration of variables, correct usage of fmt.Scanf and fmt.Println, and valid operation assignments, the code syntactically does not seem to generate a compilation error.
</reasoning>
<answer>False</answer>
</root><root>
<reasoning>The provided code is written in Go. Firstly, it includes the necessary imports and starts with the main function. The code declares several variables of type int64 and then reads integers values for n, m, and a using fmt.Scan. The code then performs some calculations to determine the values of x1 and x2 based on the condition whether n and m are divisible by a, respectively.

The error in the code appears in the second condition for x2. Instead of assigning the value directly to the already declared x2 variable, it re-declares x2 using the := operator, which leads to a new local scope declaration that's invalid because x2 is already declared earlier.

Correction of this error would involve directly assigning the value in the second condition to the x2 variable instead of using :=.

Therefore, the code does generate a compilation error due to the incorrect re-declaration of the variable x2.

</reasoning>
<answer>True</answer>
</root><root>
<reasoning>
1. The code starts with importing the "fmt" and "sort" packages which are essential for performing input/output operations and sorting.
2. It defines a function "min" that accepts two integers and returns the smaller one.
3. Within the main function, two integers n and m are declared and their values are read from standard input.
4. Two slices, a and b, of sizes n and m respectively, are created.
5. For loop operations are correctly utilized to populate these slices with integer inputs while ensuring proper format for each line.
6. The slices are sorted in ascending order using sort.Ints.
7. A nested loop checks for matching elements in both slices and updates the "ans" variable using the "min" function.
8. If no matching element is found, a minimum value is computed using the first elements of both sorted slices.
9. Finally, the value of "ans" is printed.

Type checking and syntax verification uncover that:
- All functions and variables are properly declared.
- There are no unmatched braces or syntax errors.
- All the used packages and functions are valid and used correctly.

Hence, the examination concludes that this code does not present any compilation errors.
</reasoning>
<answer>False</answer>
</root><root>
<reasoning>
Let us proceed step by step to determine if this code generates a compilation error.

1. Imports: The standard library packages "fmt" and "sort" are imported correctly. These packages will not cause compilation issues.
2. Function definitions: The function min(a, b int) correctly defines a comparison function to return the minimum of two integers. Similarly, main() is correctly defined.
3. Variable definitions: Variable n and m are properly declared and initialized with 0. 
4. Scanning inputs: fmt.Scanln and fmt.Scanf are used to take integer inputs successfully. The logic for taking inputs seems correct without causing compilation issues.
5. Arrays and sorting: Arrays a and b are created with specified sizes and filled by scanning input values. Sorting is applied correctly using sort.Ints, which is valid syntax.
6. Nested loops: The nested for loops to find the minimum common element between arrays a and b correctly follow the syntax with initialization, condition, and increment statement.
7. Conditional logic and printing: The conditional logic to check if ans equals the predefined large number to then compute min between modified a[0] and b[0] elements, and printing the answer using fmt.Println is correctly performed.

All the syntactic elements within this code snippet adhere to the Go programming language rules. It does not contain any syntax errors and therefore should compile correctly.

</reasoning>
<answer>False</answer>
</root><root>
<reasoning>The provided code performs various tasks including reading inputs, storing values in maps, and outputting results. Here is the step-by-step analysis to determine whether the code has a compilation error:

1. **Imports Check**: The code imports necessary packages `bufio`, `fmt`, `os`, and `strconv`. All these packages are valid and necessary for the functions used in the code.
2. **Function Definitions**: The code defines several functions such as `solve`, `main`, `readString`, `readInt`, and `readInt64`. These functions are properly defined and contain the expected operations.
3. **Variable Declarations and Initializations**: The code declares and initializes variables correctly. Specifically, in the `main` function, `scanner` is properly initialized and used throughout the code without any issues.
4. **Logic Implementation**: The logic for reading integers and comparing them using two maps (`ns` and `ms`) is valid and should work as expected without causing any compilation errors.
5. **Error Handling**: The functions `readInt` and `readInt64` use underscore `_` to ignore errors from `strconv` functions which is acceptable in Go programming; however, this practice does not lead to compilation errors but may mask runtime errors.

Considering all these points, the code does not contain any syntax or logic errors that will lead to a compilation error.

Final conclusion: The code does not generate a compilation error.

</reasoning>
<answer>False</answer>
</root><root>
<reasoning>The analysis of the given Go code reveals several steps in order to determine whether it generates a compilation error or not.

1. The `main` package is imported correctly, along with necessary libraries such as `fmt` and `sort`.
2. The `min` function is defined correctly, which returns the minimum of two integers.
3. The `main` function reads two integers `n` and `m` using `fmt.Scanf`, and initializes two slices `a` and `b` of lengths `n` and `m`, respectively.
4. The first loop correctly reads `n` integers into the slice `a`.
5. The second loop correctly attempts to read `n` integers into the slice `b`, while it should read `m` integers into the slice `b`. This is an oversight but does not lead to compilation errors.
6. The slices `a` and `b` are sorted correctly using `sort.Ints`.
7. The nested loops correctly iterate over the elements of `a` and `b`. However, there's a logical error in the `if` condition which does not guarantee that `ans` will be set appropriately for all scenarios but does not lead to compilation errors.
8. The `fmt.Println` function outputs the result correctly.

Although there are logical errors in terms of matching elements and usage of minimum values, none of these lead to compilation errors. Therefore, the code does not generate a compilation error.</reasoning>
<answer>False</answer>
</root><root>
<reasoning>First, we verify the syntax of the Go code:
1. `package main`: Correct package declaration for a Go executable.
2. Importing the required packages: `fmt` and `sort`.
3. `min` function is correctly defined to return the minimum of two integers.
4. All variables and types are correctly declared.
5. The loop for reading input values into `a` and `b` arrays are correct.
6. Sorting of `a` and `b` arrays using `sort.Ints(a)` and `sort.Ints(b)` is correct.
7. Nested loops correctly check for common elements in arrays `a` and `b`.
8. `if` condition outside the loop correctly checks if `ans` is still `99999999`.

Go code syntax seems fine and there are no misplaced or missing brackets. No type mismatches or incorrect variable usage are present. The program compiles successfully.

Based on this detailed inspection, the Go code does not generate a compilation error.

Final conclusion: The code does not generate a compilation error.</reasoning>
<answer>False</answer>
</root><root>
<reasoning>The code appears to be mostly correct, but let's break it down step by step to ensure there is no compilation error:

1. The package `main` and necessary imports (`fmt` and `sort`) are provided correctly.
2. The function `min` is defined properly and compiles without issue.
3. The `main` function declares variables `n` and `m` and properly reads integer inputs.
4. The slices `a` and `b` are created using `make` and populated with input values.
5. The `sort.Ints` function is correctly called for both slices, sorting them in ascending order.
6. A variable `ans` is initialized to a large value `99999999`.
7. The nested loops iterate over slices `a` and `b` to find the minimum common element.
8. If no common element is found, `ans` is set to the minimum value of the smallest combined digit from the first elements of `a` and `b`.
9. Finally, `ans` is printed.

Overall, all syntax and logical operations are correctly implemented. The code does not contain any errors that would prevent it from compiling successfully.

Conclusion: The code does not generate a compilation error.</reasoning>
<answer>False</answer>
</root><root>
<reasoning>Let's investigate the code step-by-step to determine if it will generate a compilation error:

1. Package and Import Statements: 
The `package main` statement and the `import` declarations for `fmt` and `sort` are correct and necessary for the code execution.

2. Function Definition:
The `min` function is correctly defined to take two integers and return the smaller integer. This function is syntactically correct and does not produce any compilation errors.

3. Main Function:
The `main` function is well defined and begins with variable declarations for `n` and `m`. The `fmt.Scanln` function reads two integers which are correctly passed by reference.

4. Array Initializations:
Arrays `a` and `b` are created using `make`, which is syntactically correct for creating slices with a specified length. There are no issues here.

5. Reading Input:
The code uses `fmt.Scanf` to read inputs into the arrays `a` and `b` in a loop. The conditional to check if it's the last input in the loop is correctly handled by appending a newline character.

6. Sorting Arrays:
The `sort.Ints` function is called to sort arrays `a` and `b`, which is correct and doesn't cause compilation errors.

7. Nested Loop:
The nested loop comparison of elements in `a` and `b` is correctly implemented syntactically. The `min` function is used without errors.

8. Conditional Check:
The condition checks if `ans` remains unchanged and computes a new value accordingly, followed by printing the final value of `ans`.

The code provided does not contain any syntactical errors that would result in a compilation error.</reasoning>
<answer>False</answer>
</root><root>
<reasoning>The Go code provided consists of a main package that imports the "fmt" and "sort" packages. Within the main function, it reads integers n and m from the standard input, fills two slices a and b, sorts these slices, and then computes a minimum value based on the comparison of elements in both slices. The code contains all necessary syntax elements, opening and closing braces, and seems to have valid logic.
1. The package and imports are correctly declared.
2. The function 'min' is correctly defined.
3. The usage of fmt.Scanln, fmt.Scanf, and fmt.Println are correct and the function main is correctly set up.
4. "make" is correctly used to create slices.
5. Iteration over slices and conditional statements are correctly formatted.
6. Variables are properly declared and initialized.
7. No undeclared variables or functions are used.
 
After careful examination, there are no syntax errors, missing imports, incorrect API usages, or any other compilation issues.
</reasoning>
<answer>False</answer>
</root><root>
<reasoning>To determine whether the given code causes a compilation error, the standard steps involve checking for syntax errors, undeclared variables, improper usage of data structures, and following the Go programming language rules meticulously.

1. The code begins by importing necessary packages `fmt` and `sort`.
   This is syntactically correct.

2. The `main` function is declared correctly as `func main() {`.

3. Several variables are initialized with `var` keyword correctly (`n`, `m`, `z`, `cnt`, `cnt1`, `cnt2`).

4. The `fmt.Scanln` function is used correctly to read inputs for `n` and `m`.

5. Arrays `t` and `res` are initialized correctly using `make([]int, n)`.

6. A `for` loop reads values into the array `t` using `fmt.Scanf`, which is correct.

7. The next `for` loop iterates over the array `t` and processes each element.
  - Here, Go syntax allows iteration with `range` providing index `x` and value `y`.
  - Variables `cnt`, `cnt2` and `cnt1` are used and update without any scope issues.

8. A nested `for` loop is used with `sort.Ints` to sort a sub-slice of `t`, which is syntactically correct.

9. The nested loop decreases `cnt2` and increases `cnt1`, placing correct values into `res`.

10. A final `for` loop prints results stored in `res`, which is formatted correctly.

The entire code does not break Go lang rules or contain any syntax errors. Therefore, there is no compilation error.
</reasoning>
<answer>False</answer>
</root><root>
<reasoning>First, let's analyze the main function. The code reads two integers, `n` and `m`, then reads `n` integers into the array `a` and performs calculations to output results. There are no syntax errors in the main function.

Next, we have several helper functions: `gcd`, `max`, `min`, `abs`, and `ok`. These functions are declared outside the `main` function. Each of these functions takes two parameters and performs basic operations or checks, which do not involve any invalid syntax.

The `gcd` function recursively calculates the greatest common divisor. It uses unsigned 64-bit integers, which is valid and doesn't interfere with the other parts of the program.

The `max` and `min` functions perform comparisons between two integers and return results correctly.

The `abs` function calculates the absolute value of an integer, which is a straightforward operation.

The `ok` function performs several comparisons using the `min` and `max` functions to check a condition and returns a boolean value.

Overall, the code does not contain any syntactic or semantic errors that would prevent compilation. All functions are correctly declared and used.

Thus, the final conclusion is that the code does not generate a compilation error.

</reasoning>
<answer>False</answer>
</root><root>
<reasoning>
Let us check the code step-by-step for possible compilation errors:

1. The code starts by importing "fmt" package, which is essential for input/output in Go.
2. Inside the main function, it declares several variables: `d`, `cnt`, `index` as integers and `st`, `st1` as strings. No compilation errors occur here.
3. The function `fmt.Scanln` is used to scan inputs into `d`, `st`, and `st1`. No issues here.
4. Arrays `a` and `b` of type `rune` are declared and initialized using `make()`. Again, no errors here.
5. The code uses a `for` loop to iterate over characters of `st` and append them to array `a`. This is syntactically correct, hence no errors.
6. A condition checks if length of `st` is greater than `st1` and assigns 5 to `cnt`. This if conditional statement is correct and doesnâ€™t produce any errors.
7. Another `for` loop iterates over characters of `st1` and performs series of condition checks to append valid matching characters to array `b`. This part is correctly handled, syntactically and logically.
8. If `cnt` equals 5, it prints "NO", otherwise "YES" and resets `cnt` and `index`. Then decrement `d`. This part doesn't generate any errors as well.

Based on the above detailed step-by-step analysis, there are no compilation errors in this code.
</reasoning>
<answer>False</answer>
</root><root>
<reasoning>The given code contains nested operations and utilizes a combination of arrays, loops, and conditionals. Breakdown of the elements will help determine if there are compilation errors. 

1. The program imports necessary packages such as "fmt" for input/output operations and "sort" for sorting arrays.
2. Variables are declared, including the arrays `t`, `sum`, and `buffer`.
3. The `main` function begins by reading two integers `n` and `M`, which represent the number of students and the maximum time.
4. A loop reads `n` integers into the array `t`.
5. The sum array is populated with cumulative sums.
6. Buffer is assigned the value of sum.
7. A nested loop contains operations to compute `ans` based on conditions of `current` and `required`.

Upon closer inspection, we identify a critical issue within variable array copy operations:
- `copy(buffer[0:i], t[0:i])` attempts to copy sections of arrays but lacks proper bounds checking and handling.
Since `buffer` and `t` might not seamlessly support the slice operation with dynamic indices properly, seeking clarity on types and slicing accurately is crucial.

Despite these potential issues, the code compiles as there are no syntax errors but logical errors may appear at runtime (such as index out of bounds).

The conclusion is:
</reasoning>
<answer>False</answer>
</root><root>
<reasoning>
First, the code starts by defining the main package and imports the "fmt" package. While the "math" package is commented out, this does not cause a compilation error. 

Moving to the main function:
1. The variable `i` is defined and `fmt.Scanf` is used to take an integer input from the user.
2. Variables `x`, `count`, and `s` (a slice of integers) are defined.
3. A loop iterates from `x` to `i`.
4. Inside the loop, logical operations and checks are performed.
5. The code includes nested loops and conditionals to perform specific calculations.
6. If certain conditions are met, values are appended to the slice `s` and `count` is incremented.
7. Finally, based on the `count` value, output is printed using `fmt.Println`.

Examining for potential errors:
- The syntax for variable declarations and loops is correct.
- The `fmt.Scanf`, `fmt.Println`, and slice operations are correctly used.
- There are no mismatches in parentheses or brackets.
- No undeclared variables are used.

Overall, the code does not contain any syntax or structural errors that would lead to a compilation failure. Therefore, it will compile successfully.
</reasoning>
<answer>False</answer>
</root><root>
<reasoning>The code provided is mostly correct, but I need to check it step-by-step for compilation errors:
1. Importing the "fmt" package: There are no problems here.
2. The commented-out "math" package does not cause any issues.
3. Define the main function and variables: No errors so far.
4. Use fmt.Scanf to take input: This looks good.
5. Initialize iteration with 'for' loops: The loop syntax is correct.
6. Variables 'x', 'temp', and 'count' are properly handled within the for loops.
7. There is no usage of predefined constants or packages that would generate errors.
8. Closing braces match correctly.
Therefore, there are no errors identified in this code. It should compile successfully.</reasoning>
<answer>False</answer>
</root><root>
<reasoning>To determine if the provided code generates a compilation error, we need to analyze it step-by-step:
1. The "main" package is imported correctly.
2. The import of fmt is correct, which is necessary for Scanf and Println functions.
3. The commented line for importing "math" doesn't cause any compilation issue.
4. The main function is correctly defined.
5. The variable declarations and initializations inside the main function appear to be correctly formatted.
6. The code logic inside the for loop is syntactically correct: 
   - Variable `x` is correctly used in the loop.
   - The conditions and operations inside the loop follow the syntax rules.
   - The `if` conditions and the `continue` statement are correct.
   - The nested for loop also shows correct syntax for iterating with `temp`.
   - The `if` condition that checks if `sum` equals `rs` is correctly implemented.
   - The array handling with `append` function is correct.
7. The if-else statement at the end correctly handles the output.
8. The nested for loop within the else block correctly prints the contents of the array `s`.

There are no syntactical errors nor issues with the Go language constructs used in the provided code. Therefore, the code does not generate a compilation error.
</reasoning>
<answer>False</answer>
</root><root>
<reasoning>The code provided imports the "fmt" and "math" packages, then defines the main function. Within the main function, it initializes variables and reads an integer input from the user using `fmt.Scanf`. Then, it runs two nested loops to compute results based on conditions and populates a slice `s` with values. Finally, it prints either `0` or elements stored in `s`. 

The following are the steps leading to unraveling if the code generates a compilation error:
1. **Package Declaration and Imports**: The package and imports sections are correctly formatted.
2. **Variable Declarations and Input**: Variable declarations are correct, and input is read correctly using `fmt.Scanf`.
3. **Loops and Conditional Statements**: The loops and conditional statements are correctly formatted.
4. **Functions and Syntax**: All functions used have correct syntax, and the `main` function is correctly structured.

Based on these observations, there are no syntax issues or invalid statements that would cause a compilation error.

After meticulously checking the entire code, the code does not generate a compilation error. The reasoning steps support this conclusion thoroughly.</reasoning>
<answer>False</answer>
</root><root>
<reasoning>Let's step through the code to identify if it generates a compilation error.
1. The code is placed in the `main` package and imports the "fmt" package which is used for formatted I/O.
2. The "math" package is commented out, so it won't cause an error.
3. Variable declarations and the use of `fmt.Scanf` and `fmt.Println` are correct.
4. The comparison and iteration parts of the for loop seem syntactically correct.
5. The inner loop and operations on variables appear logically sound.
6. There is no evident misuse or undefined references to cause a compilation error.

After checking all these steps, it appears that the code does not generate any compilation error.

Therefore, the final answer is False.</reasoning>
<answer>False</answer>
</root><root>
<reasoning>
First, let's go step-by-step through the given code to identify any potential issues that might lead to a compilation error:

1. **Package Declaration and Imports:**
   The package is declared as `main`, and the necessary packages (`bufio`, `fmt`, `os`, `strconv`, and `strings`) are imported correctly.

2. **Main Function:**
   The main function starts by calling `NewScanner()` to create a new scanner instance. It then calls `sc.NextInt()` to read an integer `N`. The subsequent steps calculate certain values and conditions concerning `N`, and print results using `PrintI(ans...)`. So far, this should work assuming the OS input is provided correctly.

3. **Helper Functions:**
   - `mapToString`: Converts an array of integers to an array of their string equivalents.
   - `PrintI`: Uses `fmt.Println` and `strings.Join` to print the integers.
   - `max`: Function correctly implemented to return the maximum of two integers.

4. **Scanner Type and Functions:**
   The `Scanner` type and its associated methods (`NewScanner`, `Next`, `NextLine`, `NextInt`, `NextInt64`, `NextIntArray`, `NextInt64Array`, `NextMap`, `pre`, `readLine`) are implemented for reading and processing input.

5. **Function Definitions:**
   The methods within the `Scanner` type are correctly accessing and manipulating the `buf` and `p` fields to read data.

6. **Potential Issues:**
   - Method `PrintI` invoked in `main`, correctly defined.
   - The main logic using functions like `max` and `strconv.Itoa` seems correct.
   - The scanner methods handle conversions with `strconv` with possible exception handling (e.g., `v, _ := strconv.Atoi(s.Next())`).

Upon meticulously piecing together all the parts and ensuring there are no missing imports, undefined functions, or incorrect syntax, we find that the code is syntactically correct.

Conclusion:
No compilation errors were detected in the provided code after a thorough investigation.

</reasoning>
<answer>False</answer>
</root><root>
<reasoning>
First, let's check the overall structure of the program. The main function, `main`, starts correctly, and the `import` statement has correctly imported the "fmt" package.

Inside the function:
1. Variables are initialized correctly (`var i int`, `var s []int`).
2. The `fmt.Scanf` function is used properly to read an integer input.
3. The logic of the program seems to be working in loops and conditional statements.
4. Unused code is commented out.

Step-by-step investigation of potential errors:
- The code reads an integer and processes it through loops, modifying variables like `x` and `temp`.
- The `for` loop syntax and nested logic are correct.
- There are no missing braces or syntax errors in function definitions or conditional statements.
- There are no type mismatches or undeclared variables being used.

Potential issues to look for:
- Is every variable properly declared and initiated before use?
- Is the logic correctly handling and updating variables?

The commented-out import statement (`// "math"`) does not affect compilation in Go, as Go allows for unused imports to be commented out. Hence, there isn't any issue there.

Given all these checks, there is no compilation error detected in the code.
</reasoning>
<answer>False</answer>
</root><root>
<reasoning>
Step 1: Verify package imports.
- The code imports "fmt", "os", and "bufio" packages which are valid and commonly used. No errors here.

Step 2: Define the Max function.
- The Max function takes two integers, `x` and `y`, and returns the greater value. This function is correctly defined. 

Step 3: Define the main function.
- In the main function, various steps are performed sequentially without syntax errors in any of the constructs such as variable declarations, loops, and conditionals.

Step 4: Check I/O operations.
- The `bufio.NewReader(os.Stdin)` and `bufio.NewWriter(os.Stdout)` create buffered I/O objects which are correctly used for reading input and writing output.
- The `fmt.Fscanln` and `fmt.Fprintln` functions are correctly positioned for reading from `in` and writing to `out`.

Step 5: Analyze array and slice usage.
- The `maxs` array and `d` slice are correctly declared and initialized. They are also correctly indexed and updated within the loop.
- Ensure operations on string characters are valid: `s[i] + 1` and `s[i] - 'a'`. These operations are valid for character and integer manipulation.

Step 6: Check for correct usage of functions.
- The custom Max function is correctly used several times without any errors.

Step 7: Ensure that `bufio.Writer` Flush method is correctly called after writing all outputs.
- The `out.Flush()` method works correctly to ensure buffered data is written out.

Conclusion: All code segments adhere to Go language syntax and conventions. No compilation errors present.
</reasoning>
<answer>False</answer>
</root><root>
<reasoning>

1. **Package Import**: The code imports several packages including `"fmt"`, `"os"`, and `"bufio"`. These are standard packages in Go and necessary for input and output operations.

2. **Function Definitions**: The `Max` function is defined to return the maximum of two integer values. This function is correctly implemented and does not have any issues.

3. **Main Function**:
	- **Buffered I/O**: The code uses `bufio.NewReader` and `bufio.NewWriter` to manage I/O operations efficiently. This is valid usage of these functions.
	- **Variable Declaration**: Several variables are declared: `n`, `s`, `maxs`, `d`, and `ans`. Go allows variable declarations in this format.
	- **Input Reading**: `fmt.Fscanln` is used to read values from standard input. This function is correctly used to read the integer `n` and string `s`.
	- **Array and Slice Initialization**: `maxs` is initialized as an array of size 26 and `d` as a slice of size `n`. This initialization is correct.
	- **Logic Implementation**: The nested loop iterates over the characters in the string `s` and computes values for the slice `d` and the array `maxs`. This loop structure is syntactically correct.
	- **Condition Handling**: Based on the value of `ans`, different outputs are printed using `fmt.Fprintln`. This conditional block is also correct.
	- **Output**: `fmt.Fprint` is used to print values based on `d` and `out.Flush()` is called to ensure all buffered data is sent to standard output. These operations are correctly implemented.

Based on the above steps, the code uses correct syntax and logically valid operations. Therefore, it will not produce any compilation errors.

</reasoning>
<answer>False</answer>
</root><root>
<reasoning>
Let's examine the code step-by-step to see if it carries any compilation errors:

1. The package declaration is correctly specified as `main`.
2. The necessary imports - `bufio`, `fmt`, and `os` - are properly included.
3. The `min` and `max` functions are defined and seem to correctly determine the minimum and maximum values from a slice of integers.
4. The `Solve` function is defined to compute the maximum profit based on the buying and selling prices.
5. The `main` function starts with setting up `bufio.Reader` and `bufio.Writer` along with deferring the `Flush` method of the writer, which is correct.
6. The `main` function then reads input values into variables `n`, `m`, and `r` and reads slices `s` and `b` from `stdin`.
7. Finally, the `main` function calls `Solve`, and the result is printed using `fmt.Fprintf`.

Detailed Investigation on Potential Issues:
a. The function and variables seem syntactically correct with proper use of Go's syntax.
b. The use of `fmt.Fscan` and `bufio.Reader` for input is correct and matches the expected data reading patterns for Go.
c. `Solve` function is called with the correct parameters.

Given this analysis, there are no apparent syntactic errors in the code.
</reasoning>
<answer>False</answer>
</root><root>
<reasoning>
1. The code contains several function definitions and a main function.
2. It includes "fmt" for formatted I/O operations.
3. Functions `min`, `katta`, and `ab` are defined properly.
4. Function `calc` is a bit complex but adheres to correct syntax.
5. The `main` function reads three integer inputs using `fmt.Scanf`.
6. Variables `n`, `m`, and `r` are correctly declared and initialized.
7. Variables `maxe` and `mine` are initialized with values 0 and 1001.
8. `fmt.Scan` is used within two `for` loops to read integers, and conditions to update `mine` and `maxe` are correctly implemented.
9. The final `fmt.Println` utilizes function `katta`, performing arithmetic and modulus operations correctly.

Based on the provided reasoning, all language syntax and common practices are followed. No type mismatches or syntax errors were detected.
</reasoning>
<answer>False</answer>
</root><root>
<reasoning>
The provided Go code will be analyzed step by step to determine if it generates a compilation error.

1. The code imports necessary packages: "bufio", "fmt", "io", and "os". These imports are correct, and there is no issue with package names or their usage.
2. The code defines the main function and the CF1114C function which takes two arguments of type io.Reader and io.Writer respectively. The function signature matches the expected types and does not cause any compilation error.
3. Inside the CF1114C function, a bufio.NewReader and bufio.NewWriter are created and in is used correctly with Fscan to read input values into variables n and x. Out is also flushed correctly at the end using defer.
4. The variables n and x are declared as int64, which is suitable for large integer values and is correctly used.
5. A function f is declared within CF1114C, which uses a nested loop to compute values and update ans accordingly. This function signature and implementation are correct and it correctly updates the ans variable.
6. The for loop iterates from 2 to the square root of x, checking for factors and updating x and e correctly. 
7. After the loop, there is a final check if x &gt; 1 and f is called with x as the argument.
8. The result 'ans' is then printed using Fprint and directed to 'out' correctly.
9. The main function calls CF1114C with os.Stdin and os.Stdout without any mistake.

Every part of the code is syntactically correct, and the logic follows the expected usage patterns and types. 

There are no compilation errors based on the individual components and their interplay in the provided Go code.
</reasoning>
<answer>False</answer>
</root><root>
<reasoning>To determine if the provided Go code will compile without errors, we need to carefully examine each part of the code and look for potential problems that might cause compilation errors.

1. Package and Imports:
   - The "main" package and its imports (`bufio`, `errors`, `fmt`, `io`, `math`, `os`, `strconv`) are correctly stated.

2. Constants:
   - Predefined constants are correctly defined.

3. `init` function:
   - This function initializes the `ReadString` function and `stdout` writer. It appears correctly structured.

4. Global variables:
   - The variables `n` and `b` are correctly declared.

5. `main` function:
   - The code in the `main` function reads two integers and then invokes the `TrialDivision`, processes the results, and finally prints the answer. Everything looks appropriate here.

6. `ChMin` function:
   - This function is correctly implemented to update the minimum value.
   
7. `TrialDivision` function:
   - This function performs prime factorization and looks correctly implemented.

8. I/O Functions:
   - Functions like `ReadInt`, `ReadInt2`, `ReadInt64`, and others for reading input are correctly implemented.

9. Other utility functions:
   - The remaining utility functions also look properly implemented, from `Strtoi` to `PrintfBufStdout`.

By carefully analyzing the entire provided code snippet, there are no apparent syntactic or logical issues that would cause a compilation error. Hence, the code should compile successfully.
</reasoning>
<answer>False</answer>
</root><root>
<reasoning>
Let's walk through the code step by step:
1. The code is written in Rust and uses the standard input library.
2. The first step is to lock the standard input stream and read its contents into a variable `input`.
3. The function `read_to_string` expects a mutable reference of a `String` to read contents into. However, the code does not initialize the `input` variable as a `String`.
4. Attempting to use an uninitialized variable leads to a compilation error.
5. Next, the code tries to access the first character of the input string with `input[0]` and parse it as a `u8`. This code does not handle the case where the input might be empty or invalid, but this would be a runtime error, not a compilation error.
6. If the input parsing succeeds, the code checks if the number is greater than 2 and even, printing "YES" if true, otherwise "NO".

The critical point here is the uninitialized `input` variable, which will cause a compilation error.

</reasoning>
<answer>True</answer>
</root><root>
<reasoning>
First, let's examine the code step by step:

1. The `use std::io;` and `use std::io::stdin;` directives are valid and correctly import necessary modules from the standard library.

2. The `use term::stdout;` directive attempts to use the `term` crate. Assuming the crate is added to dependencies, this line is also valid for using the `stdout` functionality.

3. Then, within the `main` function, a mutable `input` string is declared.

4. The `read_line` method is called on `stdin` to read a line of input into the `input` string. However, the result is not handled, but this does not cause a compilation error as it is syntactically correct (although it would be a logic error).

5. Next, we attempt to parse `input` as a `u32` and handle errors using a `match` statement. However, the code tries to assign the error `e` directly as the value for `weight`, which is incorrect. The type of `Err(e)` should be handled appropriately, but instead, it incorrectly attempts to assign an error object to a variable of type `u32`. This leads to a compilation error because the type mismatch between `e` (which should be a type implementing the `Error` trait) and `u32`.

6. In the `if` statement `if weight%2 = 0`, there is a syntax error. The single `=` is an assignment operator, not a comparison operator. The correct syntax for comparison should be `==`.

Taking into account these issues, the code would indeed generate compilation errors in step 5 due to type mismatch and step 6 due to incorrect syntax in the `if` condition.
</reasoning>
<answer>True</answer>
</root><root>
<reasoning>The given code attempts to read input from the standard input and parse it as an integer. However, there are several critical points that need to be considered for compilation:
1. The function call `input.parse()` returns a `Result` type, not a direct integer. This could lead to a compilation error as it does not match the assignment to the variable `number`.
2. The result of `input.parse()` should be unpacked safely or handled correctly to get the actual integer.
3. The code lacks proper error handling for when the parsing might fail.
Due to the oversight in handling the `Result` type correctly, the code generates a compilation error.

Final conclusion: The code will not compile successfully because of incorrect handling of the `input.parse()` result.

</reasoning>
<answer>True</answer>
</root><root>
<reasoning>Let's investigate the provided Rust code step by step to determine if it generates a compilation error.

1. The code begins with importing the `stdin` module from the `std::io` library.
2. The `main` function is defined.
3. Inside the `main` function, a mutable variable `s` of type `String` is created.
4. The `read_line` method is called on `stdin()` to store user input in the string `s`.
5. The `unwrap` method is called to handle any potential errors from `read_line`.
6. The next line contains `let n : u32 = s.trim().parse();`, which attempts to parse the trimmed input string `s` into an unsigned 32-bit integer (`u32`).
7. The line above is incorrect as the `parse` method returns a `Result` type, but there is no handling of the `Result`.
8. The correct usage should be `let n: u32 = s.trim().parse().unwrap();` to handle this potential error.

Given this mistake, the code as it stands will generate a compilation error due to the incorrect handling of the `Result` type from the `parse` method.

Therefore, the final conclusion is that the code does generate a compilation error.

</reasoning>
<answer>True</answer>
</root><root>
<reasoning>
Step 1: First, examine the code structure and syntax. The code begins by importing the io and Write modules and then defines the main function.
Step 2: Within the main function, a mutable string variable 's' is created and populated by reading a line from standard input. 
Step 3: The input string 's' is then trimmed and parsed into an integer 'n'.
Step 4: The code uses bitwise AND operation to check if 'n' is even and not equal to 2. If true, it prints "YES".
Step 5: Examine the if-else condition block. Notice that the first if condition ends with a closing brace '}', then there's an else condition followed by an additional closing brace '}'. The initial closing brace '}' of the if block before 'else' is incorrect and disrupts the logical flow of if-else conditions.
Step 6: Because of this improper placement of closing brace '}', the else block is not correctly associated with the preceding if condition which causes a compilation error. 
</reasoning>
<answer>True</answer>
</root><root>
<reasoning>
Step 1: Check for import statement.
The `use std::io::stdin;` statement is correct for importing the `stdin` function.

Step 2: Analyze the usage of `read_to_string`.
The `stdin().read_to_string().unwrap();` line attempts to use `read_to_string` directly on `stdin()`, which is incorrect. The `read_to_string` method is part of the `Read` trait, and needs to be called on a mutable reference to `stdin()`. 

Step 3: Check the parse method.
The `s.parse();` line attempts to parse the string `s` into `n` of type `u32`. However, `parse` returns a Result, so it must handle the Result type or unwrap it properly.

Step 4: The conditional check.
The conditional check `if n % 2 == 0` is valid if `n` is successfully parsed as `u32`, but since parsing step is flawed, this cannot be reached without handlings errors first.

Step 5: Compilation error due to unaddressed issues.
Due to the incorrect use of `read_to_string` and not handling the Result from `parse`, the code will generate compilation errors.
</reasoning>
<answer>True</answer>
</root><root>
<reasoning>
Firstly, the code uses an `extern crate` declaration, which is deprecated in the 2018 edition of Rust. In the 2018 edition, which is the default for new projects, dependencies should be declared in the `Cargo.toml` file.
Secondly, it imports a `read_line()` function from the `utils` crate. This implies that `utils` is an external crate that must be included in the project dependencies.
Finally, assuming `utils` is correctly included in the `Cargo.toml` file and the project is using the 2018 edition correctly, the rest of the code uses standard Rust libraries and syntax without issues. However, if `utils` is not properly included, it will cause a compilation error.
The most likely error source here is the declaration of `extern crate utils;` which is not compatible with modern Rust practices unless specifically using the older edition, and missing dependencies would cause a compilation error.
</reasoning>
<answer>True</answer>
</root><root>
<reasoning>
Step 1: `use scan::Scan;` indicates that the code requires an external crate named `scan`. 
Step 2: The code uses `scan::from_stdin()` to instantiate a scanner, which implies that methods/functions of the `scan` crate are being called.
Step 3: If the `scan` crate is not included in the `Cargo.toml` dependencies, the code will generate a compilation error.
Step 4: The rest of the code appears syntactically and logically correct in terms of Rust syntax and usage.
Step 5: Assuming that the `scan` crate is not included in the dependencies by default, the code will generate a compilation error.

Based on these steps, the reasoning concludes that an external dependency (`scan` crate) is used without ensuring its presence in the project dependencies, leading to a compilation error.
</reasoning>
<answer>True</answer>
</root><root>
<reasoning>First, let's analyze the code for any potential syntax issues.

1. The `use` statements at the beginning import necessary modules and appear to be correct.
2. The signature of the `main` function indicates it returns a `Result` type, which is correct based on the context.
3. The `main` function initializes a mutable `String` variable `s` correctly.
4. The program reads from `stdin()` into the `String` variable `s`. The `read_to_string` method can return an error, which is being handled using `?`, indicating proper error propagation.
5. The `parse()` method on the `String` to convert it into a `u32` can return potential errors (like non-numeric input). Again, this error is handled using `?`.
6. The program then checks if the parsed number is even or odd and prints "YES" or "NO" accordingly.
7. Finally, the `main` function returns `Ok(())`.

There are no syntax errors or misuses of functions/variables identified in this code snippet. All the error handling is done correctly with the `?` operator.

Based on these steps, we can conclude that the code does not generate a compilation error.</reasoning>
<answer>False</answer>
</root><root>
<reasoning>First, the code imports the standard I/O library with `use std::io::stdin;`. Then, it opens the main function, where it attempts to read a string from input using `stdin().read_to_string().unwrap();`. However, `read_to_string` function belongs to `std::io::Read` trait, which is not imported causing a compilation error. Additionally, the `parse` function returns a Result type, so `let n : u32 = s.parse();` should be followed by either a `unwrap()` or proper error handling to get the parsed value, which is missing and will cause a mismatched type compilation error. Finally, there is also an error with handling the Result type properly, which can add to compilation errors.</reasoning>
<answer>True</answer>
</root><root>
<reasoning>
Let's start by examining the macro definition. The `lets!` macro is defined with several patterns to initialize multiple variables in various ways, including immutably and mutably, using a single expression or multiple expressions. Macro definitions in Rust are quite flexible and powerful, allowing for custom patterns for variable initialization.

Next, let's check if the macro is being used correctly within the `main` function. In the `main` function, the `lets!` macro is not invoked, which means the only part of the code we need to inspect further is the `read!` macro usage and the subsequent logic for printing "YES" or "NO".

Now, we look at the `read!` macro provided by the external crate `text_io`. The `extern crate text_io;` declaration ensures that the `text_io` crate is included, and `#[macro_use]` imports all macros from `text_io`. The `read!()` macro reads input from standard input (stdin); it parses and converts the input into the requested data type, which in this case is `u8`.

We can summarize the main function: it reads an unsigned 8-bit integer from the user's input, checks if it's greater than 3 and even, then prints "YES" if these conditions are met; otherwise, it prints "NO".

There are no syntax errors in this code. All parts seem properly formatted and should compile correctly.
</reasoning>
<answer>False</answer>
</root><root>
<reasoning>
Firstly, let's analyze the syntax and structure of the provided macro definitions and their usage within the `main` function. We'll start with the `read_line!` macro:

1. The `read_line!` macro has four different patterns:
   - The first pattern accepts an identifier, reads a line from stdin, and assigns it to the identifier.
   - The second pattern is used to read multiple values of a specified type.
   - The third pattern reads a line and converts it into a vector of the specified type.
   - The fourth pattern reads a line and splits it into multiple variables with given types.

2. The `parse_token!` macro parses a string expression into an iterator of a specified type through whitespace splitting and type conversion.

Next, we examine the `main` function:

1. The `read_line!(w;u64);` invocation attempts to read a line of input, split it into whitespace-separated tokens, and convert the first token to a `u64` type, which is assigned to the variable `w`.
2. We then check if `w` is even or odd by pattern matching on `w % 2` and print "YES" or "NO" accordingly.

Potential issues:
- When reading from stdin, if the input line does not contain a valid `u64` token that can be parsed correctly, it will cause a panic during the `unwrap()` operation.

However, the question is whether the code results in a compilation error, not a runtime error.

Macro-related errors:
- Macros themselves seem syntactically correct with proper use of patterns, capturing groups, and expansion.

Variable scope:
- The variable `w` in the `main` function is defined properly and used thereafter.

Conclusion:
After analyzing all these aspects, there are no syntactic errors, missing semicolons, or misplaced patterns in the macros that would cause compilation issues. Therefore, the code as given should compile successfully.

</reasoning>
<answer>False</answer>
</root><root>
<reasoning>The code provided has a few issues:

1. Import of `std::io` correctly.
2. Reading input into `weight` correctly.
3. The method `except` does not exist; the correct method to use here is `expect`.
4. Reassigning the value of `weight` after reading it, but using `guess.trim().parse()` instead of `weight.trim().parse()`.
5. Syntax error in modulo operation check; space is missing between `==` and `0`.

Steps:

1. Check the import of `std::io` - correct, no error.
2. Reading input into `weight` - correct, no error.
3. Using `.except` instead of `.expect` - incorrect, generates compilation error. The correct syntax is `.expect`.
4. Using `guess.trim().parse()` instead of `weight.trim().parse()` - generates compilation error as `guess` is not defined.
5. Syntax error in modulo check - correct operation is `weight % 2 == 0`.

Considering points 3 and 4, the code will indeed generate a compilation error due to incorrect method and undefined variable use.

</reasoning>
<answer>True</answer>
</root><root>
<reasoning>Let's investigate the code step by step to determine if it generates compilation errors. 
1. The function `watermelon` is defined with a single parameter `weight` of type `usize`.
2. The body of the function uses a `match` expression to check the remainder when `weight` is divided by 2.
3. If the remainder is `0`, it returns the string slice `"YES"`.
4. If the remainder is anything other than `0` (represented by `_` in the `match` statement), it returns the string slice `"NO"`.
5. Both string slices `"YES"` and `"NO"` are valid string literals.
6. The `.to_string()` method is called on the result of the `match` expression, converting the string slice to a `String` type.
7. All syntax and type usage in the code is valid according to Rust programming language rules.

Conclusion: The code does not generate any compilation errors.
</reasoning>
<answer>False</answer>
</root><root>
<reasoning>
First, let's analyze the function signature and the body of the function step by step:
1. The function `kd` takes a single parameter `k` of type `i32` and returns a `bool`.
2. The function contains an `if` statement that checks three conditions using the logical OR operator (`||`).
3. The three conditions are:
   - `k % 2 != 0`: Checks if `k` is odd.
   - `k &gt; 100`: Checks if `k` is greater than 100.
   - `k - k == 2 * k`: Always evaluates to `0 == 2 * k`, which simplifies to `0 == 2k`, a falsehood when we factor `k`.

Given these conditions, if any of them are true, the function returns `false`. Otherwise, it returns `true`.

There is no syntactical error in the function definition, the conditions expressed in the `if` statement are valid, and the syntax is correct. The function correctly compiles because it adheres to Rust syntax rules.
</reasoning>
<answer>False</answer>
</root><root>
<reasoning>
Firstly, the code imports the `std::io` library correctly, which is necessary for input operations. In the `main` function, a mutable String variable `weight` is correctly initialized. The `read_line` method is called on `io::stdin()`, but there is a syntax issue with the error handling, as it should use `.expect` instead of `.except`. 
Secondly, the variable `weight` is correctly re-assigned to trim and parse to a `u32`, but there is a reference to a non-existent variable `guess` instead of `weight`. This too should use `.expect` instead of `.except`.
Finally, there is a missing semicolon at the end of the parsing line and misplaced parentheses in the `if` condition. 
Due to these syntax errors, the code will generate several compilation errors.
</reasoning>
<answer>True</answer>
</root><root>
<reasoning>
The code starts with defining the `even_parts` function. It takes an integer `w` and returns a static string slice. The function iterates over the range `0..101`, checking for specific conditions related to the integer division of `w` by 2.

Next, it defines the `main` function to read an integer from the standard input and call the `even_parts` function with the read value. 

However, there are a few issues:
1. The program uses `io` but does not include the `use std::io;` declaration, which is mandatory to access `stdin`.
2. The `even_parts` function can return three possible static string slices ("YES", "NO", "WTF"), which should be fine in terms of returning a static string.
3. In the `main` function, the result of `even_parts` is not used or printed.

Let's assess these points individually to see if any of them results in a compilation error:
1. The missing `use std::io;` declaration will cause a compilation error as the compiler will not recognize `io::stdin()`.
2. The static string slice return in `even_parts` is valid.
3. Although `main` does not use the result of `even_parts`, this is not a compilation error but bad practice.

Since point 1 leads to a compilation error, the entire code will fail to compile.

</reasoning>
<answer>True</answer>
</root><root>
<reasoning>The code has a few issues. Firstly, the function `stdin().read_line` takes a mutable reference to a `String`, but `line` is not declared or initialized before being passed to the function. This leads to a compilation error as `line` is not in the correct scope and is undeclared. Secondly, it is necessary to initialize `line` as a mutable `String` before using it. These errors will prevent the code from compiling.</reasoning>
<answer>True</answer>
</root><root>
<reasoning>
Let's analyze the code step by step:

1. The code starts by defining the main function.
2. Inside the main function, a mutable variable `melon` of type `String` is created and initialized to an empty string.
3. The program reads a line from the standard input and stores it in the `melon` variable.
4. The program expects successful execution of the read operation; otherwise, it panics with the message "Failed to read line".
5. The `trim` method is called on `melon` to remove leading and trailing whitespace, and the result is parsed to an unsigned 32-bit integer (`u32`).
6. If the parsing operation fails, the program will panic due to the `unwrap` method being used.
7. Now, the program examines whether `melon` (of type `String`) is even or odd (using `% 2 == 0`). This line (`if melon % 2 == 0`) attempts to use the variable `melon` (which is a `String` type) as though it were an integer, which is invalid.

The compilation error is in the conditional statement `if melon % 2 == 0` since `melon` is a `String`, and you can't use the modulo operator directly on a `String`. The correct variable to check should be the parsed integer `_melon`.

Hence, this code will generate a compilation error:

- Error: binary operation `%` cannot be applied to type `String`.

</reasoning>
<answer>True</answer>
</root><root>
<reasoning>The code begins by importing the `std::io::stdin` module and declares the `main` function. Within the `main` function, it creates a mutable string buffer to store the input. It then reads a line of input into the buffer, trims any whitespace, and attempts to parse it into a `u32`. If the parsing is successful, it proceeds to evaluate a condition inside an `if` statement. However, there is an issue in the condition: the variable `n` is used, but it has not been declared or assigned any value previously in the code. This leads to an unresolved variable error and thus a compilation error.</reasoning>
<answer>True</answer>
</root><root>
<reasoning>The code imports the std::io library and declares a main function. Inside, it creates a mutable String variable N and reads a line from standard input into N. It then attempts to parse N into an integer. However, there is a missing semicolon after the parse method, which causes a syntax error. The code also attempts to use the println macro incorrectly, causing another compilation error. Consequently, these errors lead to the code failing to compile.</reasoning>
<answer>True</answer>
</root><root>
<reasoning>
The code provided has several issues that can lead to a compilation error:

1. The `parse` method returns a `Result`, but the code does not handle the `Result`. This would cause an error because the compiler expects handling of the potential error.
2. There is a syntax error in the `println !` macro. The space between `println` and `!` is invalid.

Here are the steps to conclude if the code generates a compilation error:
1. Check if the `Result` from `parse` is handled - It is not handled, which will cause a compilation error.
2. Check for macro syntax - The space in `println !` is invalid and would result in a compilation error.

Thus, taking into account these issues, we can conclude that the code will generate a compilation error.
</reasoning>
<answer>True</answer>
</root><root>
<reasoning>
The code contains several issues that will lead to compilation errors:
1. The use of '=' in "if w = 2 { return "NO"; }" is incorrect. '=' is an assignment operator, while '==' should be used for comparison.
2. The "io::stdin()" call in the main function requires the "use std::io;" declaration at the beginning of the code to bring the io module into scope.
Without addressing these issues, the code will generate compilation errors.
</reasoning>
<answer>True</answer>
</root><root>
<reasoning>
First, let's break down the Rust code line by line:
1. The function `main` is defined.
2. A mutable string `input` is initialized as an empty `String`.
3. The standard input is read and stored in `input`. If an error occurs, "Bleh." is printed.
4. The `trim` method is called on `input` to remove whitespace characters, and the result is converted back to a `String`.
5. The trimmed string `input` is parsed into an `i32` integer. The `unwrap` method will panic if the parsing fails.
6. An `if` condition checks if the `number` is even and not equal to 2. Depending on the result, either "YES\n" or "NO\n" is printed.

Considering the steps for syntax and semantic correctness:
- All function calls (`read_line`, `trim`, `to_string`, `parse`, `unwrap`, and `println`) are correct.
- The `expect`, `if` condition, and `println!` macro usage are also appropriately structured.
- No apparent syntax errors in scope management, variable declaration, or standard library utilization.

With no syntax or logical issues in the provided code snippet, it will compile successfully.

</reasoning>
<answer>False</answer>
</root><root>
<reasoning>
Step 1: Import std::io; This imports the necessary I/O operations which are correct.
Step 2: Define the function even_parts; The function signature is correct.
Step 3: Implement the match statement inside the function even_parts; The implementation seems syntactically correct, returning a static string based on a condition.
Step 4: Define the main function; The function signature is correct.
Step 5: Initialize an empty String; This is correct.
Step 6: Use io::stdin().read_line to get the input from the user; This is correct.
Step 7: Parse the input string to an integer; Although unwrap() is used, assuming valid input then this does not lead to any compilation error.
Step 8: Call the even_parts function and print the result; Everything seems to be correctly linked.

Therefore, as each step is syntactically correct and follows Rust's compilation rules, the code should compile without errors.
</reasoning>
<answer>False</answer>
</root><root>
<reasoning>To determine whether this Rust code snippet will generate a compilation error, it is necessary to analyze it step by step:

1. The code uses the `std::io::Read` trait but lacks an `extern crate std;` declaration.
2. Missing import for traits from `std::io`, since `Read` is used without being imported.
3. The macro `get` is defined but should cause no issues as it correctly returns parsed input.
4. Byte string declarations (`f0`, `f1a`, `f1b`, `f1c`) are correct.
5. The vector `w` initialization and the loop setup are correctly using Rust's types and syntax.
6. Miscalculations in slice length checking logic.
7. Use of `println!` to convert output to UTF-8 string is correct though it assumes valid UTF-8 bounds in bytes.
8. Careful attention needed with `v.push(b'.');`. 

Summary:
- Import issues for `std::io::Read` trait
- Possible undefined behavior in looping logic: boundary conditions for vector accesses

Due to these factors, the code should result in a compilation error due to lack of proper trait imports for `std::io::Read`.

</reasoning>
<answer>True</answer>
</root><root>
<reasoning>
To determine whether the given Rust code generates a compilation error or not, we must examine each component of the code closely to ensure that all modules, functions, and macros are correctly implemented.

1. **Imports and Module Declarations**: The code begins by importing various standard libraries and collections, and it uses `#[allow(unused_imports)]` to suppress warnings about unused imports. It also declares a module called `util` that contains two utility functions, `line` and `gets`.

2. **Utility Functions**: Within the `util` module, both `line` and `gets` functions are implemented correctly. They use `stdin().read_line()` to read input and process it as strings or other types. The generics and trait bounds are correctly used.

3. **Macros**: Two macros, `get!` and `debug!`, are defined to streamline reading input and debugging. These macros appear syntactically correct.

4. **Function `f` Implementation**: The function `f` is defined to compute a character at a specific position based on a recursive-like approach with strings and indices. The function is correctly using Rust syntax for loops, conditionals, and string operations.

5. **Main Function**: 
   - This function sets up necessary variables and reads input values using the `get!` macro.
   - It initializes and populates a vector `ll` to store length values. The loop ensures that the values stay within bounds.
   - It reads the count `n` and then uses a loop to read `n` pairs of `(n, k)` values, appending results of `f` to the `ans` vector.
   - Finally, it prints the collected results.

6. **Unchecked Factors**: 
   - The `f` function assumes the strings involved will have the right indices, and algorithms operate within bounds.
   - We assume that all inputs are valid and within expected formats since unwraps are widely used without error handling.

Given these analyses, everything seems syntactically and semantically correct.

</reasoning>
<answer>False</answer>
</root><root>
<reasoning>
1. First, let's verify the `parse_line` macro:
   - It is designed to read from `std::io::stdin` and split the input based on whitespace.
   - It handles single type parsing and multiple types parsing.
   - There are no syntax errors in the macro definition.

2. Then, let's check the `parse_line_to_vec` macro:
   - Similar to `parse_line`, it reads from `std::io::stdin`, splits the input based on whitespace, and parses each element into a vector.
   - There are no syntax errors in the macro definition.

3. Now, let's ensure the `solve` function and the usage of the macros are correct:
   - `let (a, b) = parse_line!(u64, u64);` uses the `parse_line` macro with two `u64` types. Given the macro definition, this should work without any compilation error.
   - The function then performs a series of arithmetic and logical operations.
   - There are no syntax errors in the function definition.

4. Finally, let's verify the `main` function:
   - `let tests = 1;`, `for _ in 0..tests { solve(); }` loops once and calls `solve`.
   - This should work without any compilation error.

Given all the points checked above, there are no compilation errors in the code.
</reasoning>
<answer>False</answer>
</root><root>
<reasoning>The code provided appears to be valid Rust code. Here are the detailed reasoning steps:

1. **Imports**: The necessary modules from the standard library are imported correctly, including `std::cmp::*`, `std::collections::*`, and `std::io::{Write, BufWriter}`. There are no syntax errors in these import statements.

2. **Macro Definitions**:
   - `input!`: A macro to handle input data from `stdin` or from a given string source.
   - `input_inner!`: A helper macro to interpret the parsed input tokens.
   - `read_value!`: A macro to convert input strings into various data types.
   - These macro definitions use pattern matching extensively and are defined properly without syntax errors.

3. **`solve` Function**: This function contains:
   - Usage of `BufWriter` for efficient output handling.
   - Definition and invocation of the `puts!` macro for output formatting.
   - Parsing of input data using the `input!` macro.
   - A loop to process the parsed input and calculate the required result.

   The logic within the `solve` function appears to be syntactically correct.

4. **`main` Function**: 
   - Sets up a thread to avoid stack overflow by setting an appropriate stack size (`104_857_600` bytes).
   - Spawns the thread to execute `solve` function.

Given that all parts of the code (imports, macro definitions, function definitions) are syntactically correct and the logic follows Rust's rules, there are no obvious reasons that would cause this code to produce a compilation error.

Therefore, based on the meticulous examination of each part of the code, the final conclusion is that it does not generate a compilation error.

</reasoning>
<answer>False</answer>
</root><root>
<reasoning>This code tries to compile a Rust program with various features and functionalities:

1. The code uses several attributes for allowance such as unused imports, non_snake_case identifiers, and dead code which relaxes the compiler checks.
2. The `use` statements import various standard library components, which are all valid imports.
3. The `read` macro facilitates reading inputs in various formats, converting and collecting them. This macro uses valid Rust syntax.
4. The `debug` macro conditionally prints debug information when in debug mode, which uses valid Rust syntax.
5. `rl` function reads a single line from stdin and trims it. The function uses valid Rust syntax and standard library calls.
6. `IteratorExt` trait adds a `vec` method to iterators. The trait and its implementation adhere to valid Rust syntax.
7. The `is_vowel` function matches characters against a list of vowels - this syntax is valid.
8. In the `main` function, the line `let S = rl().chars().vec();` reads a line and converts it into a vector of characters, using valid methods from the standard library.
9. The loop and conditional checks in the `main` function correctly iterate over the characters to determine the validity based on vowels specified.

The code overall respects Rust syntax rules, imports necessary standard library components, defines macros correctly, and implements functions and methods methodically.

Considering all the elements step by step, there seems to be no syntax or logical error in the code that would cause it to generate a compilation error.

Hence, the final conclusion is that the code does not generate a compilation error.</reasoning>
<answer>False</answer>
</root><root>
<reasoning>Let's carefully analyze the provided code step by step to find out if it generates a compilation error.

1. The code starts by importing the `std::io` module, which is required for handling input/output operations.
2. It defines the `main` function, which is the entry point of the Rust program.
3. Inside `main`, it declares a mutable string variable `s` and initializes it to an empty string.
4. It then attempts to read a line from the standard input and store the input in `s`.
   - The `read_line` method is called on `io::stdin()` with a mutable reference to `s`.
   - The `expect` method adds error handling, printing "Deu Ruim" if reading fails.
5. The code then trims whitespace from `s` and stores the result back in `s`.
6. It calculates the length of `s` and assigns this value to `n`.
7. It declares a mutable boolean variable `res` and initializes it to `true`.
8. A `for` loop iterates over the indices from `0` to `n-1`.
9. Inside the loop, the code matches slices of `s` against various patterns.
   - If neither character in the slice matches the specified patterns, `res` is set to `false`.
10. After the loop, a match statement checks the value of `res`.
    - If `true`, it prints "YES".
    - Otherwise, it prints "NO".

Potential issues:
- Rust slice indexing `[i..i+1]` and `[i+1..i+2]` might cause a compile-time error if `i` is out of bounds.
- The code includes proper error handling for the match statement, but still potential runtime errors can exist.

However:
1. The syntax appears correct for reading input, trimming, and variable assignments.
2. The loop and match statement use valid Rust syntax for pattern matching.

Therefore, the provided code should compile without any issues related to syntax.</reasoning>
<answer>False</answer>
</root><root>
<reasoning>Let's meticulously investigate the code to determine if it causes a compilation error. We will analyze each component step by step:

1. **Macro Definitions**:
    a. `input!` macro defined to read from both string and stdin.
    b. `input_inner!` macro defined for internal processing of input.
    c. `read_value!` macro defined for reading different types of values.

    These macros seem syntactically correct for Rust and are common in competitive programming for handling input efficiently.

2. **Function Definition**:
    a. `fn run()` uses the `input!` macro to read `n` and `p` values.
    b. `run` processes the input and calculates a result using dynamic programming arrays `sum` and `dp`.
    c. Uses common Rust libraries `std::cmp::*` for comparisons.

    The function structure seems logically correct without any apparent syntax errors.

3. **Main Function**:
    a. `fn main()` which calls `run()` function.

    The main function is correctly defined and calls `run`.

4. **Potential Logical Checks**:
    a. Ensure variables used in loops and calculations are defined correctly.
    b. Check for vector initializations `(sum, dp)` and ensure they adhere to expected sizes and types.

5. **Special Syntax and Rust-Specific Behavior**:
    a. Usage of macros and stdin reading is typical and should work unless path or environment issues.
    b. Check sum and dp vector initializations for correct usage relative to `n` and logical conditions within loops.

Based on this investigation, all syntax and logical arrangements seem correct in Rust. Therefore, the conclusion after analyzing the reasoning steps is:
</reasoning>
<answer>False</answer>
</root><root>
<reasoning>
The provided code uses macros for input handling and parsing, followed by a function `run()` which contains the primary logic, and finally a `main()` function to call `run()`. 

To determine if there is a compilation error, we need to analyze several aspects of the code:

1. **Macro Definitions**: The macros `input`, `input_inner`, and `read_value` appear to be defined correctly, adhering to Rust syntax for macro definitions.

2. **Macro Usage**: The usage of these macros in the `run()` function seems to follow the proper invocation patterns:
   - `input! { n: usize, p: [(chars, i32, i32); n], }` correctly matches the macro syntax and should expand without issues.

3. **Logic and Iterators**: The logic follows Rust's conventions:
   - Split and iterate through input strings.
   - Use standard library features like `collect`, `push`, and `map`, which are correctly used.
   - Use patterns like `BTreeMap` and `min`, which are a part of std collections.

4. **Main Function**: Calling the `run` function from `main` is standard, and `run` is self-contained without scope issues.

Thus, evaluating everything step by step:
- Macros are correctly defined and used.
- The code adheres to Rust's syntax and conventions.
- No apparent scope, type, or syntax errors are visible.

Hence, after carefully piecing together these observations, it can be concluded that the code does not generate a compilation error.
</reasoning>
<answer>False</answer>
</root><root>
<reasoning>
To determine if the provided Rust code generates a compilation error, we need to go through the code step by step:

1. **Macro Definitions:** The code defines multiple macros (`input!`, `input_inner!`, and `read_value!`). These macros seem well-defined and properly structured.

2. **Trait Implementation for `ChangeMinMax`:** The trait `ChangeMinMax` with methods `chmin` and `chmax` is appropriately implemented. The implementation is done for all types that implement `PartialOrd`, and the methods use standard Rust syntax which should not produce any compilation errors.

3. **Usage of Macros:** The `run` function uses the `input!` macro for taking input, which in turn uses `input_inner!` and `read_value!`. The syntax and usage within these macros appear correct.

4. **Function Definition `run()`:** The `run` function processes the input, performs calculations, and updates values using a dynamic programming approach. The logic seems complex but syntactically valid.

5. **Calling the Function in `main()`:** The `main` function calls `run()`. This is standard practice in Rust and should not cause compilation issues.

Throughout my investigation:
- There are no syntax errors.
- All macros appear to be correctly expanded.
- Trait implementations are correct according to Rust's trait and implementation rules.
- Function logic, while complex, uses valid Rust constructs.

As a result, the code should compile successfully without any errors.
</reasoning>
<answer>False</answer>
</root><root>
<reasoning>
To determine whether this code generates a compilation error, let's break down the various elements and ensure all parts are correctly defined and used.

1. **Imports**: All necessary modules such as `std::io`, `std::str`, `std::error`, `std::cmp`, and `std::thread` are correctly imported.

2. **Constants and Functions**: 
    - `INF` is correctly defined as a constant.
    - `exec()` function is well-structured, implementing a dynamic programming solution. The flow inside the `exec()` function shows logical use of Rust's syntax and structures.

3. **Main Function**:
    - Function `main()` sets up a thread with increased stack size and successfully spawns it to run the `exec()` function.
    - Proper handling of the thread join is evident.

4. **Scanner Struct**:
    - Scanner initialization and methods (`new`, `next_line`, `next`, `ne`) are correctly implemented, handling input parsing efficiently.
    - Traits implementation (`FromStr`) and handling of potential errors is done appropriately.

5. **Potential Issues**:
    - The usage of `description()` method on error might be deprecated or might require additional imports (`use core::fmt;`), but it isn't a compilation error, rather a runtime consideration.

Overall, the structure, syntax, and logic seem correct without any evident compilation errors. The code adheres to Rust's compilation rules and constructs.
</reasoning>
<answer>False</answer>
</root><root>
<reasoning>To determine if the provided code generates a compilation error, we need to analyze the components and their interactions step by step.

1. The `macro_rules! input` block defines macros for handling input, with branches for reading from a provided string or from standard input.
2. The `macro_rules! input_inner` block defines macros for parsing the input using the iterators.
3. The `macro_rules! read_value` block defines macros for parsing different types from the iterator.
4. The `ChangeMinMax` trait and its implementation for types that support `PartialOrd` provide methods for updating values if a new value is smaller (`chmin`) or larger (`chmax`).
5. The `run` function is defined and uses these macros and trait methods to solve a problem involving an array of tuples.
6. The `main` function calls the `run` function.

Now, we need to verify the components to ensure they work correctly and that there are no undefined macros or trait methods that would cause compilation errors.

- `input!` and `input_inner!` macros rely on each other and `read_value!`. All macros are defined properly.
- `ChangeMinMax` trait is properly defined and implemented for all `PartialOrd` types.
- The `run` function utilizes the `input!` macro to read input. The `ChangeMinMax` trait methods (`chmin`, `chmax`) are used correctly.
- The `main` function simply calls the `run` function.

The code's logic appears to be coherent with macros neatly defined and imported modules (`use std::cmp::*`).

There are no indications of undefined references, missing imports, or syntax errors from the analysis above. Thus, the code should compile correctly.

</reasoning>
<answer>False</answer>
</root><root>
<reasoning>
The code provided is lengthy and contains various Rust components. To determine if it causes a compilation error step by step, let's analyze the main aspects:

1. The code begins by allowing unused imports which are permitted in Rust and doesn't cause any compilation errors.
2. It imports various libraries from the standard library (`std::io`, `std::cmp`, `std::collections`) correctly, which are valid imports in Rust and should not cause compilation errors.
3. It defines a constant `m:i64 = 1000000007;` which is correctly syntactically and should not cause compilation errors.
4. The `main` function is defined and the function body starts.
5. Inside the `main` function, a mutable `inp` instance of `Iinput` is attempted to be created using `Iinput::default()`. This step assumes the `Iinput` struct is correctly defined and has the appropriate implementation for the `Default` trait.
6. `BufWriter` is initialized correctly with `stdout()`.
7. Input reading should be done using a method `scan` of `Iinput` which is correctly defined and returns an appropriate parsed type.
8. Several vectors `nCr`, `dp`, and `pow2` are initialized with valid syntax.
9. The loops and arrays manipulations are done in accordance with Rust's syntax.
10. The code attempts to print the `dp[n]` using `writeln!`, which is the correct macro for buffered writing.
11. Lastly, the `Iinput` struct is defined along with a `scan` method which reads from `stdin`.

However:
- The naming of the struct `Iinput` might be problematic because it appears as a typo; it might be intended to be `Input`. This typo might not cause a compilation error as Rust allows such naming unless it causes confusion within the code logic or conventions.
- The function `Iinput::default()` is called and relies on the trait `Default`, which must be correctly implemented for the struct `Iinput`.

After thorough analysis, all aspects of the syntax, method definitions, trait implementations seem correctly defined. Hence there doesn't appear to be any evident source of compilation error.

</reasoning>
<answer>False</answer>
</root><root>
<reasoning>
Reviewing the code step-by-step:

1. The `ModInt` struct and associated operations are defined without any apparent syntax or type errors. It implements various arithmetic operations (Add, Sub, Mul, Neg) and also includes utility methods (new, zero, one, pow, inv, comb).
2. The `Precalc` struct and its methods are implemented to handle precomputed values for factorials and inverses which also seem correct both syntactically and logically.
3. The macro definitions (input, input_inner, read_value) are designed to read input effectively and seem correct based on the standard patterns for Rust's macro usage.
4. The main functionality is encapsulated within the `run` function which reads input values for `n` and `k`, performs calculations using `ModInt` and `Precalc` instances, and prints the result.
5. The main entry point is defined with `fn main() { run(); }` which will execute the `run` function.

After carefully reviewing the entire code, I found no issues that would cause a compilation error in Rust. 
</reasoning>
<answer>False</answer>
</root><root>
<reasoning>Starting the investigation into the given code, we need to examine each segment meticulously:

1. The code begins with the declaration of a `macro_rules! scanln` which defines a macro for reading input. This macro appears to be correctly formed, using Rust's macro syntax. This macro should not cause any compilation error.

2. Next, we have a trait `Scan` and its implementation `impl_scan_single`. This part defines how different types should be read from input. It uses the `std::str::FromStr` trait for parsing, and crates implementations for numerous types. This segment should not cause compilation errors.

3. The macro `impl_scan_single` is further used to implement `Scan` for multiple primitive types. The pattern used is correct and commonly seen in Rust reasonable macrology. This is designed appropriately and should not provoke any errors.

4. There's a complex const block `__IMPL_SCAN_FOR_VEC` which provides functionality to scan vectors. This is syntactically correct and should not cause errors since it's using standard Rust syntax for implementing traits for types.

5. The `Matrix` struct and its methods are defined next. This structure allows for a 2-D representation of data in a row-major format. These methods seem to handle the indexing and retrieval of elements adequately using Rust's traits and generics. The structure is used consistently and correctly.

6. The use of the `const __IMPL_INDEX_FOR_MATRIX` block implements indexing traits for `Matrix`. This involves `std::ops::{Index, IndexMut}` which provides overloaded indexing operators compatible with Rustâ€™s well-established trait system. Designed appropriately, this should not trigger errors.

7. In the main function, we see usage of `Matrix::new`, followed by input scanning using `scanln!` and the conversion of the scanned row into bytes to populate the matrix. This is well within the capabilities provided by earlier structures and should not cause errors.

8. Finally, the loop iterates through the matrix checking certain adjoining elements and prints "YES" or "NO" based on the sums derived from the matrix values. The logic follows typical Rust and does not introduce compilation errors.

All steps use standard Rust syntax, correctly defined macros and trait implementations, and all parts are consistent and properly related to each other. There appears to be no violations of Rust's compilation rules.

Therefore, by stitching together these clues and analyzing thoroughly, the final conclusion is reached.

</reasoning>
<answer>False</answer>
</root><root>
<reasoning>Upon reviewing the code, the primary steps for determining if it compiles correctly are as follows:

1. The structure of the Rust code provided is checked for syntax errors, variable declarations, and proper usage of libraries. 

2. The `std::io` and `std::io::prelude::*` crates are correctly imported. 
3. The method `read_to_string` is appropriately used to read input into the `input` string variable. It uses `unwrap`, which assumes successful execution, but does not cause a compile-time error. 
4. The `split_whitespace` method is used on the `input` string to create an iterator `it`. 
5. The first element in the iterator `it` is parsed into a `usize` type for `n`. This is correct syntax for parsing a string slice to an integer. 
6. The next iterator element requires parsing each character and transforming '0' to `false` and '1' to `true`. If any character other than '0' or '1' is encountered, it panics, but only during runtime, not compilation.
7. Two logical expressions using `.any()` and `.all()` methods check conditions leading to the `ans` value.
8. Finally, depending on `ans`, the result is printed as either "Yes" or "No". 

The above steps verify that the syntax is correct, imports are appropriately used, input handling is correct, and the code does not have any compilation errors. Runtime errors can occur, but they are not the focus of compilation analysis.</reasoning>
<answer>False</answer>
</root><root>
<reasoning>The code defines a struct `Graph` and implements several methods for it including creating a new graph, adding edges, and solving a certain problem using the methods defined within the struct. The code also includes macros for taking input. The `run` function is defined to handle the main task, and the `main` function calls `run`. Here, the macros `input!`, `input_inner!`, and `read_value!` are used to read input data, which is common in Rust for competitive programming to handle input efficiently.

Issues that could lead to compilation errors often include:
1. Syntax errors.
2. Typographical errors.
3. Misuse of libraries.
4. Undefined or incorrect usage of data structures.
5. Type mismatches.

Inspection of the code reveals that:
- The syntax appears correct.
- The struct and its methods are defined correctly.
- Macros are used correctly.
- There are no typographical errors.
- The correct usage of standard library types is implemented.
- All necessary types and bounds match appropriately.

Thus, the code does not have any evident compilation errors.</reasoning>
<answer>False</answer>
</root><root>
<reasoning>
To determine if the code generates a compilation error, we need to perform a thorough investigation of the code and its components.

1. **Declaration of Constants and Structs**:
    - The code starts by defining a constant `INF` and a `Graph` struct with appropriate fields and methods.
    - The constant and struct definitions are syntactically correct in Rust.

2. **Implementation of Methods**:
    - The `Graph` struct has methods `new`, `add_edge`, and `solve`. 
    - These methods are correctly implemented in terms of syntax and functionality.
    - The use of `VecDeque`, assert statements, and the manipulation of vectors are valid.

3. **Macro definitions**:
    - Several macros like `input`, `input_inner`, and `read_value` are defined and used later in the `run` function.
    - They are typical patterns for input handling in competitive programming in Rust and appear correctly defined.

4. **Main execution part (`run` function and `main` function)**:
    - The `run` function uses various macros to read input and initialize a `Graph` object.
    - It performs operations like adding edges and solving the graph problem.
    - The `main` function correctly calls the `run` function.

5. **Use of standard library components**:
    - The code uses components such as `Vec`, `VecDeque`, `collections`, and assertion macros which are correctly used.
    - The code imports some items from the `std::io` module in the macros and `VecDeque`.

After meticulously checking each part of the code, from constants and structs, method implementations, macros, and main function, we can confirm that the code is syntactically valid and does not present elements that would lead to a compilation error in Rust.

</reasoning>
<answer>False</answer>
</root><root>
<reasoning>
1. We begin by looking at the imported modules `use std::io::*;`, `use std::str::{self,*};`, `use std::fmt::Debug;`. These are valid uses and correctly specified.
2. There is a macro definition `macro_rules! m`. This macro is correctly defined and does not produce any errors.
3. The `macro_rules! l` definition is also accurate and free from syntax errors.
4. The struct `WordReader` is correctly defined and contains valid methods and implementations. 
5. The implementation of methods such as `new`, `from_stdin`, `sl`, and others are syntactically correct.
6. The `main` function is defined properly. The code within reads from stdin, performs some operations, and prints the result without any evident syntax errors.
7. The macros `m!` and the function calls within `main` do not possess issues that would lead to a compilation error. 
8. Operations using the vector and string manipulations are correctly done, adhering to Rust's syntax.

As we piece together these clues, we consistently find proper syntax and no errors in the code.
</reasoning>
<answer>False</answer>
</root><root>
<reasoning>
The code provided aims to implement a function to solve a problem and uses a custom `UnsafeScanner` to read from the standard input. Let's break down the components to understand if there is any compilation error.

1. There are two usage directives:
   - `#![allow(unused_imports)]` allows unused imports without any warning.
   - `#![allow(unused_macros)]` allows unused macros without any warning.

2. Imports:
   - `std::cmp::Ordering::*` and various parts of the `std::collections`, `std::io` and `std::str` modules are imported. These imports are correct.

3. Macro definition:
   - The macro `answer` is defined correctly.

4. Function `solve`:
   - Function `solve` correctly removes an element and then computes the maximum difference between consecutive elements in the vector.

5. `main` function:
   - The `main` function initiates an instance of `UnsafeScanner` and a `BufWriter`. These are correct usages.
   - It reads input and uses the `solve` function within a mapping function to get the result, which is then printed using the `answer` macro. There are no obvious errors in usage here.

6. Definition of `UnsafeScanner`:
   - The `UnsafeScanner` struct and its implementation uses the correct methods and unsafe code properly.

However, upon careful examination:
- An instance of the `UnsafeScanner` is created using `stdin.lock()`, but this usage occurs before its definition.
- The `UnsafeScanner::new` method takes a parameter of type `R`, which is a trait `io::BufRead`. The input methods `stdin.lock()`, `stdout.lock()` match the types used.

In conclusion, I do not see any syntax errors or incorrect constructs leading to a compilation error in the provided code.

Thus, the code does not generate a compilation error.
</reasoning>
<answer>False</answer>
</root><root>
<reasoning>Step-by-step analysis of the code:
1. The code starts by importing necessary modules: `std::io` and `std::str::FromStr`.
2. The `get_num` function reads a line from standard input, trims the input and parses it into a `usize`. It uses `unwrap` which can cause a panic if parsing fails, but this does not affect compilation.
3. The `get_nums` function also reads a line from standard input, then splits the input by whitespace, trims and maps each substring into a `usize`. If parsing fails, `unwrap` can cause a panic, but this does not affect compilation.
4. In the `main` function, `n` is retrieved using `get_num`, and `a` using `get_nums`. 
5. It initializes `mn` to `std::usize::MAX`.
6. It loops over the range from 1 to `n - 2`. Since `n` is obtained from user input and is expected to be more than 1 (though this is not enforced), the range is valid assuming valid user input.
7. Inside the loop, it clones the `a` vector and removes the `i`-th element, then calculates the maximum difference between consecutive elements and updates `mn` with the minimum value found.
8. Finally, it prints `mn`.

The code relies heavily on user input and `unwrap`, thus it may panic during execution if input is invalid, but these do not trigger compilation errors. From the perspective of syntax and correct usage of Rust language constructs, the given code does not produce any compilation errors.</reasoning>
<answer>False</answer>
</root><root>
<reasoning>The Scan struct and its methods are defined correctly. The Scan::new function initializes the buffer correctly with a VecDeque. In the next method, std::str::FromStr trait is used correctly, and the loop contains valid logic for reading from stdin and parsing tokens. In the next_n method, the map function is used correctly, and it calls the next method n times to collect the values into a Vec.

The _main function contains no syntactic errors. It initializes an instance of Scan, then uses its next_n method to read three numbers. The num[0], num[1], and num[2] values are updated and printed. This function is free of compilation errors.

The main function sets a custom stack size using std::thread::Builder::new().stack_size(), spawns a new thread running the _main function, and waits for the thread to finish using join(). Both spawn and join methods are used correctly.

Overall, no syntax errors were found in the code. Therefore, the code does not generate a compilation error.</reasoning>
<answer>False</answer>
</root><root>
<reasoning>
The given Rust code consists of the following components:
1. Macro definition via `macro_rules! a`.
2. Several `use` statements for importing standard libraries.
3. Definition of a struct `WordReader` with a lifetime parameter `'a`.
4. Implementation of several methods for `WordReader`.
5. The `main` function which creates an instance of `WordReader` and uses it to read some integers and prints a calculated value.

We need to check if the code will compile successfully.
Let's proceed step by step:

1. The `macro_rules! a` defines a macro `a` which is not used within the main function. The definition itself is syntactically correct and valid in Rust.
2. The `use` statements ensure the required functionalities for IO, string manipulation, and debug traits are imported. They are correct.
3. The `WordReader` struct and its methods use accepted and standard Rust syntax involving lifetimes and the required traits and implementations.
4. The `main` function creates a mutable string `bin` and constructs `WordReader` using `from_stdin`. It reads three integers and prints a computed result.
5. There are no apparent issues relating to lifetimes, misuse of borrowed values, or issues with the standard library.

Thus, following the investigation of syntax, structure, and adherence to Rust programming principles, there are no elements that suggest a compilation error will occur. Everything appears correct and well-formed as per Rust's compilation rules.

The final conclusion, based on the detailed reasoning, is as follows:
</reasoning>
<answer>False</answer>
</root><root>
<reasoning>The provided code snippet compiles several imports from standard libraries, defines macro rules to handle input, and uses the `#[allow(dead_code)]` attribute to declare a function `with_bufwriter`. The code makes use of these macro rules within the `main` function to read three `u64` values (`y`, `b`, `r`), performs calculations on them, and prints a result. However, there is a syntactic error in the macro declaration.

The error lies within the `macro_rules ! input`, where there is an unnecessary space between `macro_rules` and the exclamation mark `!` causing a syntax error.

Correcting for this error, the code would compile and run successfully. Hence, there is a compilation error due to the incorrect macro definition.

Final conclusion:
The code generates a compilation error.</reasoning>
<answer>True</answer>
</root><root>
<reasoning>The code defines a macro `readln!` and uses it in the `main` function to read three integers from the standard input. 

Step-by-step reasoning:

1. The `std::io` is included in the use-std statement, which imports the needed standard library for input/output operations. This part is correct and does not cause any compilation errors.
  
2. The `readln!` macro is defined with three cases: no input, single type input, and multiple type input. 
   - When `readln!()` is invoked, it reads a line from standard input, trims it, and converts it to a `String`.
   - When `readln!($t:ty)` is invoked, it reads a line, parses it into the specified type `$t` and unwraps the result.
   - When `readln!($( $t:ty ),+)` is invoked, it reads a line, splits it by whitespace, parses each piece into the specified type, and unpacks them into a tuple.

3. In the `main` function, `readln!(i32, i32, i32)` is called, and this should correctly read three integers from standard input, parse them, and return them as a tuple. This part of the code is correct, as it matches the definition of the macro and parses the input correctly.

4. Variables `y1, b1, r1`, `y2, b2, r2`, `y3, b3, r3` are initialized based on different operations applied to `y`, `b`, and `r`. These operations are valid and do not cause compilation issues because the arithmetic operations on integers are valid.

5. The conditional statements check certain conditions and print the sum of three integers using `println!()`. These conditionals and print statements are syntactically correct and do not cause any compilation errors.

Upon meticulous examination, no compilation errors are found in the code structure, type usage, or macro definitions. Therefore, the code should compile without errors.</reasoning>
<answer>False</answer>
</root><root>
<reasoning>
First, we analyze the code step by step to identify if there are any syntax errors or type mismatches.

1. The `use` statements at the top correctly import the necessary modules (`std::char`, `std::fs::File`, and `std::io::Read`).
2. The commented-out function `pow_speedt_with_mod` is not relevant for compilation since it is commented out.
3. The `main` function defines the `inputstatus`, `buf`, and `filename` variables correctly.
4. The conditional check on `inputstatus` is appropriate to handle reading from a file or standard input.
5. The `read_to_string` method used in the file reading section is correctly implemented, with appropriate error handling.
6. Parsing the string into variables `n`, `p`, `q`, and `s` follows the correct method for reading and parsing input.
7. The construction of the vectors `v` and `words` and the loop to handle characters in the string `s` appears correct.
8. However, there is a logical error in indexing due to zero-based indexing of arrays and Rust's type system requiring type conversion from `char` to `usize`. Specifically, `c as usize - 97` is used to convert character to index:
    - This expression is valid for lowercase letters 'a' to 'z' which have ASCII values from 97 to 122.
9. The loop and conditions to check and manipulate elements of the `words` vector are logically valid but need careful allocation of indexes.
10. Finally, the comparison `if q == n` seems correct to determine the output.

There were no compile-time errors found upon investigation. The types are correctly matched, and the syntax is appropriate.

</reasoning>
<answer>False</answer>
</root><root>
<reasoning>First, we examine the PHP code step by step to determine if it will generate a compilation error.

1. Check the `if` condition: `if (!defined("STDIN")) { ... }`
   - The `defined` function checks if a constant is already defined.
   - `STDIN` is a predefined PHP constant for standard input. 

2. Inside the if block, we see `define("STDIN", fopen('php://stdin','r'))`.
   - `define` is used to create a named constant.
   - `fopen('php://stdin','r')` opens the standard input in reading mode.
   - There is a missing semicolon at the end of this statement. PHP requires semicolons at the end of statements.

Therefore, the missing semicolon at the end of the `define` function call will cause a syntax error during compilation.

</reasoning>
<answer>True</answer>
</root><root>
<reasoning>
First, I will verify that all PHP syntax and functions are correctly used:
1. `fopen()` and `fgets()` usage: These functions are used correctly for reading from standard input.
2. `split()` usage: The function `split()` is deprecated since PHP 5.0.0 and removed in PHP 7.0.0. The correct function to use is `explode()`.
3. Variable naming consistency:
   - The variable `$colX` is initialized but later variables like `$colx` are used inconsistently.
4. Arithmetic operations and conditions appear to be correct but we need to check the logic and variable names carefully.

There are a few notable issues:
- Missing a semicolon after `echo $input_line`.
- Incorrect usage of deprecated `split()` function.
- Inconsistent variable naming, mixing `$colX` and `$colx`.
- `fwrite()` function should be used for file handles but not for computing and writing arithmetic expressions directly.

Due to the deprecated function `split()` and syntactic errors like missing semicolons and variable name inconsistency, the code will generate a compilation error.
</reasoning>
<answer>True</answer>
</root><root>
<reasoning>
First, let's examine the code structure and syntax:

1. The PHP opening tag is repeated twice, which is incorrect. This would lead to a compilation error as PHP does not allow multiple opening tags without corresponding closing tags.
2. The `arguments` function is defined correctly in terms of syntax.
3. The `array_shift` function is used properly.
4. The `join` function is used correctly but has different syntax for its arguments in different PHP versions. It should be "implode" if the separator comes first.
5. The `preg_match_all` function is used correctly.
6. The multi-line comment within the function does not affect the compilation.
7. The `foreach` loop and conditional checks inside it are properly structured.
8. The `substr`, `preg_split`, and other array manipulations are correct in terms of syntax.
9. The `print_r` function is used correctly at the end to print the output of the `arguments` function.
10. The script references `$argv`, which is a predefined variable available in CLI context, not generating any compilation issue.

Due to the presence of redundant PHP opening tags at the beginning of the script, the code will generate a compilation error.

</reasoning>
<answer>True</answer>
</root><root>
<reasoning>
1. The function `howMuch` is defined correctly with two parameters `$side` and `$plate`.
2. The use of `parseInt` in the line `return ($side % $plate == 0) ? $side/$plate : (parseInt($side/$plate) + 1);` is problematic because `parseInt` is not a built-in PHP function. The correct function to use here is `intval`.
3. The reading of standard input using `file_get_contents('php://stdin')` and trimming it with `trim` is syntactically correct.
4. The splitting of the input line into an array `$data` using the `explode` function is also correct.
5. The line `echo howMuch($data[0], $data[2]) * howMuch($data[1], $data[]);` has two issues:
   a. Index `$data[2]` assumes that there are at least three elements in the `$data` array.
   b. The use of `$data[]` is incorrect as it should specify an index. Usually, it will cause a syntax error.
6. The correct syntax for accessing array elements should be `$data[1]`.

Taking all these points into account, the code will generate a compilation error due to the incorrect function `parseInt` and the improperly indexed array access.

</reasoning>
<answer>True</answer>
</root><root>
<reasoning>
First, we will check the syntax and functions used step-by-step to identify any errors:

1. The function `fsanf` used in the first three lines appears to be a typo. The correct function should be `fscanf`.

Let's correct that and re-evaluate:
```php

```

2. After correcting to `fscanf`, we check the use of format specifiers in `fscanf`. "%d" is a valid specifier for integers, so they are used correctly.

3. The functions `ceil` and `printf` are standard PHP functions, and their usage here is correct.

After correcting the typo, the code appears syntactically correct without any compilation errors.
</reasoning>
<answer>False</answer>
</root><root>
<reasoning>
First, let's break down the PHP code given and check it step by step for any syntactical or logical errors.

1. The `list($n, $m, $a) = fgets(STDIN);` line attempts to read input from STDIN and assign it to variables $n, $m, and $a. However, `fgets` returns the whole line as a string, and `list` expects an array. To properly split the input, we could use `explode`.

2. Assuming the corrected line is:
   ```php
   list($n, $m, $a) = explode(' ', fgets(STDIN));
   ```
   This line would correctly read three space-separated values and assign them to $n, $m, and $a.

3. Next, the line `print("%.0f", ceil($n/$a)*ceil($m/$a))` has issues:
   - `print` does not support formatted strings like in C-style printf. Instead, `printf` or `sprintf` should be used.
   - The `printf` line should be:
     ```php
     printf("%.0f", ceil($n/$a) * ceil($m/$a));
     ```

Conclusion: The current code will generate a compilation error due to the incorrect use of `list()` with `fgets()` returning a single string and `print()` used with formatting syntax.

</reasoning>
<answer>True</answer>
</root><root>
<reasoning>
First, we observe that the code suppresses error reporting with `error_reporting(0);`.

Then, the code attempts to open the standard input stream using `fopen("php://stdin", 'r');` and assigns it to `$dir`.

The code tries to read the contents of the stream using `stream_get_contents($dir);` and assigns it to `$datatxt`.

There is no variable `$line` defined in the code when calling `explode(" ",$line);`. This will lead to a garbage input or an undefined variable error, which isn't immediately visible due to error suppression.

Then, the code tries to compute `$file` with the formula:
```php
$file = ceil($text[0] / $text[2]) * ceil($text[1] / $text[2]);
```
This operation is dependent on array `$text` being properly defined, and specifically accessing indices 0, 1, and 2 for valid numerical values.

Since `$text` is derived from `explode(" ", $line);` and `$line` is undefined, this will result in $text being an empty array. Accessing any index of an empty array will yield an "undefined index" warning (again suppressed), leading to an invalid arithmetic operation.

Lastly, the code attempts to output `$file` using `echo $file;`. Given the previously highlighted undefined behavior, this echo statement may result in unexpected output or no output at all.

Despite the errors not being visible due to suppression, they are still present, causing the code to not behave as intended. Therefore, this will result in a compilation error.
</reasoning>
<answer>True</answer>
</root><root>
<reasoning>First, let's examine the provided code line by line to understand if it will generate a compilation error.

1. `list($a,$b,$c) = fscanf(STDIN,"%d %d %d");`
   - This line is using the `fscanf` function to read three integers from the standard input (`STDIN`). It assigns these values to the variables `$a`, `$b`, and `$c` respectively.
   - The `list` function is a valid syntax in PHP to assign a list of variables in one operation.
   - There is no syntax error in this line.

2. `$fin = (bcdiv($a,$c,0) + 1) * (bcdiv($b,$c,0) + 1);`
   - This line calculates a result by applying the `bcdiv` function, which is used for arbitrary precision division of two numbers.
   - The `bcdiv` function is part of the BC Math (Binary Calculator) extension in PHP and takes three parameters: the dividend, the divisor, and the scale (number of decimal digits).
   - Adding 1 and multiplying the results as done in this formula is syntactically correct.
   - However, it requires that the BC Math extension is enabled in PHP. If BC Math is not enabled, it would result in a runtime error, not a compilation error.

3. `echo $fin`
   - This line simply outputs the value of `$fin` to the standard output.
   - There is no syntax error in this line.

Since there are no syntax errors in the code and assuming that the BC Math extension is enabled in the PHP runtime, this code does not generate a compilation error.

</reasoning>
<answer>False</answer>
</root><root>
<reasoning>Let's go through the PHP code step by step to determine if it generates a compilation error. 

1. `fscanf (STDIN, "%d %d %d\n", $n, $m, $a);`: This line reads three integers from standard input. There is no issue with this syntax.
2. `if ($n% $a == 0) $count = $n / $a; else $count = $n / $a + 1;`: This segment checks if $n is perfectly divisible by $a. If yes, $count is assigned $n / $a; otherwise, it is incremented by 1 to account for any remainders. The syntax here is correct, although it lacks proper parentheses for clarity.
3. `if ($m / $a == 0) $count = $count * $m / $a); else $count = $count * ($m / $a + 1);`: This line has multiple issues. First, there is a closing parenthesis `)` before a semicolon, which is incorrect syntax and will result in a compilation error. The correct check should be using modulus operator `%` instead of division `/` for the conditional test.
4. `echo $count."\n";`: This line outputs the value of $count followed by a newline. This line is syntactically correct.

Considering the errors identified in step 3, yes, the code will generate a compilation error due to the invalid use of parentheses and the incorrect condition. 

Thus, after piecing together all the clues, the code indeed has a compilation error.
</reasoning>
<answer>True</answer>
</root><root>
<reasoning>The code snippet has multiple areas which need to be checked step by step.
1. Function definition: The function flagstone is defined correctly, and it uses ceil from math functions which is present in PHP's standard library.
2. fscanf function: fscanf reads input from STDIN and assigns it to $n, $m, and $a. In general, fscanf would cause a runtime error if the input is missing or malformed, but not a compilation error.
3. Function call: The function flagstone($n, $m, $a) is also called correctly with three parameters.
4. echo statement: The echo statement is intended to output the result bit-shifted 16 bits to the right combined with the original result. However, the syntax for echo is incorrect, specifically `($result&gt;&gt;16)$result;` should be `($result&gt;&gt;16) . $result;` or `($result&gt;&gt;16) . $result;` to properly concatenate the two results as a string.
 
The incorrect echo statement syntax `echo ($result&gt;&gt;16)$result;` yields a syntax error.

Considering these points,

The code generates a compilation error due to the syntax error in the echo statement.
</reasoning>
<answer>True</answer>
</root><root>
<reasoning>Analyzing the given PHP code step by step to determine if it generates a compilation error:

1. The `fscanf` function is used to read three integers from the STDIN. This function correctly assigns the values to the variables `$n`, `$m`, and `$a`.

2. The first conditional block checks if `$n % $a == 0`. If true, it assigns `(int) ($n / $a)` to `$count`, otherwise it assigns `(int) ($n / $a) + 1` to `$count`. Both branches of this conditional are correct syntax-wise.

3. The second conditional block checks if `$m % $a == 0`. If true, it multiplies `$count` by `(int) ($m / $a)`, otherwise it multiplies `$count` by `(int) ($m / $a) + 1`. Both branches of this conditional are correct syntax-wise.

4. The `printf` function calls have issues:
   - `printf number_format($count, 0);` is incorrect. It should be `printf("%s", number_format($count, 0));`.

5. The corrected code part for `printf` functions is required to prevent errors, thus the original code will generate a compilation error.

Final conclusion is based on the misformatted `printf` statement that leads to the compilation error.</reasoning>
<answer>True</answer>
</root><root>
<reasoning>The code contains various elements that must be carefully examined to determine if a compilation error will occur.

1. The $output variable is assigned a large integer value without a semicolon at the end of the line. This is a syntax error since PHP requires each statement to be terminated with a semicolon.
2. The rest of the code involves reading from standard input, manipulating the input values, and performing calculations. The logic itself does not seem to contain issues that would cause compilation errors.
3. The 'bcmod' function used towards the end of the script is a built-in PHP function used to perform modulo operation on large integers represented by strings. Usage of this function assumes that the 'bcmath' extension is enabled; however, this will not cause a compilation error, but it may result in a runtime error if the extension is not enabled.

Because of the missing semicolon, the code contains a syntax error which prevents it from compiling.

Thus, the answer is True indicating that the code generates a compilation error.</reasoning>
<answer>True</answer>
</root><root>
<reasoning>The given code snippet has several steps that need to be carefully examined for potential compilation errors:
1. The usage of the `trim` and `fgets` functions to read input values is correct and doesn't generate any compilation errors.
2. The usage of the `ceil` function to perform arithmetic operations does not cause any errors.
3. The expression `$n=ceil(($n+$a-1)/$a);` and `$m=ceil(($m+$a-1)/$a);` are syntactically correct.
4. The final expression `$hasil=$n * *m;` contains a syntax error. The double asterisk (`* *`) is not a valid operator in PHP. The correct operator for multiplication is a single asterisk (`*`).

The incorrect use of the operator will cause a compilation error.</reasoning>
<answer>True</answer>
</root><root>
<reasoning>The provided PHP code snippet aims to read three values from the standard input, assign them to variables $n, $m, and $a, and then use these values to calculate and print a result.

1. `list($n, $m, $a) = fgets(STDIN);`
   - The `fgets(STDIN)` function reads a line of input from the standard input.
   - `list($n, $m, $a)` expects an array as its argument, but `fgets(STDIN)` returns a string. This mismatch will result in a runtime error, not a compilation error. In PHP, type mismatch in assignment or list context would result in a runtime notice or warning but not a compilation error.

2. `printf("%.0f", ceil($n/$a)*ceil($m/$a))`
   - This line assumes $n, $m, and $a are numeric. If they are properly initialized, `ceil($n/$a)*ceil($m/$a)` results in a numeric value, and `printf("%.0f", ...)` correctly formats and prints it.
   - However, if $n, $m, or $a are not numeric due to the previous line's improper input parsing, there could be issues during execution. Despite this, it won't be a compilation error.

Given these observations, while there are definite issues with the code's input handling and potential runtime warnings/errors, it does not directly lead to a compilation error.

Therefore, my conclusion is that the code does not generate a compilation error.</reasoning>
<answer>False</answer>
</root><root>
<reasoning>Let's examine the PHP code step by step to determine if it generates a compilation error.

1. The code begins with opening a input stream from "stdin" using fopen, which is correct and should not cause any issues.
2. The code then reads a line of input from the file using fgets, which is again valid and should not cause any errors.
3. The data is then exploded into an array based on spaces, which is a correct usage of the explode function.
4. Variables $n, $m, and $a are assigned values from the exploded array, which is valid.
5. The code then opens an output stream to "stdout" using fopen which is correct.
6. The calculations are performed using ceil and multiplication, which are valid operations.
7. The result is then written to the output using fwrite, and finally, the output stream is closed using fclose, all of which are valid operations.

No syntax or semantic errors are found in the code. Therefore, the code does not generate a compilation error.</reasoning>
<answer>False</answer>
</root><root>
<reasoning>First, we'll analyze the provided PHP code for any potential compilation errors.

1. The `explode` function is properly utilized to split the input string by spaces.
2. The `trim` function efficiently removes any unnecessary whitespace from the input.
3. The `fgets(STDIN)` function reads a line from standard input, which is the correct method to get input from the user.

Next, we need to check the conditional statement:
```php
if($input[0]==$input[1]==$input[3])
```
- In PHP, the `==` operator does not chain as it does in certain other languages like Python. This condition is evaluated as `($input[0] == $input[1]) == $input[3]`, which can lead to unexpected results. The comparison should be separated for clarity.

4. The `echo "1";` is valid as it prints `1` when the condition is met.
5. The `else` statement is properly used, followed by the `echo ceil($input[0]/$input[2])+ceil($input[1]/$input[2]);` which performs ceiling division and prints the sum of the results.

The primary issue lies in the conditional statement which does not work as intended in PHP. However, it will not cause a compilation error, but rather a logical error.

Therefore, the script will compile and run, even if it produces an unexpected result due to the incorrect condition.

</reasoning>
<answer>False</answer>
</root><root>
<reasoning>
Let's examine the code step by step:

1. The `fscanf` function is used to read input from STDIN and expects three integers. There is a mistake where the three variable names (`$m`, `$n`, `$a`) are not separated by commas. This will cause a syntax error.

2. In the `printf` function, there is an incorrect use of the percentage sign in front of `$m`. The correct usage should be without the percentage sign. Also, the variables `$m` and `$n` should both be used in the ceiling calculations, but currently, only `$m` is used twice which is incorrect.

Both these errors will result in compilation or syntax errors when the PHP interpreter tries to parse the script.
</reasoning>
<answer>True</answer>
</root><root>
<reasoning>
Step-by-step reasoning:
1. The line `$output = 1000000000000000` misses a semicolon at the end of the statement.
2. In PHP, every statement must end with a semicolon. Missing a semicolon results in a syntax error.
3. Before this point, all other syntax and logic appear correct, with no other issues noted.
4. Due to the missing semicolon, the code will not compile and will throw a syntax error.

Hence, based on these steps, the code generates a compilation error.
</reasoning>
<answer>True</answer>
</root><root>
<reasoning>To determine whether the provided PHP code generates a compilation error or not, we need to examine each component of the code step by step:
1. `fscanf(STDIN, "%d %d %d\n", $n, $m, $a);` attempts to read three integers from the standard input and assign them to variables `$n`, `$m`, and `$a`. This is syntactically correct and should not generate a compilation error.
2. The `if` statements and arithmetic operations within them are syntactically correct. Calculating `$count` based on the divisibility of `$n` and `$m` by `$a` should not generate a compilation error.
3. There is a syntax error in the `printf` statement. The correct syntax for formatting the output is `printf("%s\n", number_format($count, 0));`. The given code incorrectly combines `printf` and `number_format` directly without using the correct format specifier and argument.

This final error results in the code generating a compilation error due to improper syntax in the `printf` statement.


</reasoning>
<answer>True</answer>
</root><root>
<reasoning>
Step 1: Check for syntax errors.

There is a missing semicolon at the end of the line `$output = 1000000000000000`. This will lead to a syntax error.

Step 2: Verify all variables and functions.

The script uses `$in`, `fopen()`, and `fgets()`, which are correctly used. The `explode()` function is also used correctly.

Step 3: Verify usage of if-else conditions.

The if-else conditions compare array elements and perform mathematical operations without any visible issues.

Step 4: Check final output.

The `printf` function is used correctly with a valid format string to print the output in binary format.

Final Conclusion: Due to the missing semicolon causing a syntax error, the code will generate a compilation error.
</reasoning>
<answer>True</answer>
</root><root>
<reasoning>First, let's go through the code line by line and identify any potential compilation issues in PHP.

1. The line `$in = fopen("php://stdin", 'r');` is correct and opens the standard input for reading.
2. The line `$input_line = fgets($in);` is correct and reads a line from the input file handle.
3. The line `list($n, $m, $a) = split(" ", $input_line);` is problematic. The `split` function is deprecated as of PHP 5.3.0 and removed in PHP 7.0.0. The correct function to use here is `explode`.
4. The lines where `$m`, `$n`, and `$a` are cast to integers are correct.
5. The calculation and conditional increment of `$colX` and `$coly` are correct.
6. The line `fclose($in);` is correct and closes the input file handle.
7. The line `// printf("%d\n", $colX * $coly);` is a comment and doesn't cause an error.
8. The line `$answer = $colX * $coly` is missing a semicolon at the end, which will generate a compilation error.
9. The line `echo ($answer); // . "\n";` is correct for printing the result.

Given the issues identified:
- The use of `split` should be replaced by `explode`.
- The statement `$answer = $colX * $coly` is missing a semicolon.

Taking into account these points, the code will indeed generate a compilation error due to the missing semicolon and the deprecated function.

Therefore, the final conclusion is that this code will generate a compilation error.</reasoning>
<answer>True</answer>
</root><root>
<reasoning>Let's analyze the PHP code step by step to determine if it will generate a compilation error.

1. `list($square_width, $square_height, $tile_dimension) = explode(' ', fgets(STDIN));`
    - This line splits input from standard input using a space as the delimiter, and assigns the resulting values to `$square_width`, `$square_height`, and `$tile_dimension` respectively.
    - This is syntactically correct.

2. `$needed_tiles = (ceil($square_width/$tile_dimension)*ceil($square_height/$tile_dimension)) (int);`
    - Here, the code attempts to calculate the number of tiles needed by dividing the width and height by the tile dimension, rounding up each quotient using `ceil()`, and then multiplying the results.
    - However, there is an incorrect syntax at the end of the line: `(int)`. This should either be removed if casting to an integer is not intended or properly used as follows: `(int) (ceil($square_width/$tile_dimension) * ceil($square_height/$tile_dimension))`.

3. `echo($needed_tiles);`
    - This line will output the result.
    - This is syntactically correct.
    
Due to the incorrect use of `(int)` in the calculation line, the code will generate a compilation error.
</reasoning>
<answer>True</answer>
</root><root>
<reasoning>Let's step through the code carefully to identify if it generates a compilation error or not.

1. **Analyzing the fscanf function**: 
   - The `fscanf(STDIN, %d %d %d, $m, $n, $a);` line is intended to read three integer values from standard input.
   - However, the format string `%d %d %d` is not enclosed in quotes, which will result in a syntax error because the format string should be a string literal.

2. **Checking for proper quotation**:
   - Changing the line to `fscanf(STDIN, "%d %d %d", $m, $n, $a);` would correct this issue.

3. **Other parts of the code**:
   - `$width = ceil($m/$a);`: This uses the `ceil` function which is valid.
   - `$height = ceil($n/$a);`: Same as above.
   - `printf("%.0f", $width*$height);`: This prints the result, which is syntactically correct.

From the analysis above, the initial issue lies with the format string in `fscanf`. Since this is incorrectly formulated, it will lead to a compilation error.

</reasoning>
<answer>True</answer>
</root><root>
<reasoning>The provided code attempts to read three values from the standard input using `list($n, $m, $a) = fgets(STDIN);`. However, `fgets` reads a single line from the standard input and returns it as a string, not as an array. This means the code will actually set `$n` to the entire string read from standard input, and `$m` and `$a` will be undefined, leading to an error. Additionally, the `print` statement is using an incorrect syntax for formatting the output. Instead of `print("%.0f", ceil($n/$a)*ceil($m/$a));`, it should be `printf("%.0f", ceil($n/$a)*ceil($m/$a));`. These issues will result in a compilation error.</reasoning>
<answer>True</answer>
</root><root>
<reasoning>Let's start by examining each line of the code:

1. `$n = fgets(STDIN,100000);`
2. `$m = fgets(STDIN,100000);`
3. `$a = fgets(STDIN,100000);`

These lines are intended to read values from the standard input, each with a maximum length of 100000 characters. This kind of input reading does not directly cause any compilation errors in PHP.

Next, we move to the calculation part:

4. `$r = ($n+$a-1)/$a)*(($m+$a-1)/$a);`

Here, it appears the intention is to perform some arithmetic operations. Specifically, it divides two expressions. However, there is a missing opening parenthesis before `($n+$a-1)/$a)`. This is a syntax error because the parentheses are mismatched.

Finally, there's the output:

5. `echo $r;`

The `echo` statement itself is syntactically correct.

The syntax error in line 4 would prevent the code from compiling or running successfully.

Considering all the steps, it can be concluded that the code indeed generates a compilation error due to the mismatched parentheses in line 4.</reasoning>
<answer>True</answer>
</root><root>
<reasoning>Let's delve into the script step by step to ascertain if it generates a compilation error.

1. **Opening the Input Stream**: The script opens `php://stdin` for reading, which is legitimate.

2. **Reading Integer Input**: The script reads an integer `$ar_count` from the input. This should work correctly as `fscanf` is being used appropriately.

3. **Reading Strings**: The script attempts to read up to two strings ($first and $second) until `\n` characters are encountered. These operations should be valid.

4. **String Splitting**: The script uses `explode` to split the input strings by spaces into arrays `$first` and `$second`. This is syntactically correct.

5. **Array Operations**: The script computes the sums of the two arrays using `array_sum` and compares them. This comparison and subsequent action to print `Yes` or `No` based on the condition should be syntactically valid as well.

Given that all operations are using syntactically correct PHP functions and there are no apparent logical syntactical mistakes in the script, it does not generate a compilation error.

Therefore, the final conclusion is that the code does not generate a compilation error.</reasoning>
<answer>False</answer>
</root><root>
<reasoning>The task is to determine if the given code generates a compilation error. The steps to analyze this are as follows:

1. First, consider the PHP syntax and the initialization of variables. The variable `$a` holds the length of the arrays, while `$b` and `$c` hold arrays populated using `explode()` based on inputs read from `STDIN`.

2. The `for` loop iterates from 0 up to the value of `$a`, comparing elements of arrays `$b` and `$c`. If elements from `$b` are smaller than `$c`, the difference is added to `$d`; if they are larger, the difference is added to `$e`.

3. After the loop, the code compares `$d` and `$e`. If `$d` is less than or equal to `$e`, it prints "Yes", otherwise it prints "No".

4. Considering all of PHP's rules and the presence of all necessary functions and constructs, the code should run as follows:

a. `trim(fgets(STDIN))`: Reads input and trims whitespace.
b. `explode(" ", trim(fgets(STDIN)))`: Splits the trimmed input string into an array based on the space delimiter.
c. The `for` loop syntax is correct, using `$x` as the index variable.
d. The comparison and arithmetic operations within the loop are valid.
e. The conditional statements checking `$d` and `$e` are correctly formed.

This analysis indicates no syntactic or semantic errors in the code.

Integration and execution of these parts should not raise any compilation errors.

5. External factors, such as improper input formatting during runtime, are not considered compilation errors under PHP but runtime issues.

Therefore, based on the analysis, the code does not generate a compilation error.

</reasoning>
<answer>False</answer>
</root><root>
<reasoning>
To determine if the given PHP code generates a compilation error, we need to analyze it step-by-step.

1. The code reads three lines of input using `fgets(STDIN)`.
2. `trim` is used to remove any leading and trailing whitespace from the input.
3. The first input, `$a`, is expected to be an integer representing the number of elements in arrays `$b` and `$c`.
4. The second and third inputs are split into arrays `$b` and `$c` respectively using `explode(" ", trim(fgets(STDIN)))`.
5. Two variables, `$d` and `$e`, are initialized to zero.
6. A `for` loop iterates from `0` to `$a - 1`.
7. Within the loop, values of `$b` and `$c` are compared element-wise:
   - If the value in `$b` is less than the value in `$c`, the difference is added to `$d`.
   - If the value in `$b` is greater than the value in `$c`, the difference is added to `$e`.
8. After the loop completes, if `$d` is less than `$e`, "Yes" is printed; otherwise, "No" is printed.

The code logic is solid but we should verify if there are any syntax errors or logical flaws that would cause a compilation error.

The code does not contain any syntax errors. All variables are defined properly, the loop and if-else statements are correctly structured, and the input handling is valid.

Therefore, the code does not generate a compilation error.
</reasoning>
<answer>False</answer>
</root><root>
<reasoning>Let's analyze the code step by step for potential compilation errors.

1. The code starts by trying to read input from `php://stdin` which is a standard input stream for PHP scripts to read data from.
2. `file_get_contents('php://stdin')` reads all the data from standard input into the `$data` variable.
3. Next, the `$data` is being split by new lines using `explode("\n", $data)`.
4. Two variables `$first` and `$second` are created by splitting the second and third lines of the input data by spaces using `explode(' ', $data[1])` and `explode(' ', $data[2])`, respectively.
5. The script then checks if the sum of the values in the `$first` array is greater than the sum of the values in the `$second` array using `array_sum($first)` and `array_sum($second)`.
6. Depending on the result of the comparison, it prints either 'Yes' or 'No'.

After reviewing the syntax and logic, everything appears to be proper PHP code. Therefore, it does not seem to have any compilation errors related to syntax issues.

Potential runtime errors (such as issues with the input) are not compilation errors and are not considered for this reasoning.</reasoning>
<answer>False</answer>
</root><root>
<reasoning>
Let's analyze the given PHP code step by step:

1. `$t = array();` - Initializes an empty array. This is valid PHP syntax.

2. `list($n) = explode(' ', trim(fgets(STDIN)));` - Reads a line from the standard input, trims it, and splits it by spaces. The first element is assigned to `$n`. This is valid PHP syntax.

3. `list($x1, $y1) = explode(' ', trim(fgets(STDIN)));` - Reads another line from the standard input, trims it, and splits it by spaces. The first two elements are assigned to `$x1` and `$y1`. This is valid PHP syntax.

4. `list($x2, $y2) = explode(' ', trim(fgets(STDIN)));` - Similar to the previous step, reads another line from the standard input, trims it, and splits it by spaces. The first two elements are assigned to `$x2` and `$y2`. This is valid PHP syntax.

5. `list($x3, $y3) = explode(' ', trim(fgets(STDIN)));` - Similar to the previous step, reads another line from the standard input, trims it, and splits it by spaces. The first two elements are assigned to `$x3` and `$y3`. This is valid PHP syntax.

6. `$ans1 = $n - $x2 - $x3;` - Performs arithmetic subtraction and assigns the result to `$ans1`. This is valid PHP syntax.

7. `if($ans1 &gt; $y1) $ans1 = $y1;` - Checks if `$ans1` is greater than `$y1`. If true, assigns `$y1` to `$ans1`. This is valid PHP syntax.

8. `$n -= $ans1;` - Subtracts `$ans1` from `$n` and assigns the result back to `$n`. This is valid PHP syntax.

9. `$ans2 = $n - $x3;` - Performs arithmetic subtraction and assigns the result to `$ans2`. This is valid PHP syntax.

10. `if($ans2 &gt; $y2) $ans2 = $y2;` - Checks if `$ans2` is greater than `$y2`. If true, assigns `$y2` to `$ans2`. This is valid PHP syntax.

11. `$ans3 = $n - $ans2;` - Performs arithmetic subtraction and assigns the result to `$ans3`. This is valid PHP syntax.

12. `echo $ans1;` - Prints the value of `$ans1`. This is valid PHP syntax.

13. `echo " ";` - Prints a space. This is valid PHP syntax.

14. `echo $ans2;` - Prints the value of `$ans2`. This is valid PHP syntax.

15. `echo " ";` - Prints a space. This is valid PHP syntax.

16. `echo $ans3;` - Prints the value of `$ans3`. This is valid PHP syntax.

Given the correct syntax usage and no missing or extra characters, there are no compilation errors.

</reasoning>
<answer>False</answer>
</root><root>
<reasoning>This PHP code begins by reading several lines of input data using fgets(), trimming these inputs, and then splitting them into variables using the explode() function. The variables are used in mathematical expressions and conditional statements to produce different outputs. The logical checks for variable comparison and print statements are syntactically correct. One potential issue that can lead to a compilation error is not ensuring that the input values are properly typecasted before performing arithmetic operations. However, PHP is quite permissive with type juggling, so this will not cause a compilation error here. Throughout the script, there are no syntax errors, undefined variables, or other issues that would fail the code compilation. Therefore, this code does not generate a compilation error.</reasoning>
<answer>False</answer>
</root><root>
<reasoning>
To determine if this PHP code generates a compilation error, let's break down each part of the code step by step:

1. The code uses the `list` function to assign values to variables `$a`, `$b`, and `$c` from the first line of input which is split by spaces using `explode`.
2. The second line of input is assigned to the variable `$d` as an array, again split by spaces using `explode`.
3. The variable `$e` is calculated as the product of `$b` and `$c`.
4. A variable `$f` is initialized to 0.
5. A `for` loop runs from `0` to `$a - $b`. Within this loop, `$f` is incremented by the values from array `$d` indexed by `$x`.
6. Finally, the sum of `$e` and `$f` is printed.

Based on these steps, the code is syntactically correct. There are no errors in terms of PHP syntax like missing semicolons, misnamed functions, or improper use of variables. 

As PHP is a loosely typed language and the code does not define specific expected types for the input, runtime errors might occur if the input values are not in the expected format or if array index `$x` out of bounds. However, this would not cause a compilation error. Compilation errors refer to issues that prevent the script from running at all, which is not the case here.

Thus, considering the reasoning, the final conclusion is that the code does not generate a compilation error.
</reasoning>
<answer>False</answer>
</root><root>
<reasoning>
First, I noticed the code is a mix of PHP and Python, but the Python code has been commented out and only the PHP code is used. Next, I investigated the PHP code line by line to detect compilation errors.

1. `$m = (int)trim(fgets(STDIN));` - This line reads input from the standard input, trims any whitespace, and converts it to an integer. This is valid PHP code.
2. Similarly, `$a = (int)trim(fgets(STDIN));` and `$b = (int)trim(fgets(STDIN));` read and convert subsequent inputs into integers. Both statements are valid.
3. `if ($a * intdiv($m, $a) === $m) {` checks if `$m` is perfectly divisible by `$a`, using the `intdiv` function for integer division. The `intdiv` function and comparison operator `===` are correctly used.
4. Within the `if` block, `echo "YES\n";`, `$aa = intdiv($m, $a);`, `$bb = 0;`, and `echo $aa . ' ' . $bb . "\n";` are all valid PHP statements. The use of `intdiv`, string concatenation using `.`, and newline character `"\n"` are correct.
5. The `else` block starts with `$aa = 0;` and `$p = 0;`, which are valid variable initializations.
6. The `while` loop `while ($m &gt; 0) {` is valid syntax. Inside the loop, `if ($b * intdiv($m, $b) == $m) {` is checked using `intdiv` and equality `==`, which are correct.
7. Continuing in the loop, `echo "YES\n";`, `$bb = intdiv($m, $b);`, `echo $aa . ' ' . $bb . "\n";`, and `$p = 1;` are valid. The `break` statement is correctly used to exit the loop.
8. Incrementing `$aa` with `$aa += 1;` and updating `$m` with `$m -= $a;` are valid operations.
9. After the loop, the `if (!$p) { echo "NO\n"; }` block correctly checks if `$p` is false and prints "NO".

After thoroughly reviewing the various elements and execution flow of the PHP code, I conclude that all syntax and functions used are valid.
</reasoning>
<answer>False</answer>
</root><root>
<reasoning>
First, let's analyze the PHP code provided. 

1. The code starts with obtaining input from the standard input (STDIN) using the `fgets` function.
2. The `trim` function is applied to remove any leading/trailing whitespace from the input.
3. The `explode` function is used to split the input string into `$a` and `$b`, assuming the string contains a space character.
4. The `if` statement checks if `$a` is equal to `$b`.
5. If `$a` equals `$b`, it prints the value of `$a`.
6. Otherwise, it prints "2".

The code syntax and logical structure seem correct. Both `fgets`, `trim`, and `explode` are valid PHP functions, and the variable assignments using `list` are appropriate. 

There is no syntactical or logical error in the code. All PHP functions and constructs used are correct and should not cause any compilation issues.
</reasoning>
<answer>False</answer>
</root><root>
<reasoning>This PHP code reads in two lines of input from the standard input. The first line is assigned to variable `$a`, and the second line is assigned to variable `$b`. Both inputs are trimmed of whitespace. The code then initializes a variable `$c` to 0, and iterates from 0 to `$a - 1` using a for loop. Inside the loop, it checks consecutive characters in string `$b` to determine if they form the patterns "UR" or "RU". If such patterns are found, it increments `$c` and the iterator `$x` to skip the next character. After the loop, `$d` is calculated as `$a - $c` and printed.

The key points to check for a compilation error are:
1. Variable definitions and initialization.
2. Correctness of the loop construct.
3. Conditional statements checking string patterns.

Given the correct syntax and logic in the code, no compilation errors are present.

Therefore, the code does not generate a compilation error.</reasoning>
<answer>False</answer>
</root><root>
<reasoning>The provided PHP code snippet aims to calculate the sum of digits of a number and determine specific conditions related to sums. To comprehend the existence of potential compilation errors, we must systematically evaluate the code.

1. Analyze the function `suma($number)`:
    - It initializes `$sum` to zero.
    - It loops through each character in `$number` using `strlen($number)` as the boundary.
    - `substr($number, $u, 1)` extracts one character at index `$u` and adds it to `$sum`.
    - Returns the calculated `$sum`.

2. Check the main block:
    - Reads input from STDIN using `trim(fgets(STDIN))`.
    - Initializes `$i` to 0.
    - Calculates `$strlen` as `strlen($line)*9`.
    - Initializes `$n` to `$line - $strlen`.
    - Initializes an empty array `$result`.
    
3. While loop:
    - The loop runs until `$i` is less than or equal to `$strlen`.
    - If `($n + suma($n)) == $line`, it adds `$n` to `$result`.
    - Increment `$n` and `$i`.

4. Printing results:
    - Prints the count of elements in `$result`.
    - Iterates over `$result` and prints each element.

Upon examining the consistency of syntax and logical structure, the steps do not indicate any violations or syntax errors. Hence, the code does not generate any compilation errors.

Final judgment: False.</reasoning>
<answer>False</answer>
</root><root>
<reasoning>
First, we need to check each part of the PHP script for possible compilation errors. 

1. Initializing `$a` by `trim(fgets(STDIN))` seems appropriate for getting a line of input and trimming any leading/trailing whitespace. `fgets(STDIN)` is a valid way to read input from the standard input in PHP.

2. Initialization of `$b` as an array is correct and doesn't pose any compilation issues.

3. The `for` loop starts from `$a - 1` and decrements `$x` until it reaches the maximum of either `1` or `$a - 1 - 100000`. This syntax is correct for a loop.

4. Inside the loop:
    - `str_split($x)` splits the number into its individual digits, which is valid.
    - `array_sum($c)` calculates the sum of those digits, which is appropriate.
    - `$e = $x + $d` is a simple addition and valid.
    - The condition `if($a == $e)` checks for equality, valid syntax.

5. If `$a == $e` is true, `$b[count($b)] = $x;` appends `$x` to the array `$b` by using the count of `$b` as the index, which is valid.

6. The `if` block with `count($b) == 0` and printing `0` without braces is valid syntax in PHP.

7. The `else` block:
    - `sort($b)` sorts the array `$b`.
    - `print count($b) . "\n";` prints the number of elements in `$b`.
    - Another `for` loop iterates through `$b`, printing each element.

All PHP syntax and function usages are correct without missing semicolons or misused functions. There are no visible compilation errors in the script present.

</reasoning>
<answer>False</answer>
</root><root>
<reasoning>The PHP code attempts to read a string input from STDIN, processes it, and stores specific values in an array based on certain conditions.
1. The code uses `fgets(STDIN)` to read input from the standard input, which is valid in PHP for command line scripting.
2. It converts the input to an integer using `$a - 1` and initializes an empty array `$b`.
3. It performs a for-loop to process integers starting from `$a - 1` down to a minimum value, which takes into account the range between `$a - 1` and `$a - 1 - 100000`.
4. Within the loop, it splits the integer `$x` into digits using `str_split($x)`, calculates the sum of these digits using `array_sum($c)`, and then sums this with the original integer `$x` to get `$e`.
5. If `$e` equals the user input `$a`, it stores `$e` in the array `$b`.
6. After the loop, it checks the count of elements in the array `$b` and prints `0` if the array is empty. Otherwise, it prints the count of elements followed by the elements themselves.

From a syntax viewpoint:
- Variables are declared without any issues.
- Functions used (`trim`, `fgets`, `max`, `str_split`, `array_sum`, `count`, `implode`, `print`) are correctly implemented.
- Proper formatting and braces are used throughout the code.

Based on this detailed inspection, the code does not contain any syntax errors and thus does not generate a compilation error.

</reasoning>
<answer>False</answer>
</root><root>
<reasoning>
The given PHP code starts by reading an input from STDIN using fgets, which gets a string and then uses the trim function to remove any whitespace around it. This will work correctly if the input is properly formatted. Next, an array $b is initialized to store results. The for loop starts from `$a - 1` and decrements $x, checking against `max(1, $a - 1 - 100000)`. Inside the loop, an integer $x is converted into an array of its digits, and their sum is calculated. If `$a == $e` where `$e = $x + $d`, the value `$x` is added to array `$b`.

The code doesn't have syntax or type errors by itself. Each part works logically within the loop and outside. It reads inputs, transforms them, checks conditions, and prints outputs correctly.

Given that there are no syntax errors and the logic appears sound:

1. `trim(fgets(STDIN))` correctly trims input.
2. `str_split` and `array_sum` work on integer conversions.
3. Array manipulation via `array_sum` and appending using `$b[count($b)] = $x`.
4. Conditional checks and proper use of PHP print statements.

Thus, there's no indication of a compilation error.

</reasoning>
<answer>False</answer>
</root><root>
<reasoning>
Let's go through the PHP code step by step to check for any compilation errors:

1. `$a = trim(fgets(STDIN));`:
   - This reads input from standard input (STDIN) and trims any whitespace. `trim` and `fgets` are valid PHP functions.

2. `if(strlen($a) == 1)`:
   - This condition checks if the length of `$a` is 1. `strlen` is a valid PHP function.

3. `print $a;`:
   - If the length of `$a` is 1, it prints `$a`. `print` is a valid PHP statement.

4. `else` block:
   - The code inside the `else` block will execute if the length of `$a` is more than 1.

5. `$b = strlen($a) - 1;`:
   - This calculates one less than the length of `$a`. Valid PHP syntax.

6. `$c = implode(array_fill(0, $b, 9));`:
   - `array_fill` creates an array with `$b` elements, each being 9. `implode` then converts this array into a string. Valid PHP functions.

7. `$d = $a - $c;`:
   - This subtracts string `$c` from string `$a`. This operation can be problematic because subtraction generally expects numeric values.

8. `$e = str_split($d);`:
   - This splits the string `$d` into an array. `str_split` is valid PHP function.

9. `$f = $b * 9 + array_sum($e);`:
   - This calculates `$b * 9` and adds the sum of array `$e`. `array_sum` is a valid function, assuming `$e` contains numeric values.

10. `print $f;`:
    - This prints `$f`.

The critical point is step 7: `$d = $a - $c;`
- If `$a` or `$c` are not strictly numeric, this operation will cause an error because subtraction is not defined for non-numeric strings.

Considering that the primary fault lies in step 7 if non-numeric values are involved, the code will generate a compilation error if `$a` or `$c` contains non-numeric characters.

</reasoning>
<answer>True</answer>
</root><root>
<reasoning>First, let's investigate the code step by step: 

1. The `list($a, $b) = explode(" ", trim(fgets(STDIN)));` line reads a line of input from the standard input, trims any whitespace from the ends, splits it by spaces, and assigns the first part to `$a` and the second part to `$b`.
2. `explode`, `trim`, and `fgets` are native PHP functions, and they are used correctly here to process input.
3. Next, the `$c = $b * log($a);` and `$d = $a * log($b);` lines calculate logarithms and assign them to variables `$c` and `$d`.
4. Mathematical operations like addition, multiplication, and `log()` are correctly used here; `log()` is a built-in function in PHP.
5. The `if`, `elseif`, and `else` statements check the relationship between `$c` and `$d` and print the corresponding symbol.
6. The `print` statements use valid arguments.

Having meticulously reviewed each part of the code, I can confirm that there are no syntax errors or usage errors of built-in functions.

Therefore, this code does not generate a compilation error.</reasoning>
<answer>False</answer>
</root><root>
<reasoning>The PHP code provided is a valid script. Initially, we use `list()` with `explode()` to split and assign the values from the input into the variables `$x` and `$y`. The `trim(fgets(STDIN))` function is used to read and trim the input from standard input. The logarithmic calculations and comparisons within the `if-else` conditions are syntactically correct. The `log()` function is used, and all statements are properly enclosed. The code will only produce output based on the comparisons and does not contain any PHP syntax errors. Therefore, the code will not generate a compilation error.</reasoning>
<answer>False</answer>
</root><root>
<reasoning>The code begins by reading input from the standard input and assigning values to `$a` and `$b`. It uses `explode()` to split the input into separate variables based on a space. Then, it calls the `bcpow()` function to calculate the power of `$a` raised to `$b` and vice versa. It then compares the results of these operations (`$c` and `$d`). The use of `bcpow()` indicates that the code uses the BCMath extension, which is not always enabled by default in PHP. If the BCMath extension is missing, the `bcpow()` function will not be defined, leading to a compilation error. Therefore, assuming a standard PHP installation without special extensions, the absence of the BCMath extension will cause a compilation error.</reasoning>
<answer>True</answer>
</root><root>
<reasoning>Upon inspection, the code primarily revolves around receiving two time inputs from the user, performing arithmetic operations on the times, and printing the result in a specific format. The code uses standard PHP functions like `fgets`, `explode`, `trim`, and mathematical functions like `floor`. All these functions are correctly used within the PHP context. Additionally, all the variables are defined before their usage in expressions, and there's no syntax that PHP would find problematic. Therefore, every part of the code seems to be valid PHP syntax and logic.</reasoning>
<answer>False</answer>
</root><root>
<reasoning>
First, the code uses the `list()` function to parse the input from STDIN and splits the input using `explode()` by a colon. This part of the code will work as expected, assuming valid input format.

Next, it calculates the time difference in minutes, stored in variable `$e`.

When `$e` is greater than or equal to 60, it calculates `$f` and `$g`, where `$f` holds the remainder of `$e` divided by 60, and `$g` holds the integer quotient of `$e` divided by 60.

Then, it tries to update `$a` and `$b` by adding `$g` and `$h` respectively. However, there is a potential problem here: the variable `$h` is not defined anywhere in the code, which will lead to a compilation error.

Since there is a reference to an undefined variable `$h`, the code will definitely generate a compilation error.
</reasoning>
<answer>True</answer>
</root><root>
<reasoning>The PHP code begins by reading two lines of input from the standard input (stdin) and then performs several arithmetic operations and conditional checks based on the input values.

Step-by-step reasoning:
1. The `fgets(STDIN)` function call reads a line from the standard input.
2. The `trim()` function ensures that any leading or trailing whitespace is removed from the input read.
3. The `explode(":", ...)` function splits the input string by the colon character ":".
4. The `list($a, $b)` and `list($c, $d)` syntax assigns the values from the exploded array to variables `$a`, `$b`, `$c`, and `$d`.
5. Variables `$a`, `$b`, `$c`, and `$d` are expected to be numeric as they are parsed from input.
6. Arithmetic calculations involving variables are performed to compute `$e`, `$f`, `$g`, and `$h`.
7. Several conditional checks (`if` statements) are used to determine further operations.
8. Functions like `floor()` are used for mathematical computations.
9. Concatenation operations and formatted output are performed using `print` statements.

The code appears syntactically correct and adheres to PHP language rules. Assignments, arithmetic operations, and conditionals follow the correct syntax.

Based on the detailed step-by-step analysis, there do not seem to be any syntactical or logical issues that would cause a compilation error.

Conclusion:
The code does not generate a compilation error.</reasoning>
<answer>False</answer>
</root><root>
<reasoning>
Let's break down the PHP code to determine if it generates a compilation error.

1. The code uses `list($a, $b)` to split the input from `STDIN` by the delimiter ":" using the `explode` function. This should not cause a compilation error.
2. `trim(fgets(STDIN))` is used to get the input from the standard input. This is a common way to read input in PHP and should not cause an error.
3. The same process is repeated to obtain `$c` and `$d`.
4. The variable `$e` is calculated using the provided formula. The operations here are valid and should not cause an error.
5. The code checks if `$e` is greater than or equal to 60.
6. Inside the `if` block, the code performs modulo and division operations on `$e`, which are valid. It then updates `$a` and `$b`.
7. The next series of `if` conditions handle formatting `$a` and `$b` to ensure they are two digits. These are valid operations.
8. The `print` statement inside the `if` block outputs the formatted time.
9. The `else` block performs similar operations to update `$b` and format it if `$e` is less than 60. The operations here are also valid.

Overall, there are no syntax or logical errors in the PHP code that would lead to a compilation error. The code properly reads input, performs calculations, formats the output, and prints the result.

Therefore, the code does not generate a compilation error.
</reasoning>
<answer>False</answer>
</root><root>
<reasoning>To determine if the given PHP code generates a compilation error, we need to review each part of the code for syntax, logical, and semantic errors.

1. `list($a, $b) = explode(":", trim(fgets(STDIN)));` - Reads one line from standard input, trims leading/trailing whitespace, splits the line at ":", and assigns the resulting parts to $a and $b. This is being done correctly.

2. `list($c, $d) = explode(":", trim(fgets(STDIN)));` - Similar to step 1, it reads another line from standard input. No errors here.

3. `$e = (($c * 60 + $d) - ($a * 60 + $b)) / 2;` - Calculates the difference in minutes between two times and then divides the result by 2. This is correctly calculated.

4. `if($e &gt;= 60)` - Enters the block if the calculated half difference is 60 minutes or more. Correct syntax.

5. `$f = $e % 60;` - Calculates the remainder when $e is divided by 60. No error here.

6. `$g = floor($e / 60);` - Calculates the number of whole hours in $e. No error here.

7. `$h = $b + $f;` - Adds the calculated remainder to the initial minutes part of the first input. No error here.

8. The nested `if` and `else` blocks check whether the new minutes total reaches 60 and adjust the hours and minutes accordingly. No syntax issues here.

9. `strlen($a) == 1` and `strlen($b) == 1` check if the string length of $a or $b is 1 and prepends a "0" if so. No error here.

10. `print $a . ":" . $b;` outputs the formatted time. No error here.

11. The `else` block handles cases when $e is less than 60 minutes. The processing steps within are valid and correctly adjust the hours and minutes.

Overall, the code does not have syntax errors, and the logic appears consistent with intended operations.

Given this analysis, the code does not generate a compilation error.
</reasoning>
<answer>False</answer>
</root><root>
<reasoning>Let's break down the given PHP code in detail to determine if it generates a compilation error.

1. The code starts by using `list($a, $b) = explode(":", trim(fgets(STDIN)));` which reads a line from standard input, trims it, and then splits it by the colon character. This is a valid way to read and split input in PHP.
2. The same operation is repeated using `list($c, $d) = explode(":", trim(fgets(STDIN)));`.
3. Next, the variable `$e` is calculated using the expression `(c * 60 + d) - (a * 60 + b)) / 2`. Since the input values are integers, arithmetical operations are valid here.
4. The first condition checks if `$e &gt;= 60`. If true, it performs a series of calculations to determine `$f`, `$g`, `$h`, and conditions further processing of these values. During all these calculations, integer operands are manipulated correctly.
5. Within nested conditions inside the `$e &gt;= 60` clause, the original integers `$a`, `$b`, `$f`, `$g`, `$h`, `$i`, and `$j` are modified. No type mismatches occur here as the operations are consistent with their types.
6. For formatting purposes, there's a condition to prepend "0" if the length of `$a` or `$b` is 1. This is correctly using the `strlen()` function.
7. The final output is printed using `print $a . ":" . $b;`.
8. Else clause is well structured and performs similar operations as the initial clause maintaining the data integrity.

Throughout this PHP code, syntax, and operations are consistent and adhere to PHP standards.

Hence, there are no syntax errors, logical errors, or type mismatch in this code, implying it will compile without errors.</reasoning>
<answer>False</answer>
</root><root>
<reasoning>
1. The code starts by reading two integers $A and $B using fscanf.
2. Then, it reads two lines of input, splits them into arrays $arrA and $arrB using explode.
3. Checks if the sum of elements in $arrA is 0, if yes, the script exits with "Yes".
4. A for loop iterates over the elements of $arrA.
5. During each iteration, if an element of $arrA is "0", it checks neighboring elements and elements of $arrB.
6. Uses nested loops to perform various comparisons and conditional exits with "Yes".
7. If none of the conditions are met, it prints "No".
8. Potential issues:
   - Line `$A` is used as a loop counter and array index but its type is integer. fscanf does not accept a valid type specifier here.
   - `if ($i != $A - 1)` as a condition is properly closed but there is no 'else' to capture unintended or misinterpreted behavior.
   - Lines using `$arrA[$i-1]` and `$arrA[$i+1]` could possibly access invalid indices (out of bounds).
   - The string type checks `== "0"` though it should cater both integer "0" and string '0' thus indicates leveraging strict comparison `===`.

The above steps reveal:
- The script contains potential logic errors, but syntactically it doesn't produce compilation errors in PHP. 

Therefore:
</reasoning>
<answer>False</answer>
</root></all_roots>