[{"reasoning": "1. First, let's check the package declaration at the top of the code: `package cf3`. This is correct, but remember that the package name must match its directory structure.\n\n2. The necessary import for `kotlin.math.absoluteValue` is present.\n\n3. The `main` function is defined and within it:\n   - `readLine()!!.toInt()` and `readLine()!!.split(\" \").map { it.toInt() }` are used, this assumes that the program will receive proper input when run.\n   - No compilation issues here as these are standard Kotlin functions.\n\n4. The `solve` function is defined as a private function, which is allowed since it's used within the same Kotlin file.\n\n5. The `solve` function:\n   - Uses `filter`, `min`, `max`, and `absoluteValue` correctly.\n   - The `map` function is also used correctly within the return statement.\n\nAs long as the input received is correct and matches expected types (integers and lists of integers), there shouldn't be any compilation issues. Everything else appears syntactically correct.\n\nSo, based on the reasoning above, the code does not generate a compilation error.", "answer": "False"}, {"reasoning": "First, we need to examine if the code syntax adheres to the C++ language rules. This includes checking for common issues such as missing libraries, improper use of namespaces, and syntactic errors in the main function.\n\nThe code starts by including the <bits/stdc++.h> library, which should compile correctly as long as the library is available in the development environment. The namespace std is declared correctly. The main function is defined and opened properly.\n\nInside the main function, the ios::sync_with_stdio(0), cin.tie(0), and cout.tie(0) functions are used to optimize input and output operations, and they use the correct syntax.\n\nLastly, the code ends with a return 0 statement within the main function, signaling successful completion.\n\nTherefore, the code should compile without errors under the assumption that the <bits/stdc++.h> library is available.", "answer": "False"}, {"reasoning": "Let's analyze step by step to determine if the given code will compile successfully:\n\n1. **Import Statements**: The import statements for `max`, `min` from `java.lang.Integer` and `java.util.*` are correct.\n2. **readInt and readInts Function Definitions**: There are calls to `readInt()` and `readInts()`, but these functions are not defined in the provided code. Without these definitions, the code will not compile. These functions are expected to be responsible for reading an integer and a list of integers from the input, respectively.\n\nBecause of the missing definitions for `readInt()` and `readInts()`, the code will not compile.\n\nFinal answer: True.", "answer": "True"}, {"reasoning": "1. The code defines a function 'solve' that takes two parameters: an input reader and an output function.\n2. The function reads an integer 'testCaseCount' using the input reader. This indicates the number of test cases.\n3. A loop runs 'testCaseCount' times to process each test case.\n4. Within the loop, the code reads the number of developers and their respective abilities.\n5. It computes the maximum sum of positive abilities, the greatest negative ability, and the weakest positive ability.\n6. Based on a condition comparing the absolute value of the greatest negative ability with the weakest positive ability, it generates suitable output.\n7. There is a mistake in the main function where 'solved.solve' should be 'solve'.\n8. The misuse of 'solved.solve' will result in a compilation error because there is no 'solved' object with a 'solve' function.\nHence, the code generates a compilation error.", "answer": "True"}, {"reasoning": "1. The code imports several libraries including 'Advance.add', 'java.util', 'kotlin.collections', and 'kotlin.math'. However, the import 'Advance.add' is not defined in the provided snippet which could potentially lead to a compilation error.\n2. The code defines multiple utility functions such as 'rs', 'ri', 'rsl', and 'ril' which are used within the 'main' function.\n3. The 'main' function reads input 't', then processes 't' test cases. For each test case, it reads an integer 'n', an array 'arr', and performs several operations to calculate the sum and modify an array 'brr'.\n4. The logic inside the 'main' function appears syntactically correct and does not seem to have any apparent issues regarding the Kotlin language itself.\n5. Given the undefined 'Advance.add' import, this code will generate a compilation error.\n\nThe final answer is True because the undefined import 'Advance.add' will cause the code to fail compilation.", "answer": "True"}, {"reasoning": "1. The code starts with the 'package cf3' declaration, which is correct for placing the file within a package named 'cf3'.\n2. The 'import kotlin.math.absoluteValue' statement correctly imports the absoluteValue extension property from Kotlin's standard library.\n3. The 'main' function begins by reading the number of test cases from standard input using 'readLine()!!' and converting it to an integer. This is valid Kotlin syntax.\n4. The 'repeat(testcases)' loop iterates over each test case. Within this loop, 'readLine()!!' reads input for the 'bench' value and the list of 'programmers'. This is also valid syntax.\n5. The 'solve' function is declared as private and takes a list of integers representing the 'programmers'. It returns another list of integers.\n6. Within the 'solve' function, the 'contributors' list is created by filtering out positive integers from 'programmers'.\n7. The 'smallestContributor' is calculated as the smallest element in 'contributors', provided there is more than one contributor.\n8. The 'smallestDistraction' is calculated as the largest negative integer from 'programmers'.\n9. The 'includeDistraction' boolean flag is determined based on the values of 'smallestContributor' and 'smallestDistraction'.\n10. The 'programmers' list is mapped to a new list of integers based on specific conditions.\n11. The code uses 'also' to set the 'cut' boolean flag within the map transformation.\n12. All syntax and function calls appear to be correct and there are no missing imports or syntax errors.\n\nFinal Answer: False", "answer": "False"}, {"reasoning": "1. The code defines several functions: main, go, readLn, readIntList, readIntArray, debLn, and deb.\n2. The main function calls readLn() and readIntList(), but both these functions reference another function, solved.readLn(), which doesn't exist in the given code.\n3. There are several variables and functions that are expected to be in a 'solved' context, which is not defined anywhere in the code provided. This will result in a compilation error due to undefined references.\n\nTherefore, the code generates a compilation error.", "answer": "True"}, {"reasoning": "1. The code imports 'kotlin.test.assertTrue' which is not used anywhere in the code. This will not generate a compilation error, but it can be considered as an unnecessary import.\n\n2. The 'readLn', 'readInt', 'readStrings', and 'readInts' functions are defined as taking input in various formats and typecasting them into desired types. There are no issues here.\n\n3. The 'solve' function uses these predefined input-reading functions to read inputs, process them, and produce outputs. The logic inside the 'solve' function itself follows Kotlin syntax correctly.\n\n4. At the end of the 'solve' function, there is a conditional loop to process the input list and print the output. This segment also follows proper Kotlin syntax and should not cause any compilation errors.\n\n5. The 'main' function reads an integer 't' and repeats the 'solve' function 't' times. This follows proper Kotlin syntax as well.\n\n6. There are no unmatched braces, and all functions and loops are properly closed.\n\nBased on the above steps, there are no syntax errors in the given code. Therefore, the code does not generate a compilation error.", "answer": "False"}, {"reasoning": "1. The package 'solved.readLn' does not exist, which will generate a compilation error.\n2. The use of the function 'sumBy', 'maxBy', and 'minBy' - these functions are deprecated in Kotlin. Instead, 'sumOf', 'maxByOrNull', and 'minByOrNull' should be used.\n3. Accessing 'value' from 'maxNeg' and 'minPositive.value' will cause errors, since 'maxNeg' is a 'Pair' of index and value.\nConclusion: The given code will generate a compilation error due to the non-existing package and deprecated/incorrect function usages.", "answer": "True"}, {"reasoning": "Let's break down the code into steps to identify any potential compilation errors:\n\n1. Import statement: The code imports `java.util.*`, but it is not used in the code. This won't cause a compilation error, but it's unnecessary.\n\n2. Function declarations: The code defines several utility functions (`next`, `nextInt`, `nextLong`, `nextInts`, `nextLongs`). These functions call `readLine()` and perform basic operations. There are no issues here.\n\n3. Declaration of `OUT`: The code declares a mutable list of strings, `OUT`. This is correctly declared and will not cause compilation issues.\n\n4. Function `solve`: The code defines a function named `solve`. Inside `solve`, a number of variables are initialized. These include `n`, `a`, `b`, `lo`, `ans`, `tmp`, `fl`, and `sm`.\n\n5. Loop and Conditionals: The code uses for-loops and if-else statements. There is a loop that runs from 0 to n-1. A potential issue is identified in the modification of strings within the loop. Specifically:\n   - `tmp[i] = \"1\"` will cause an error because `tmp` is a `StringBuilder` and you should use the `setCharAt` method instead of the array index.\n   - Similarly, `ans[i] = \"1\"` will cause an error because `ans` is a string (immutable in Kotlin). Assigning a value directly to an index will not work.\n\n6. The main function: The main function reads an integer `T` and calls `solve()` `T` times. It then prints the contents of `OUT`. This logic doesn't have a compilation issue.\n\nHence, the code contains errors related to string manipulation in the `solve` function.\n\nFinal conclusion: The code will generate a compilation error.\n", "answer": "True"}, {"reasoning": "1. The 'import kotlin.streams.asStream' line imports the asStream extension function, which is used to convert a sequence to a stream.\n2. The 'input' variable is assigned a sequence generated by the 'generateSequence(::readLine)' function, which generates a sequence of input read lines.\n3. The function 'asStream()' is called on 'input', which implies that 'asStream()' must be a valid extension function for the type of 'input'.\n4. The 'asStream()' extension function on sequences is available in Kotlin but it's applicable only if running on a JVM supporting this feature.\n5. The code reads the input and uses stream operations correctly, skipping the first input and processing others.\n6. The code inside 'forEach' lambda term gets the 'line', converts it to an integer, and applies a condition for even and odd numbers accordingly.\n7. As per standard Kotlin compilation in a properly configured JVM environment, there should be no compilation errors.\n\nIn conclusion, the provided code does not generate a compilation error based on standard Kotlin JVM setups, imported libraries, and usage.\n", "answer": "False"}, {"reasoning": "First, let's analyze the code provided. The code snippet is written in Kotlin and contains a main function. The main function reads an integer input and uses this value in a while loop. The issue here is the 't --' expression within the while loop condition, which is incorrectly attempting to decrement the value of 't'. In Kotlin, the correct decrement operation should be written as 't--' without the space, or 't -= 1'. This will result in a compilation error.\n\nDue to this error, the code will not compile successfully.", "answer": "True"}, {"reasoning": "1. The code starts by importing the java.util.Scanner package, which allows for input reading. This is correct syntax.\n2. A Scanner object named \"scan\" is created to read from the standard input. This is also correct syntax.\n3. The main function is declared using the \"fun\" keyword, which is valid in Kotlin.\n4. Inside the main function, an integer variable 'b' is assigned the result of the next integer input received from the scanner. This line is syntactically correct.\n5. The for loop syntax uses \"1..b\" instead of the correct \"in 1..b\". The correct syntax requires the \"in\" keyword to iterate over the range. This is a compilation error.\n6. Within the loop, an integer variable 'a' is assigned the next input from the scanner. This line is syntactically correct.\n7. The code attempts to print the result of the calculation (a-1)/2. This line is syntactically correct.\nGiven the above analysis, the code will generate a compilation error due to the incorrect for loop syntax.\n", "answer": "True"}, {"reasoning": "1. The code imports java.util.Scanner, which is appropriate for Java but not for Kotlin. This will cause an error.\n2. The function 'main' is defined with Kotlin's syntax, which is correct for Kotlin.\n3. The code declares a Scanner object for reading input, which is unnecessary in Kotlin because Kotlin has its own way to handle input.\n4. The variable 't' is correctly declared and initialized by reading an integer value.\n5. The for loop syntax is correct for Kotlin, iterating from 1 to 't'.\n6. The variable 'n' is correctly declared and initialized by reading an integer value.\n7. The variable 'ans' is declared but not initialized, it will be assigned within the if-else statement.\n8. The if-else statement logic is correct.\n9. The 'println' statement tries to print 'sum', which is not defined anywhere in the code. It should print 'ans' instead.\n\nConsidering these points, the code will generate compilation errors mainly due to the use of 'Scanner' and the undefined 'sum'.", "answer": "True"}, {"reasoning": "1. The code defines a Kotlin package `kotlinBasics` and a `main` function.\n2. Inside the `main` function, it reads an integer `n` from the standard input and initializes an integer array `a` of size `n`.\n3. It then fills the integer array `a` with integers read from the standard input.\n4. The code iterates through the array `a` and divides each integer by 2.\n5. If the integer is even, it prints `o - 1`, otherwise it prints `o`.\n6. The code uses double exclamation marks `!!` for non-null assertions when calling `readLine().toInt()`. However, if the input is not provided correctly as expected, this may throw a `NullPointerException` or `NumberFormatException`, but these are runtime errors, not compilation errors.\n\nBased on these steps and analysis, there are no syntax or semantic issues that would cause a compilation error.\n\nFinal conclusion: The code does not generate a compilation error.", "answer": "False"}, {"reasoning": "First, let's break down the code to understand its functionality and check for any syntax or semantic errors.\n\n1. The code starts by importing `java.lang.AssertionError`, which is correct for handling assertion errors.\n2. It defines several utility functions for reading input, which are well-formed.\n3. It defines a function `myAssert` to throw an `AssertionError` if a condition is false.\n4. The `main` function initializes `tt` with an integer value read from input.\n5. A loop runs from `qq` to `tt-1`, reading another integer `n` inside the loop.\n6. An integer `ans` is initialized to 0.\n7. A conditional checks if `n` is less than or equal to 2. Then it sets `var` to 0. Otherwise, it sets `var` to `(n-1)/2`.\n8. The value of `var` is printed.\n\nIssues identified include:\n\n- The line `if(n<=2) var=0 else var=(n-1)/2` will cause an error because `var` is not correctly declared and initialized.\n- `var` is a reserved keyword in Kotlin, and it should not be used as a variable name.\n- The correct way to declare and initialize in Kotlin should be used with another variable name.\n\nHence, the code will generate a compilation error due to incorrect variable naming and usage of a reserved keyword.\n", "answer": "True"}, {"reasoning": "1. The function main is defined with an argument of type Array<String> which is syntactically correct in Kotlin.\n2. The variable 'tests' reads a line from input, converts it to Int and is assigned correctly.\n3. The in operator is used to check if 'tests' is in the range 1 to 10000, which is correct.\n4. The variable 'candies' reads a line from input and converts it to Int correctly.\n5. The variable 'noOFPossibilities' is initialized to 0 which is correct.\n6. There's a condition checking if 'candies' is between 3 and 2*(10.0f).pow(9). Here is an issue, to raise a number to a power in Kotlin, it should be (10.0).pow(9) instead of (10.0f).pow(9).\n7. Variable 'a' is assigned 'candies - 1' and 'b' is initialized to 1, which is correct.\n8. The while condition 'a + b == candies' will cause an infinite loop because, with each iteration, 'a' decreases by 1 and 'b' increases by 1 making their sum equal to 'candies', thus trapping in an infinite loop.\n9. The usage of '+=' and '-=' operators is correct inside the while loop.\n10. The println function is correctly used to print 'noOFPossibilities' after the loop ends.\n11. Finally, the curly braces are correctly closed which is correct.", "answer": "True"}, {"reasoning": "Step-by-step instructions to determine if the code generates a compilation error or not:\n\n1. Check for proper imports: The code imports java.util.*, java.io.*, and java.math.* which are correct and won't cause compilation issues.\n2. Verify the main function declaration: The main function is declared correctly as 'fun main(args : Array<String>)'.\n3. Examine Scanner usage: The Scanner is correctly instantiated using 'System.`in`' to read input from the console.\n4. Validate the 'for' loop: The 'for' loop is correctly structured to iterate from 1 to N (inclusive), where N is obtained from the user input.\n5. Inspect variables within the loop: Variables BB, A, B, and count are declared and used correctly. However, the variable count is initialized inside the loop but never re-assigned a new value inside the while loop.\n6. Analyze the while loop: The condition 'while (A > B)' is always true as neither A nor B are modified inside the loop, causing an infinite loop and compilation error.\n\nBased on this analysis, the issue with the while loop condition leads to a compilation error.\n\nFinal conclusion: True", "answer": "True"}, {"reasoning": "Step 1: Checking the function `readInts()`. This function is defined correctly, and it reads a line from the input, splits it by spaces, and returns a list of strings. \\nSteps 2: In the `main()` function, `val tests_cnt = readInts().map { it.toInt() }` correctly reads the integer count from the input. This part doesn't raise any compilation issue.\\nStep 3: The code uses a for loop from `1..tests_cnt[0]`, which is valid Kotlin syntax.\\nStep 4: `val a = readInts().map { it.toBigInteger() }` converts the input values to `BigInteger`. This part is correct and won't cause a compilation error.\\nStep 5: The code `if(a > 2) println((a/2).toBigInteger())` raises error because comparison of list with integer is not possible \\nStep 6: Reaching to conclusion that it will have compilation error", "answer": "True"}, {"reasoning": "Let's break down the code step-by-step:\n\n1. The package declaration is correct.\n2. The imports from Java and Kotlin standard libraries are correct.\n3. The declarations using @JvmField are correct.\n4. The function definitions for reading various data types are correct.\n5. The gcd function overloading with Int and Long types is correct.\n6. The Boolean extension function toInt is correct.\n7. The definitions for INF and MOD constants are correct.\n8. The main function and its logic are correct.\n\nThe code does not have any syntax errors and follows the correct Kotlin standard library usage.\n\nAfter examining the code thoroughly, we can conclude that there should not be any compilation errors.", "answer": "False"}, {"reasoning": "1. In the 'main' function, `repeat` is used correctly to loop the given number of times. The input is read and the number converted to an integer.\n2. The second input is read inside the loop and converted to an integer stored in the variable `n`.\n3. The variable `ans` is initialized correctly with the value 0.\n4. The bitwise operation `if (n and 1)` is incorrect because `and` cannot be used directly in a conditional. Kotlin's syntax requires `if (n and 1 != 0)` to check if `n` is odd.\n5. The else branch and subsequent code are correctly placed and update `ans` based on the value of `n`.\n6. The final value of `ans` is printed on each iteration.\n\nConclusion: The code has a syntax error in the bitwise operation used in the if condition.\n\nFinal answer: True", "answer": "True"}, {"reasoning": "Step 1: Check for correct import statements. The import statement for the Scanner class from java.util is correct.\nStep 2: Analyze the main function definition. The code is written in Kotlin, so `fun main(args: Array<String>)` is correct.\nStep 3: Validate the Scanner instantiation. The instantiation `val reader = Scanner(System.`in`)` is correct for Kotlin.\nStep 4: Check variable declarations. The variable `n` is correctly declared as an integer (`var n:Int = reader.nextInt()`).\nStep 5: Evaluate the while loop. The while loop condition `while (n-- != 0)` and its implementation seem structurally correct.\nStep 6: Verify inner variable declarations and conditions. The variables and conditional statements within the while loop are correctly implemented.\nStep 7: Check for Kotlin compatibility and syntax errors. The code seems to follow Kotlin syntax correctly and doesn't contain any incompatible elements.\n\nAs all steps verify the correctness and compatibility of the code with Kotlin, there are no compilation errors.\n\nFinal conclusion: The code does not generate a compilation error.", "answer": "False"}, {"reasoning": "First, the imports and function definitions are correct: 'import java.util.*' and 'private fun min(a: Long, b: Long): Long'. Next, the main function has a variable 'q' correctly initialized using 'readLine()!!.toLong()', and there are no syntax errors until now. However, in the while loop, 'n' is referenced without any variable declaration or type definition, which will cause a compilation error. Additionally, the 'q --> 0' syntax is unconventional and not valid for the Kotlin language. This will also lead to a compilation error.", "answer": "True"}, {"reasoning": "Let's break down the provided code to check for any compilation errors:\n\n1. Import Statement:\n   - `import java.util.Scanner` (missing semicolon may be a cause but not necessary, Kotlin allows optional semicolons)\n\n2. Function Definition:\n   - `fun main(args: Array<String>) {`\n\n3. Variable Initialization:\n   - `var t = read.nextInt()` (This line has a compilation error because, in Kotlin, we use `Scanner(System.`in`) instead of `read.nextInt()`) \n\n4. For Loop:\n   - `for (i in t)` (You cannot loop like that in Kotlin. It should be `for (i in 0 until t)`)\n\n5. Variable Initialization within Loop:\n   - `var n = read.nextInt()` (Another compilation error. `read` is likely uninitialized)\n\n6. Print Statement:\n   - `println((n-1)/2)`\n\nConclusion:\nThe code has multiple issues, including incorrect usage of functions and loops, along with uninitialized `read`. Based on this analysis, the code will generate a compilation error.\n", "answer": "True"}, {"reasoning": "First, we need to check if all functions and standard library methods used in the code are available and correctly used in the Kotlin language. \n\n1. `fun main() {}`: This is the correct way to define the main function in Kotlin.\n\n2. `var t = readLine()!!.toInt()`: This reads a line from standard input and converts it to an integer. The `!!` operator is used to assert that `readLine()` is not null. `readLine()` is a standard library function used to read input from the standard input.\n\n3. `for(i in 0 until t) {}`: The `until` keyword is used correctly to create a range from 0 to `t - 1`.\n\n4. `var n = readLine()!!.toInt()`: Similar to step 2, this reads another integer from input.\n\n5. `var ans = max(0, n / 2 - 1)`: The `max` function is not explicitly imported in the code provided. To use `max`, you typically need to import `kotlin.math.max`.\n\n6. `if(n > 0) ans += n % 2`: This updates the `ans` variable if `n` is greater than 0, which is correct syntax.\n\n7. `println(ans)`: The `println` function is correctly used to print `ans` to the standard output.\n\nThe potential compilation issue is with the use of `max` function without importing `kotlin.math.max`.\n\nTherefore, the code generates a compilation error because `max` function is not imported.\n", "answer": "True"}, {"reasoning": "1. The code imports the 'kotlin.math.max' package successfully.\n2. The 'main()' function is defined correctly.\n3. The variable 's' is declared and initialized with readLine() concatenated with 'a' at the start and end. However, since readLine() returns a string, 'a' which is a character is being concatenated with a string, which would cause a compilation error.\n4. The 'sol' and 'last' variables are declared and initialized correctly.\n5. The 'vowels' set is defined correctly by specifying the characters.\n6. The for loop is set to iterate over positions from 1 until the length of 's'.\n7. The condition inside the loop checks if the character at the current position 'pos' is a vowel.\n8. If it is a vowel, 'sol' is updated with the maximum value between the current 'sol' and 'pos - last', and then 'last' is updated to 'pos'.\n9. The 'sol' value is printed at the end.\n\nError Analysis:\nThe code attempts to concatenate a character ('a') with a string returned by 'readLine()'. This will generate a compile-time error because in Kotlin, a character and a string cannot be concatenated using the '+' operator directly. To fix this, 'a' should be converted to a string by using double quotes or by explicitly converting it using the 'toString()' method.\n\nConclusion: The code will generate a compilation error.", "answer": "True"}, {"reasoning": "Analyzing the given code which reads input data and processes string, there are no apparent syntax errors. The commented out lines are ignored during the compilation. Declaring variables and manipulating the string data in this manner is correct in Kotlin. Thus, the code should compile successfully.", "answer": "False"}, {"reasoning": "Step 1: Examine the import statements. The statements 'import java.util.*' and 'import kotlin.collections.ArrayList' are correctly imported for necessary utilities and collections.\n\nStep 2: Analyze the main function. The main function is defined correctly. In the main function:\n  - The variable 'str' is assigned the input string with 'readLine()!!'. This reads a line from standard input and asserts that the input is not null.\n  - The variable 'const' is assigned a string of vowels 'AEIOUY'. This is correct syntax.\n  - The variable 'list' is initialized with an empty ArrayList of Int type. The declaration 'ArrayList<Int>()' is syntactically correct.\n  - The for loop iterates over the range '0..str.length - 1'. The range and the loop are correct.\n\nStep 3: Check conditions and assignments in the loop:\n  - If the character at index 'i' is a vowel ('const.contains(str[i])'), it adds the index to 'list'. This is correct.\n  - The 'max' variable is initialized to 0. This is correct.\n\nStep 4: Evaluate the subsequent conditions:\n  - If the size of the 'list' is less than 2, it checks if the first character of the input string is a vowel. These conditional checks are accurate.\n  - If the list size is greater than or equal to 2, it iterates and calculates steps between vowel indices and assigns the maximum step value to 'max'. This calculation and assignment process are logically and syntactically correct.\n\nStep 5: Print the 'max' value. The println(max) statement is correctly used.\n\nConclusion: There are no evident syntax errors in the code, and all the constructs are used correctly.", "answer": "False"}, {"reasoning": "1. The code imports necessary libraries from Java and Kotlin.\n2. The `main` function is defined without any syntax issues.\n3. A variable named `const` is declared and initialized with a string value. This conflicts with the keyword `const` in Kotlin, which is not allowed.\n4. There is a correct usage of `readLine()` and `split` functions.\n5. The `maxBy` function is used correctly to find the longest substring.\n6. There is one issue: using `const` as a variable name will cause a compilation error.\n\nFinal Answer: True", "answer": "True"}, {"reasoning": "The code provided is a Kotlin code which is checking for vowels in input string and calculating maximum distance between any two vowels.\n\nUpon inspecting the code, here are the things to look for that could lead to a compilation error:\n1. Any syntax errors in the code.\n2. Reference to any undefined variables or functions.\n3. Any misused standard library functions or incorrect type assignments.\n\nBy analyzing this code, there are a few things that surface:\n- The code is mistakenly using variable named \"const\". Although this is not a reserved keyword in Kotlin, using \"const\" as a variable name can cause confusion and it's not recommended.\n- The function Math.abs() should be called as kotlin.math.abs() due to namespace changes in Kotlin.\n- If the string doesn't contain any vowels, 'list' will be empty, hence should handle that condition beforehand to avoid \"index out of bound\" exceptions.\n\nApart from the aforementioned points, rest of the code appears to be logically correct.\n\nHence, the final answer is True which means that the code generates a compilation error.", "answer": "True"}, {"reasoning": "1. The main function starts by creating a Scanner object and taking an integer input 'n' from the user. This part of the code should work without errors if the required import and dependencies are included.\n\n2. It then calls the 'solve' function with 'n' as the argument and prints the size of the returned list and the elements of the list.\n\n3. The 'solve' function uses a range (0..200) and filters it using a condition in the filter lambda. Specifically, it checks if 'n - it' (where 'it' is the current number in the range) is greater than 0 and if the sum of its digits equals 'it'. 'n - it > 0' is a valid check, and 'n - it' can call the 'digits' extension function of Int without any issues.\n\n4. The 'digits' extension function on the Int class calculates the sum of the digits of the integer and returns the sum.\n\n5. There is no syntax error observed in the code. All the required imports are present including 'java.util.Scanner'. The functions and their calls seem correctly placed.\n\nGiven the above breakdown, the code does not seem to have any compilation issues.", "answer": "False"}, {"reasoning": "Let's break down the code step-by-step and check for errors:\n\n1. Import statement: `import java.util.*` is correct, no error here.\n2. The `main` function is correctly defined in Kotlin syntax.\n3. Scanner object `sc` is correctly initialized and used to read an integer `n`.\n4. The function `solve` is called with `n` and the result is assigned to `x`.\n5. The size of `x` is printed, and then each element is printed using `forEach`.\n6. A function `solve` is defined with a single `Int` parameter `n`.\n7. Inside `solve`, an integer range `0..200` is created.\n8. The `filter` function is called on the range, but `(n - it).digits()` needs to be compared to `it`, not assigned.\n9. The method `digits` is correctly defined as an extension function for `Int`. It calculates the sum of the digits of an integer.\n\nThus, the primary source of error is the use of `==` in `filter` instead of the `==` operator in Kotlin. This will generate a compilation error.\n\nTherefore, the final answer is True.", "answer": "True"}, {"reasoning": "Let's break down the code step by step to identify if there are any compilation errors.\n\n1. Importing the Java utilities package: `import java.util.*` - This line is accurate for Java but irrelevant for Kotlin. Kotlin does not require importing Java utilities for general use.\n\n2. Defining the main function: `fun main(args: Array<String>) { ... }` - This syntax is correct for Kotlin.\n\n3. Using Scanner to read input: `val sc = Scanner(System.`in`)` - Correct usage of Scanner in Kotlin.\n\n4. Reading an integer `val n = sc.nextInt()` - Correct usage to read input.\n\n5. Defining `solve` function: The function definition is fine but structure may need verification.\n\n6. Filtering and mapping operation within `solve` function: There are potential syntax issues here. Checking for correctness and possible compilation errors.\n\n7. Extension function `digits`: Defining extension functions for integers is correct in Kotlin.\n\nUpon careful inspection, the filter condition `n - it.digits()` is a syntactical error for Kotlin, as it should be `n.minus(it.digits())` for readability and syntax purposes.\n\nConsidering these reasoning steps, it appears there is a compilation error due to syntax issue at the filtering stage.\n\nFinal answer: True", "answer": "True"}, {"reasoning": "Start by scanning the code from top to bottom:\n\n1. The code imports the `java.util.*` package, which is necessary for using the `Scanner` class.\n2. It then defines the `main` function, which takes an array of strings as arguments.\n3. Within `main`, a `Scanner` object is created to read input, and an integer `n` is read from the input.\n4. Subsequently, the `solve` function is called with `n` and its result is stored in the variable `x`. Then it prints the size of `x` and iterates through `x` to print each element.\n5. The `solve` function is defined to take an integer `n` and return a sorted list of integers obtained by filtering through the range 1 to 200, applying certain conditions.\n6. The code also defines an extension function `digits` on the `Int` class to compute the sum of the digits of an integer.\n\nCompilation errors could be due to syntax issues, missing imports, or incorrect usage of Kotlin functions and classes. Reviewing the code, there are no syntax errors, import issues, or incorrect usage of functions observed.\n\nTherefore, the code does not generate a compilation error.", "answer": "False"}, {"reasoning": "First, we examine each function within the code to ensure there are no syntactical errors.\n1. We have the 'readB' function which utilizes 'readLine' and 'split' to take inputs, and it appears syntactically correct.\n2. 'solveB' function has operations such as '.sum()', 'map', and type checks which are valid operations on collections and are syntactically correct.\n3. Finally, the 'main' function calls 'readB', which is also a correct operation.\nWe verify that each function is correctly defined and directly consumes correct input/output. \nFinally, we don't see any syntax or type errors in the code, which means it won't generate a compilation error.", "answer": "False"}, {"reasoning": "Firstly, let's examine the code step-by-step and identify if there are any syntax errors, missing elements, or type mismatches that would cause a compilation error.\n\n1. The function `readB` declares `n`, `k`, and `m` being read from the input, and then reads `times` in the next line. These values are passed to the `solveB` function.\n2. Inside `solveB`, variables are manipulated directly without any type mismatches. Variable `times` is sorted and the total sum of times is calculated. A map function iterates from 0 to `n`, calculating scores over varied `fullTasksCount`. The processing within the loop does not have apparent type issues.\n3. The final maximum score is returned using `max()!!`, and printed by `readB`.\n4. The `main` function calls the `readB` method without any parameters, assuming Kotlin's standard way for reading inputs.\n\nAll these steps indicate there are no apparent type mismatches, missing elements, or syntax errors. Therefore, the code does not generate a compilation error.", "answer": "False"}, {"reasoning": "Breaking down the code:\n1. The function `main` starts execution.\n2. The code reads a line of input and splits it into two components, converting them to long integers `n` and `m`.\n3. It initializes a variable `sol` to 0L.\n4. A for loop starts from 1 to `n`, inclusive.\n5. Inside the loop, `j` is calculated as `5L` minus `i` modulo `5L`.\n6. If `j` equals 0L, it is reset to `5L`.\n7. `j` is then adjusted by subtracting it from `m`.\n8. If `j` is greater than or equal to 0L, `sol` is incremented by `1L` plus `j` divided by `5L`.\n9. Finally, `sol` is printed.\n\nThe Kotlin code appears to be logically sound and does not contain any syntax errors or semantic errors that would prevent compilation. Therefore, the code does not generate a compilation error.", "answer": "False"}, {"reasoning": "1. The code imports the java.util package, which is common in Java but unnecessary in Kotlin. This should not cause a compilation error but is redundant.\n\n2. It defines a Kotlin main function with an array of strings as arguments.\n\n3. Inside the main function, 'readLine()!!.split(' ').map(String::toInt)' reads a line from the standard input, splits it by spaces, and maps each part to an integer. The '!!' operator is used to assert that the result of 'readLine()' is non-null.\n\n4. Variables 'n' and 'm' are correctly destructured from the list of integers produced.\n\n5. 'ans' is initialized as a Long variable, which is valid in Kotlin.\n\n6. 'cnt' is initialized as an IntArray of size 6, which is also valid.\n\n7. The for-loop 'for( i in 1 .. m ) cnt[i % 5]++' iterates from 1 to m, incrementing the count for each modulo 5.\n\n8. Another for-loop 'for( i in 1 .. n )' iterates from 1 to n, updating the 'ans' variable with the value from the 'cnt' array at the index '( 5 - i % 5 ) % 5'. Both loops and the operations inside them are valid Kotlin code.\n\n9. Finally, the 'print( ans )' statement outputs the result, which is valid Kotlin syntax.\n\nAll the steps look correct, and there doesn't appear to be any compilation errors in the given code.", "answer": "False"}, {"reasoning": "Step 1: Parse the code structure.\nThe code defines a `main` function in Kotlin and imports necessary values from `System.input`. It uses the BufferedReader for input operations which implies usage is targeting console reads.\n\nStep 2: Analyze the variables and operations.\nThe variables `m` and `n` are read, split, and mapped to `Long`. Multiple arithmetic expressions and when block checks are performed using the modulo operator `%`.\n\nStep 3: Examine type correctness and nullability.\nAll operations use non-nullable values and maintain consistency with `Long` types.\nThe code does not miss handling any potential nullable types and maintains arithmetic integrity.\n\nStep 4: Compilation constraints.\nWhile the use of calls and logic appears Kotlin compliant, the key aspect is the `BufferedReader` which is correctly imported and used.\n\nThe code is syntactically and type-wise correct. It does not generate any compilation errors given the standard Kotlin environment.\nFinal conclusion: False, the code does not generate a compilation error.", "answer": "False"}, {"reasoning": "The code provided is written in Kotlin and aims to calculate a result based on input values n and m. The key points in examining if there is a compilation error are checking the correctness of syntax, type usage, and function interactions. \n1. The code imports the java.util package but does not utilize it, which is generally harmless but unnecessary.\n2. The main function is correctly defined with parameters.\n3. The readLine() function is used, along with split and map, to read input, which is standard.\n4. Usage of Long and IntArray data types seems correctly implemented.\n5. The logic within the two for loops is syntactically correct. \nBased on these steps, it doesn't appear that the code will produce a compilation error.", "answer": "False"}, {"reasoning": "1. The code starts by importing the java.util package.\n2. The main function is defined with the argument 'args' of type Array<String>.\n3. The readLine() function is used to read input and then split it by space and convert to integers 'n' and 'm'. This part must be correct since .split and .map methods are valid for the String class.\n4. The variable 'ans' is defined as Long and initialized to 0. This is syntactically correct.\n5. The variable 'cnt' is defined as an array of integers with size 6 and initialized with zeros. This should not result in any error.\n6. A for-loop is used to iterate from 1 to 'm', and 'cnt' array is updated correctly using the modulo operator. This part appears correct.\n7. Another for-loop is used to iterate from 1 to 'n', and the 'ans' variable is updated using the 'cnt' array and modulo operator. This part is syntactically correct.\n8. The final result stored in 'ans' is printed using the print function, which is correct.\n\nAfter reviewing the code, there doesn't seem to be any syntax errors or issues that would cause a compilation error.", "answer": "False"}, {"reasoning": "1. The code imports necessary packages by using import statements.\n2. The exit function is defined; it will be utilized to exit the program cleanly.\n3. A main function is defined, which is the entry point to the Kotlin application.\n4. A custom scanner object is created for reading user input.\n5. The code reads two integers n and m from user input.\n6. A lambda function xi is defined to create an array based on the integer input parameter.\n7. Arrays ni and mi are created by calling xi with n and m respectively.\n8. The code calculates the result res by mapping and summing the arrays ni and mi.\n9. Finally, the result res is passed to the exit function to print and exit the program.\n\nThe Kotlin code appears to be valid and does not generate any compilation error. All necessary functions and constructs appear to be correctly utilized.\n\nThe final answer is therefore: False", "answer": "False"}, {"reasoning": "There are a few issues in the given code that would cause compilation errors:\n\n1. The `instanceof` keyword should be used to check whether an object is an instance of a particular class or interface, not the `is` keyword. `is` is used in Kotlin, not Java.\n2. In `TaskI` and `TaskJ` classes, there are `until` loop range expressions which are a part of the Kotlin language, not Java.\n3. `useInputSource(System.in)`, `useOutputSource(System.out)`, and some method calls seem to be assuming the class is supposed to be written in Kotlin syntax, which is not compatible with Java.", "answer": "True"}, {"reasoning": "1. The first line \"import java.util.*\" is not valid Kotlin syntax, as Kotlin uses different import statements.\n2. The rest of the code uses Kotlin syntax such as \"fun main\" and makes use of Kotlin-specific methods like \"readLine()!!\".\n3. The mismatch between Java and Kotlin syntax indicates a compilation error.\n4. Specifically, Kotlin doesn't recognize the Java-specific import syntax, which leads to a compilation error.", "answer": "True"}, {"reasoning": "Step-by-step inspection of the provided code:\n\n1. **Imports and Main Function**:\n   - `import java.io.*` and `import java.util.*` are included and correctly imported.\n   - The `main` function calls `solve` with `System.in` and `System.out`, which is valid.\n\n2. **Primary Solve Function Definition**:\n   - The first `solve` function takes `input` and `output` streams and uses a `Reader` class to handle input and `PrintWriter` for output.\n   - The `solve` function defined next for the actual problem logic takes a `Reader` and `PrintWriter`.\n\n3. **Problem Logic in Solve Function**:\n   - Reads two integers `a` and `b` using the `Reader`.\n   - Uses `Math.min` and `Math.max`, calculates values, and outputs results.\n   - Loop logic appears valid and well-structured.\n\n4. **Reader Class Definition**:\n   - The `Reader` class wraps `BufferedReader` and handles different input reading functions \u2013 `next`, `nextLine`, `toArray`, `nextInt`, `nextDouble`, `nextLong`.\n   - All required methods are defined with logical implementations.\n\n**Final Conclusion**: No explicit Java compilation errors can be observed in the provided code.", "answer": "False"}, {"reasoning": "1. Analyze the code for syntax correctness.\n2. Check all imports: java.io.BufferedReader, java.io.InputStreamReader, kotlin.math.max, and kotlin.math.min, which are all correct.\n3. Verify no missing semicolon, thus correct Kotlin syntax.\n4. Ensure main function adheres to Kotlin rules: Kotlin code correct inside main function.\n5. Verify val declarations syntax: All correct.\n6. Validate input reading and splitting: Proper split and map to Long.\n7. Verify use of min and max functions: Properly imported and used.\n8. Ensure loop and lambda operations are valid: Correct fold operation inside println.\n\nThe code follows all syntax rules and uses functions properly without any missing imports or errors.\n\nFinal conclusion: The code does not generate a compilation error.", "answer": "False"}, {"reasoning": "The code provided is syntactically correct for the Kotlin programming language. The main function and other functions are properly defined, and the necessary Java classes are imported. Also, the logic within the main function is clear and valid without any apparent compilation errors.\n\nAdditionally, we do not see any misuse of language constructs or syntax errors. Based on the initial inspection, the code does not generate a compilation error.", "answer": "False"}, {"reasoning": "First, let's break down the code step by step:\n\n1. The code imports `BufferedReader` and `InputStreamReader` from the `java.io` package.\n2. It also imports `max` and `min` functions from the `kotlin.math` package.\n3. Inside the `main` function, a `BufferedReader` is instantiated using `InputStreamReader` with `System.`in` as the argument.\n4. The code reads a line from the input, splits it by spaces, and maps the resulting pieces to integers, assigning them to `n` and `m`.\n5. It calculates `minBound` as the minimum of `n` and `m`, and `maxBound` as the maximum of `n` and `m`.\n6. The code then prints the result of folding a range from 1 to `minBound`, where the accumulator `acc` adds the integer division result of `(maxBound + i)/5 - i/5` for each `i` in the range.\n\nThe code is syntactically correct and does not contain any compilation errors.\n\nFinal Answer: False", "answer": "False"}, {"reasoning": "Step 1: Parse the function header and main structure.\n- The function is defined as 'fun main()' which is the main entry point of a Kotlin program. This is correctly defined.\n\nStep 2: Check the input reading and splitting of readLine().\n- readLine() is used to read a line from standard input and '!!.split(\" \")' is used to split the input string by spaces. This is correct.\n\nStep 3: Converting split string to integers.\n- The 'map { it.toInt() }' function is used to convert each substring to an integer. This is standard usage and is correct.\n\nStep 4: Initialize the 'sol' variable.\n- The 'var sol = 0' line initializes an integer variable 'sol' with zero. This is correct and does not cause any compilation errors.\n\nStep 5: Iterate over the integer range.\n- The for-loop 'for (i in 1..n)' iterates over a range from 1 to n inclusive. In Kotlin, this syntax is correct.\n\nStep 6: Compute variable 'j' within the loop.\n- Variable 'j' is calculated as '5 - i % 5'. This arithmetic operation is standard and correct.\n- The following if statement checks if j is zero and assigns the value 5 to j if true. This is correct.\n- Finally, 'j' is updated as 'm - j'. These operations are all syntactically correct.\n\nStep 7: Update the sol variable based on condition.\n- The if-statement 'if (j >= 0)' ensures that j is non-negative before adding to sol. This is correct.\n\nStep 8: Print the solution.\n- The 'print(sol)' statement correctly prints the value of sol.\n\nThe code follows correct syntax and structure of the Kotlin language and therefore does not generate any compilation errors.", "answer": "False"}, {"reasoning": "1. The code begins by declaring the main function, a set of readInt, readLong, readInts, and readLongs utility functions.\n2. An array 'points' of size 3 is initialized with pairs of zeros.\n3. A loop runs three times where the readInts function reads x and y, and assigns these pairs to the points array.\n4. It creates a mutable set 'sols' to store the solutions.\n5. It adds pairs obtained from calling function `f` with different permutations of the points to 'sols'.\n6. It removes points from 'sols' that match any element in the points array.\n7. It prints the size of 'sols' and then prints each pair in 'sols'.\n8. The function `f` is declared that takes three pairs and returns a new pair computed as specified.\n\nConsidering all the steps:\n- The code indeed calls `f` with valid arguments.\n- All necessary functions and variables are defined and used correctly.\n\nThus, the code does not have any compilation errors.", "answer": "False"}, {"reasoning": "Upon examining the code, I found a couple of syntax errors that will indeed cause a compilation error:\n1. The 'var' keyword is incorrectly used inside the 'for' loop initialization, which is not necessary as we can define the variable 'i' directly.\n2. The 'if' statement lacks curly braces '{}' and a proper syntax. It should be corrected to 'if sum<=remain {...}'.\n\nDue to these syntax errors, the provided code will generate a compilation error.", "answer": "True"}, {"reasoning": "Let's go through the code step-by-step as we would with a recipe:\n\n1. The package \"main\" is specified at the top correctly.\n2. The \"fmt\" package is imported correctly.\n3. The main function is defined correctly using `func main() {}`.\n4. Variables `n` and `k` are declared and initialized correctly within the main function.\n5. The `fmt.Scanf` function is used to take input for `n` and `k`, and the format string `\"%d%d\"` matches the types of `n` and `k`.\n6. The `for` loop iterates from 1 to `n` correctly.\n7. The `if` condition checks if the calculated time exceeds 240 minutes, and if so, prints `i - 1` and returns.\n8. If the loop completes without satisfying the `if` condition, it prints `n`.\n\nThere are no syntax errors or issues with the code logic that would lead to a compilation error.\n\nBased on the above reasoning, the code does not generate a compilation error.", "answer": "False"}, {"reasoning": "Let's break down the code and identify any potential areas that could cause a compilation error.\n\n1. The package declaration `package \"main\"` should be `package main` without quotes.\n2. The import statement `import \"fmt\"` is correct.\n3. The main function declaration `func main() {` is correct.\n4. The variable declaration `var n,k int` is correct.\n5. The `fmt.Scanf` function call `fmt.Scanf(\"%d%d\", &n, &k)` is correct.\n6. The for loop `for i := 0; i < n; i++ {` is correct.\n7. The if statement `if 5 * i * (i + 1) / 2 + k > 360 {` is correct.\n8. The `fmt.Println(i)` and `return` statements inside the if block are correct.\n9. The `fmt.Println(n)` statement outside the for loop is correct.\n10. The closing braces are correctly placed.\n\nBased on this breakdown, the only issue present is in the package declaration with the use of double quotes.\n\nFinal conclusion: The code will generate a compilation error due to the incorrect package declaration.", "answer": "True"}, {"reasoning": "Let's break down the code to see if it will compile successfully.\n\n1. The syntax `package \"main\"` at the very beginning is incorrect. It should be `package main` without the quotes.\n2. The import statement `import \"fmt\"` is correct and does not cause any issues.\n3. The `main` function declaration and its logic looks correct. It reads input values for `n` and `k`, and then processes a loop to either print `i` and return, or print `n` after the loop completes.\n\nBecause of the incorrect syntax in the `package` statement, this code will generate a compilation error.\n\nTherefore, the final answer is True.", "answer": "True"}, {"reasoning": "The provided code seems to include duplicate definitions for the 'scanner' variable and the 'main' function, which will cause a compilation error as only one 'main' function and one 'scanner' variable definition can exist in a single package. The duplicate 'scanner' variable and 'main' function indicate that there might be an unintended replication of the code.", "answer": "True"}, {"reasoning": "1. The code is written in Go.\n2. The function solve339a() is defined but never called.\n3. Parsing 'equation' uses 'fmt.Scan', which will not raise a compilation error but waits for input.\n4. Variables 'one', 'two', and 'three' are declared and used correctly.\n5. The for-loop and switch-case construct is syntactically correct.\n6. The condition checking sum of 'one', 'two', and 'three' is correct.\n7. The usage of 'appendNumber' function is correct, but results in a syntax error since it is supposed to act as a string but the looping mechanism with '+' doesn't provide an exact syntax.\n8. The 'result[:len(result)-1]' ensures no trailing '+' which is correct.\n9. The 'appendNumber' function looks correct as per logic but appending is wrongly misled by the use of '+' instead of using append or concatenation.\n\nFinal Answer: True", "answer": "True"}, {"reasoning": "Analyzing the provided code step-by-step:\n1. The \"sync\" package is correctly imported alongside other necessary packages.\n2. The \"const MAX = 3\" is correctly defined but unused.\n3. The function \"Sort\" is defined, which sorts an array \"A\" into \"N\" splits concurrently. The function appears to function correctly without syntax errors.\n4. The main function starts by declaring a string variable \"input\".\n5. \"fmt.Scanln(&input)\" reads input from the user into \"input\".\n6. The \"digits\" variable splits the input string by the \"+\" character.\n7. An array of integers \"ints\" is created and filled by converting each element of \"digits\" to an integer.\n8. A random integer \"N\" is generated using \"len(A)\", which is incorrect because \"A\" is undefined in the main function scope.\n\nThis leads to a compilation error due to the undefined \"A\".\n\nTherefore, the code generates a compilation error.", "answer": "True"}, {"reasoning": "1. The package main is declared without any issue.\n2. The necessary imports from the fmt package are present.\n3. The main function is defined correctly.\n4. A variable n of type int64 is declared correctly.\n5. The fmt.Scanf function is used to read an integer from standard input and store it in 'n'. The format specifier \"%d\" matches the type of the variable, and the address of 'n' is passed correctly.\n6. A variable r of type int64 is correctly initialized to 0.\n7. There is a for loop which ranges from 2 to n/2, incrementing by 2. In each iteration, it increments 'r' by 1. The for loop syntax and logic are correct and there is no issue with integer types or conversions here.\n8. Finally, the fmt.Println function is used to print the value of 'r'. This is also correct.\n\nSince all parts of the code are syntactically and semantically correct, there won't be any compilation error.", "answer": "False"}, {"reasoning": "1. The code defines a main function.\n2. Inside the main function, a variable declaration block is used to declare three integer variables: 'n', 'm', and 'a'.\n3. The fmt.Scanln function is called to read input values for 'n', 'm', and 'a'.\n4. The first if statement checks if 'n' % 'a' is not equal to 0, and if true, it updates the value of 'n'.\n5. The second if statement checks if 'm' % 'a' is not equal to 0, and if true, it updates the value of 'm'.\n6. Finally, the result of 'n' * 'm' is printed using fmt.Println.\n7. The fmt package has not been imported, resulting in a compilation error.", "answer": "True"}, {"reasoning": "1. The `main` package is imported correctly and the 'fmt' and 'math' packages are also imported properly.\n2. Variables `n`, `m`, `a`, `ndiva`, and `mdiva` are declared with type `float64`.\n3. Values for variables `n`, `m`, and `a` are scanned using `fmt.Scanf`.\n4. Block comments are properly used to comment out a portion of the code.\n5. The `math.Ceil` function is used to round up the results of the divisions.\n6. `fmt.Println` is used correctly to print the results.\n\nSince all the syntax rules of Go are followed correctly, the code does not generate a compilation error.", "answer": "False"}, {"reasoning": "1. Verify the function signature: The function `main()` is defined correctly.\n2. Variable declarations: The variables `a`, `m`, and `n` are declared with the type `int`. This is correct.\n3. Importing the necessary package: The `fmt` package is not imported, which is required to use `fmt.Scanf` and `fmt.Println` functions.\n4. The `fmt.Scanf` function is used properly to read input values into `m`, `n`, and `a`.\n5. Operations on variables `m` and `n`: The variables `m` and `n` are divided by `a`.\n6. Conditional checks and increments: The conditions check if `m` or `n` need to be incremented, which is done correctly.\n7. Output: The final output of `m*n` is printed using `fmt.Println`.\n8. Compilation error due to missing `fmt` package import.\n\nFinal conclusion: The code will generate a compilation error due to the missing import of the `fmt` package.", "answer": "True"}, {"reasoning": "The code provided has a couple of issues that will result in a compilation error:\n\n1. The `fmt.Scanf` function uses `%b` which is used for base 2 number representation. It should be `%f` for floating-point numbers.\n2. The variable `a_in_n_and_m` is being used without declaration or initialization.\n\nAfter addressing these mistakes, the code should compile correctly. Hence, the code in its current form will generate a compilation error.", "answer": "True"}, {"reasoning": "1. First, let's inspect the import statements. These are importing necessary packages such as bufio, io, os, strconv, strings, fmt, time, log, and math. All of these are valid and correctly imported.\n2. Next, in the MyInput struct and its methods, there are no syntax or type errors. It uses channels, reader, string manipulation, etc., correctly.\n3. The main function is valid Go syntax. It initializes MyInput struct with os.Stdin and calls the solve function with the result of mi.readInt64s().\n4. The solve function also does not contain any syntax errors. It utilizes the math.Ceil function and fmt.Println function correctly.\n\nOverall, there are no syntax or type errors in the provided code, hence it will not generate a compilation error.", "answer": "False"}, {"reasoning": "1. The 's' variable of type '*InOut' is used before it's initialized. In Go, the order of variable initialization and package-level declarations matters. The main function uses 's', but 'init' should have been called before main, thus this sequence is correct.\n2. The 'NextInt' function is called on 's' within the 'main' function, but the 'InOut' type does not define a 'NextInt' method. The correct method might be 'Next' according to the 'InOut' type definition.\n3. The 'Println' and 'Flush' methods are also called on 's' within the 'main' function, which can be correct since those methods are defined in 'InOut' type.\n\nThis leads to a compilation error as 'NextInt' is not defined for 'InOut' type.\n\nFinal answer: True", "answer": "True"}, {"reasoning": "1. The program begins with the 'package main' declaration, which is correct.\n2. It imports the necessary packages: 'fmt' and 'math', both of which are valid.\n3. The main function is declared correctly using 'func main()'.\n4. Variables 'n', 'm', and 'a' are declared as unsigned 64-bit integers, which is valid.\n5. 'fmt.Scan' is used to read input for the variables 'n', 'm', and 'a', which is correct.\n6. A compilation error occurs due to the usage of 'math.Ceil' which expects a float64 argument and returns a float64, but the code tries to use it with uint64 directly, which causes a type mismatch.\n7. To fix this error, you would need to cast the uint64 values to float64 before passing them to 'math.Ceil' and cast the result of 'math.Ceil' back to uint64 if necessary.\n\nDue to the type mismatch with 'math.Ceil', the code will generate a compilation error.", "answer": "True"}, {"reasoning": "Let's evaluate the given code step-by-step to verify if it generates a compilation error:\n\n1. **Package Declaration and Import: ** The package `main` is declared correctly, and the `fmt` package is imported properly.\n\n2. **Function Declaration: ** The `main` function is declared correctly with empty parentheses and no return type, which is expected for the `main` function.\n\n3. **Variable Declaration: ** The variables `m`, `n`, and `a` are declared correctly with the `var` keyword.\n\n4. **Using fmt.Scanln(): ** There is a typo in the method name. The correct method should be `Scanln` with an uppercase 'S' (`fmt.Scanln(&m,&n,&a)`), not `scanln`.\n\n5. **Using fmt.Print(): ** Similar to the previous step, there is a typo in the method name. The correct method should be `Print` with an uppercase 'P' (`fmt.Print(((m+a-1)/a)*((n+a-1)/a))`), not `print`.\n\nBecause of these typos in using `fmt.Scanln` and `fmt.Print`, the code will not compile.\n\nFinal Answer: True", "answer": "True"}, {"reasoning": "The code attempts to access methods of 's', which is defined as a pointer to the 'InOut' struct. However, there is no evidence or implementation of how the methods 'NextInt64', 'Println', and 'Flush' are accessible on the 'InOut' struct as defined here. One immediate issue is that these methods are not part of 'InOut'. These methods should have been part of the 'InOut' struct, otherwise, it leads to compilation errors because the method cannot be found within the struct definition.\n\nConsequently, the code generates a compilation error because it tries to call non-existent methods on the 'InOut' struct.", "answer": "True"}, {"reasoning": "1. The integer division of `n/a` and `m/a` should result in an integer type, but this may not give the expected result in Go since `a` is of type `int` while `tiles1` and `tiles2` are `uint`.\n2. The increment operations `tiles1++` and `tiles2++` are valid and should not cause compilation errors; these operations are valid for `uint` in Go.\n3. Multiplication and assignment to `hasil` is correctly handled as `uint`.\n4. Overall, there is a type mismatch issue with assigning `n/a` and `m/a` to `uint` variables directly.\n\nFinal conclusion: True, the code generates a compilation error due to type mismatch.", "answer": "True"}, {"reasoning": "1. The code begins by importing the 'fmt' package, which is necessary for input and output operations.\n2. The main function starts and declares three integer variables: i, j, and k.\n3. The fmt.Scanf function is used to read three integers from standard input into variables i, j, and k.\n4. The next line contains an error: 'var int n = i/k'. In Go, the syntax for declaring and initializing a variable is 'var n int = i / k' or simply 'n := i / k'. Similarly, 'var int m = j/k' is also incorrect.\n5. Due to the incorrect variable declaration syntax, the code will generate a compilation error.", "answer": "True"}, {"reasoning": "1. The 'package main' declaration and the import of 'fmt' are standard and do not cause any issues.\n2. The 'func main()' defines the main function properly.\n3. Variables 'a', 'b', and 'c' are declared with type 'int32'.\n4. The variable 'result' is initialized as an integer with a value of 1. This is fine because it can be used in integer arithmetic without any issues.\n5. The code uses 'fmt.Scan' to read input values, which is correct for variable addresses.\n6. The 'if-else' statements are checking for divisibility and performing integer division and multiplication, which is valid.\n7. The 'fmt.Println(result)' prints the result correctly.\n\nThere are no syntax errors or type mismatches in the code that would cause a compilation error.\n\nTherefore, the code does not generate a compilation error.", "answer": "False"}, {"reasoning": "1. The code uses the `package` keyword correctly to specify the package name.\n2. The `import` statement is correctly used to import the `fmt` and `math` packages.\n3. The `main` function is defined correctly.\n4. Three variables `a`, `b`, and `c` of type `int64` are declared.\n5. The `fmt.Scan(&a, &b, &c)` function is used to read input values for `a`, `b`, and `c`.\n6. The `fmt.Println` function is used to print the result of an arithmetic expression.\n7. The arithmetic expression itself has various mathematical operations, but there is an issue with operator precedence and missing braces which should cause a compilation error. The expression should be properly parenthesized to avoid this.\n\nThe code generates a compilation error due to operator precedence issues and missing parentheses in the arithmetic expression within the `fmt.Println` statement.", "answer": "True"}, {"reasoning": "First, we need to parse the import statements. The packages 'fmt' and 'math' are correctly imported.\n\nNext, we need to analyze the main function:\n1. The variables 'n', 'm', and 'a' are declared with type 'float64'.\n\n2. The fmt.Scanf function checks for standard input, and the format specified '%f %f %f' matches 'float64' correctly.\n\n3. The 'err' variable captures any error that occurs during scanning, but this error is not being checked or handled.\n\n4. The fmt.Println prints the result of the expression 'math.Ceil(m/a) * math.Ceil(n/a)', which is mathematically correct and does not violate any compilation rules.\n\nAll steps considered, every part of the function is syntactically correct and should not cause a compilation error. The code might have runtime errors if the input is incorrect or if 'err' contains an error after scanning, but it will not cause a compilation error.", "answer": "False"}, {"reasoning": "1. The code starts with the 'package main' declaration, which is correct.\n2. The necessary 'fmt' package is imported correctly.\n3. In the main function, three integer variables i, j, and k are declared correctly.\n4. The 'fmt.Scanf' function is used correctly to scan values into i, j, and k.\n5. There is a declaration of variables 'n' and 'm' with the 'var int' syntax, which is incorrect in Go. The correct way to declare and initialize a variable in Go is either by using the ':=' syntax or by splitting the declaration and assignment as two separate steps.\nThis syntax error will cause a compilation error.\n\nFinal Answer: True", "answer": "True"}, {"reasoning": "1. The package 'fmt' is imported correctly.\n2. The main function is defined correctly.\n3. Variables 'n', 'm', and 'a' are declared correctly as integers.\n4. The 'fmt.Scanf' function is used correctly to scan three integer inputs.\n5. The expressions 'n/a+1' and 'm/a+1' calculate the width and height respectively, which should be correct logically.\n6. The 'fmt.Println(width*height)' statement prints the expected output.\nThe code does not have any syntax or logical errors that would produce a compilation error.\nFinal Answer: False", "answer": "False"}, {"reasoning": "1. The code defines the main package and imports the fmt package correctly.\n\n2. Inside the main function, it declares variables 'n', 'm', 'a', 'result', 'x1', and 'x2' of type int64.\n\n3. It correctly scans the values for 'n', 'm', and 'a' from the standard input using fmt.Scan.\n\n4. The if-else logic to calculate 'x1' based on 'n' and 'a' is correct.\n\n5. However, there is a re-declaration of 'x2' inside the second if-else block instead of an assignment. The line 'x2 := m / a' re-declares 'x2' within the scope of the else block, causing a compilation error.\n\n6. The correct line should be 'x2 = m / a' to avoid re-declaration.\n\nHence, the code will generate a compilation error.", "answer": "True"}, {"reasoning": "Let's analyze the provided Go code step-by-step to identify if there are any compilation errors:\n\n1. The \"main\" package is correctly defined.\n2. The necessary \"fmt\" and \"sort\" packages are imported.\n3. The \"min\" function is correctly defined with two integer parameters and returns the smaller of the two.\n4. The \"main\" function is correctly defined.\n5. Two integer variables \"n\" and \"m\" are declared.\n6. The \"fmt.Scanln\" function is used to read input values for \"n\" and \"m\".\n7. Two slices \"a\" and \"b\" of lengths \"n\" and \"m\" respectively are created.\n8. For loops are used to read integers into the slices \"a\" and \"b\". \"fmt.Scanf\" is used to read input values. There is no issue with the usage of \"fmt.Scanf\".\n9. The slices \"a\" and \"b\" are sorted using \"sort.Ints\".\n10. A nested loop is used to find a common minimum value in both slices.\n11. If a common value is found, \"ans\" is updated using the \"min\" function.\n12. If \"ans\" remains unchanged, a special calculation is used to update it.\n13. Finally, the result is printed using \"fmt.Println\".\n\nThere are no syntax errors in the provided code. It is correctly structured and all necessary imports and functions are defined properly.\n\nAfter careful review, I can conclude that the code does not generate a compilation error.", "answer": "False"}, {"reasoning": "First, I will analyze the code step-by-step to detect any compilation errors:\n\n1. The package main is correctly declared.\n2. Necessary packages fmt and sort are imported.\n3. The min function is correctly defined with a proper return type.\n4. The main function is declared and contains no syntactical errors.\n5. Variables n and m are declared and used correctly to scan inputs.\n6. Slices a and b are created and populated correctly using loops.\n7. Arrays a and b are sorted using sort.Ints without errors.\n8. Variable ans is initialized correctly.\n9. Nested loops are used to compare elements of a and b, while correctly calling the min function.\n10. The final conditional statement checks ans and prints the correct output.\n\nAfter thoroughly examining all parts, I can conclude that the code does not contain any compilation errors. Thus, the final answer is False.", "answer": "False"}, {"reasoning": "Let's break down the given Go code to check if it generates a compilation error.\n\n1. Package Declaration:\n- The code correctly declares the 'main' package.\n\n2. Imports:\n- The code imports necessary packages: 'bufio', 'fmt', 'os', and 'strconv'.\n\n3. Function 'solve':\n- Declares the 'solve' function which includes several operations involving reading input and processing it.\n- Calls to 'readInt' function to read values of 'n' and 'm'.\n- Creates and populates two maps 'ns' and 'ms' with boolean values.\n- Loops to check conditions and prints values based on certain criteria.\n\n4. Global Variable 'scanner':\n- Declares 'scanner' as a global variable of type '*bufio.Scanner'.\n\n5. Function 'main':\n- Initializes 'scanner' to read from 'os.Stdin'.\n- Sets buffer and split function for 'scanner'.\n- Calls the 'solve' function.\n\n6. Supporting Functions 'readString', 'readInt', and 'readInt64':\n- These functions are correctly defined to read and convert input values.\n\nGiven the structure and syntax of the code, there does not appear to be any compilation errors. The functions are correctly declared and used, and the imports are appropriate for the operations being performed. \n\nThus, the final conclusion is that the code does not generate a compilation error.", "answer": "False"}, {"reasoning": "1. The package main is correctly imported.\n2. Required packages fmt and sort are correctly imported.\n3. The function min is correctly defined with proper logic.\n4. The main function is defined, and variables n and m are declared.\n5. fmt.Scanf is used correctly to read inputs for n and m.\n6. Two slices a and b are defined with length n and m respectively.\n7. Loop for reading values into the slices a and b are used correctly. However, there is an issue here where in both loops, the iteration is done till 'n'. The second loop should iterate till 'm'.\n8. sort.Ints is correctly used to sort slices a and b.\n9. Nested loops for comparing elements of slices a and b are correctly used.\n10. Value of ans is correctly updated.\n11. When ans is 0, the correct minimum concatenation is found.\n12. The result is printed correctly.\n\nThere is a logical error in the second loop where 'n' should be replaced with 'm'. Other than that, the code should compile correctly. Therefore, there is no compilation error.", "answer": "False"}, {"reasoning": "1. The code begins by importing necessary packages: fmt and sort.\n2. The `min` function is defined, which calculates the minimum of two integers.\n3. In the `main` function, the code reads two integers `n` and `m` and then reads `n` integers into array `a` and `m` integers into array `b`.\n4. The arrays `a` and `b` are sorted using the `sort.Ints` function.\n5. A nested loop checks for common elements in the arrays `a` and `b`. If a common element is found, it updates `ans` to the minimum of its current value and the common element.\n6. If no common elements are found (`ans` remains 99999999), `ans` is updated to the minimum of the two possible concatenated values of the smallest elements from arrays `a` and `b`.\n7. Finally, the result is printed.\nCareful examination shows that the code does not have any syntax errors or missing components that would prevent it from compiling. Thus, it will not generate a compilation error.", "answer": "False"}, {"reasoning": "1. The code imports the necessary packages: fmt and sort. Both are part of the Go standard library, so this is correct.\n2. A min function is defined to return the minimum of two integers. The function is correctly defined and doesn't cause any compilation errors.\n3. Inside the main function, variables n and m are defined and then their values are read using fmt.Scanf. This is correct syntax.\n4. Two slices, a and b, are created with lengths n and m respectively. The make function is correctly used here.\n5. The slices a and b are populated using for loops with fmt.Scanf. The syntax here is correct and won't cause a compilation error.\n6. The sort.Ints function is used to sort both slices. This is standard usage and won't cause compilation errors.\n7. The variable ans is defined and initialized to a large value (99999999). This is correct.\n8. Nested for loops are used to check if any elements in slices a and b are equal. If so, the min function is called and ans is updated. This is correct.\n9. An if statement checks if ans is still 99999999 and if so, updates it to the minimum of a[0]*10+b[0] and b[0]*10+a[0]. This is syntactically correct in Go.\n10. The result is printed using fmt.Println. This is standard and correct.\n\nThere are no syntax or type errors in the code, so it will compile successfully.", "answer": "False"}, {"reasoning": "1. The package `main` and the `main()` function are correctly defined for a Go program.\n2. The necessary imports - `fmt` and `sort` packages are correctly imported.\n3. The `min` function is defined and seems logically correct.\n4. Input reading for variables `n` and `m` and arrays `a` and `b` is done correctly.\n5. Iterating and reading input for arrays `a` and `b` is correctly implemented.\n6. Arrays `a` and `b` are sorted using `sort.Ints` which is correctly used.\n7. The double loop to match elements in `a` and `b`, and calculating minimum using the `min` function has no apparent issues.\n8. The final condition to check if no match was found and to calculate the answer seems logical.\n\nThus, the code appears to be logically and syntactically correct without any obvious compilation errors.", "answer": "False"}, {"reasoning": "Let's break down the code step-by-step:\n\n1. The code defines the main package and imports the required fmt and sort packages.\n2. We have a function `min` which takes two integers and returns the minimum of the two.\n3. The `main` function starts, initializing variables `n` and `m`, and reads their values.\n4. It then prints the values of `n` and `m`.\n5. Two slices `a` and `b` are created with sizes `n` and `m` respectively.\n6. The code reads `n` integers into slice `a` and `m` integers into slice `b`.\n7. The slices `a` and `b` are sorted.\n8. Initialization of variable `ans` with a large value to simulate infinity.\n9. Two nested loops iterate through each element in `a` and `b` to find a common value and store the minimum common value in `ans`.\n10. If `ans` remains unchanged, it computes the smallest number that can be formed by combining elements from `a` and `b`.\n11. The value of `ans` is printed.\n\nThe code appears syntactically correct, and all variables are properly declared and used. No mismatched types or missing returns are present.\n\nTherefore, the code should not generate a compilation error.", "answer": "False"}, {"reasoning": "The code provided is a Go program intended to read integers and perform computations on arrays. Let's break down each step:\n\n1. Package and import statements: The code imports necessary packages (`fmt` and `sort`). This should not cause any compilation errors.\n\n2. Variable declarations: Multiple integer variables are declared (`n, m, z, cnt, cnt1, cnt2`). This is valid syntax for declaring variables in Go.\n\n3. Reading input: `fmt.Scanln(&n, &m)` reads two integers from standard input. This is a valid way to read input in Go.\n\n4. Array initialization: `t := make([]int, n)` and `res := make([]int, n)` initialize two integer slices of length `n`, which is correct.\n\n5. Filling the array: A loop fills the `t` array with integers read from standard input using `fmt.Scanf`. This is valid and correct.\n\n6. Main logic: A nested loop performs operations on the array, using `sort.Ints` to sort sub-arrays and `cnt`, `cnt1`, and `cnt2` to track sums and counts. The code syntax appears correct here.\n\n7. Output: The final loop prints out values from the `res` array using `fmt.Printf`, which is valid.\n\nAfter reviewing all steps, there does not appear to be any syntax or logical issues that would cause a compilation error. The program should compile correctly.\n\nTherefore, the final answer is: False.", "answer": "False"}, {"reasoning": "Upon inspecting the provided code, it is clear that the code uses the Go (Golang) programming language. Go is a statically typed and compiled language, which means any issues with types or the structure of the code will cause compilation errors.\n\nStep-by-step analysis of the code:\n1. Package Declaration: The code begins with `package main`, which is correct for an executable program in Go.\n2. Imports: The necessary packages `bufio`, `fmt`, and `os` are correctly imported.\n3. Main Function: Contains the main logic of the program. It uses the `bufio.NewReader` and `bufio.NewWriter` for input and output operations, and ensures `out.Flush()` is called using `defer` to flush the buffer before exiting.\n4. Variable Declarations: Variables `n` and `m` are declared and initialized to zero. These variables are then read from standard input.\n5. Array Declarations: Array `a` and slice `cnt` are declared correctly.\n6. Loop for Reading Input: Reads `n` integers into array `a` successfully.\n7. Logic for Processing: Processes the input as required, correctly using nested loops, conditionals, and arithmetic operations.\n8. Auxiliary Functions: Additional functions `gcd`, `max`, `min`, `abs`, and `ok` are correctly defined and do not interfere with the main logic.\n\nUpon considering the above points, there are no syntactical or type-related issues that could cause a compilation error. All Go syntax rules are properly followed, and the logic is correctly implemented.\n\nFinal Conclusion: The code does not generate a compilation error.", "answer": "False"}, {"reasoning": "The provided Go code seems to be logically correct and doesn't have any syntax errors. Here are the main points to consider:\n\n1. The package main and import statements are correctly placed.\n2. The main function is correctly defined.\n3. The variables are correctly declared and initialized.\n4. The fmt.Scanln function calls are correctly used to read inputs.\n5. The for loops are correctly defined and used for logic implementation.\n6. The if-else statements are properly used.\n7. The syntax and structure of the code follow Go's rules.\n\nBased on the above points, the code does not produce any compilation errors.", "answer": "False"}, {"reasoning": "Let's go through the code step by step:\n\n1. Package `main` is declared, which is required for the Go program to run as an executable.\n2. The necessary packages are imported: `fmt` and `sort`.\n3. Global variables are declared, including arrays and integers.\n4. The `main` function is defined, which is the entry point of the program.\n5. The inputs `n` and `M` are read using `fmt.Scanf`.\n6. A loop reads the times into the array `t`.\n7. The sums are calculated and stored in the `sum` array, with `sum[0]` initialized to 0.\n8. The `buffer` array is given the values of the `sum` array.\n9. A loop iterates over each student to calculate and print the answer.\n10. Inside the loop, if some conditions are met, sorting and copying operations are performed and the buffer array values are manipulated.\n11. The final results are printed.\n\nLooking at the operations and considering Go's syntax and type rules, there are no apparent type mismatches, index out-of-bounds errors, or syntax errors. The code should compile without any errors.", "answer": "False"}, {"reasoning": "Step 1: The code begins with the 'package main' declaration, which is correct.\nStep 2: The 'import' statement includes 'fmt' and has a commented-out 'math' package. This seems correct syntactically.\nStep 3: The 'main' function is defined with proper syntax.\nStep 4: Variables 'i' and 'count' of type int, 'x' with initial value 1, and 's' (a slice of int) are correctly declared.\nStep 5: The 'for' loop starting with 'x' and running until it reaches 'i' is correctly framed.\nStep 6: Inside the 'for' loop, another variable 'temp' is correctly assigned the value of 'x'.\nStep 7: Another variable 'rs' is correctly assigned the value 'i-x'.\nStep 8: Sum calculation based on the digits of the number 'temp' is correctly implemented using another 'for' loop.\nStep 9: The 'if' condition compares 'sum' and 'rs' appropriately, and appends 'x' to the slice 's' if they are equal.\nStep 10: After the loop ends, an 'if' condition checks 'count'. Depending on its value, it either prints 0 or prints the values stored in the slice 's'.\n\nAfter going through these steps, we can confirm that the code is syntactically correct and does not have any compilation errors.", "answer": "False"}, {"reasoning": "The provided code needs to be thoroughly examined to determine if it will generate a compilation error. Here are the detailed steps we can follow to diagnose the code:\n\n1. Verify Package Declaration and Import Statements.\n2. Check for Syntax Issues in the main Function, including variable declarations and initialization.\n3. Ensure there are no commented-out codes affecting executable parts.\n4. Inspect the 'for' loops for proper syntax and functionality.\n5. Check variable usage, especially on lines where it might be incorrectly utilized.\n\nUpon examining the provided code, no syntax errors or import statement issues are evident. All routines are logically placed, and there don't appear to be invalid variable references.\n\nThus, the compiled analysis indicates that the code should not generate a compilation error.", "answer": "False"}, {"reasoning": "1. The code seems to import the 'fmt' package correctly and partially imports the 'math' package (commented out).\n2. The 'main' function is defined properly.\n3. Variable 'i' is declared and 'fmt.Scanf' is used to take input.\n4. The main logic involves a loop with a nested loop, and some arithmetic operations are performed which seem syntactically correct.\n5. There is no use of the 'math' package, so commenting it out does not cause an issue.\n6. The code uses 'append' for slices correctly.\n7. The output based on the logic might be correct, and there are no apparent syntax errors in the code structure.\n\nBased on the given analysis, the code does not generate a compilation error.", "answer": "False"}, {"reasoning": "The code appears to have incorrectly referenced the package name 'math'. In the Go programming language, packages should be imported within double quotes, but 'math' is appropriately imported. Additionally, the code has potential errors such as undeclared 'temp', 'coef', and 'xlast' in certain scopes which may cause compilation failures. However, considering the logic structure, it appears syntactically correct aside from potential logical errors within the operations which do not contribute to compilation failure.", "answer": "False"}, {"reasoning": "Let's take a step-by-step analysis of the code to determine if it generates a compilation error:\n\n1. **Imports:** The code imports the \"fmt\" package which is used for formatted I/O. The \"math\" package is commented out, so it's not required here.\n\n2. **Variables Declaration:** The variable `i` of type int is declared and scanned using `fmt.Scanf`. Variables `x`, `count`, and `s` are declared. These declarations are correct and follow proper syntax rules.\n\n3. **Loops and Conditions:** There is a for loop to find the range for `x`, and within this loop, several computations happen.\n\n4. **Nested For Loop and If Condition:** The nested loop calculates the sum of digits to check against `rs`. The syntax and logic in these loops do not have any visible compilation errors.\n\n5. **Printing Results:** In the final if-else block, based on `count`, the code prints the results. The variable `count` and slice `s` are used properly.\n\nHowever, there is a potential issue where in the final else block, the index `x` is redeclared inside the second for loop `for x:=0;x<count;x++{`, which can lead to variable shadowing.\n\nSince variable shadowing doesn't cause a compilation error but is not recommended for code quality, the final compilation check should not detect errors based on shadowing.\n\nBased on this reasoning, the code provided does not have any syntax errors and should not generate a compilation error.", "answer": "False"}, {"reasoning": "The code does not generate a compilation error. All functions and methods are properly defined, and the code syntax is correct.", "answer": "False"}, {"reasoning": "1. Firstly, the `fmt` package is imported correctly. Import statements are commented out correctly.\n2. The main function is declared without any syntax errors.\n3. Variables are declared and initialized correctly.\n4. The `fmt.Scanf` function is used correctly to read an integer.\n5. A loop is used correctly to iterate.\n6. The logic within the loop uses basic arithmetic operations and conditions correctly.\n7. The `append` function is used correctly to add elements to the slice `s`.\n8. The final output statements use the `fmt.Println` function without errors.\n9. There are no syntax errors or unresolved identifiers in the code.\n\nHence, the code does not generate a compilation error.", "answer": "False"}, {"reasoning": "Step 1: Check package declaration - The code starts with 'package main', which is correct for a Go application entry point.\nStep 2: Check imports - The code imports 'fmt', 'os', and 'bufio' packages which are used correctly within the code.\nStep 3: Define functions - The 'Max' function is defined correctly.\nStep 4: Check the 'main' function - The 'main' function is defined correctly.\nStep 5: Variable declarations - Variables 'in', 'out', 'n', 's', 'maxs', 'd', and 'ans' are declared correctly.\nStep 6: Reading input - The 'fmt.Fscanln' functions are used correctly to read input.\nStep 7: Logic inside 'for' loop - The logic inside the 'for' loop seems correct for processing the string.\nStep 8: Using fmt package for output - The 'fmt.Fprintln' and 'fmt.Fprint' functions are used correctly to print the output.\nStep 9: Flushing the output buffer - The output buffer is flushed correctly.\n\nConclusion: The code does not contain any syntax errors or misuses of the Go language constructs and thus should compile successfully.", "answer": "False"}, {"reasoning": "First, let's analyze the code and check for any syntax or logical errors. The code begins with the package main declaration, which is correct. It then imports the necessary packages fmt, os, and bufio. These packages are correctly imported and used in the program.\n\nThe Max function is defined correctly and there are no errors in its implementation. It is used to find the maximum of two integers.\n\nIn the main function, bufio.NewReader and bufio.NewWriter are used correctly to read input from stdin and write output to stdout. Variables n and s are declared correctly.\n\nThe fmt.Fscanln functions are used to scan input for variables n and s. The array maxs and slice d are declared and initialized correctly. The ans variable is initialized to zero.\n\nThe for loop iterates over each character in the string s. There are no syntax errors in the loop constructs. The logic inside the loop updates the array d and maxs and keeps track of the maximum value in ans.\n\nThe conditional statements to check the value of ans and print the appropriate output are syntactically correct. The final out.Flush() call is correct.\n\nNo syntax or logical errors are found in the code that would cause a compilation error. Therefore, the code does not generate a compilation error.", "answer": "False"}, {"reasoning": "The code provided contains all necessary package imports, including \"bufio\", \"fmt\", and \"os\". It defines several functions including `min`, `max`, `Solve`, and `main`. All functions appear to be correctly implemented according to the problem statement provided. There is no obvious syntax or semantic error in the code. Therefore, the code should compile without any issues.", "answer": "False"}, {"reasoning": "1. The code is written in the Go programming language.\n2. The code defines several functions: `min`, `katta`, `ab`, and `calc`. All of these functions seem to be correctly defined with proper syntax and return types.\n3. The `calc` function appears to be using the correct indexing for the `string` data type, and the operations on the characters (converting to `int` and performing arithmetic operations) are valid in Go.\n4. In the `main` function, the code uses `fmt.Scanf` and `fmt.Scan` to read input values, which is valid in Go.\n5. The variables are correctly declared and the logic seems appropriately structured for a Go program.\n6. There are no visible syntax errors or misuse of Go language constructs. Therefore, the code should compile without any issues.", "answer": "False"}, {"reasoning": "Start by examining each part of the code:\n1. The package and imports: The package is main, and several standard libraries are imported correctly, including fmt, bufio, io, and os.\n2. Function Definition: The function CF1114C has correct parameter types (io.Reader and io.Writer). A BufferedReader and BufferedWriter are created and deferred correctly.\n3. Variable Declarations: Variables n and x are declared correctly as int64.\n4. Function f: This function is declared inside CF1114C and seems to be correctly implemented for its intended purpose.\n5. Main Loop: The loop and conditionals for breaking down x into prime factors look correct.\n6. The main function: This function calls CF1114C with os.Stdin and os.Stdout, which are valid.\n\nNo syntax or type issues can be found in the code provided. Every aspect looks like it is correctly implemented, leading us to conclude that the code will compile without errors.", "answer": "False"}, {"reasoning": "Examining the given Go code, there are several key checks to ensure it compiles without errors:\n\n1. **Package and Imports**: The `package main` and import statements are correctly defined.\n2. **Constants Definition**: Constants such as `MOD`, `ALPHABET_NUM`, etc., are correctly defined.\n3. **Function Definitions**: Custom functions like `main`, `init`, `ChMin`, `TrialDivision`, `newReadString`, as well as I/O functions (`ReadInt`, `ReadInt64`, etc.) are correctly defined and return appropriate types.\n4. **Map and Variable Declarations**: Maps and variables (for example, `memo`, `counts`) are correctly declared and utilized.\n5. **Usage of panic**: The code uses `panic` in `TrialDivision` and `newReadString` functions for error handling, which is acceptable.\n6. **Buffered I/O**: The usage of `bufio.Writer` for buffered output is correct.\n7. **Scanning Input**: The implementation of `newReadString` with `bufio.Scanner` to read inputs seems correct.\n8. **TrialDivision Function Usage**: The function `TrialDivision` is used to get prime factors, and it ensures `n>1` before proceeding, preventing runtime errors for invalid input.\n9. **Main Execution Logic**: The main function combines these utilities to solve a computational problem without any apparent syntax or semantic errors.\n10. **Error Handling**: Scanning and conversion methods handle errors appropriately by panicking, ensuring the program stops if there's an unexpected input issue.\n\nGiven these checks, there does not appear to be any reason for the code to generate a compilation error, which means the code is likely to compile successfully.", "answer": "False"}, {"reasoning": "First, the code includes the necessary libraries and defines the main function. It initializes a mutable variable `input` but does not assign an initial value. The function `read_to_string` is called on the standard input locking it, attempting to read a string into `input`. This will fail because `input` is uninitialized. Also, the code tries to access the first element of `input` which would not necessarily be valid. This will cause a panic. To resolve both issues, `input` should be initialized as an empty String. Therefore, the correct step by step debug should be as follows:\n1. Initialize the `input` variable properly with `String::new()`.\n2. Fix the use of `read_to_string` to handle the input correctly and safely.\n3. Access the correct part of `input` after it has been read.\n\nHence, the final output leading to this snippet contains compilation errors.", "answer": "True"}, {"reasoning": "Let's break down the code step-by-step:\n\n1. The code imports the necessary modules: `std::io`, `std::io::stdin`, and `term::stdout`.\n2. The main function is defined.\n3. A mutable `input` string is created.\n4. It attempts to read a line from standard input into the `input` string using `io::stdin().read_line(&mut input)`.\n5. The code tries to parse the input string to a `u32` integer and uses a match statement to handle the result. If parsing is successful, the number is assigned to `weight`, otherwise, the error `e` is assigned to `weight`.\n6. The code then checks if `weight` is divisible by 2 using the `if weight%2 = 0` condition. If true, it prints `YES`, else it prints `NO`.\n\nNow, let's identify the issues:\n\n- The line `use term::stdout;` is importing the `stdout` module from `term`, which is not used anywhere in the code. This doesn't cause a compilation error since unused imports do not result in compilation errors in Rust.\n- The `Err(e) => e` arm of the match statement assigns the error `e` to `weight`, which is of type `u32`. This will cause a type mismatch error during compilation.\n- The condition `if weight%2 = 0` is a typo. The correct comparison operator is `==` instead of `=`. Using `=` will cause a compilation error.\n\nGiven these issues, I conclude that the code will not compile.\n\nFinal answer: True.", "answer": "True"}, {"reasoning": "Step 1: Verify standard main function syntax - The main function syntax is correct.\n\nStep 2: Examine String initialization - The String::new() syntax is correctly used for initializing an empty input string.\n\nStep 3: Check for standard library usage - Usage of `std::io::stdin()` and `read_line()` to read input seems correct.\n\nStep 4: Evaluating `read_line` error handling - `.expect(\"Bleh.\")` syntax is correct for handling potential errors from `read_line`.\n\nStep 5: Parsing input - `input.parse()` is used to parse input into an i32. This lacks error handling, which can potentially cause a runtime error if the input is not a valid integer, but it does not cause a compilation error.\n\nStep 6: Evaluate the conditions - The rest of the logic `if (number % 2 == 0) && (number != 2)` is syntactically correct for condition checks.\n\nStep 7: Check print statement - `println!(\"YES\\n\")` and `println!(\"NO\\n\")` are correctly used.\n\nNo compilation errors were found in the breakdown of the code.\n\nOverall, the code provided does not generate a compilation error.", "answer": "False"}, {"reasoning": "1. First, the 'use' statement is correctly importing the `stdin` function from the `std::io` module, so there is no compilation error in the import.\n2. The `main` function starts, and a mutable String `s` is initialized, which is valid.\n3. The `read_line` function reads from standard input into `s` and unwraps the Result, so there is no compilation error here.\n4. The `trim` method is called on `s`, which is a valid method for a String.\n5. The `parse` method is called to convert `s` to a `u32`, but this method returns a `Result`. Since the code does not handle the `Result`, this will cause a compilation error.\nTherefore, considering these steps, the final answer is True as the code generates a compilation error.", "answer": "True"}, {"reasoning": "1. The code starts with importing the required modules from the standard library: 'std::io::{self, Write};'. This line is correct and doesn't generate any compilation error.\n\n2. The 'main' function is defined: 'fn main() {'. This is also correct.\n\n3. Inside the main function, a mutable string 's' is created and initialized with a new string: 'let mut s = String::new();'. This line is correct.\n\n4. The program then reads a line from standard input and stores it in 's' using 'io::stdin().read_line(&mut s).unwrap();'. This code is correct.\n\n5. The program trims the input string, parses it into an integer, and unwraps the result: 'let n = s.trim().parse::<i32>().unwrap();'. This line is correct too.\n\n6. The conditional statement starts with checking if a number 'n' bitwise AND with 2 is 0 and if it is not equal to 2: 'if n & 2 == 0 && n != 2 {'. This is also correct.\n\n7. Inside the if block, the program prints 'YES': 'println!(\"YES\");'. This line of code is correct.\n\n8. The code then has a misplaced closing curly brace '}'. This causes a compilation error because the 'else' clause is supposed to be paired with the 'if' statement.\n\n9. The 'else' block that prints 'NO': 'println!(\"NO\");' is correct, but because of the misplaced closing curly brace, it generates a compilation error.\n\nFinal Conclusion: The code generates a compilation error due to the misplaced closing curly brace after the if block.", "answer": "True"}, {"reasoning": "1. First, the code attempts to import the `stdin` function from `std::io`.\n2. In the `main` function, it tries to read a string from the standard input using `stdin().read_to_string().unwrap()`. However, `read_to_string` is a method of `std::fs::File` and not a method of `stdin`. The correct method to read from `stdin` would be `std::io::read_to_string(&mut String::new()).unwrap()`.\n3. Secondly, the `parse` method from `String` returns a `Result` which needs to be handled properly. Here, it is directly assigned to `n` without unwrapping or matching the `Result`.\n4. If these issues are not corrected, the code will generate a compilation error.", "answer": "True"}, {"reasoning": "1. The code uses the 'extern crate' declaration for a crate named 'utils'. In Rust 2018 edition and later editions, the 'extern crate' declaration is generally not needed. However, this by itself does not cause a compilation error.\n\n2. The code is attempting to use the 'utils' crate without specifying where to find it. For the code to compile, the 'utils' crate must be specified in the Cargo.toml file of the project. If the crate is not found, this will cause a compilation error.\n\n3. The 'use utils::*;' statement imports all public items in the 'utils' crate, which does not cause a compilation error by itself.\n\n4. The function 'read_line' reads a line of input from the standard input and returns it as a String. There are no syntax errors in this function.\n\n5. The 'main' function reads an input line, parses it as an 'i32', and prints either 'YES' or 'NO' based on the value of the input. There are no syntax errors in this part of the code.\n\nOverall, the compilation error depends on whether the 'utils' crate is correctly specified and available. If not, a compilation error will occur. Otherwise, the code does not cause any compilation errors.", "answer": "True"}, {"reasoning": "1. The code begins with the main function. The 'main' function is correctly defined in Rust.\n2. It attempts to use the 'Scan' module from 'scan' crate. This line doesn't have any issue, assuming the 'scan' crate and 'Scan' module exists.\n3. It creates a mutable scanner from the standard input using 'scan::from_stdin()'. Again, this line is correct assuming the 'scan' crate has this function.\n4. It reads the next item from the scanner and expects it to be an integer ('i32'). This also assumes the 'scan' crate provides a 'next' method and it works as intended.\n5. The next step is a conditional check to see if the integer 'n' is even. If it is, it prints 'YES', and if not, it prints 'NO'. The conditional and print statements are syntactically and logically correct.\n\nThe crucial part is the availability and proper functioning of the 'scan' crate and its functions 'Scan' and 'from_stdin'. Assuming these exist and work as mentioned, the code does not have any compilation errors.", "answer": "False"}, {"reasoning": "First, let's examine the code step-by-step to check for any compilation errors:\n\n1. The code uses the `std::error::Error` trait, which is included from the Rust standard library. There is no issue here.\n2. The `std::io` module and its components (`self`, `Read`, `stdin`) are imported correctly. No issues here either.\n3. The main function is scheduled to return a `Result<(), Box<dyn Error>>`. The usage of the `Result` type and the error boxing is correct.\n4. A mutable String object `s` is defined and initialized correctly.\n5. The standard input is read into the string `s` using the `stdin().read_to_string(&mut s)?` statement. The `?` operator is used here to propagate any errors, and this is correct.\n6. The string `s` is then parsed into a `u32` value using `s.parse()?`, which also correctly uses the `?` operator to propagate any errors.\n7. The if-else statement checks if the parsed number `n` is even and prints `YES` or `NO` accordingly. There are no issues here either.\n8. Finally, the `Ok(())` statement indicates a successful completion of the main function, which is also correct.\n\nAfter analyzing the code, there are no noticeable compilation errors. Therefore, the code would compile successfully and not generate a compilation error.", "answer": "False"}, {"reasoning": "1. Begin by checking the code for syntax errors. This code is written in Rust.\n2. Look at the first line: `use std::io::stdin;`. This line is correct as it imports the std::io::stdin function.\n3. Check the main function. The function declaration `fn main() {` seems correct.\n4. Analyze the line `let s = stdin().read_to_string().unwrap();`. The stdin function does not directly have a `read_to_string()` method, so this might cause an error.\n5. The correct way to read the input as a string is missing. You need to import `std::io::Read` trait for `read_to_string` to work.\n6. See the line `let n : u32 = s.parse();`. Here, `s.parse()` should be followed by proper error handling, or `.unwrap()` to panic in case of an error.\n7. Finally, check for matching braces. Notice the main function's closing brace is missing.\n\nConsidering these points, the code has the following issues: \n- Missing `use std::io::Read;`.\n- `s.parse()` should be `s.parse().unwrap()`.\n- Missing closing brace for the main function.\n\nDue to the identified issues, the code will generate a compilation error.", "answer": "True"}, {"reasoning": "Step 1: Identify macro definition syntax and verify if it adheres to Rust's macro_rules syntax. The macro uses correct syntax for both patterns and expansion clauses.\nStep 2: Examine the `extern crate text_io;` for correctness to see if it relies on a well-defined external crate.\nStep 3: Check the `read!()` macro usage within the `text_io` crate to confirm correct usage within `main()`.\nStep 4: Review the main function syntax and control flow for correctness, ensuring compatibility with crates and macros.\n\nAfter verifying each component interacts as intended:\nFinal conclusion: There are no apparent syntax issues, and all macros and externals follow expected usage.\nFinal answer: False", "answer": "False"}, {"reasoning": "The provided code defines two macros (`read_line!` and `parse_token!`) and uses the `read_line!` macro within the `main` function to read an input. Macros are not evaluated until they are invoked, and in this case, no syntax errors appear to be present. Rust macros can sometimes cause issues if misused, but in this instance, all macro definitions and invocations seem to be valid.\nThe macros handle reading from `stdin` and parsing the input correctly based on the given types. Additionally, the `main` function's logic checks the parity of `w` and prints the appropriate response.\n\nThus, the code should compile without any errors.\n", "answer": "False"}, {"reasoning": "First, examining the `read_line` line, there's a call to `.except` instead of `.expect`. This will generate a compilation error because the correct method name is `.expect`. Next, the variable `weight` is attempting to have its value parsed, but the code uses a variable `guess` which is not defined anywhere in the code. This will lead to a compilation error. Finally, there's an unnecessary parenthesis in `if (weight % 2 ==0)`; although not a compilation error necessarily, it's unconventional in Rust.", "answer": "True"}, {"reasoning": "First, we need to understand the given code structure and operations. The function `watermelon` takes a parameter `weight` of type `usize`, and returns a `String`. It uses a match expression on `weight % 2`, which will yield either 0 or some other integer. The branches return string slices: 'YES' for even weights and 'NO' for odd weights.\n\nHowever, the code attempts to call `.to_string()` on the result of the match expression directly. The direct result of the match expression yields a `&str`, so calling `.to_string()` on it should work without errors.\n\nThis seems logically correct and syntactically valid.\n\nHence, the code does not generate a compilation error.", "answer": "False"}, {"reasoning": "1. The function `kd` takes an integer `k` as an argument and returns a boolean.\n2. In the if condition, `k % 2 != 0` checks if `k` is odd.\n3. `k > 100` checks if `k` is greater than 100.\n4. `k - k == 2 * k` checks if `0 == 2 * k`, which is always false.\n5. The code is syntactically correct and follows Rust's syntax and type rules.\n6. Therefore, the code does not generate a compilation error.", "answer": "False"}, {"reasoning": "First, let's check the overall syntax of the provided Rust code step-by-step:\n\n1. `use std::io;` - This line correctly imports the `io` module from the standard library. No error here.\n2. `fn main() {` - This line correctly defines the main function. No error here.\n3. `let mut weight = String::new();` - This line correctly initializes a mutable string variable named `weight`. No error here.\n4. `io::stdin().read_line(&mut weight).except(\"Failed\")` - This line attempts to read a line from standard input into the `weight` variable. Rust's `Result` type has an `expect` method, not an `except` method. This will cause a compilation error.\n5. `let weight: u32 = guess.trim().parse().except(\"No Number\")` - The variable `guess` is not defined anywhere in the code. The correct variable name should be `weight`. Also, this line uses `except` again, which should be `expect`. This will cause multiple compilation errors.\n6. `if (weight % 2 == 0){` - This line is syntactically correct but the parenthesis around the condition are unnecessary. No compilation error here.\n7. The rest of the code inside the `if-else` block is syntactically correct.\n\nGiven these issues, the code will generate compilation errors.\n\nFinal conclusion: True", "answer": "True"}, {"reasoning": "1. The function even_parts(w: i32) is defined to take an integer 'w' and return a string.\n2. In the function, a for loop iterates over the range from 0 to 100 (inclusive of 0, exclusive of 101). Inside the loop, two conditions are checked to see if 'w/2' matches '2*k' or '2*k+1'. Based on the condition, it returns \"YES\" or \"NO\".\n3. If none of the conditions are met, it returns \"WTF\".\n4. In main(), an attempt is made to read a line from standard input into the mutable variable 'input'. However, the 'io' module is not imported, resulting in a compilation error.\n5. Additionally, the result of `even_parts(rinput)` is not captured or printed.\n6. Hence, due to the missing import of the 'io' module and the unmatched types between input reading method and Rust standard input reading method, the code generates a compilation error.", "answer": "True"}, {"reasoning": "1. The first step is to import the `stdin` from the `std::io` crate, which is valid and correct.\n2. In the `main` function, the code attempts to read a line from the standard input and store it in the variable `line`. However, the variable `line` is not declared or initialized before using it in the `stdin().read_line(&mut line)` function.\n3. Because `line` is not declared, Rust compiler will throw an error indicating the use of an undeclared variable.\n4. The rest of the code relies on the correct reading of input into `line`, and since `line` is undeclared, the subsequent code will not compile correctly.\n\nTaking these steps into account, the code will generate a compilation error due to the use of the undeclared variable `line`. The final conclusion is that the code generates a compilation error.", "answer": "True"}, {"reasoning": "1. The code starts with the main function definition using `fn main()`. This is correct and does not cause a compilation error.\n2. The line `let mut melon = String::new();` declares a mutable string variable. This is correct and does not cause a compilation error.\n3. The code reads a line from standard input into the `melon` variable. This is correct and does not cause a compilation error.\n4. The code trims the input and parses it as a `u32` (unsigned 32-bit integer), unwrapping it into `_melon`. This is correct and does not cause a compilation error.\n5. The code then checks if `melon % 2 == 0`. This line will cause a compilation error because `melon` is still a `String`, and the modulo operation `%` is not defined for `String`. The code should use `_melon` which is a `u32` for the conditions instead.\n6. As a result, the code generates a compilation error because the conditional checks are being performed on a `String` instead of the parsed `u32` value.\n", "answer": "True"}, {"reasoning": "Step 1: The code imports the 'std::io::stdin' library which is correct.\nStep 2: The 'main' function is declared correctly.\nStep 3: A mutable string 'buffer' is initialized successfully.\nStep 4: The code reads a line from standard input into 'buffer' correctly.\nStep 5: The code trims the buffer and parses it into an unsigned 32-bit integer 'i' successfully.\nStep 6: The 'if' condition attempts to check two conditions using 'i', but it uses 'n' instead of 'i' when checking the second condition.\nStep 7: Since 'n' is not declared anywhere in the code, this will result in a compilation error.\n\nThe final answer is True as the code generates a compilation error due to the undeclared variable 'n'.", "answer": "True"}, {"reasoning": "Let's break down the code step by step:\n1. The 'use std::io;' statement is correct.\n2. The 'fn main()' syntax is also correct.\n3. Initializing 'let mut N = String::new();' is correct.\n4. 'io::stdin().read_line(&mut N).ok();' is also syntactically correct.\n5. The statement 'let N: i32 = N.trim().parse()' is missing the proper error handling with '.expect()' or a similar method.\n6. The line 'if N % 2 == 0 && N > 2{' should be 'if N % 2 == 0 && N > 2 {' (with a space before the curly brace).\n7. 'println !' should be 'println!' (no space).\n\nDue to the missing error handling on the parsing and the incorrect println! usage, the code will not compile.\n", "answer": "True"}, {"reasoning": "The code provided has a few issues that will cause a compilation error. The main problem is in the `N.trim().parse();` line, which needs to be `N.trim().parse().expect(\"Failed to parse\");` in order to handle the possibility of a parse failure. Additionally, `println !` has a misplaced space and should be `println!`. These issues will prevent the code from compiling.", "answer": "True"}, {"reasoning": "Step 1: Start analyzing the function `even_parts`.\nStep 2: Identify a problem with the comparison operator used in the condition `if w = 2`. The correct comparison operator in Rust should be `==`. This line should be `if w == 2`.\nStep 3: Aside from this compilation issue, the rest of the code appears to be valid Rust syntax.\nStep 4: Given the incorrect operator within one of the condition statements, the code will generate a compilation error.\nConclusion: The correct final answer is True.", "answer": "True"}, {"reasoning": "Step 1: Investigate `use std::io` and `main` function: There's no immediate problem with `std::io` library and the main function declaration.\n\nStep 2: Check the call to `read_line`: The `read_line` function is used correctly to read an input from the user. The error handling with `expect` is appropriate.\n\nStep 3: Check the `input.trim().to_string()` line: This correctly removes any whitespace around the input string and converts it back to String.\n\nStep 4: Look into the parsing of the integer value: The `parse()` function is used correctly for converting the input string to an integer, followed by appropriate error handling with `unwrap`.\n\nStep 5: Look into the if statement: The condition inside the if statement contains a logical error but is syntactically correct.\n\nStep 6: Check the `println!` macro calls: The `println!` macros are correctly used within the if statement and else block.\n\nStep 7: Check for any scope or syntax errors over entire code: The main function ends without a closing `}` brace, which will cause a compilation error since Rust code blocks must properly close with the appropriate brace.\n\nConclusion: The given Rust code generates a compilation error due to the missing closing brace in the `main` function.", "answer": "True"}, {"reasoning": "1. The `use std::io;` line imports the standard library's input/output functionality, which is correctly used in the code.\n2. The function `even_parts` takes an integer `w` as a parameter and returns a static string slice. The logic inside the function appears to be correct as it uses a match statement to determine if `w` is even and not equal to 2.\n3. The `main` function initializes a mutable string `input` and reads a line from the standard input into it. The `expect` method is correctly used to handle potential read errors.\n4. The input string is trimmed and parsed into an integer. The `unwrap` method is correctly used to handle potential parsing errors.\n5. The `println!` macro is used to print the output of the `even_parts` function correctly.\n\nOverall, the code does not contain any syntax errors and should compile successfully.", "answer": "False"}, {"reasoning": "1. The code attempts to read input using the `std::io::Read` trait and standard input.\n2. The code uses `std::io::Read::read_to_string` method directly from the trait without importing it explicitly or using it correctly. Specifically, the method call will not compile because it is trying to invoke a trait method on a trait path, which Rust does not support.\n3. To use the method `read_to_string`, the code should have used `std::io::stdin().read_to_string(&mut stdin).unwrap();` instead.\n4. Therefore, due to the incorrect usage of `std::io::Read::read_to_string`, the code will generate a compilation error.", "answer": "True"}, {"reasoning": "The code imports various standard library modules, defines macros, and contains functions to handle input/output operations. It also declares a main function that initializes variables and processes input data to produce a result. However, the module util uses std::io::stdin, which conflicts with the global import of std::io::stdin. This should generate a compilation error due to the duplicate imports.", "answer": "True"}, {"reasoning": "1. **Step-by-Step Code Understanding:**\n\n    a. **Macro Definitions:**\n        - `parse_line!`: This macro deals with the input reading and parsing multiple elements from a string input.\n        - `parse_line_to_vec!`: This macro deals with the input reading and parsing elements into a vector.\n\n    b. **Solve Function:**\n        - This function reads two unsigned 64-bit integers from the standard input, named `a` and `b`.\n        - Then it calculates the `pos` and `count` and compares to determine an output string among \"Equal\", \"Dasha\", and \"Masha\".\n\n    c. **Main Function:**\n        - Sets the number of tests to 1 and calls the `solve` function to execute the logic.\n\n2. **Potential Compilation Issues:**\n\n    a. **Macros Validity:**\n        - The macro definitions seem valid in terms of syntax.\n\n    b. **Function Logic:**\n        - The logic inside the `solve` function appears valid for its intent.\n\n    c. **Input Handling at `main`:**\n        - The input reading and parsing mechanism handled by macros do not showcase any compilation errors.\n        - There is a commented out `parse_line!(usize)` which should not affect the compilation.\n\n3. **Conclusion:**\n    - Based on the above breakdown, the provided Rust code does not contain any syntax or semantic issues that would lead to compilation errors.", "answer": "False"}, {"reasoning": "The code is well-written and using appropriate Rust syntax. It includes necessary imports and defines macros nicely. The use of threading in the main function and creating a separate `solve` function ensures that stack size is managed properly. There's declaration, initialization, and manipulation of variables without any issues. The input macro handles inputs, and the `puts` macro handles outputs correctly. Therefore, there doesn't seem to be any reason that this code would generate a compilation error.", "answer": "False"}, {"reasoning": "1. The code imports several modules from Rust's standard library using `use` statements, and there are `#![allow(unused_imports)]` and `#![allow(non_snake_case)]` directives to suppress certain warnings.\n\n2. Macros `read!` and `debug!` are defined but do not have any issues (all required functionality and imports are available).\n\n3. The function `rl` is defined to read a line of input from stdin. It uses methods on `io::stdin()` which are correctly imported.\n\n4. `IteratorExt` trait adds a `vec` method to any implementing type, to collect items into a vector, which is `impl`ed for all `Iterator` types.\n\n5. `is_vowel` function correctly uses the `match` statement to identify vowels.\n\n6. In the `main` function, `rl().chars().vec()` reads a line of input and converts it into a vector of characters. The `vec` method is used correctly.\n\n7. The main loop checks each character in the string to see if it's a vowel or 'n', or if the next character is a vowel. The checks are correct as per Rust syntax.\n\n8. Finally, the code prints 'YES' if the condition holds for the entire string, otherwise 'NO'. The `println!` macro works correctly.\n\nOverall, every part of the code adheres to Rust's syntax and semantics, and all needed components are included.\n", "answer": "False"}, {"reasoning": "Step 1: The code includes necessary imports: `use std::io;`. This is correct for using I/O operations.\nStep 2: The `main` function is defined without any syntax errors.\nStep 3: A mutable string `s` is created and read from the standard input. This is correctly done using `io::stdin().read_line(&mut s).expect(\"Deu Ruim\");`.\nStep 4: The whitespace is trimmed from the string `s`, and the length is correctly stored in `n`.\nStep 5: A mutable boolean `res` is initialized to true. This is syntactically correct.\nStep 6: A for loop is implemented to iterate over the string using ranges. The range `0..n-1` is correct as it iterates up to the second last character.\nStep 7: A match statement is used to check character pairs. This is correctly implemented but there's a potential off-by-one error when accessing `&s[i+1..i+2]` at the last iteration.\nStep 8: The final match statement and print statements are syntactically correct.\nStep 9: However, Rust slices can cause a panic if they are out of bounds. Accessing `&s[i+1..i+2]` when `i` is `n-2` can cause a panic since `i+2` could be equal to `n`.\nConclusion: The code does not generate a compilation error but may panic at runtime due to a potential out-of-bounds slice access.", "answer": "False"}, {"reasoning": "To determine if the code generates a compilation error, we analyze several aspects:\n\n1. **Macro Definitions:**\n   - The macros `input!`, `input_inner!`, and `read_value!` are used for parsing input data. These macros use Rust syntax and seem correctly defined.\n\n2. **Standard Library Imports:**\n   - The `std::cmp::*` and `std::io::Read` imports are used with correct syntax.\n\n3. **Function Definitions and Logic:**\n   - The `run` function contains crucial logic for the program. The syntax within this function appears correct, including the nested loops, vector manipulations, and conditional checks. Variables are declared and used within their scope correctly.\n   - The `main` function simply calls `run()`, which is valid syntax in Rust.\n\n4. **Edge Cases and Errors:**\n   - There is a minor potential issue: the variable `v` (type `i32`) is being substrated from `sum[k].0[0]`, which is of array type `[i32; 2]`. This might result in a type error.\n\nGiven the provided code's structure and syntax, we do not find any inherent compilation errors based on the standard Rust compiler rules and provided functions' logic, except for the minor issue mentioned.\n\nThus, the code does not generate a compilation error.\n\nHowever, if considering the issue mentioned without further code modifications:\n\nTrue: Compilation error is generated.\nFalse: Compilation error is not generated.", "answer": "True"}, {"reasoning": "1. We first examine the macro definitions to ensure they are correctly defined.\n    a. The `input!` macro appears properly defined to handle different input formats.\n    b. The `input_inner!` macro is set to handle nested input processing.\n    c. The `read_value!` macro handles different types of reading scenarios, which are correctly defined.\n2. Now we examine the `run` function to ensure it uses the macros and other standard library functions properly.\n    a. We check for all variable definitions, type correctness, and proper macro invocations.\n    b. The function uses the `input!` macro correctly to fetch input values.\n    c. The operations on the iterables and collections seem to be well-typed and follow Rust standards.\n3. The `main` function simply calls the `run` function which doesn't introduce any compilation errors.\nBased on the above steps, the code does not generate any compilation errors.", "answer": "False"}, {"reasoning": "First, verify if all symbols in the code are defined. The macros `input!`, `input_inner!`, and `read_value!` are defined. Ensure all traits and their implementations are correctly implemented; `ChangeMinMax` is implemented correctly. The `run` function is defined without any obvious syntax errors. The `main` function calls the `run` function without any syntax errors. The code uses standard libraries correctly such as `std::cmp` and standard input processing routines. Thus, the code does not generate a compilation error.", "answer": "False"}, {"reasoning": "Let's break down the code to identify if it generates any compilation errors. We are focusing on the syntax, use of libraries, and function definitions.\n\n1. The code imports necessary modules from the standard library (`std::io`, `std::str`, `std::error`, `std::cmp`, `std::thread`). There is no issue with these `use` statements.\n2. Constants `INF` and `DEFAULT_STACK` are defined correctly.\n3. The `exec` function is a well-formed function containing nested loops, conditionals, and function calls. It uses vec! macros and operations that are valid in Rust.\n4. The `main` function creates a thread and executes the `exec` function. The stack size is set and the thread handle joins correctly. These operations are valid.\n5. The `Scanner` struct and its implementation are syntactically correct. The struct has attributes (`stdin`, `id`, `buf`), and methods (`new`, `next_line`, `next`, `ne`) which follow Rust's conventions.\n\nThe code appears complete and syntactically correct. There are no obvious compilation errors.\n\nFinal Answer: False", "answer": "False"}, {"reasoning": "The given code uses several macros to parse input and define behavior for certain operations. The code constructs and processes a vector of tuples based on the input to perform a series of calculations. \n\nThe `input!` and `input_inner!` macros read and parse input while the `read_value!` macro reads and converts values to appropriate types. There is a trait `ChangeMinMax` defined and implemented for types that implement `PartialOrd`, providing methods `chmin` and `chmax`. \n\nIn the `run` function, the code reads inputs, processes them and calculates the output. Finally, the `main` function calls the `run` function. The code appears syntactically correct, and all necessary dependencies and standard imports are included.\n\nUpon carefully analyzing the code, it is evident that it does not have any syntax errors and all referenced macros and traits are defined within or in standard libraries. There are no missing or undefined references, and it appears to be logically complete as per the provided code.\n\nHence, the code does not generate a compilation error.", "answer": "False"}, {"reasoning": "The code appears to contain a typo in the declaration of the 'inp' variable. Specifically, it declares 'let mut inp = Iinput::default()' instead of 'Input::default()'. As a result, the struct 'Iinput' is not properly recognized. Every other aspect of the code seems syntactically correct, but the typo will prevent the code from compiling.", "answer": "True"}, {"reasoning": "To determine if the code will generate a compilation error, we need to examine all aspects of the code provided. We start by checking the syntax and the correctness of the implementations.\n\nThe code primarily defines a `ModInt` structure to handle modular arithmetic and corresponding traits (`Add`, `AddAssign`, `Sub`, `SubAssign`, `Mul`, `MulAssign`, `Neg`) to operate with `ModInt` objects. These implementations appear correct.\n\nAdditionally, the code provides several utility functions and a `Precalc` structure to perform pre-calculations for modular inverses and factorials. The `Precalc` implementation appears correct as well.\n\nThe macro definitions for `input!`, `input_inner!`, and `read_value!` look syntactically correct and are made to handle input parsing.\n\nThe function `run` that includes the primary logic seems well-written and encapsulates the problem-solving approach effectively. Lastly, the `main` function simply calls `run`, which is standard practice.\n\nOverall, the code appears to be syntactically correct and does not contain any obvious issues that would create a compilation error. Therefore, it is reasonable to conclude that the code will not generate a compilation error.", "answer": "False"}, {"reasoning": "The code snippet provided appears to be complete and contains various Rust constructs such as macros, traits, implementations, constants, structures, and the `main` function. Upon examining the code, it appears that all syntax is correct, all necessary imports are present, and there are no evident issues that would cause a compilation error. All types and methods are correctly defined and utilized. Therefore, the code does not generate a compilation error.", "answer": "False"}, {"reasoning": "First, I will verify if all the necessary libraries are imported correctly.\n\n1. The code imports the `std::io` library and its traits.\n2. String manipulation functions and iterators are used correctly.\n3. The code ensures that the input is split into whitespace and parsed appropriately.\n\nNext, I will check the logic within the match statement and ensure correct element extraction. I do not see any mismatched brackets or missing semi-colons.\n\nFinally, I will validate the logical constructs and the range handling to ensure there are no contradictions or incomplete patterns.\n\nBased on the structured checks, the code does not appear to have compilation errors. It uses correct syntax and handles the logic appropriately without any missing pieces. Any runtime errors due to input mismanagement will not cause compilation failure.", "answer": "False"}, {"reasoning": "1. The code defines a constant `INF` of type `i64`.\n2. It defines a struct `Graph` with fields `size` and `edge`.\n3. It implements methods for the `Graph` struct: `new`, `add_edge`, and `solve`.\n4. Inside `solve`, various operations are performed, including vector initializations and modifications, and a priority queue is used.\n5. Several macro rules (`input!`, `input_inner!`, and `read_value!`) are defined for handling input.\n6. The `run` function is defined which constructs a `Graph`, adds edges, and calls the `solve` method on the graph.\n7. The `main` function is defined which calls the `run` function.\n\nUpon reviewing the code, there is no obvious syntax or type-related issue observed. The code appears to be correct and should compile successfully.\n\nTherefore, the final answer is False, which means the code does not generate a compilation error.", "answer": "False"}, {"reasoning": "1. The code defines a constant `INF` of type `i64` which is correctly defined.\n2. A struct `Graph` is defined with appropriate fields and methods. Methods correctly manipulate the data and perform necessary checks.\n3. The `macro_rules!` are correctly defined to handle input parsing.\n4. The `run` function correctly handles input and constructs the graph, calling the appropriate methods, and there are no syntax errors.\n5. The `main` function calls the `run` function properly.\n6. There do not appear to be any type mismatches or underrun/overflow issues with indexing.\n7. All Rust syntax rules are being followed.\nTherefore, the code does not generate a compilation error.", "answer": "False"}, {"reasoning": "1. The provided code has proper `use` statements to import standard libraries and modules.\n2. Macros `m!` and `l!` are defined without any syntax errors.\n3. The `WordReader` struct and its implementation do not show any obvious type or syntax errors.\n4. The `main` function correctly uses the `WordReader` to read input and process variables.\n5. The logic within the `for` loops and the use of macros `m!` appear to be syntactically correct.\n6. No evident syntax or type errors are present in the provided functions and struct implementations.\n\nGiven these points, it is safe to conclude that the code does not generate a compilation error.", "answer": "False"}, {"reasoning": "1. The code contains a line `let mut scan = UnsafeScanner::new(stdin.lock());` where `UnsafeScanner` is defined later in the code. This is correct as Rust allows forward references for types and functions.\n2. The code uses `scanf`'s method `token` to read input. The function is declared in `UnsafeScanner` struct making this valid.\n3. The code uses `writeln!` macro to write to a buffered writer, and it is imported correctly.\n4. No unused variables or lifetime issues are evident.\n5. The code earlier use `#![allow(unused_imports)]` and `#![allow(unused_macros)]` suggests ignoring unused imports or macros, which is utilized correctly in `use` statements.\n6. No syntax or semantic errors are present.\nHence, the given code does not generate a compilation error.", "answer": "False"}, {"reasoning": "1. The code imports necessary modules from the standard library (`std::io` and `std::str::FromStr`).\n2. The `get_num` function reads a single line from the standard input and converts it to a `usize`. It uses `unwrap`, which might panic but does not cause a compilation error.\n3. The `get_nums` function reads a single line from the standard input, splits the input by whitespace, converts each part to a `usize`, and collects them into a `Vec<usize>`. It also uses `unwrap`, which might panic but does not cause a compilation error.\n4. The `main` function calls `get_num` and `get_nums`, calculates minimum and maximum values from the vector, and prints the minimum value. All operations involve valid Rust syntax and semantics.\nConclusion: The code is syntactically and semantically correct. Therefore, it does not generate a compilation error.", "answer": "False"}, {"reasoning": "The code provided has some potential issues:\n1. The `std::collections::VecDeque` type does not exist. It should be `std::collections::vec_deque::VecDeque`.\n2. In the `_main` function, it calls the `next_n` method of the scan object to convert input to vector `nums`. The unwrap part might fail when parse fails, or when reading from the stdin fails. \n3. The `_main` function might not be executed properly inside the `main` function because of the stack size set in the thread builder.\n\nThese issues will cause the code to generate a compilation error.", "answer": "True"}, {"reasoning": "First, we will look at the macro definition. There doesn't seem to be a syntax or semantic error in the macro definition.\n\nNext, we evaluate the struct `WordReader` and its implementation. The struct and its methods seem syntactically correct, and they correctly implement most expected behaviors.\n\nThereafter, we analyze the `main` function. The code inside `main` does the following:\n1. Defines `mut bin` as a mutable `String`.\n2. Creates a `WordReader` instance from the standard input and the mutable string `bin`.\n3. Reads three integers `a`, `b`, and `c` from the input.\n4. Prints the minimum value among three values.\n\nAll these steps are correctly implemented and should not cause any compilation errors.\n\nTherefore, the code does not generate a compilation error.", "answer": "False"}, {"reasoning": "To determine if the code generates a compilation error, we need to check for syntax errors, unresolved symbols, and type mismatches. The provided code imports necessary modules, defines macros, uses these macros correctly, and defines a function `main` that makes use of the macros and performs arithmetic operations. All macros and functions appear valid, and the arithmetic operations are correctly implemented. There aren't any type mismatches or syntax errors in the provided code.", "answer": "False"}, {"reasoning": "1. First, evaluate the `macro_rules! readln` declaration. The macro is declared correctly and contains no obvious syntax errors.\n\n2. Evaluate the main function. The `readln!` macro is used to read three `i32` values (y, b, r). This seems correct and syntactically valid. \n\n3. Evaluate the tuples' assignment expressions and ensure they are correctly formed. The tuples (y1, b1, r1), (y2, b2, r2), and (y3, b3, r3) are formed correctly.\n\n4. Evaluate conditional checks and `println` statements. Verify whether comparison operators and arithmetic operations are used correctly. All the operations are syntactically correct. \n\nSince there are no syntax errors found in the code, it does not generate a compilation error.", "answer": "False"}, {"reasoning": "1. `use` statements: The code uses the standard libraries `std::char`, `std::fs::File`, and `std::io::Read`. These are valid imports.\n\n2. `pow_speedt_with_mod` function: This function is commented out and hence does not participate in the compilation. We can ignore it for our current analysis.\n\n3. `main` function: Contains the main logic.\n\n4. `let inputstatus = 1;`: This is a valid variable declaration.\n\n5. `let mut buf = String::new(); let filename = \"inputrust.txt\";`: These lines are valid variable declarations.\n\n6. Conditional statement: `if inputstatus == 0 { ... } else { ... }`. Both branches are valid. The first branch attempts to read from a file, and the second reads from standard input. The `unwrap` method is used correctly to handle potential errors.\n\n7. Reading input and creating iterators: The code correctly splits the input string and parses the required variables.\n\n8. Looping over characters: The loop `for c in s.chars()` is correct and uses valid operations to distinguish and count characters.\n\n9. Checking for condition `if q == n`: This is a valid conditional check, followed by correct operations using the results. If the condition is true, it prints `YES` and the words; otherwise, it prints `NO`.\n\nFinal Conclusion: All the above components are correct and valid in Rust. This code does not generate any compilation errors.", "answer": "False"}, {"reasoning": "Let's break down the code step-by-step to understand if it will generate a compilation error.\n\n1. The code starts with defining the STDIN if it is not already defined by the PHP environment. This is done using the `defined` function and the `define` function.\n2. Inside the `if` statement block, there is a `define` function call that attempts to define `STDIN` and open 'php://stdin' for reading.\n3. The `define` statement is missing a semicolon at the end. In PHP, every statement must end with a semicolon `;`.\n\nDue to the missing semicolon, the code will generate a compilation error.\n\nThe answer is True.", "answer": "True"}, {"reasoning": "Break down the solution into clear, step-by-step instructions:\n1. The code attempts to read input using fopen on 'php://stdin' and 'php://stdout'.\n2. It reads a line using fgets.\n3. The 'echo' statement for '$input_line' is missing a ';' at the end, which should cause a compilation error.\n4. The 'list' assignment uses 'split', which is deprecated; it should use 'explode'. This may also cause a compilation error.\n5. Variablse '$colX' and '$coly' are used with inconsistent casing ('x' and 'y') causing a compilation error.\n6. fwrite is used incorrectly with an integer instead of resource.\n7. Unnecessary fclose($out) renders the code unusable.\n\nFinal Answer: True", "answer": "True"}, {"reasoning": "The given code is a PHP script that defines a function to parse command line arguments. Now, let's evaluate it for compilation errors step by step.\n\nStep-by-step analysis:\n1. The PHP opening tags `<?php` are written twice at the beginning of the script. This is a syntax error because only one PHP opening tag is needed.\n2. The function `arguments` is defined correctly and processes its input as expected.\n3. The `array_shift( $args )` and `join( $args, ' ' )` functions are used correctly to manipulate arrays and join strings.\n4. The `preg_match_all` function is used correctly to match patterns in the input string.\n5. The loop and conditional checks inside the loop (for commands, flags, and inputs) are syntactically correct.\n6. The function returns an array `$ret` containing the parsed arguments.\n7. The `print_r` function correctly prints the parsed array returned by `arguments($argv)`.\n\nGiven the above points, the double PHP opening tags at the start of the script will result in a compilation error.\n\nFinal conclusion: True", "answer": "True"}, {"reasoning": "Let's analyze the provided PHP code step by step to determine if it results in a compilation error:\n\n1. The code is fetching input from 'php://stdin' and expecting it to be in a specific format.\n2. The input is being trimmed of whitespace using the trim() function and then split into an array using the explode() function based on spaces.\n3. The function howMuch($side, $plate) is defined to compute the number of plates required for the given side using modulus and arithmetic operations. However, it uses `parseInt`, which is not a valid PHP function. The correct function should be `intval`.\n4. In the echo statement, the code is attempting to access `$data[]` without specifying an index, which is a syntax error.\n\nBased on these observations, the code has two issues:\n- Usage of the non-existent `parseInt` function instead of `intval`\n- Syntax error in accessing an array element without an index.\n\nTherefore, the given code generates a compilation error.", "answer": "True"}, {"reasoning": "First, let's examine the code step by step:\n1. The code uses the function 'fsanf', which is not a valid function. The correct function should be 'fscanf'.\n2. The correct way to read input with 'fscanf' from STDIN is 'fscanf(STDIN, \"%d\", $m);'. The current code lacks quotes around the format specifier.\n3. Therefore, the code will generate a compilation error due to the incorrect usage of 'fsanf' and the missing quotes around the format specifier.\n\nBased on this analysis, the code generates a compilation error.", "answer": "True"}, {"reasoning": "Let's break down the code to check for compilation errors:\n\n1. `list($n, $m, $a) = fgets(STDIN);` - The `fgets` function reads a single line from the standard input (STDIN). The `list` function is used to assign the values to `$n`, `$m`, and `$a`. However, `fgets` returns a single string, not an array, so this line will cause a warning or error.\n\n2. `print(\"%.0f\", ceil($n/$a)*ceil($m/$a));` - The `print` function is used to display the output. The format string `\"%.0f\"` is used with `print`, but `print` does not support formatted strings like `printf`. This will cause an error.\n\nTaking these points into account, the first line causes an error due to incorrect use of `list` with `fgets`, and the second line causes an error due to the use of `print` with a format string.\n\nTherefore, the code will generate a compilation error.", "answer": "True"}, {"reasoning": "1. **PHP Opening Tag:** The code correctly starts with <?php, which is correct.\n2. **Error Reporting:** error_reporting(0); is a valid PHP statement to suppress error reporting.\n3. **File Opening:** $dir = fopen(\"php://stdin\", 'r'); is a correct way to open the standard input in read mode.\n4. **Extra Curly Brace:** There's an extra closing curly brace \"}\" after fopen(), which doesn't match any opening brace and will cause a compilation error.\n5. **Reading Input:** $datatxt = stream_get_contents($dir); is correctly reading the contents from the standard input.\n6. **Undefined Variable:** $line is used in explode() but it is never defined or assigned any value, resulting in a potential runtime error.\n7. **Array Index References:** $text[0], $text[1], and $text[2] are used without ensuring that the $text array has these indices, which can cause an error if the input is not as expected.\n8. **Calculations and Output:** The rest of the code seems to be doing proper calculations and echoing the result, assuming the $text array has at least three numerical values.\nConclusion: The extra curly brace \"}\" after fopen() will cause a syntax error and therefore a compilation error.\n", "answer": "True"}, {"reasoning": "The code in PHP demonstrates the use of `list()` and `fscanf()` to read integers from standard input. It then uses `bcdiv()` for arbitrary precision division. The `list()` function is used to assign values to variables `$a`, `$b`, and `$c` from the input. The `bcdiv()` function carries out division and the results are used to calculate a final value stored in `$fin`. Finally, it echoes the result.\n\nThe code does not contain any syntax errors, and all functions are used correctly. Therefore, this code should not generate a compilation error.", "answer": "False"}, {"reasoning": "First, let's examine the code for any syntax errors.\n\n1. The first line uses `fscanf` to read input, which is correct.\n2. The if-else conditions check for divisibility, the first if-else line seems fine.\n3. The second if-else condition has an error because of a misplaced parentheses in line `else $count = $count * ($m / $a + 1);` Other elements in the code seem syntactically correct.\n\nThe presence of the misplaced parenthesis in the second if-else block will result in a compilation error.", "answer": "True"}, {"reasoning": "First, let's go through the code step-by-step to see if there is an issue that could cause a compilation error.\n\n1. The function `flagstone` is defined to take three parameters and returns a value after some calculations.\n2. fscanf is used to read input from STDIN. This function reads formatted input from a file and assigns it to the given variables.\n3. After reading the input, the `flagstone` function is called with the input values.\n4. The result of the function call is stored in the `$result` variable.\n5. The final line of code is attempting to echo the value of `$result` but the syntax `($result>>16)$result` is incorrect, as there is no operator or separator between the two `$result` references.\n\nDue to the incorrect echo syntax, a compilation error will occur.\n\nTherefore, the final answer is: True.", "answer": "True"}, {"reasoning": "The code provided uses PHP functions and syntax. It aims to perform calculations based on input values. The `fscanf` function reads values from STDIN and assigns them to variables `$n`, `$m`, and `$a`. The following logic computes the value of `$count` based on these variables. Finally, `printf` statements are used to format and output `$count`.\n\nHowever, the `printf` statement at the end has a syntax error. The first usage of `printf` is missing quotation marks around `number_format($count, 0)`. Additionally, `number_format` is a function that should be invoked, not directly used inside `printf`. Correctly formatted, it should be `printf(\"%s\", number_format($count, 0))`. Therefore, this code will generate a compilation error.\n\nAfter reviewing the steps, the final conclusion is as follows:", "answer": "True"}, {"reasoning": "Let's walk through the code step-by-step to identify if there is any compilation error:\n\n1. At the beginning of the code, `$output = 1000000000000000` is missing a semicolon (`;`) at the end of the line, which is a syntax error in PHP.\n2. The rest of the code follows the correct PHP syntax and logic, but due to the missing semicolon in the initial declaration, the code will not compile.\n\nBased on these steps, the code will generate a compilation error due to the missing semicolon in the first line.", "answer": "True"}, {"reasoning": "1. Analyze the variables set using the trim and fgets functions which read input from STDIN.\n2. The ceil function is used correctly for rounding up the result of the division.\n3. The multiplication of $n and $m is done in PHP, but there is a syntax error in the expression $hasil=$n * *m;\n4. The correct syntax should be $hasil=$n * $m;\n5. Check if there are any other syntax or logical errors in the code.\n6. Each step confirms that except the expression involving $hasil, the rest of the code is correct.\n\nConclusion: There is a compilation error due to the incorrect syntax in the multiplication expression.\n\nFinal Answer: True", "answer": "True"}, {"reasoning": "Firstly, fgets() function returns a string which includes a newline character at the end. Thus, list() function will try to assign this single string value to the three variables (\n, $m, $a), resulting in a warning about the number of elements. Moreover, without trimming the newline character, we would get a wrong result from ceil and division operations.\n\nTherefore, due to these issues, the code will generate a compilation error.", "answer": "True"}, {"reasoning": "First, I will check if there is any syntax error in the code. The code contains PHP tags and several functions that are common in PHP. The code uses fopen to open streams for input and output, fgets to read a line from the input stream, explode to split the line into pieces, ceil to round the divisions up, and number_format to format the result. Finally, the code writes the result to the output stream. This appears to be syntactically correct.", "answer": "False"}, {"reasoning": "1. The code starts by reading input using 'fgets(STDIN)' and trimming any extra whitespace using 'trim'. The 'explode' function splits this input string into an array based on spaces.\n\n2. The code checks if the first three elements of the '$input' array are equal using the condition '$input[0]==$input[1]==$input[3]'. This condition will not work as intended because chained comparison like this does not perform element-wise comparison in PHP and will result in a boolean value.\n\n3. The code tries to perform operations like 'ceil' which rounds up fractions, on potentially undefined values in case of invalid input. \n\n4. The code may have logical errors that lead to runtime issues, but no syntax errors or compilation errors.\n\nTherefore, the code does not generate a compilation error.", "answer": "False"}, {"reasoning": "1. The fscanf function is supposed to read input from STDIN and store the values in variables. However, there is a syntax error in the format string. The placeholders must be separated by spaces, and the variables should be preceded by the & symbol.\n\n2. The code uses %m incorrectly in the printf statement.\n\n3. The ceil function is syntactically incorrect (%m is not valid).\n\n4. With these errors present, the code will generate a compilation error.", "answer": "True"}, {"reasoning": "Step 1: Check for syntax errors by examining missing semicolons. The first line assigns a value to the variable `$output` but does not have a semicolon at the end, which will cause a syntax error.\nStep 2: Assess the overall structure of the code for additional syntax issues, but no further issues are present. The primary issue remains the missing semicolon.\n\nConclusion: The code will generate a compilation error due to the missing semicolon on line 3.", "answer": "True"}, {"reasoning": "1. The PHP code uses 'fscanf' to read three integers from STDIN and assigns them to variables $n, $m, and $a.\n2. The next block of code calculates the value of $count based on the input values. The calculation part appears syntactically correct.\n3. There is a potential issue with the last line of code 'printf number_format($count, 0).\"\\n\";' because the syntax is incorrect for the 'printf' function.\n4. The correct way to use 'printf' to format a number would be: printf(\"%s\\n\", number_format($count, 0));\n5. Thus, due to this syntax error in the 'printf' function, the code will generate a compilation error.\n\nTherefore, the final answer is True because the code contains a syntax error in the last 'printf' statement.", "answer": "True"}, {"reasoning": "1. Check the PHP code for syntax errors.\n2. Line 3 is missing a semicolon.\n3. Ensure all variables have proper prefixes and types.\n4. Ensure fopen uses the correct stream.\n5. Check logical errors in conditions or expressions.\n6. The code execution will stop at the first syntax error found.\n7. Since there is a syntax error on line 3, the code will not compile.", "answer": "True"}, {"reasoning": "First, looking at the code step by step:\n\n1. The 'split' function used in line 5 is deprecated. The correct function to use is 'explode'. This will cause a compilation error.\n2. On line 20, the statement lacks a semicolon at the end. This will cause a compilation error.\n\nDue to these reasons, the code will generate compilation errors.", "answer": "True"}, {"reasoning": "1. The first step reads values for width, height, and tile dimension from STDIN using the `fgets` function, and the `explode` function is correctly used to split these values into the respective variables.\n2. The `ceil` function is used to calculate the number of tiles needed to cover the width and height, which is correct.\n3. However, there is a syntax issue in the calculation of `needed_tiles`: `(ceil($square_width/$tile_dimension)*ceil($square_height/$tile_dimension)) (int)`. The cast to an integer `(int)` is not correctly placed. It should be ` (int) (ceil($square_width / $tile_dimension) * ceil($square_height / $tile_dimension));` or `intval` should be used if converting to an integer was intended.\n4. Due to the syntax error in calculating `needed_tiles`, the code will generate a compilation error.", "answer": "True"}, {"reasoning": "Let's break down the PHP code step-by-step to see if it would result in a compilation error.\n\n1. The fscanf function is being called to read three integers from the standard input (STDIN). The format specifier is not enclosed within quotes, leading to a syntax error. It should be fscanf(STDIN, \"%d %d %d\", $m, $n, $a);\n\n2. The ceil() function is used to compute the ceiling of the division of variables. This is correctly used.\n\n3. The printf() function is used to print the output. This is correctly used.\n\nThe primary issue is the missing quotes around the format specifier in the fscanf function.\n\nDue to this syntax error, the code will lead to a compilation error.", "answer": "True"}, {"reasoning": "Let's break down the PHP code to determine if it has any compilation errors:\n\n1. `list($n, $m, $a) = fgets(STDIN);`:\n   - The `fgets` function reads a line from the standard input (STDIN).\n   - The `list` function is used to assign values to $n, $m, and $a from the array returned by `fgets`.\n   - However, `fgets` returns a single string, and `list` requires an array to assign values correctly. This will cause an error because `fgets` does not return an array.\n\n2. `print(\"%.0f\", ceil($n/$a)*ceil($m/$a));`:\n   - The `print` function is used to output a formatted string.\n   - The `ceil` function is used to round up the result of the division.\n   - However, the correct function to format strings in PHP is `printf`, not `print` with two arguments.\n\nDue to the incorrect use of `list` with `fgets` and the misuse of the `print` function, this code will generate a compilation error.", "answer": "True"}, {"reasoning": "1. First, we check the syntax of the code provided.\n2. The PHP code starts with '<?php', which is correct.\n3. The inputs are being fetched using 'fgets(STDIN, 100000)', which is syntactically correct for reading from standard input.\n4. The main issue lies in the calculation for '$r'. The expression '($n+$a-1)/$a)*(($m+$a-1)/$a);' has incorrect parentheses placement. The correct parenthesis placement should be '((($n + $a - 1) / $a) * (($m + $a - 1) / $a));'.\n5. Because of this parenthesis issue, the code will throw a syntax error.\nTherefore, the code will generate a compilation error.", "answer": "True"}, {"reasoning": "The given PHP code reads input from stdin and processes it. Here's the step-by-step breakdown:\n\n1. The code uses `fopen` to open stdin for reading.\n2. The first line of input is read into `$ar_count` using `fscanf`. This expects an integer value.\n3. The second and third lines are read into `$first` and `$second` respectively. These lines are read as strings.\n4. The strings are split into arrays using `explode`.\n5. The sums of the arrays `$first` and `$second` are compared.\n6. If the sum of the first array is greater than or equal to the sum of the second array, 'Yes' is printed; otherwise, 'No' is printed.\n\nThere are no syntax errors or issues with reading or processing data, provided the input format matches the expected structure.\n\nThus, the code does not generate a compilation error.", "answer": "False"}, {"reasoning": "1. Variable Declaration: The variables $a, $b, $c, $d, and $e are declared and initialized.\n2. Input Reading: The script reads three inputs from STDIN: an integer $a and two arrays, $b and $c.\n3. Variable Initialization: The integers $d and $e are initialized to 0.\n4. Loop Execution: A for loop iterates from 0 to $a with the following operations:\n   a. If $b[$x] < $c[$x], $d increments by the difference between $c[$x] and $b[$x].\n   b. If $b[$x] > $c[$x], $e increments by the difference between $b[$x] and $c[$x].\n5. Conditional Check: After the loop, the script checks if $d <= $e and prints \"Yes\" if true, otherwise \"No\".\n6. No compilation error is expected in this PHP script as the syntax and operations are correctly defined.", "answer": "False"}, {"reasoning": "1. The PHP code begins by reading an integer value from STDIN and storing it in the variable $a. This is valid, assuming that input is provided appropriately.\n2. The next two lines read two space-separated strings from STDIN and split them into arrays $b and $c using explode. This is also valid, assuming input is in proper format.\n3. Variables $d and $e are initialized to 0 correctly.\n4. A for loop iterates from 0 to $a-1, checking and performing arithmetic operations based on comparison of $b[$x] and $c[$x]. This section assumes that $b and $c have enough elements as indicated by $a.\n5. Comparisons within the loop are valid, and increments to $d and $e are correctly done.\n6. The final if-else condition compares $d and $e and prints either 'Yes' or 'No'. This part is also correct.\n\nThere are no syntax errors, array bounds errors, or logic errors in the provided code.\n\nTherefore, the code does not generate a compilation error.", "answer": "False"}, {"reasoning": "1. The code uses PHP standard input to read the data using 'php://stdin'.\n2. It reads the input line by line and stores it in the array $data.\n3. The code then attempts to split the second and third lines of the input into arrays $first and $second respectively.\n4. It calculates the sum of the elements in both arrays and compares them.\n5. The code outputs 'Yes' if the sum of $first is greater than the sum of $second, otherwise it outputs 'No'.\n6. There are no syntax errors and the code uses appropriate PHP functions correctly.\n7. The code assumes that there are at least three lines of input. If the input is well-formed and includes at least three lines, the code will not generate any compilation error.\n8. If the input is malformed or missing the required lines, there will be a runtime error, not a compilation error.", "answer": "False"}, {"reasoning": "1. The code starts by initializing an empty array $t.\n2. It tries to read a line from STDIN, splits it by spaces, and assigns the first value to $n. This is valid syntax.\n3. Similarly, it reads three more lines from STDIN, splits them by spaces, and assigns the values to respective variables like $x1, $y1, $x2, $y2, $x3, and $y3. This is also valid syntax.\n4. The code then calculates $ans1 by subtracting $x2 and $x3 from $n, and if $ans1 is greater than $y1, it assigns $y1 to $ans1. This logic is correct and doesn't have a compilation issue.\n5. The code updates $n by subtracting $ans1 from it.\n6. It calculates $ans2 by subtracting $x3 from the updated $n, and if $ans2 is greater than $y2, it assigns $y2 to $ans2. This logic is correct and doesn't have a compilation issue.\n7. It calculates $ans3 by subtracting $ans2 from the updated $n.\n8. Finally, it echoes $ans1, $ans2, and $ans3 separated by spaces.\n9. The syntax and logic of the code do not contain any issues that would cause a compilation error.\nTherefore, the code does not generate a compilation error.", "answer": "False"}, {"reasoning": "1. The code starts by reading inputs using `trim(fgets(STDIN))`. This is standard and should not cause compilation issues.\n2. Uses `list` and `explode` functions to split the input into multiple variables, which is a correct way to handle such inputs in PHP.\n3. Some arithmetic operations and conditions are performed. There are no obvious syntax errors in these operations.\n4. Uses `print` to output the results, which is a correct function.\n5. The variables are properly declared and used within their scope.\n6. All statements are correctly ended with a semicolon.\nBased on these steps, there doesn't appear to be any syntax errors or issues that would cause a compilation error in this piece of code.", "answer": "False"}, {"reasoning": "The code provided is valid PHP code. The variables are correctly assigned values from input, and operations are performed on these values. There's no syntax error or misuse of PHP functions detected in the given code. Hence, it does not generate a compilation error.", "answer": "False"}, {"reasoning": "To determine if the provided code will generate a compilation error, we need to analyze the syntax and structure of the PHP code. The code seems to be using the correct syntax for variable declarations, input retrieval, and condition checking. It uses standard functions like fgets(), trim(), intdiv(), and the echo statement correctly. There are no apparent syntax errors that would cause a compilation failure.", "answer": "False"}, {"reasoning": "1. The code tries to read input from STDIN using fgets(STDIN), which is standard in PHP for command-line input.\n2. The input is expected to be a string with two space-separated values.\n3. The explode function splits the string into two parts based on the space character, and assigns them to variables $a and $b.\n4. The equal (==) operator checks whether $a and $b are equal.\n5. If they are equal, the code prints $a. If they are not, it prints '2'.\n6. There are no syntax errors or issues with the way variables are assigned or used.\n7. Since this code does not have syntax errors or logical issues related to compilation, it should not generate a compilation error.", "answer": "False"}, {"reasoning": "Let's break down the code step-by-step to catch any compilation errors: \n\n1. The inputs $a and $b are being read from standard input using `fgets` and then trimmed using `trim`. This step does not generate any errors.\n2. An integer variable $c is initialized to 0, which is valid.\n3. A `for` loop runs from 0 to $a-2. As long as $a is a valid integer, this will not cause errors.\n4. Inside the loop, there are two `if` statements that check specific conditions on the $b string. Both conditions use valid comparison operators and string indices, and they update the loop variable $x. This part also does not cause errors.\n5. After the loop, a new variable $d is assigned the value of $a - $c, which is a simple arithmetic operation on integers.\n6. Finally, the code prints the value of $d using the `print` function, which does not generate any errors.\n\nAfter reviewing each step for potential errors, the code does not seem to generate any compilation errors.\n", "answer": "False"}, {"reasoning": "1. Start by defining a function named `suma` which takes one parameter `$number`.\n\n2. Declare a variable `$sum` and assign it the value 0.\n\n3. Use a for loop to iterate from 0 to `strlen($number)` (inclusive).\n\n4. Inside the loop, use the `substr` function to extract characters from the `$number` string and add them to `$sum`.\n\n5. This will throw a compilation error because `substr` in the loop will try to access an undefined index when `$u` reaches `strlen($number)`.\n\n6. Correctly, the for loop should iterate from 0 to `strlen($number) - 1`.\n\n7. After defining the function, read a line from standard input using `fgets` and `trim`.\n\n8. Initialize variables `$i`, `$strlen`, `$n`, and `$result`.\n\n9. Use a while loop to iterate until `$i` is less than or equal to `$strlen`.\n\n10. Inside the loop, check if `$n + suma($n) == $line` and store the value in the `$result` array if true.\n\n11. Increment `$n` and `$i` in each iteration.\n\n12. Print the count of elements in the `$result` array.\n\n13. Loop through the `$result` array and print each element.\n\n14. Since the code has a compilation error due to the out-of-bound issue in the for loop, the final answer is `True`.", "answer": "True"}, {"reasoning": "The given code does not contain any syntax errors or common mistakes that would result in a compilation error. All function calls and language constructs are valid PHP instructions. Therefore, the code does not generate a compilation error.", "answer": "False"}, {"reasoning": "1. We start by checking if the PHP code has any syntax errors in its structure. The code follows standard PHP opening and closing tags.\n2. The variable $a reads input from the standard input (STDIN) and is assigned the trimmed value of that input.\n3. The variable $b is initialized as an empty array. This is a proper and error-free way to initialize an empty array in PHP.\n4. The for loop initializes $x to $a - 1 and decrements $x until it is not less than max(1, $a - 1 - 100000). It is a valid for loop.\n5. Inside the for loop, $x is split into an array of digits using str_split(), which is a valid function.\n6. The sum of the array digits is calculated using array_sum(), which is also a valid function.\n7. The variable $e is calculated as the sum of $x and $d. This is a simple arithmetic operation, and it is valid.\n8. If $e equals $a, $e is added to the array $b using the count of $b as the index. This approach is valid in PHP.\n9. After the loop, the code checks if the count of $b is 0, printing \"0\" if true. Otherwise, it prints the count of $b and the values in $b separated by a space using implode(). Both print statements and the implode function are valid.\n10. Overall, there are no evident syntactical or functional issues that would lead to a compilation error.\n", "answer": "False"}, {"reasoning": "1. The PHP code reads a number from standard input using fgets.\n2. It initializes an array $b to store potential results.\n3. It then uses a for loop to iterate from $a - 1 down to either 1 or $a - 1 - 100000, whichever is larger.\n4. Within the loop, it splits the current number $x into its digits and calculates the sum of these digits.\n5. It then adds this digit sum to $x and checks if the result equals $a. If they are equal, $x is stored in array $b.\n6. After the loop, it checks if array $b is empty. If it is, it prints \"0\".\n7. If the array is not empty, it prints the count of elements in $b followed by the elements themselves separated by space.\n\nThe code is syntactically correct, and there are no obvious causes for a compilation error.\n\nTherefore, the code does not generate a compilation error.", "answer": "False"}, {"reasoning": "Let's break down the PHP code step-by-step to determine if it generates a compilation error.\n\n1. The line `$a = trim(fgets(STDIN));` reads a line from standard input and trims any whitespace. This line is syntactically correct.\n\n2. The `if` statement checks if the length of `$a` is 1 using `strlen($a) == 1`. This is syntactically correct.\n\n3. If the condition is true, it prints `$a` directly. This is syntactically correct.\n\n4. If the condition is false, the following code block is executed:\n   - `$b = strlen($a) - 1;` calculates the length of `$a` minus one. This is syntactically correct.\n   - `$c = implode(array_fill(0, $b, 9));` creates an array of 9s of length `$b` and then concatenates them into a single string. This is syntactically correct.\n   - `$d = $a - $c;` subtracts the string `$c` from the string `$a`, which will result in a warning or error because PHP does not support direct subtraction of strings. This is where the issue lies.\n   - `$e = str_split($d);` splits the string `$d` into an array of characters. However, since `$d` is likely invalid, this will not work correctly.\n   - `$f = $b * 9 + array_sum($e);` calculates the sum of the array `$e` and adds it to `$b * 9`. Again, since `$e` is likely invalid, this will not work correctly.\n   - `print $f;` prints the value of `$f`. This might never be reached due to errors in previous steps.\n\nThe primary issue is the subtraction of two strings, which will result in an error.\n\nFinal conclusion: True", "answer": "True"}, {"reasoning": "The PHP code provided contains valid syntax and logic. The list() function is used to assign values from the explode() function to variables $a and $b. The $c and $d variables store the calculation results using mathematical functions, and the if-elseif-else structure is used to compare these values and print the corresponding result. There are no syntax errors or invalid constructs in this code.", "answer": "False"}, {"reasoning": "Let's break down the solution step-by-step:\n\n1. The `list` function is used to assign values to `$x` and `$y` from the exploded string of input.\n2. `explode` function is used to split the input string by a space character.\n3. `trim(fgets(STDIN))` reads input from the standard input and removes any whitespace from the beginning and end.\n4. `log($x) * $y` and `log($y) * $x` are calculated.\n5. Based on the comparison of these values, one of the three possible strings ('>', '<', '=') is echoed out.\n\nAll the functions and syntax used in the PHP code provided are correct and do not produce any syntax error or compilation error. The logic implemented also does not result in any operational errors.\n\nFinal answer: False.", "answer": "False"}, {"reasoning": "The provided code is a PHP script that reads two integers from standard input and then raises each number to the power of the other using the `bcpow` function. The results are compared, and a corresponding symbol is printed. The code does not contain any syntax errors. Therefore, it does not generate a compilation error.", "answer": "False"}, {"reasoning": "Upon reviewing the provided code, the following aspects were checked:\n\n1. **Variable initialization**: The code initializes and assigns values to variables correctly, based on the input.\n\n2. **String operations**: The `explode` function breaks up the input string by the delimiter ':', the `trim` function removes whitespace at both ends, and the `fgets` function reads a line from STDIN. These functions are used correctly.\n\n3. **Arithmetic operations and conditionals**: The code properly calculates the difference in time and handles edge cases (such as minutes exceeding 60) with conditionals to correctly format the resulting time.\n\n4. **String length check for formatting**: The code checks the length of the time variables `a` and `b` and pads them with zeroes if necessary.\n\nAfter thorough inspection, there appear to be no syntax errors or misuses of functions and constructs. Everything is used in accordance with their respective definitions in PHP.\n\nTherefore, the provided code does not generate a compilation error.", "answer": "False"}, {"reasoning": "First, examining the code line by line, it is clear that undeclared variables are used, notably the variable $h at $b += $h. This would generate a compilation error since PHP requires variables to be declared before use.\n\nOther aspects of the code, such as function usages like trim(), fgets(), list(), and explode(), are correctly used according to PHP syntax and would not cause compilation issues on their own.\n\nOverall, the primary error that would lead to compilation failure in this script is the use of the undeclared variable $h.", "answer": "True"}, {"reasoning": "First, we need to check if there is any syntax error in the provided PHP code. The given code reads two time inputs, performs calculations, and prints out a formatted time. PHP's syntax is correct if we ensure that variables are properly assigned and used. \n\nThe code does the following:\n1. Initializes variables $a and $b from the first input line and $c and $d from the second input line.\n2. Calculates $e as the difference in minutes between the two times divided by 2.\n3. Checks if $e is greater than or equal to 60 to determine how to format the final time range.\n4. If $e is greater than or equal to 60, it calculates the new hours and minutes, ensuring they are formatted correctly.\n5. If $e is less than 60, it simply adjusts the minutes $b and formats the output.\n6. Print formatted output.\n\nSince there are no missing semicolons, mismatched parentheses or brackets, and all function calls are correctly placed, the code does not have any syntax errors.", "answer": "False"}, {"reasoning": "1. The code is written in PHP.\n2. The functions 'explode', 'trim', 'fgets' are standard PHP functions and are used correctly.\n3. The 'list' function is used to assign values to variables from the 'explode' function.\n4. Basic arithmetic operations are performed, and conditional statements are used properly.\n5. Variables '$a' and '$b' represent hours and minutes respectively, and the code correctly handles integer values.\n6. There are no syntax errors or misused functions.\nTherefore, the code does not generate a compilation error.", "answer": "False"}, {"reasoning": "The provided PHP code reads two time values from the standard input, calculates the midpoint time, and prints the result in a formatted manner. It makes use of PHP functions like 'explode', 'trim', 'floor', and 'strlen'. These are built-in PHP functions and should work without causing any compilation errors.\n\nI don't see any major issues with syntax that would cause a compilation error. Each variable seems to be correctly initialized and used.\n\nHere the 'strlen' function is used on a variable which is implicitly converted to a string when the variable is concatenated to another string. This is acceptable in PHP, and should not cause any errors.\n\n<?php ?> tags are correctly placed, and there is no indication of any missing or mismatched brackets or syntax errors.\n\nSo, we can conclude that the code does not generate a compilation error.", "answer": "False"}, {"reasoning": "Let's analyze the code step by step to check for compilation errors:\n\n1. We start by reading two lines from the standard input and splitting each line based on the colon character to get the values of $a, $b, $c, and $d.\n2. Next, the variable $e is calculated based on the difference between the two times provided and is divided by 2.\n3. If $e is greater than or equal to 60, we perform several arithmetic operations and checks to format the hour and minute values correctly.\n4. If $e is less than 60, similar checks and formatting are done directly on the minute value.\n5. After formatting, the final time is printed in the correct format.\n\nNow, let's identify potential issues:\n- The code uses correct syntax for reading input, splitting, arithmetic operations, and formatting strings.\n- I do not see any use of uninitialized variables or any syntax that would cause a compilation error.\n\nBased on the analysis, the code does not generate any compilation errors.", "answer": "False"}, {"reasoning": "The code attempts to use fscanf(STDIN, \"%d %d\", $A, $B) to read two integers from the standard input into variables $A and $B. However, fscanf() requires variables to be passed by reference. This will cause a compilation error because the variables $A and $B should be passed as references using the `&` symbol. Additionally, some arrays and conditions are incorrectly indexed which may lead to run-time errors, but they won't cause a compilation error. Therefore, the primary issue is related to the usage of the fscanf() function.", "answer": "True"}]