[{"reasoning": "1. The code starts by importing a function from Kotlin's standard library, which is fine.\n2. It defines the `main` function and initializes reading input, which is also standard.\n3. The `solve` function is defined to process a list of integers.\n4. Inside `solve`, it filters out contributors and distractors successfully using Kotlin's standard library functions (`min` and `max`).\n5. All variables and functions are utilized properly in accordance with Kotlin's syntax.\n6. The code uses extension functions and lambda expressions correctly.\n7. There are no visible syntax or semantic errors in the provided code.\nIn conclusion, the provided code does not generate any compilation errors.", "answer": "False"}, {"reasoning": "The code includes the necessary headers and uses the standard namespace. It initializes the main function correctly. The use of `ios::sync_with_stdio(0);` and `cin.tie(0), cout.tie(0);` is correct to speed up I/O operations. The function returns 0, which is standard for the main function in C++. Thus, the code does not generate any compilation errors.", "answer": "False"}, {"reasoning": "Step 1: Import statements\nThe import statements are correct and do not raise any issues.\n\nStep 2: Main function declaration\nThe main function is declared correctly.\n\nStep 3: Variable declaration and initialization\nVariable declarations and initializations appear to be correct.\n\nStep 4: Loop for reading input and processing data\nThe loop for reading input and processing data is correctly formatted.\n\nStep 5: ReadInt and ReadInts usage\nThere are no declarations or definitions for the readInt and readInts functions which causes a compilation error.\n\nStep 6: Function usage\nThe rest of the function calls and logic seem correct otherwise.\n\nConclusion: The code will result in a compilation error due to the absence of the readInt and readInts function definitions.\n", "answer": "True"}, {"reasoning": "First, I will check each part of the code for potential compilation errors.\n1. The function 'solve' is defined properly.\n2. The 'testCaseCount' is correctly initialized by reading and converting the input to an integer.\n3. The loop iterates correctly over the range from 0 to 'testCaseCount'.\n4. 'developerCount' is correctly initialized by reading and converting the input to an integer.\n5. 'developers' list is correctly initialized by reading input, splitting it, and converting each part to an integer.\n6. 'maxSum' and 'greatestNegativeDeveloper' are correctly computed using 'filter', 'map', and 'sum'.\n7. There is a correct check for the greatest negative developer and the weakest positive developer.\n8. Proper string manipulations and creation of result output.\n9. Correct calls to 'output'.\n10. Potential issue is in the 'main' function. 'solved.solve' should be 'solve'.\nThere is a typo leading to a compilation error in the 'main' function where 'solved.solve' should have been 'solve'.", "answer": "True"}, {"reasoning": "1. The import statements have some issues, 'import Advance.add' is written which could be a custom library, but it is not defined anywhere and will create a compilation error.\n2. The 'import' statements for 'java.util.Collections.max' and 'kotlin.math.max', 'kotlin.math.min', 'kotlin.math.round' are unnecessary as they are not used in the given code snippet.\n3. The code appears to implement the main function and usage of standard input-output operations which are syntactically correct.\n4. The variable declaration and logic of the program are also correct\n\nConsidering the above points, the final answer is True as the unused imports and the undefined 'Advance' package will cause a compilation error.", "answer": "True"}, {"reasoning": "The code has a compilation error in line 14, where 'list.min()' is invoked. The correct method for obtaining the minimum value from a list in Kotlin is 'list.minOrNull()' or 'list.min()'. The method 'min()' does not exist in Kotlin for lists. Hence, the code will generate a compilation error due to this method call.", "answer": "True"}, {"reasoning": "The code contains several issues that will likely lead to compilation errors. \n\n1. The `value` property in `maxNeg?.value` and `minPositive.value` is incorrect because `maxBy` and `minBy` return a Pair<Int, Int>, so the correct property names should be `second` for the value.\n\n2. The `sumBy` function should use `.sumBy { it.second }` instead of `sumBy { (i, v) -> v }` since the latter creates unnecessary destructuring.\n\n3. The `readIntList` and `readIntArray` functions refer to `solved.readLn()`, which should be `readLn()` instead.\n\n4. There is no `solved` prefix for variables `debugEnabled` and `debLn`, `deb`.\n\nFinal conclusion: the code generates a compilation error.", "answer": "True"}, {"reasoning": "1. The code imports a single Kotlin test module.\n2. There are utility functions defined for reading input and processing it.\n3. The 'solve' function performs the logic. Here, Kotlin functions and utilities are used correctly.\n4. The main function reads integer 't' and runs a loop 't' times calling 'solve'.\n5. There are no visible syntax or type errors in the code.\n6. Assertions are in place using standard Kotlin test features.\n\nTherefore, the code will not generate any compilation error.", "answer": "False"}, {"reasoning": "The code contains several issues that will lead to compilation errors:\n\n1. `solved.readLn` imported at the top of the file should be replaced with `readLn` to match the custom defined `readLn` function.\n2. The code refers to `value` property from `maxNeg` and `minPositive` which should be `v`, resulting in unresolved references.\n3. `sumBy` method used in Kotlin stdlib is deprecated and needs to be fixed or use an alternative method.\n4. The `.toInt()` and `.split()` calls on `solved.readLn()` need to be validated if correctly parsing values.\n\nDue to these reasons, the code will generate compilation errors, leading to a final conclusion that the code will indeed cause compilation errors.", "answer": "True"}, {"reasoning": "1. The code uses readLine() in the next() function. readLine() returns nullable types, but the rest of the code assumes that the input won't be null. This might cause compilation errors or runtime exceptions if input is null.\n\n2. In the solve() function, 'tmp' is declared as a StringBuilder but it's being accessed using indexing without being properly initialized. StringBuilder does not support direct indexing like arrays or lists.\n\n3. The same issue with indexing appears for the 'ans' variable which is a String. Strings in Kotlin are immutable and can't be indexed directly to assign values.\n\n4. Kotlin's split function on a string returns a List<String>, so mapping them to Int using map{ it.toInt() } seems fine if the input is correct.\n\n5. The program relies on the input provided to the standard input stream. If inputs are incorrect, it could potentially lead to conversion errors during toInt() or toLong() calls.\n\nTherefore, due to improper handling of null values, misuse of StringBuilder and String, and potential pitfalls with readLine() and input assumptions, the code will generate compilation errors.", "answer": "True"}, {"reasoning": "To determine if the code generates a compilation error, we must analyze each part of the code step by step.\n\n1. The package `kotlin.streams.asStream` is imported. This should not generate any compilation error.\n2. The main function is defined and starts with a line to generate a sequence of user inputs using `generateSequence(::readLine)`. This function invocation is correct and does not generate a compilation error.\n3. `input.asStream()` attempts to convert the `Sequence` to a stream using the `asStream` extension. `Sequence<T>` is not designed to have a `asStream` method directly; that belongs to `Iterable<T>`, leading to a compilation error.\n4. Therefore, the code will generate a compilation error due to the incorrect usage of `asStream()` method on a `Sequence<T>`.\n\nFinal answer: True", "answer": "True"}, {"reasoning": "1. The main function is declared, which is correct.\n2. A variable t is declared and assigned a value after reading input and converting it to an integer - this is syntactically correct.\n3. The while loop contains 't --' which is not correct in Kotlin. In Kotlin, the correct way to decrement a variable in a loop statement is 't--' or using a for loop with a range.\n4. Inside the loop, 'readLine()!!.toInt()' is used again to read and convert input to an integer, which is correct.\n5. 'max(0, n / 2 - 1)' refers to a call to an undefined max function. This will lead to a compilation error because the max function is not imported from Kotlin's standard library.\n6. The if statement and its corresponding operations are syntactically correct.\n7. The final println statement is also syntactically correct.\n\nThus, there are syntactical issues: the incorrect use of 't --' in the while loop and call to an undefined max function.", "answer": "True"}, {"reasoning": "1. The import statement for Scanner class is correct.\n2. The variable `scan` is initialized correctly.\n3. The main function declaration is correct.\n4. The code `for (i 1..b)` has a syntax error. It should be `for (i in 1..b)`.\n5. Assuming the corrected syntax for the for loop, the rest of the code looks fine.\nThus, the code generates a compilation error due to the incorrect for loop syntax.", "answer": "True"}, {"reasoning": "The code snippet provided appears to have an issue. Specifically, the code is trying to print the value of \"sum\" but there is no such variable defined within the scope of the program. In the println statement, \"$sum\" should actually be \"$ans\" to print the calculated answer. Therefore, this code will result in a compilation error.\n", "answer": "True"}, {"reasoning": "Firstly, the code is written in Kotlin, and the 'main' function is defined properly.\n\n1. The usage of 'readLine()!!.toInt()' is correct Syntax in Kotlin to read a line from the standard input, convert it to a non-null integer and assign it to 'n'.\n2. 'IntArray(n)' is used correctly to create an array of integers with size 'n'.\n3. 'for (i in 0..a.lastIndex)' is a valid Kotlin for-loop syntax to iterate from 0 to the last index of the array 'a'.\n4. Inside the first loop, 'a[i] = readLine()!!.toInt()' correctly reads an integer from the input and assigns it to the array at index 'i'.\n5. In the second for-loop, the expression 'a[i] /2' correctly computes half of the value at 'a[i]' and stores it in the variable 'o'.\n6. The code inside the 'if' and 'else' blocks is correct and uses valid syntax.\n7. Lastly, there are no issues with variable scopes or types.\n\nThere are no syntax or semantic errors in the code, hence it should compile successfully.", "answer": "False"}, {"reasoning": "Let's go through the code step by step.\n\n1. The code imports the `java.lang.AssertionError` class.\n\n2. The code defines several private functions to read different types of input.\n\n3. The code defines a private function `myAssert` that throws an `AssertionError` if the condition is false.\n\n4. The `main` function starts by reading an integer `tt` using the `readInt` function.\n\n5. The code then enters a loop that runs `tt` times.\n\n6. Inside the loop, it reads an integer `n` using the `readInt` function.\n\n7. The code initializes a variable `ans` to 0.\n\n8. Then it checks if `n <= 2`. If true, it tries to assign 0 to the variable `var`, but `var` is used without being properly defined first.\n\n9. Similarly, in the else condition, it tries to assign `(n-1)/2` to the variable `var`, but `var` is still used without being properly defined.\n\n10. Finally, it tries to print the value of `var`, which results in yet another error as `var` is not properly defined and initialized.\n\nGiven the above steps, the code generates a compilation error due to the improper usage of the `var` keyword and the lack of proper variable initialization for `var`.\n\nTherefore, the final answer is True.", "answer": "True"}, {"reasoning": "1. The `main` function is defined with the parameter `args` of type `Array<String>`.\n2. The first line reads an integer `tests` from the input using `readLine()` and converts it to an `Int`.\n3. The second `if` checks if `tests` is within the range 1 to 10000, which is valid.\n4. Inside this `if` block, another integer `candies` is read from the input and converted to an `Int`.\n5. The variable `noOFPossibilities` is initialized to 0.\n6. Another `if` checks if `candies` is between 3 and `2 * (10.0f).pow(9)`. However, this expression will result in a compilation error because `pow` is not a method for `Float` in Kotlin. It should use `Math.pow` or a proper Kotlin extension function for power operation.\n7. Assuming the previous issue is fixed, the `while` loop condition `a + b == candies` will never be false, resulting in an infinite loop. It should perhaps be `<=` instead of `==`.\n\nThus, the code generates compilation errors due to the use of `pow` and an infinite loop condition.\nThe final answer is True.", "answer": "True"}, {"reasoning": "The code contains a compilation error. In Kotlin, variables declared with `val` are immutable, meaning their values cannot be changed once assigned.\n\nHere, the variable `count` is declared with `val` and is subsequently updated inside the `while` loop (`count += 1`), which is forbidden for `val` properties. To update `count`, it should be declared with `var` instead.\n\nTherefore, the code generates a compilation error due to the attempt to modify an immutable variable `count`.", "answer": "True"}, {"reasoning": "The code contains a compilation error.\n\n1. The 'tests_cnt' variable is a list of integers but used as a single integer in the for-loop. Specifically, 'tests_cnt[0]' retrieves the first element of the list.\n2. The comparison 'a > 2' inside the if condition is invalid because 'a' is a list and '2' is an integer.\n\nThese issues lead to the final conclusion that the code will generate a compilation error.", "answer": "True"}, {"reasoning": "1. The code starts with package declaration which is correct.\n2. The import statements and @JvmField declarations are correct.\n3. The functions used for reading inputs are correct.\n4. The gcd functions have correct implementations.\n5. The main function is the entry point and calls readInt() which uses _reader.readLine() which should work correctly.\n6. The loop inside the main function is expected to work correctly, taking 'a' as input and printing 'a/2 - 1' if 'a' is even, otherwise 'a/2'.\n7. However, the read() function has an issue in line 9. It should call StringTokenizer constructor correctly, but there's an incorrect usage of conditional (?:) operator without proper syntax.", "answer": "True"}, {"reasoning": "1. The `and` operator in Kotlin is a bitwise AND operator. However, it requires a right-hand operand to be an integer value.\n2. In the line `if (n and 1)`, the `and` operator is used without an expression evaluating to a Boolean. The condition of an if statement should evaluate to a Boolean.\n3. In the line `if (n and 1)`, the expression `n and 1` results in an integer value, but it is being used as a condition in the if statement, where a Boolean is expected.\n4. This will result in a type mismatch compilation error because the if condition requires a Boolean but gets an Int.\n\nFinal conclusion: The code generates a compilation error.\n", "answer": "True"}, {"reasoning": "Let's analyze the code step by step:\n\n1. The code imports the `Scanner` class from the Java library, which is used for reading input from standard input.\n\n2. The code defines a Kotlin main function with `fun main(args: Array<String>)`.\n\n3. Inside the main function, a `Scanner` instance named `reader` is created to read input from the standard input (`System.in`).\n\n4. The code reads an integer `n` from the input using `reader.nextInt()` and assigns it to the variable `n`.\n\n5. A `while` loop is initiated with the condition `n-- != 0` which means it will continue to execute as long as `n` is not zero, and it decrements `n` by 1 after each iteration.\n\n6. Inside the loop, another integer `x` is read from the input using `reader.nextInt()` and assigned to the variable `x`.\n\n7. The code checks if `(x.toDouble() / 2) != (x / 2)` i.e., if the division result is not an integer.\n\n8. If true, it prints the integer division result `x / 2`.\n\n9. If false, it checks if `x / 2` equals 0, and if true, it prints 0. If false, it prints `x / 2 - 1`.\n\nThere are no syntax or type errors in the code. The code uses correct Kotlin syntax and Kotlin standard library functions.\n\nBased on the above steps, the code does not generate a compilation error.", "answer": "False"}, {"reasoning": "Firstly, there is a missing declaration for the variable 'n'. Before using 'n', it should be declared as a variable. Secondly, proper indentation and syntax for the while loop is required. Finally, the min function and its variables are correctly defined, thus there would be no compilation issues related to them.", "answer": "True"}, {"reasoning": "1. The code is missing a semicolon after importing Scanner class: `import java.util.Scanner`\n2. The variable `read` is not defined or initialized, it should be defined as an instance of `Scanner` class.\n3. Loop variable `i` should be of the form `for (i in 0 until t)` instead of `for (i in t)`.\n4. As the `args` is not used you can remove it.\n5. No compilation errors dues to missing semicolon in Kotlin.\n\nConsidering these points, the code does generate compilation errors.", "answer": "True"}, {"reasoning": "1. The code starts by defining the main function.\n2. The variable 't' is declared and initialized with an integer read from the input.\n3. A for loop iterates from 0 to 't'.\n4. Inside the loop, the variable 'n' is read from the input and initialized.\n5. The code calculates 'ans' using the max function and 'n / 2 - 1'.\n6. The max function is used, but it's not imported, which could cause a compilation error.\n7. If 'n' is greater than 0, then 'ans' is incremented by 'n % 2'.\n8. The result is printed.\n9. The 'max' function is not part of the standard Kotlin library and should be imported or defined.\n10. Due to the missing 'max' function import, the code will generate a compilation error.\n\nFinal Answer: True", "answer": "True"}, {"reasoning": "1. The Kotlin code imports the max function from the kotlin.math package, which is correct and does not cause a compilation error.\n2. In the main function, `s` is defined to concatenate characters and a string from the standard input, which is expected to be a string. The `readLine` function is used correctly, but the concatenation of characters might raise a type mismatch error because `readLine` returns a string and not a character.\n3. The variable `sol` and `last` are initialized without any issues.\n4. The `vowels` set is defined correctly.\n5. The for loop is correctly structured to iterate from 1 until the length of the string `s`.\n6. Inside the loop, it correctly checks if `s[pos]` is in the set of vowels and updates `sol` and `last` accordingly using the max function.\n7. The final print statement will output the value of `sol`.\nHowever, the initialization of `s` contains a compilation error due to the type mismatch between character and string.\nFinal Answer: True", "answer": "True"}, {"reasoning": "Let's go through the code step by step to identify any potential compilation errors.\n\n1. The `fun main()` function starts correctly and defines the main entry point for the Kotlin application.\n2. The `val r = System.`in`.bufferedReader()` line initializes a BufferedReader to read from the standard input stream. This line is correct.\n3. The `val s = StringBuilder()` line initializes a new instance of the `StringBuilder` class. This line is also correct.\n4. The commented-out lines don't affect the code's compilation.\n5. The `val str = r.readLine()!!` line reads a line from the input and assigns it to the `str` variable, which is non-nullable. This line is correct.\n6. The `val list = listOf<Char>('A', 'E', 'I', 'O', 'U', 'Y')` line initializes a list of characters. This line is correct.\n7. The variables `dis` and `max` are initialized to 0, which is correct.\n8. The `for` loop iterates over the length of the string in reverse order, starting from the last index. The loop's syntax is correct.\n9. Inside the loop, there is a condition to check if the character is in the list `list`. If true, `dis` is set to 1; otherwise, `dis` is incremented, and the `max` value is updated. These lines are correct.\n10. After the loop, there is a condition to check if the length of the string is 1. If true, it prints 1; otherwise, it prints the maximum value. This block is correct.\n\nNo compilation errors have been identified in the provided code.\n\nConclusion: The code does not generate a compilation error.", "answer": "False"}, {"reasoning": "1. The code imports necessary packages: `java.util.*` and `kotlin.collections.ArrayList`.\n2. The `main` function is defined and starts execution.\n3. Variable `str` is assigned the input string via `readLine()!!`.\n4. Variable `const` is defined as \"AEIOUY\".\n5. An `ArrayList` of integers `list` is initialized.\n6. A `for` loop iterates over each character in the input string `str`.\n7. If the character is a vowel (contained in `const`), the index is added to the `list`.\n8. Variable `max` is initialized to 0.\n9. If the list size is less than 2, and if the first character is a vowel, `max` is set to 1.\n10. Otherwise, another `for` loop determines the maximum distance between vowel indices.\n11. The result `max` is printed.\n\nThe code makes use of Kotlin-specific language features, and while there might be logic errors, there are no compilation errors. The provided code should compile without any issues.\n", "answer": "False"}, {"reasoning": "1. Import statements for java.util.* and kotlin.collections.ArrayList are valid.\n2. Defining the main function in Kotlin with fun main() is correct.\n3. Declaring 'const' as a var is valid but unusual since 'const' is usually used for constant values in typical programming languages.\n4. readLine()!!.split(\"A\",\"E\",\"I\",\"O\",\"U\",\"Y\") is correct for splitting input based on the vowels.\n5. println(str) outputs the split result.\n6. str.maxBy { it.length } is deprecated since Kotlin v1.4. The correct method is maxByOrNull { it.length }.\n7. The last line prints the length of the longest substring + 1. Corrected usage of maxByOrNull will not cause a compilation error.\nTherefore, apart from deprecated maxBy(), no compilation error will occur.", "answer": "False"}, {"reasoning": "1. The code starts by importing java.util.* and kotlin.collections.ArrayList. These imports are correct, so no issue here.\n2. The main function is defined, starting the execution of the program when run. This is also correct.\n3. The variable 'str' is assigned the value from readLine()!!, which reads input from the console and ensures it is not null. This step is correct.\n4. The variable 'const' is defined as a string with the value 'AEIOUY'. This is syntactically correct.\n5. An ArrayList of Integers named 'list' is created. This is correct as well.\n6. A for loop iterates over the length of 'str', and checks if each character is in 'const'. If the character is found, its index is added to 'list'. This is correct.\n7. A variable 'max' is defined and initialized to 0. This is correct.\n8. Another for loop iterates from 1 to the size of 'list'-1, calculating the absolute difference between consecutive elements in 'list' and updating 'max' accordingly. This is correct.\n9. Finally, the value of 'max' is printed.\n\nHowever, there is a potential issue with the calculation of 'max'. If 'list' is empty (i.e., no characters in 'str' are found in 'const'), the second for loop will not execute. This will cause 'max' to remain 0, which might not be the intended output. \n\nDespite this logic issue, there is no compilation error in the code.", "answer": "False"}, {"reasoning": "The code includes the Kotlin standard library import statement and the main function to scan an integer input from the user. It then calls the solve function, which applies a range of operations. However, there is an inconsistency in the solve function's logic where the expected type does not match the Int type returned by the digits function. Specifically, the expression (n - it).digits() == it compares an integer with another integer, but it is in a context where a filter predicate is expected to be Boolean. Therefore, the code will generate a compilation error.", "answer": "True"}, {"reasoning": "1. The import statement for java.util.* is correct for using Scanner class.\n2. The main function definition and usage of Scanner is correct.\n3. The call to sc.nextInt() properly reads an integer input.\n4. The function solve is expected to return a list of integers.\n5. The range (0..200) is correctly being filtered and mapped.\n6. The method Int.digits() is correctly calculating the sum of digits of an integer.\n7. However, the error is in the filter condition: (n - it).digits() == it. \n8. The filter condition (n - it).digits() is calling digits() on an Int, which results in a sum, which may not match 'it'. \n9. If it is intended to be compared to the integer itself, the definition of what digits() method does need to be revisited. This logic may not make sense for all 'n'.\n10. Also, size property is not direct for list in Kotlin.\n\nTherefore, there are compilation errors.", "answer": "True"}, {"reasoning": "The code provided has syntax similar to Kotlin. To determine if it generates a compilation error, we'll review the code step by step:\n\n1. The `main` function initializes a `Scanner` object to read input from the standard input.\n2. The next integer input is read and stored in the variable `n`.\n3. The `solve` function is called with `n` as its argument, and its return value is stored in `x`.\n4. The size of `x` is printed, followed by printing each element of `x`.\n\nNext, we check the definition of the `solve` function:\n\n1. The `solve` function uses a range `(1..200)` and filters it based on the condition `n - it > 0` and `(n - it).digits() == it`.\n2. The `map` function is then used to create a new list of values from the filtered input.\n\nNext, we check the `digits` function:\n\n1. The `digits` function calculates the sum of the digits of the integer on which it is called.\n\nCompilation errors can occur due to syntactical issues or the use of undefined functions/variables. Here, the filter condition `n - it > 0 && (n - it).digits() == it` is problematic because `it` represents a number from the range (1..200), and `x` inside the `map` function is not defined properly.\n\nKotlin is strongly typed, and we need to ensure that `it` is typed correctly. The function chaining between `filter`, `map`, and the use of a custom function should work correctly as provided.\n\nAfter updating these points, there are no visible syntax errors in this code. Hence, the code does not generate any compilation errors.", "answer": "False"}, {"reasoning": "Let's analyze the code step by step:\n\n- import java.util.*\nThis import statement is correct and doesn't generate a compilation error.\n\n- fun main(args: Array<String>) {...}\nThe `main` function is created correctly.\n\n- val sc = Scanner(System.`in`)\nThe `Scanner` object is created correctly.\n\n- val n = sc.nextInt()\nThe `nextInt` method is valid and no compilation error here.\n\n- val x = solve(n)\nThe `solve` function is called correctly.\n\n- println(x.size)\nThe size of the list x is printed correctly.\n\n- x.forEach { println(it) }\nEach element of the list x is printed correctly.\n\n- fun solve(n: Int) = ...\nThe `solve` function is declared correctly.\n\nHowever, the expression `(n - it).digits()` is invalid. The `digits` function is defined as an extension function for `Int`, but it's being called on `n - it`, which is an `Int } object without using the extension syntax. This generates a compilation error.\n\n- fun Int.digits(): Int {...}\nThe `digits` function is defined correctly and doesn't generate a compilation error.\n\nHence, there is a compilation error due to the wrong usage of the extension function.\n\nThe final answer is True.", "answer": "True"}, {"reasoning": "Upon analyzing the given code, I have identified the following points:\n\n1. The provided code defines three functions: main, readB, and solveB.\n\n2. The readB function utilizes the readLine function, which is used for reading input from standard input. This function splits the input and maps it into integers.\n\n3. The solveB function computes the result based on the given input values. It calculates time and score for tasks using nested loops and conditional statements.\n\n4. The main function invokes the readB function.\n\nBased on the provided code and the Kotlin language syntax, the code should not generate any compilation errors as it correctly implements the required functionality, follows proper syntax, and calls the necessary functions.\n\nTherefore, the final answer is: False", "answer": "False"}, {"reasoning": "1. The code defines three functions: readB(), solveB(), and main().\n2. readB() reads input from the console, processes it, and calls solveB(), then prints the result.\n3. solveB() takes three arguments (n, m, and timesRaw), processes them, and returns an integer result.\n4. main() calls the readB() function.\n5. There is no visible syntax error, undeclared variables, or type mismatches in the provided code.\n6. The code seems to rely on Kotlin-specific functions such as readLine(), split(), map(), sum(), and max(), all of which are correctly used.\n\nTherefore, the code does not generate a compilation error. ", "answer": "False"}, {"reasoning": "The code appears to be written in Kotlin. Generally, the code will not generate a compilation error. The variables are correctly declared and used, the for-loop syntax and if conditions are also correct. The logic inside the loop correctly uses Kotlin\u2019s distinct features like string interpolation and long integers, ensuring no type mismatch. The use of readLine, split, map, and other functions are standard and should not cause any issues.\n\nHowever, without additional context or specific compiler settings, it is hard to guarantee that this runs without error.\n\nFinal answer: False", "answer": "False"}, {"reasoning": "1. The program starts by importing the `java.util.*` package, which is typically used in Java, not Kotlin. However, importing Java packages in Kotlin is allowed so there won't be a compilation error related to this line.\n\n2. The main function is correctly defined in Kotlin: `fun main(args: Array<String>) {}`, so no error here.\n\n3. The next line reads the input and splits it into `n` and `m`, where both are converted to integers. The usage of `readLine()!!` and `split(' ').map(String::toInt)` is correct.\n\n4. The variable `ans` is defined as a `Long`. The syntax is correct so no error here.\n\n5. The array `cnt` is correctly defined as an `IntArray` with a size of 6 elements. The syntax is correct so no error here.\n\n6. A `for` loop is used to fill the `cnt` array with the count of elements modulo 5. This is correctly implemented.\n\n7. Another `for` loop is used to calculate the `ans` using the values in the `cnt` array. This logic is also correctly implemented and won't cause a compilation error.\n\n8. Finally, the program prints the value of `ans` using `print(ans)`. This is correctly implemented in Kotlin.\n\nSince there are no syntax or semantic errors in the code, it should compile without errors.", "answer": "False"}, {"reasoning": "The code is written in Kotlin, and it defines a main function to calculate a value based on inputs m and n. The inputs are read from the standard input using the System.`in`.bufferedReader() method.\n\nThe code uses Kotlin-specific features such as `val` for defining read-only variables, `bufferedReader()` for reading input, `StringBuilder` for efficient string manipulation, and Kotlin's `split` method to break down the input line into components. It also makes use of the `when` expression to perform conditional logic based on the values of m and n modulo 5.\n\nThere don't appear to be any syntax errors or misuse of Kotlin features in the provided code.\n\nBased on this analysis, it is unlikely that the code will generate a compilation error.", "answer": "False"}, {"reasoning": "The code is written in Kotlin and it appears to be correct at a glance. However, to ensure that it doesn't generate a compilation error, I will check the following: \n\n1. The import statement for `java.util.*` seems unnecessary as no specific Java utility is being used in the code.\n2. The `main` function is defined correctly.\n3. The `readLine()` function is used to read the input and is split correctly into `n` and `m`.\n4. The Long data type for `ans` is correctly declared.\n5. The Integer array `cnt` is correctly initialized.\n6. The for loop correctly iterates over the range.\n7. The calculation logic seems correct although a deeper look is needed to validate the logic.\n\nNo compilation-specific issues are found in the code. It should compile successfully.", "answer": "False"}, {"reasoning": "1. The code imports the necessary library `java.util.*` for using utility classes and functions, so there is no compilation error here.\n2. The code defines the `main` function, which is the entry point of a Kotlin program. The function signature is correct.\n3. The code reads a line of input and splits it into two integers `n` and `m`. The usage of `readLine()!!` to read and non-null assertion operator `!!` will not cause a compilation error, but at runtime, it may throw a NullPointerException if the input is null.\n4. The code initializes a variable `ans` of type Long, and an array `cnt` of type `IntArray` with 6 elements initialized to zero. The variable initializations are correct.\n5. The `for` loop iterates from 1 to `m` and increments the elements of `cnt` array at indices that are the remainder when divided by 5. This is correct.\n6. Another `for` loop iterates from 1 to `n` and updates the `ans` variable by adding values from the `cnt` array based on the index calculated using modulo operation. The modulo operations and indexing are correct.\n7. The `print` function prints the value of `ans` without issues.\n\nOverall, the code does not generate any compilation errors and will compile correctly.", "answer": "False"}, {"reasoning": "1. The Kotlin code includes necessary imports from Java standard library correctly.\n\n2. There are three private methods defined: two `exit` functions and one main function `main` that gets executed when the program runs.\n\n3. The `main` function encapsulates a custom `scan` object with reading methods for different data types.\n\n4. Within the `main` function the two read values, `n` and `m` are declared correctly.\n\n5. The lambda function `xi` is used to populate and return a `LongArray` for both `n` and `m`.\n\n6. The variable `res` is generated using the results of the `xi` function processed through the `mapIndexed` function.\n\n7. The final result `res` is passed to the `exit` function and the program terminates correctly.\n\nThere are no syntax errors, type mismatches, or other issues that would prevent this Kotlin code from compiling.\n\nFinal Answer: False", "answer": "False"}, {"reasoning": "The code contains the following issues which could lead to compilation errors:\n\n1. Incorrect import statement syntax: The correct syntax should be `import java.io.*;`, `import java.math.BigDecimal;`, etc. with semicolons at the end of each import statement.\n\n2. In TaskD, the for loop syntax is incorrect. It should use `for(i in 0 until stringLength)` instead of `(0 until stringLength)`.\n\n3. In TaskE, the for loop syntax is incorrect. It should use `for (i in 1..wordCount) { words[i] = scanner.nextInt() }` instead of `(1..wordCount) { words[it] = scanner.nextInt() }`.\n\n4. In TaskK, incorrect syntax for 'when' condition. It should use proper 'when' condition syntax like `when {` instead of `when(it) {` .\n\nConsidering these issues, the code snippet will generate compilation errors.", "answer": "True"}, {"reasoning": "1. The code imports `java.util.*` which is not required as it's a Kotlin program.\n2. There is a missing semicolon after the import statement which is not required in Kotlin.\n3. The main function is defined correctly with the args parameter.\n4. The line `val ( n, m ) = readLine()!!.split(' ').map(String::toInt)` is correct for reading input and splitting it into integers.\n5. The variable ans is assigned a type of Long which is correct.\n6. The IntArray is initialized correctly.\n7. The for loops are defined correctly.\n8. There are no syntax errors or incorrect statements in the code.\n\nTherefore, the code does not generate a compilation error.", "answer": "False"}, {"reasoning": "1. The code starts with importing java.io.* and java.util.*. No issues here.\n2. The main function calls solve function with System.in and System.out. No issues here.\n3. The solve function instantiates Reader and PrintWriter objects. No issues here.\n4. The solve function is overloaded, once with InputStream and OutputStream, once with Reader and PrintWriter. No issues here.\n5. A while loop with a true condition is used to calculate some values. However, it doesn't seem to contain any code that would stop the loop, making it an infinite loop.\n\nDespite the potential logical issue of an infinite loop, it doesn't cause a compilation error. Therefore, the code does not generate a compilation error.", "answer": "False"}, {"reasoning": "1. The code starts with importing necessary Java and Kotlin libraries. This part does not cause any compilation error.\n\n2. The main function begins, which is a standard setup for a Kotlin program. This part does not cause any compilation error.\n\n3. It initializes a BufferedReader to read from the standard input. This part does not cause any compilation error.\n\n4. The next line reads a line from the BufferedReader and splits it into two values n and m, which are then mapped to Long. This part is standard Kotlin code and does not cause any compilation error.\n\n5. The code then calculates the minimum and maximum of n and m using Kotlin's min and max functions. This part does not cause any compilation error.\n\n6. Finally, the code prints the result of a fold operation on a range from 1 to minBound. This part involves Kotlin's fold function with a lambda expression, which is correctly used here.\n\nAfter careful inspection, there are no syntax errors or misuses of Kotlin features. Therefore, the code does not generate a compilation error.", "answer": "False"}, {"reasoning": "Step 1: The program is written in Kotlin, which is a statically-typed language.\nStep 2: Import statements for java.util.*, java.io.*, and java.lang.Math.* are used.\nStep 3: A private function 'exit' is defined with two variations: one accepting a String argument and one accepting an Int argument.\nStep 4: The main function 'main' is defined which initializes a val 'scan' as an object.\nStep 5: The object 'scan' contains several methods for reading input: 'next', 'int', 'long', 'double', and 'line'.\nStep 6: The main function reads input into 'n' and creates an IntArray 'a' of size 'n'.\nStep 7: There is a loop inside the IntArray initialization which modifies each element of 'a'.\nStep 8: Finally, the program checks if all elements of 'a' are equal and exits with either \"Yes\" or \"No\".\n\nReasoning about potential compilation errors: \n- All methods and calls used within the code are correctly formed.\n- Access modifiers and function names are appropriate.\n- No syntax errors detected in the code.\n\nThus, the code does not generate a compilation error.", "answer": "False"}, {"reasoning": "The code is missing semicolons at the end of the import statements and parentheses for the println statements. The absence of these semicolons and parentheses will cause a compilation error in Java. However, the given code snippet is written in Kotlin, which does not require semicolons and supports the given syntax. Therefore, there are no compilation errors in this Kotlin code.\n", "answer": "False"}, {"reasoning": "I will first check the code for syntax errors. The given code is written in Kotlin language. The code seems to correctly read input, split it into integers, perform necessary computations inside a for loop, and print the result. It uses Kotlin-specific syntax and methods such as `readLine()!!`, `split`, `map`, and `toInt`, which are correct in this context. Therefore, no syntax errors are present in this code. Thus, it should compile successfully without errors.", "answer": "False"}, {"reasoning": "Step 1: The main function is defined and contains several nested functions (`readInt`, `readLong`, `readInts`, and `readLongs`). These functions are used to read input from the console.\n\nStep 2: An array `points` is defined to store three pairs of integers. A loop runs three times to read integer pairs from input and store them in the `points` array.\n\nStep 3: A mutable set `sols` is defined to store pairs of integers. Several calls to the function `f` are made using different combinations of elements from `points`, and the results are added to `sols`.\n\nStep 4: Elements from `points` that exist in `sols` are removed using `sols.removeAll(points)`. The size of `sols` is printed.\n\nStep 5: The remaining elements in `sols` are printed, separated by new lines.\n\nStep 6: The function `f` is defined outside the main function. It takes three pairs of integers, does some arithmetic with their components, and returns a new pair.\n\nConclusion: The code seems to logically be in place. However, there is no preceding step to call the main function. Since the `main` function is defined but not called anywhere (especially for Kotlin script), it should be the entry point.\n\nTherefore, the code will not generate a compilation error; it just won't execute without a proper environment setup.\n\nFinal Answer: False", "answer": "False"}, {"reasoning": "1. The 'var' keyword is incorrectly used inside the for loop. It should be 'i := 1' to initialize the variable.\n2. A syntax error occurs due to the missing curly braces after the 'if' statement.\n3. There is a missing semicolon in the 'if' condition.\nThe code generates a compilation error due to incorrect use of 'var' inside the for loop, missing curly braces after the 'if' statement, and a missing semicolon in the 'if' condition.", "answer": "True"}, {"reasoning": "1. The code starts with `package \"main\"` which is incorrect syntax, it should be `package main` without quotes.\n2. The import statement for fmt is correct.\n3. The function `main` declaration is correct.\n4. The variable declaration for `n` and `k` is correct.\n5. The `fmt.Scanf` statement is syntactically correct but there is a missing newline at the end.\n6. The for loop is correct in syntax and logic.\n7. The if condition inside the for loop is logical and syntactically correct.\n8. The `fmt.Println` statements are correctly used.\n9. Overall, the code will not compile due to the incorrect `package \"main\"` declaration.\n\nFinal Answer: True", "answer": "True"}, {"reasoning": "The code contains a syntax error. The line 'package \"main\"' should be 'package main' without the double quotes. This will cause a compilation error. ", "answer": "True"}, {"reasoning": "The package declaration in Go should be 'package main' instead of 'package \"main\"'. The use of double quotes is incorrect and will result in a compilation error. Additionally, the rest of the code follows Go's syntax correctly and should not generate any compilation errors if the package declaration is corrected.", "answer": "True"}, {"reasoning": "The code snippet provided has duplicate 'main' function definitions. In Go, each package can only have one 'main' function defined, as it serves as the entry point of the program. This will result in a compilation error.\n\nAdditionally, there are duplicate declarations of the 'scanner' variable and its initialization in the code. This also leads to a compilation error due to the Redeclared variable in the same package.\n\nConsidering these issues, the final answer is True.", "answer": "True"}, {"reasoning": "Let's analyze the provided code to determine whether it will generate a compilation error:\n\n1. Importing necessary package: The code imports the \"fmt\" package, which is correctly formatted and essential for input/output operations in Go.\n\n2. Defining the main function: The function \"solve339a\" is defined correctly and contains logical operations for solving the given problem.\n\n3. Variable initialization and input reading: \"equation\", \"one\", \"two\", and \"three\" variables are initialized correctly and the input is read using fmt.Scan, which is a valid approach.\n\n4. Loop to count digits: A loop is used to count occurrences of digits '1', '2', and '3'. This is logically correct.\n\n5. Conditional check based on count of digits: The code checks if the total count of digits is less than or equal to 1 to print the original equation, which is valid.\n\n6. Building the result string: The code uses a helper function \"appendNumber\" to build the result string. This function is defined correctly but the usage of \"result = result[:len(result)-1]\" ensures the trailing '+' is removed.\n\n7. The \"appendNumber\" function: The function correctly appends the digits based on their counts.\n\nConsidering all these points, there are no syntax or logical errors in the provided code.\n\nTherefore, the code does not generate a compilation error.\n", "answer": "False"}, {"reasoning": "1. Package declaration and imports are correct.\n2. The constant MAX is defined correctly.\n3. The 'Sort' function and its logic are correct.\n4. The variable 'input' is declared and scanned correctly in 'main'.\n5. The 'digits' array is constructed correctly from the input string.\n6. The 'ints' array is constructed correctly from the 'digits' array.\n7. In the 'main' function, 'A' is not declared before being used.\n8. The undeclared variable 'A' leads to a compilation error.\n\nFinal Answer: True", "answer": "True"}, {"reasoning": "1. The code starts by importing the 'fmt' package, which is necessary for formatted I/O operations.\n2. In the main function, a variable 'n' of type 'int64' is declared.\n3. Then, 'fmt.Scanf' is used to read an integer input from the user and store it in 'n'. This function is correctly used with '%d' format and '&n' as a pointer.\n4. Another variable 'r' of type 'int64' is declared and initialized to 0.\n5. A for loop starts from 2, and increments 'i' by 2, and continues to loop while 'i' is less than 'n/2'. No issues in the for loop syntax.\n6. Inside the for loop, 'r' is incremented by 1. This operation is valid for an 'int64' type.\n7. Finally, the value of 'r' is printed using 'fmt.Println'. The correct function is used to print the integer value.\nBased on the code, there are no syntactic errors or misuses of the functions and variables. Therefore, the code does not generate a compilation error.", "answer": "False"}, {"reasoning": "1. The code starts with the main function definition using the 'func main()' syntax. This is correct and should not cause any compilation issues.\n2. Inside the main function, the code declares variables 'n', 'm', and 'a' using a multi-variable declaration with the 'var' keyword. This syntax is correct for declaring multiple variables of the same type.\n3. The code uses 'fmt.Scanln(&n, &m, &a)' to read integer inputs from standard input and save them into the variables 'n', 'm', and 'a'. However, the 'fmt' package is used without being imported, which will cause a compilation error as 'fmt' is an undeclared package.\n4. The code includes conditional statements to check if 'n' and 'm' are divisible by 'a' and adjusts their values accordingly. This part of the code is correct and does not cause any compilation issues.\n5. The final line 'fmt.Println(n*m)' will print the result of multiplying 'n' and 'm'. Again, this uses the 'fmt' package, which is not imported, leading to a compilation error.\n6. Conclusion: The code will generate a compilation error due to the missing import statement for the 'fmt' package.", "answer": "True"}, {"reasoning": "The provided code is a Go program. The program includes imports of fmt and math packages, defines variables with float64 type and attempts to read input using fmt.Scanf function. Additionally, there are commented-out code blocks which, while not necessary for compilation, do not contribute compilation errors.\n There seems to be no syntax errors in the code, modules are correctly imported, variables declared appropriately, and math package functions used without any miss. All code is syntactically correct", "answer": "False"}, {"reasoning": "First, I will check all the dependencies used in the code and verify if they are imported correctly. In this case, there is an import of the fmt package for Scanf and Println functions, but it hasn't been specified in the code.\n\nSecond, I will check the logic and data types used in the code. The code defines three integer variables a, m, and n. It scans three integers using Scanf and assigns their values to these variables. Then it performs various integer operations on these variables.\n\nThe lines involving float32 type conversion are commented out, so they don't affect the compilation.\n\nLastly, I'll check the correctness of mathematical operations and conditions used. Here, all operations are valid for integer data types, and conditions are correctly used.\n\nSo the main issue is the missing import for the fmt package.\n\nTherefore, this code is supposed to generate a compilation error.\n", "answer": "True"}, {"reasoning": "1. The 'fmt.Scanf' format specifier '%b' is incorrect for float64 inputs; it should be '%f'.\n2. 'a_in_n_and_m' is used without declaring its type.\n3. The conditions and variables are logically correct, but there is a type mismatch in 'math.Ceil' function returns float64, and is converted into uint64.\n4. 'a_in_n_and_m' needs to be a uint64, now it would cause an error.\n5. Incorrectly calculated 'flagstone_volume'.\n\nFinal conclusion: The code will generate a compilation error due to using variables without declaration, incorrect format specifier, and data type mismatch.", "answer": "True"}, {"reasoning": "First, looking at the imports section, all imported packages are valid and exist in the Go standard library, thus no import errors.\n\nExamining the 'MyInput' struct, its methods are properly defined and use standard library functions correctly without syntax errors. The 'start' method uses a valid non-blocking approach to read from its 'rdr' attribute and send lines to the 'lineChan'. The 'readLine' method implements channel operations correctly.\n\nMoreover, the type conversions and string manipulations within the methods (like 'readInt', 'readInts', 'readInt64', 'readInt64s', 'readWords') are standard practices in Go and do not contain syntactic or logical errors.\n\nIn the 'main' function, the commented 'solve' function call and 'log.Println' usage indicate prior testing or debugging, which are optional and do not influence compilation.\n\nLastly, the 'solve' function performs arithmetic operations using valid Go syntax, and math.Ceil is used correctly to ensure float64 division result before converting to int. There's no misuse of any component.\n\nTherefore, there are no compilation errors present in the given code.", "answer": "False"}, {"reasoning": "Let's check step-by-step if the given code could generate any compilation error.\n\n1. **Package Declaration and Imports:** The primary package and import statements for bufio, fmt, io, strconv, os are correctly declared.\n\n2. **main Function:**\n   - The variables `n`, `m`, and `a` are assigned using methods `NextInt()` from `s` object. However, no `NextInt` or `Next` method exists for `s` in this code snippet. This will cause a compilation error.\n   - The `Println` function of `s` and the `Flush` methods are called, which both exist as `Println` and `Flush` methods.*\n\n3. **InOut Struct and Methods:** The `InOut` struct and its associated methods like `Next`, `NextLine`, `NextStr`, `Print`, `Println`, `PrintlnNow` seem appropriate and correct.\n\n4. **init Function:** The `init` function calls `NewInOut` to instantiate `s`. The `NewInOut` function is properly defined too.\n\n5. **Variable Declaration:** In this code, `s` is declared as a pointer to `InOut` globally and initialized in `init`.\n\nBased on these points, the absence of `NextInt` method for the `InOut` object will lead to a compilation error. All other parts look correct. The missing method is the problem.\n", "answer": "True"}, {"reasoning": "1. The code imports the necessary packages, 'fmt' and 'math'. These are valid imports and do not cause any compilation error.\n2. In the main function, three variables 'n', 'm', and 'a' of type 'uint64' are declared. This is also correct syntax and does not cause any compilation error.\n3. The 'fmt.Scan' function reads inputs into the variables 'n', 'm', and 'a'. This is correct usage and does not cause any compilation error.\n4. The 'fmt.Println' function attempts to print the result of 'math.Ceil(n/a) * math.Ceil(m/a)'. \n5. The 'math.Ceil' function requires a float64 argument and returns a float64. However, 'n/a' and 'm/a' are integer divisions and yield results of type uint64. Using 'math.Ceil' with uint64 types will cause a compilation error because Go does not implicitly convert between numeric types.", "answer": "True"}, {"reasoning": "1. Check package declaration: 'package main' is correctly declared.\n2. Check import statement: 'import \"fmt\"' is correctly declared.\n3. Check function declaration: 'func main ()' is correctly declared.\n4. Check variable declarations: 'var m,n,a int' is correctly declared.\n5. Check function calls for scanln and print. fmt.scanln should be fmt.Scanln and fmt.print should be fmt.Print.\n\nBased on the reasoning, the code will generate a compilation error due to the incorrect function calls for scanln and print.", "answer": "True"}, {"reasoning": "1. The first compilation error is in the `main` function where the function call `s.Println`, `s.Flush` is used but `s` is not defined as a package-scoped variable.\n2. The `s` variable declared in the global scope might be a potential candidate but in the `main` function it hasn't been initialized correctly.\n3. The `InOut` type's `Println` and `Flush` methods are implied but not actually coded which leads to a compilation error since the compiler finds no reference to these functions.\n4. When the struct `InOut` is declared, the methods defined are mainly `Next`, `NextInt64`, `NextLine`, `NextStr`, and `Print`, `Println`, `PrintlnNow`. Only `PrintlnNow` uses Go's built-in functions but misses a defined method `Flush`, a hidden standard requirement in `bufio.Writer`.\n5. The `NewInOut` initializes the `InOut` struct but it's missing a method for the buffered writer `Flush` as we're using custom functions here.\n6. As a result of these missing definitions leading to being unresolved by the Go compiler.", "answer": "True"}, {"reasoning": "1. The code imports the \"fmt\" package, which is correct syntax.\n2. In the main function, the variables `n`, `m`, and `a` are declared with type `int`.\n3. The program uses `fmt.Scan` to read `n`, `m`, and `a` from the standard input. The function call is correct.\n4. The code then defines `tiles1` and `tiles2` as unsigned integers (type `uint`), initialized to `n/a` and `m/a`, respectively. This involves integer division.\n5. The `%` operator is used to determine if there is a remainder when `n` and `m` are divided by `a`. If there is, `tiles1` or `tiles2` is incremented by 1. This logic is correct.\n6. The variable `hasil` of type `uint` is initialized to the product of `tiles1` and `tiles2`, which is valid.\n7. Finally, the program prints `hasil` using `fmt.Println`, which is correct syntax.\n8. There is no type mismatch or syntax error, and all operations and function calls are correctly formed.", "answer": "False"}, {"reasoning": "1. The package \"main\" and import are correctly defined.\n2. The main function declaration is correct.\n3. Initialization of i, j, k are correctly defined as integers.\n4. The use of fmt.Scanf is syntactically correct.\n5. There are syntax errors in lines \"var int n = i/k\" and \"var int m = j/k\". The correct syntax for variable declaration and initialization should be \"var n int = i/k\" or simply \"n := i/k\".\n6. Correct use of if conditions.\n7. The expression fmt.Println(n*m) is correct.\n8. Because of point 5, the code will generate a compilation error.", "answer": "True"}, {"reasoning": "1. The code starts with declaring a main package and importing the fmt package. There is no issue here.\n2. Inside the main function, three int32 variables (a, b, c) and one integer variable (result) are declared and initialized correctly. There is no issue here.\n3. The fmt.Scan function is used to read inputs into variables a, b, and c. There is no issue here.\n4. The code contains conditional statements to check if a and b are divisible by c, and then multiplies the result variable accordingly.\n5. The code uses integer division which is allowed in Go.\n6. Finally, the fmt.Println function is used to print the result.\nThere are no syntax or type errors present in the code.", "answer": "False"}, {"reasoning": "1. The code declares a package main and imports fmt and math packages.\n2. The main function is defined, and inside it, three int64 variables, a, b, and c, are declared.\n3. The fmt.Scan function is used to take input values for variables a, b, and c.\n4. The fmt.Println function calculates and prints the output based on the given formula ((a-1)/c + 1) * ((b-1)/c + 1).\n5. There is no compilation error in the code as all the syntax and usage are correct.\n", "answer": "False"}, {"reasoning": "Starting from the top:\n1. The 'package main' declaration is correct.\n2. The import statement is correct, both 'fmt' and 'math' packages are available.\n3. In the main function, variable declarations for 'n', 'm', and 'a' are correct.\n4. The fmt.Scanf function is used correctly to scan float inputs.\n5. There is no issue with the fmt.Println statement and the math.Ceil function usage.\n6. Error handling for 'err' is not performed, but it doesn't result in a compilation error, only a possible runtime issue if there are errors.\nBased on these checks, there should be no compilation errors in the code.", "answer": "False"}, {"reasoning": "1. The `main` package and `import` statements are correct.\n2. The `main()` function is correctly defined.\n3. The variables `i`, `j`, and `k` are correctly declared with type `int`.\n4. The `fmt.Scanf` function is correctly used to read input values into `i`, `j`, and `k`.\n5. The variables `n` and `m` are incorrectly declared. In Go, the type should be declared after the variable name, without the keyword `var`.\n6. The correct declaration should be `n := i/k` and `m := j/k`.\n7. The operations to increment `n` and `m` based on the remainder are correct.\n8. The `fmt.Println` function is correctly used to print the result of `n * m`.\nTherefore, the provided code will generate a compilation error due to the incorrect declaration of `n` and `m`.", "answer": "True"}, {"reasoning": "1. The code imports the \"fmt\" package correctly.\n2. The \"main\" function is defined but not called. In Go, the package name should be given as \"package main\".\n3. The arithmetic operations in the 'width' and 'height' variables are correct, but the result might not be what the programmer intended as integer division could be involved.\n4. Overall, there is no compilation error, but there are logic and syntax issues that may prevent the code from working as intended.\nThe final answer is False because there are no compilation errors.", "answer": "False"}, {"reasoning": "First, the imports and main function definition are correct. The variable declarations are also correct. The first three `fmt.Scan` functions are correctly used to take input from the user. The conditional statements for calculating `x1` are correct. However, the second conditional statement for calculating `x2`, specifically the `else` branch, redeclares `x2` using the `:=` short variable declaration syntax instead of the `=` assignment operator. This will cause a compilation error because `x2` was already declared earlier in the code.\n\nTherefore, the code generates a compilation error.\n\nFinal answer: True", "answer": "True"}, {"reasoning": "The Go code provided is valid and should not generate compilation errors. The code imports required packages, defines functions, initializes variables, and performs necessary operations without any syntax issues or missing components.", "answer": "False"}, {"reasoning": "First, we need to check if all imported packages are correctly handling the required functionalities without any name conflicts. The imported packages are \"fmt\" and \"sort\", and these are correctly imported.\n\nNext, we analyze the code for variable declarations and initializations. The variables n and m are correctly declared as integers, and values are scanned from standard input using fmt.Scanln. Arrays a and b are then created with correct sizes n and m.\n\nThe for-loops are correctly defined for reading input values into arrays a and b, and sorting the arrays using sort.Ints does not cause any issues.\n\nThe nested loop checks for common elements between arrays a and b, and the min function is correctly defined and utilized to update the variable ans.\n\nFinally, the conditional statements and println functions are correctly structured.\n\nTherefore, there are no issues related to compilation errors in the provided code.", "answer": "False"}, {"reasoning": "1. The `solve` function reads input using the `readInt` function, which in turn calls `readString`. These functions are defined in the code.\n2. The `main` function initializes a global `scanner` with `bufio.NewScanner` and sets its buffer and split function.\n3. The `solve` function contains loops and map operations that are syntactically correct.\n4. There are no undeclared variables or types being accessed.\n5. All the imported packages are used properly and are valid for this context.\n\nThus, the code does not generate any compilation errors.", "answer": "False"}, {"reasoning": "1. The package main and the necessary imports are declared correctly.\n2. The min function is defined correctly.\n3. In the main function, variables n and m are declared and scanned correctly.\n4. Arrays a and b are initialized with the correct lengths.\n5. The loops for scanning values in arrays a and b are correctly defined.\n6. The sorting of arrays a and b is correctly done.\n7. The variable ans is initialized correctly.\n8. The nested for loops for finding the minimum common element between a and b are correctly defined.\n9. The condition to compare elements of a and b inside the nested loops is correct.\n10. The final if condition has an incorrect logic: it checks if ans is 0, but ans was initialized to 99999999 and there's no operation setting it to 0.\n11. The correct if condition should check if ans is still 99999999, which means no common element was found.\n12. Thus, the code would generate incorrect output in case no common element is found but will not cause a compilation error.\n\nFinal Answer: False", "answer": "False"}, {"reasoning": "1. The package main is correctly defined.\n2. The necessary packages are imported without any mistakes.\n3. The min function is correctly defined and does not contain any syntax errors.\n4. In the main function, the variables n and m are correctly defined.\n5. The fmt.Scanf function calls are correctly formatted.\n6. The arrays a and b are correctly initialized.\n7. The for loops to read integers into a and b do not have any syntax errors.\n8. The sort.Ints function calls do not have any syntax errors.\n9. The ans variable is correctly initialized.\n10. The nested for loops to check for common elements in a and b do not have any syntax errors.\n11. The ans comparison and min function call do not have any syntax errors.\n12. The format of fmt.Println(ans) is correct.\n\nBased on the reasoning steps, there are no syntax errors or issues in the code that would cause a compilation error.", "answer": "False"}, {"reasoning": "Let's analyze the code step by step:\n1. The package 'main' and import statements are correct.\n2. The `min` function is correctly defined with proper syntax.\n3. The `main` function is correctly defined with correct syntax.\n4. Variable declarations and `fmt.Scanf` statements are correct.\n5. Arrays `a` and `b` are correctly created based on user input.\n6. The loops for input and sorting arrays are fine.\n7. The nested loop for comparison of elements in arrays is correct.\n8. Lastly, the conditional statement and Println function call are correctly written.\nBased on the analysis, the code does not contain any apparent syntax or semantic errors that would cause a compilation error.\n", "answer": "False"}, {"reasoning": "1. The import statements `fmt` and `sort` are correctly placed and imported.\n2. The `min` function is correctly defined.\n3. The `main` function is correctly defined and all variables are properly declared.\n4. The `fmt.Scanln` and `fmt.Scanf` functions are used correctly to take input from the user.\n5. The `sort.Ints` function is used correctly to sort slices `a` and `b`.\n6. The nested for-loop structure to find the minimum common element in slices `a` and `b` is correctly written.\n7. The final calculation of the answer using the `min` function is correct.\n8. There are no syntax errors or missing brackets.\nThus, the code does not generate a compilation error.", "answer": "False"}, {"reasoning": "1. The `main` package is imported, which is correct.\n2. The `fmt` and `sort` packages are imported, which are used correctly in the code.\n3. The `min` function is defined correctly.\n4. Inside the `main` function:\n   - Two variables `n` and `m` are declared and read using `fmt.Scanln`. This is correct.\n   - Two slices `a` and `b` are created with lengths `n` and `m` respectively.\n   - For loops correctly read values into slices `a` and `b`.\n   - The slices `a` and `b` are sorted using `sort.Ints`, which is correct.\n   - Variables `ans` is initialized to a high value.\n   - Two nested loops check for common elements between slices `a` and `b`, and update `ans` accordingly.\n   - If no common elements are found, `ans` is updated based on the first elements of `a` and `b`.\n   - The final value of `ans` is printed.\n\nAll the lines of code appear syntactically and semantically correct according to Go language rules. There are no compilation issues identified in the provided code.", "answer": "False"}, {"reasoning": "1. The code includes a main package which is correct as the entry point.\n2. The necessary import statements for \"fmt\" and \"sort\" packages are included.\n3. The \"main\" function is defined properly.\n4. Variables are initialized properly.\n5. Input is taken using `fmt.Scanln` and `fmt.Scanf` properly.\n6. Arrays are created with `make` which is correct.\n7. All loops and conditional statements are properly structured.\n8. The sorting function `sort.Ints` and array slicing `t[:x]` are correctly used.\n9. It prints results using `fmt.Printf` which is correct.\n10. No syntax errors or out of bounds access are found in the code.\nConclusion: The code does not generate a compilation error.", "answer": "False"}, {"reasoning": "The code imports necessary packages and defines the main function, along with several helper functions gcd, max, min, abs, and ok. The main function contains logic for reading input values and processing them. There is no usage of undeclared variables or functions, and all necessary packages are imported correctly.\n\nThe helper functions (gcd, max, min, abs, ok) are defined and used properly, with appropriate types given to parameters and return values. There are no syntax errors observed in the provided code segment, so it will compile without errors.\n\nThus, the final answer is False.", "answer": "False"}, {"reasoning": "First, let's examine if all required packages are imported and used correctly. The code imports the \"fmt\" package, and it is used for input and output operations, which is correct.\n\nNext, let's check the syntactical structure of the code. The code uses proper Go syntax, such as variable declaration, loops, and conditional statements.\n\nThen, let's look at potential logical errors or misuses of variables that could cause compilation issues.\n\n1. The package declaration, imports, and main function structure are correctly defined.\n2. The variables 'd', 'cnt', and 'index' are declared correctly.\n3. The for loop and nested for loop have correct syntax and structure.\n4. The slices 'a' and 'b' are created and used correctly.\n5. The use of fmt.Scanln for input operations is appropriate and follows the correct syntax.\n6. Variables 'st' and 'st1' are being scanned properly, and the string to rune conversion is handled well.\n\nAfter a thorough examination, there don't appear to be any syntax errors that would cause the code not to compile.\n\nFinal answer: False", "answer": "False"}, {"reasoning": "1. The code starts by importing necessary packages: \"fmt\" and \"sort\".\n2. Variable declarations and allocations are correctly done.\n3. The main function begins by reading the input values for n (number of students) and M (maximum time).\n4. Loop is used to read the time for each student and stored in the array t.\n5. The sum array is initialized to store cumulative sums initially set to 0.\n6. The code enters a loop to evaluate conditions set within.\n7. However, there is an issue with the declaration and initialization for the buffer array. The line \"buffer = sum\" is problematic as this is attempting to assign an array to another array, which is not allowed in Go.\n8. Another issue is the initialization of t, which should be properly indexed for its use. These errors cause the compilation to fail.", "answer": "True"}, {"reasoning": "Let's analyze the code step by step to check for compilation errors:\n\n1. The package `main` is correctly defined at the start.\n2. The necessary package `fmt` is imported correctly. The `math` package is commented out, which should not cause any issue.\n3. The `main` function is defined correctly.\n4. The variable `i` of type `int` is declared, and `fmt.Scanf` is used to take the input without any issue.\n5. Unused variable `temp` declaration is commented out. This would not cause any issue.\n6. The variable `x` is declared and initialized to 1, and `count` is initialized to 0. An empty slice `s` of type `int` is declared correctly.\n7. The `for` loop syntax is correct.\n8. Inside the `for` loop, variables `temp` and `rs` are declared and initialized correctly.\n9. The commented out lines related to `temp2`, `fmt.Println(x)` do not cause any issue.\n10. The nested `for` loop for `temp` is syntactically correct.\n11. Inside the nested `for` loop, `xlast` is calculated correctly using modulo operation.\n12. The variable `sum` is correctly updated inside the loop.\n13. The commented out lines inside the nested loop with `fmt.Println` and `res` do not cause any issue.\n14. The `if` statement comparing `sum` and `rs` is correct; if true, the slice `s` is appended with `x`, and `count` is incremented correctly.\n15. After the outer `for` loop, the `if-else` block checks if `count == 0` and prints `0`; otherwise, it prints the `count` and iterates through the slice `s` to print its elements correctly.\n16. There are no issues with unmatched parentheses or braces.\n\nGiven that all the components (variable declarations, loops, conditionals, I/O functions) are syntactically correct, there are no compilation errors, commented out code cannot cause compilation errors.", "answer": "False"}, {"reasoning": "1. The 'main' package is imported correctly.\n2. The 'fmt' package is also imported correctly.\n3. The 'math' package is commented out, so there is no error related to it.\n4. The 'main()' function is defined correctly.\n5. Variable 'i' is declared as an integer.\n6. 'fmt.Scanf' function is used correctly to take input.\n7. Initializing variables: 'x', 'count', and 's'.\n8. Loop 'for ;x<i;x++' uses the integer 'i' and 'x' correctly.\n9. Variable 'temp' is declared inside the loop.\n10. 'rs' (remaining sum) is correctly calculated.\n11. Inner loop for processing each digit of 'temp' is correct.\n12. Condition to check if 'sum==rs' is correct.\n13. If the condition is true, elements are appended to the slice 's' and 'count' is incremented.\n14. The 'if-else' structure for printing results is correct.\n15. No syntax errors or undeclared variables.\n\nThe code does not generate a compilation error and should work correctly.\n", "answer": "False"}, {"reasoning": "To determine if the code generates a compilation error, we need to look at its syntax and the use of functions and packages.\n\n1. The code imports the \"fmt\" package but comments out the \"math\" package, which is not used in the code, so it does not lead to a compilation error.\n2. The code uses fmt.Scanf, which is correct syntax for scanning input in Go.\n3. The rest of the code involves basic variable declarations and arithmetic operations, which are syntactically correct.\n4. The \"for\" loop and conditional statements are correctly formatted.\n\nBased on these observations, the code does not generate a compilation error.\n", "answer": "False"}, {"reasoning": "1. The code includes the necessary package and imports without any syntax errors.\n2. The 'main' function is correctly defined.\n3. Variable declarations and initializations are syntactically correct.\n4. The 'for' loops are correctly structured.\n5. Use of 'math.Pow' requires importing the 'math' package, which is correctly included.\n6. Variables used in 'fmt.Println' and 'fmt.Scanf' are defined and initialized properly.\n7. The 'main' function does not contain any return statements, which is acceptable in Go.\n8. There are no missing or extra brackets or parentheses.\n\nBased on the reasoning steps, the code does not generate any compilation errors.", "answer": "False"}, {"reasoning": "The key component to check for compilation errors in this Go code includes verifying the syntax, the presence and use of variables, and the execution flow.\n1. The `import` section does not show up any syntax errors as the packages (`fmt`) are properly imported.\n2. The `main()` function has no syntax issues in the declaration. The variables within the `main()` function such as `i`, `x`, `count`, and `s` are properly declared and used. However, the variable `x` is declared twice, once in the outer loop and again in the `else` block with a different purpose but it doesn't cause a compilation error in Go.\n3. The logic within the loop seems appropriate, and there are no inconsistencies that would trigger a compilation error, such as missing closing brackets or undefined references.\n4. The semicolon `;` within the for loop is used correctly, and the use of `Scanf` from the `fmt` package is correct.\n5. There should be no compilation error after checking the overall syntax and logic.\nFinal Conclusion: False; the code does not generate a compilation error.", "answer": "False"}, {"reasoning": "The code intends to implement a program that finds all numbers smaller than a given number N which, when summed with their digits, equal N. The program uses a Scanner class to handle input, functions, and methods to facilitate the work.\n\nHere's the step-by-step reasoning:\n\n1. The package main and import statements are correct.\n2. The main function begins execution correctly.\n3. The Scanner class is defined correctly and all its methods are properly implemented.\n4. In the main function, NewScanner() is called correctly.\n5. The Scanner method NextInt() is called correctly to retrieve the integer N.\n6. The variable `l` is defined correctly to count the digits of N.\n7. The slicing and indexing in the loop from `i := max(0, N-9*l); i <= N; i++` appears correct.\n8. The nested loops handle addition and slicing of digits correctly.\n9. The ans variable correctly collects values.\n10. The PrintI(args ...int) function is defined correctly and is used correctly.\n11. The mapToString function is defined correctly and should work as expected.\n12. The max function is defined correctly.\n13. The Scanner type is correctly defined and implemented.\n\nThere do not appear to be any syntax or logic errors in this code. Therefore, the code does not generate a compilation error.", "answer": "False"}, {"reasoning": "First, let's check the import statements. The fmt package is imported correctly and math package is commented out, so there will be no compilation error related to imports. \nNext, let's check the main function definition. The main function is defined correctly without syntax errors.\nNow, we'll review variable declarations. They are correct and appropriately typed. The fmt.Scanf is used correctly for scanning an integer input. \nThe loop logic and if conditions appear to be syntactically correct.\nThe slice s is correctly defined and appended without errors. The output statements using fmt.Println are also error-free.\nThe comments in the code do not affect compilation or execution.\nHence, there seems to be no syntax issues in the code that would cause compilation errors.", "answer": "False"}, {"reasoning": "1. The code starts with the `package main`, `import`, and function declarations, which seem to be syntactically correct.\n2. Next, the `main` function is declared, where variables are initialized correctly.\n3. `fmt.Fscanln(in, &n);` reads an integer from standard input and `fmt.Fscanln(in, &s);` reads a string. These are correctly formulated.\n4. The `maxs` array is initialized with a size of 26, and `d` is a slice of integers with a length `n`, both are correctly formulated.\n5. A nested loop iterates over the characters of the string `s`. Within the nested loop, `Max` function is called, which is correctly implemented earlier.\n6. `maxs[s[i] - 'a']` accesses and updates the array `maxs` at the correct index after calculations.\n7. Finally, `fmt.Fprintln(out, ans);` prints the result, followed by printing each value in the slice `d` correctly.\n8. The `out.Flush();` ensures the buffered writer flushes its content, which is correct.\nThe code adheres to Go's syntax and there are no variables or functions missing, and the logic seems sound.\nTherefore, the code does not generate a compilation error.\n", "answer": "False"}, {"reasoning": "Upon examining the code step by step:\n1. The package main, as well as fmt, os, and bufio imports, are correct.\n2. The Max function has valid syntax.\n3. The main function starts correctly, and the bufio reader and writer are initialized properly.\n4. Variable declarations for n and s are correct.\n5. fmt.Fscanln calls for reading n and s are syntactically correct.\n6. The maxs array and d slice are correctly declared, and ans is initialized.\n7. The nested loop logic, including conditions and array/slice indexing, appears syntactically correct.\n8. The fmt.Fprintln and fmt.Fprint calls for output seem correctly placed.\n9. The out.Flush() call at the end is proper.\nAfter verifying syntax and potential run-time issues, no compilation errors are present in the provided code.\nTherefore, the final answer is False.", "answer": "False"}, {"reasoning": "The provided Go code declares the required package and imports necessary libraries for input/output operations. The function 'Solve' accepts inputs and performs operations correctly, while the 'main' function handles input and output operations seamlessly. All functions are declared correctly with appropriate parameters and return types. There are no apparent syntactical errors or incorrect library usages that might lead to a compilation error.", "answer": "False"}, {"reasoning": "Step-by-step reasoning:\n1. The package and import statements are correct.\n2. The functions min, katta, and ab are correctly defined.\n3. The function calc uses string indexing properly and performs arithmetic operations. The returned value is in int, which matches the function signature.\n4. The main function uses the fmt package correctly for input/output operations.\n5. Variable declarations and type specifications are correct.\n6. Loops and conditional checks are correctly implemented.\n7. The final Println statement is correct.\nConsidering all these steps, the code appears structurally sound and should not generate any compilation errors.\n\nFinal Answer: False", "answer": "False"}, {"reasoning": "1. The code imports necessary packages: bufio, fmt, io and os.\n2. The CF1114C function is defined with parameters _r and _w of type io.Reader and io.Writer respectively.\n3. Inside the CF1114C function, bufio.NewReader(_r) and bufio.NewWriter(_w) are used to initialize 'in' and 'out', and 'out.Flush()' is deferred to ensure writing occurs before the function exits.\n4. The variables n and x of type int64 are declared.\n5. Fscan from the fmt package is used to scan values into n and x.\n6. A local function 'f' is declared within CF1114C, which performs operations on its parameters.\n7. A loop iterates over possible divisors of x, modifying x and updating a local variable 'e'. If 'e' is greater than 0, the function 'f' is called.\n8. If x is greater than 1, the function 'f' is called again with x and 1 as parameters.\n9. A final print operation outputs 'ans'.\n10. The main function simply invokes CF1114C with os.Stdin and os.Stdout.\n\nThere are no syntax errors or incorrect types in this code. All operations, declarations, and function calls are valid.\n\nThe code does not generate a compilation error.", "answer": "False"}, {"reasoning": "1. The package imports are correct and standard.\n2. Constants and some general-purpose variables are correctly declared.\n3. The init() function correctly initializes ReadString and the stdout writer.\n4. Global variables 'n' and 'b' are correctly declared.\n5. The main function reads input values, performs factorization, and calculates the answer as intended.\n6. Helper functions such as ChMin, TrialDivision, and others related to I/O operations are correctly implemented and utilized.\n7. The use of panic() for input reading ensures that any runtime errors related to reading inputs will crash the program, which is allowed for competitive programming.\n8. There are no syntax errors or type mismatches.\nThus, the code does not generate any compilation errors.", "answer": "False"}, {"reasoning": "1. In the main function, a mutable variable `input` is declared, but its type is not explicitly specified.\n2. The function `std::io::stdin().lock().read_to_string(&mut input);` is used, and it attempts to read input into `input`.\n3. However, `input` is not initialized before being passed to `read_to_string`, which will cause a compilation error since the function expects a mutable reference to a `String` object.\n4. Additionally, `let num = input[0].parse::<u8>();` attempts to access the first element of `input`, which assumes `input` is a collection type. Even if `input` were correctly initialized, this usage might not be correct for `String` type in Rust.\n5. To fix this, `input` should be declared and initialized to an empty `String` before passing it to `read_to_string`. Also, ensure the input processing correctly works with `String` type.\n\nBased on these reasons, the code generates a compilation error.", "answer": "True"}, {"reasoning": "Let's follow the code step by step.\n\n1. The code starts by importing required modules from the standard library.\n2. In the main function, an input string is read from stdin.\n3. Then it attempts to parse the input into a u32 integer using the parse() method on the trimmed input string. \n4. The match expression is used to handle the result of parsing with Ok and Err variants. However, there's a problem with how the Err variant is handled. It tries to assign e to weight, which isn't valid as e is an error type, while weight should be expected to be a u32 type. This will cause a compilation error.\n5. Finally, it performs a modulus operation and checks equality against 0 but uses a single equals sign instead of double equals sign in the conditional check.\n\nGiven these problems, the code will generate a compilation error.\n", "answer": "True"}, {"reasoning": "First, let's start from the beginning of the code provided:\n\nThe code begins by declaring the main function and initializes a mutable String variable named `input`.\n\nNext, it reads a line from the standard input and stores it in the `input` variable. The code then attempts to parse this input into an integer of type `i32`. However, it does not handle potential parse errors, and `input.parse()` returns a `Result` type, which must be handled.\n\nThe code does not contain error handling for parsing the input string to an integer. Consequently, it will result in a compilation error. Specifically, the line `let number : i32 = input.parse();` needs to handle the `Result` type returned by `input.parse()`.\n\nFinal conclusion: The code generates a compilation error.\n\nTrue means that the code generates a compilation error. False means that the code does not generate a compilation error.", "answer": "True"}, {"reasoning": "The code uses the `parse` method to convert a string to a number, but `parse` returns a `Result` type, which needs to be handled using methods like `unwrap` or `expect`. The current code does not handle the `Result` type returned by `parse`, which will cause a compilation error.", "answer": "True"}, {"reasoning": "1. `use std::io::{self, Write};`: This line is correct and does not produce any compilation error.\n2. `fn main() {...}`: The function definition is correct.\n3. `let mut s = String::new();`: This line is correct and does not produce any compilation error.\n4. `io::stdin().read_line(&mut s).unwrap();`: This line is correct.\n5. `let n = s.trim().parse::<i32>().unwrap();`: This line is correct.\n6. `if n & 2 == 0 && n != 2 {...}: The condition is correct but...\n7. There is a syntax error with the 'else' block due to the misplaced closing brace '}'.\n\nDue to this misplaced brace, the code generates a compilation error.", "answer": "True"}, {"reasoning": "1. The `use std::io::stdin;` statement is correct and does not cause a compilation error.\n2. The `main` function is correctly defined as `fn main() {` and does not cause a compilation error.\n3. The `let s = stdin().read_to_string().unwrap();` line calls `stdin()` and attempts to read input to a string using `read_to_string()`. However, `read_to_string()` is a method of `Read` trait which needs a mutable reference to `Stdin`. The correct usage should be `stdin().lock().read_to_string(&mut s).unwrap();`.\n4. Even with the corrected `read_to_string` usage, we would need to declare `s` as `String` before passing it mutably: `let mut s = String::new();`.\n5. The `let n : u32 = s.parse();` line attempts to parse the string `s` to `u32`. This will cause a compilation error because `parse()` returns a `Result`, and the result should be handled using `.unwrap()` or proper error handling.\n6. Even if the above issue is resolved, there is a missing import for `std::io::Read` which is required for `read_to_string` to work.\nHence, the code will generate a compilation error due to these issues.", "answer": "True"}, {"reasoning": "First, the code imports an external crate 'utils' which may not be available, causing a potential compilation error. Second, the 'use utils::*;' statement is not used anywhere in the code, suggesting it might not be necessary. Third, the 'parse::<i32>()' method on the result of 'read_line()' returns a 'Result' which is unwrapped without handling the error properly which might cause a runtime error but not a compilation error. Other than that, the rest of the code adheres to Rust's syntax and should not cause compilation errors.\n\nTherefore, the final answer is True, the code generates a compilation error.", "answer": "True"}, {"reasoning": "The code attempts to use the `scan` crate which is not included in the code snippet. Rust requires all external crates to be imported in the `Cargo.toml` file. Without importing the `scan` crate, the code will generate a compilation error. Therefore, this code will cause a compilation error.\nAdditionally, assuming `scan` is a valid crate and properly included, there is a use of `from_stdin` method which does not exist in the context of the `scan::Scan` crate, this will also cause a compilation error.", "answer": "True"}, {"reasoning": "1. The code imports the necessary libraries `std::error::Error` and `std::io::{self, Read, stdin}`.\n2. The `main` function is defined to return `Result<(), Box<dyn Error>>`.\n3. The variable `s` of type `String` is declared and initialized.\n4. The function `stdin().read_to_string(&mut s)` reads the input and stores it in `s`.\n5. The input string `s` is parsed to an unsigned 32-bit integer `n` using `s.parse()?`.\n6. The code checks if `n` is even or odd and prints `YES` or `NO` accordingly.\n7. The `main` function returns `Ok(())` if everything executes correctly.\n\nThe code follows Rust syntax rules correctly and uses proper error handling. It should not generate a compilation error.", "answer": "False"}, {"reasoning": "1. The code first imports the `stdin` from the `std::io` module, which is correct.\n2. In the `main` function, the code attempts to read a string from standard input through `stdin().read_to_string().unwrap()`. However, `read_to_string` is a method of `Read` and requires an argument to specify where to read the string into.\n3. The code tries to parse the string `s` to an unsigned 32-bit integer (`u32`). This is incorrect because the method `s.parse()` returns a `Result` type which must be handled.\n4. It is not guaranteed that the `Result` from parsing `s` to `u32` will be successful, which must be handled explicitly with `.unwrap()` or proper error handling.\n\nConsidering these reasons, the code generates a compilation error.", "answer": "True"}, {"reasoning": "1. The first line imports the 'text_io' crate with the macro_use attribute. This syntax is correct.\n2. The macro 'lets!' is declared. The syntax for this macro is correct and doesn't generate any compilation errors.\n3. The 'main' function is defined, and a variable 'w' of type 'u8' is declared and initialized using the 'read!' macro from the 'text_io' crate. This line is correct.\n4. Inside the 'main' function, the 'if' condition checks if 'w' is greater than 3 and if 'w' is even. This syntax is correct.\n5. The code inside the 'if' and 'else' blocks uses 'println!' which is correct and won't cause any compilation errors.\n\nTherefore, the code does not generate any compilation errors.", "answer": "False"}, {"reasoning": "The given Rust code defines two macros, `read_line!` and `parse_token!`, and uses these macros in the `main` function to read input and make decisions based on the input value.\n\n1. The `read_line!` macro is used in the `main` function with the syntax `read_line!(w;u64)`.\n2. This macro expands to call the standard library function `std::io::stdin().read_line`, which reads a line from the standard input into a temporary variable, and then splits the input line by whitespace to parse the value as type `u64`.\n3. However, the code uses `unwrap()` on the `Option` returned by `next()` without any error handling, which could result in a runtime panic if `std::io::stdin().read_line` fails or the input cannot be parsed as `u64`.\n4. But since we are checking for compilation errors, this does not cause a compilation error; it would be a runtime error instead.\n5. The macro definition and usage seem correct in terms of syntax, and there are no undeclared identifiers or type mismatches.\n\nThe code should compile without any errors.", "answer": "False"}, {"reasoning": "The code contains several errors, which will result in compilation errors:\n\n1. The `.except` method does not exist. The correct method should be `.expect`. There are two instances of this mistake in the code.\n2. `guess` is used instead of `weight` when parsing the input, leading to an unresolved variable error.\n3. The `if` statement's condition is incorrect. There should be a space between `==` and `0`.\n\nCorrecting these issues would allow the code to compile successfully.", "answer": "True"}, {"reasoning": "The code defines a function `watermelon` that takes an argument `weight` of type `usize` and returns a `String`. In the body of the function, a `match` expression is used to check if the weight is even or odd by calculating `weight % 2`. The conditions are correctly defined to return a `&str` (`\"YES\"` or `\"NO\"`). The `.to_string()` method is called on the result to convert the `&str` to a `String`, which matches the function return type.\n\nThere are no syntax or type errors in the code.\n\nTherefore, the code does not generate a compilation error.", "answer": "False"}, {"reasoning": "1. The code defines a function named 'kd' that accepts an argument 'k' of type i32 and returns a boolean value.\n2. Inside the function, there's an if statement that checks three conditions: 'k % 2 != 0', 'k > 100', and 'k - k == 2 * k'.\n3. All these conditions are correctly formed with valid syntax.\n4. If any of these conditions are true, the function returns false.\n5. If none of the conditions in the if statement are true, the function reaches the next line and returns true.\n6. There are no syntax errors or type mismatches in this code.\n7. Therefore, the code does not generate a compilation error.", "answer": "False"}, {"reasoning": "1. The code attempts to use the `except` method, which does not exist in Rust. The correct method should be `expect`.\n2. There is a missing semicolon at the end of the `expect` statement for reading the line from stdin.\n3. The variable name `guess` is not defined; it should be `weight` in the `parse` method.\n4. There is a missing semicolon at the end of the `let weight: u32` statement.\n5. The conditional statement in Rust does not require parentheses.\n6. Overall, these issues will cause compilation errors in Rust.\n\nThe final answer is True.", "answer": "True"}, {"reasoning": "1. The function `even_parts` returns a string slice with a static lifetime (`&'static str`). It iterates from 0 to 100 to check if `w/2` is equal to `2*k` or `2*k+1` and returns \"YES\", \"NO\", or \"WTF\" accordingly.\n2. In the `main` function, the `io` module has not been imported, so `io::stdin()` will cause a compilation error.\n\nConclusion: The code generates a compilation error because `io` module is not imported in the main function.", "answer": "True"}, {"reasoning": "1. The code first imports the std::io::stdin module.\n2. In the main function, it calls stdin().read_line(&mut line) to read a line from the input. However, the variable 'line' has not been declared or initialized.\n3. This will cause a compilation error because 'line' is being used before it is declared.\n4. The rest of the code attempts to trim and parse the input and then checks specific conditions to print \"YES\" or \"NO\".\n5. Despite these logic steps, the undeclared variable 'line' causes the compilation error.\n", "answer": "True"}, {"reasoning": "Let's examine the code step by step:\n1. The code defines a mutable String variable `melon`.\n2. It then reads a line from standard input into `melon`.\n3. The read line is trimmed and parsed into an unsigned 32-bit integer, which is stored in `_melon`.\n4. The code then checks if `melon` is even using the modulo operator.\n5. It attempts to compare `melon` with 2 inside the nested `if` statement.\n6. Here lies the issue: `melon` is a String type and the modulo operator is being used on it, which is invalid.\nThis will generate a compilation error as the modulo operator cannot be applied to Strings.\nThe final answer is True.", "answer": "True"}, {"reasoning": "The code snippet contains a mistake where the variable 'n' is used instead of 'i'. 'n' is not declared anywhere in the code, which will result in a compilation error.\nAdditionally, the 'stdin' function needs to be imported from the 'std::io' module. However, this error is less critical as the main issue lies with the undeclared variable 'n'.\n\nTherefore, the final answer is True.", "answer": "True"}, {"reasoning": "The code provided contains a syntax error. The line `let N: i32 = N.trim().parse()` is missing a semicolon at the end. Additionally, the `println !` macro is incorrectly written with a space between `println` and `!`. Moreover, `parse()` needs a type annotation or should use `parse::<i32>()`. Due to these issues, the code will generate a compilation error.", "answer": "True"}, {"reasoning": "1. The code starts by importing the `std::io` module, which is correct.\n2. Inside the `main` function, it initializes a mutable `String` variable `N`, which is correct.\n3. It then reads a line from standard input and stores it in `N`. The `ok()` method is called but its result is ignored, which is not a compilation error but might not be the best practice.\n4. Next, the code attempts to trim the `N` string and parse it as an `i32`. However, `parse` needs to be called with error handling using `unwrap()` or `expect()`, otherwise it will cause a compilation error because `parse()` returns a `Result<i32, _>`.\n5. There is a minor syntax error in the `println!` macro call; there should not be a space between `println` and `!`.\nGiven these points,\nthe code does generate a compilation error.\n", "answer": "True"}, {"reasoning": "Step-by-step analysis of the Rust code: \n\n1. The line `if w = 2` should be `if w == 2` since it is checking for equality, not assignment.\n2. In the main function, `io` namespace is used without `use std::io;` statement, which is necessary to bring the `io` into scope.\n3. The code does not handle potential parse errors when converting the input string to an integer.\n \nConsidering these errors, there are multiple compilation errors in the code.", "answer": "True"}, {"reasoning": "1. The code starts with the main function definition, which is valid in Rust.\n2. The code includes 'let mut input = String::new();', which is a valid mutable string declaration.\n3. The input is read from standard input using 'std::io::stdin().read_line(&mut input).expect(\"Bleh.\");'. This is valid.\n4. The input string is trimmed and converted back to a String using 'input = input.trim().to_string();', which is valid.\n5. The input string is parsed to an i32 using 'let number : i32 = input.parse().unwrap();'. This is valid as long as the input is a valid integer.\n6. The if statement contains a condition checking if the number is even and not equal to 2, which is properly formatted.\n7. The println! macro is used correctly. However, there is a missing closing brace for the main function.\n\nTherefore, the code will generate a compilation error due to the missing closing brace.\n\nFinal Answer: True", "answer": "True"}, {"reasoning": "1. Importing the module 'std::io' is correct and should not cause a compilation error.\n2. The function 'even_parts' is defined correctly, and the return type '&'static str' is valid for the returned string literals. This should not cause a compilation error.\n3. The 'match' statement inside 'even_parts' function is correctly used with a boolean expression; this should not cause a compilation error.\n4. In the 'main' function, the mutable string 'input' is correctly created; this should not cause a compilation error.\n5. The method 'read_line' is used correctly on 'io::stdin()', and the 'expect' method appropriately handles errors; this should not cause a compilation error.\n6. The parsed and trimmed input 'rinput' is correctly converted to an integer; the 'unwrap' method usage is also correct and assumes valid input which should not cause a compilation error.\n7. The 'println!' macro is used correctly to print the output of 'even_parts' function; this should not cause a compilation error.\n\nIn conclusion, the provided code does not generate a compilation error.", "answer": "False"}, {"reasoning": "Step 1: Check for syntax errors - The syntax appears correct.\n\nStep 2: Verify the usage of variables and constants - Variables usage and initialization seems properly done. Variables are declared and properly initialized before use.\n\nStep 3: Check for potential runtime errors.\n- Using unwrap() may result in a panic if there's an error.\n\nStep 4: Imports and namespaces- imports seems correct, no unresolved errors of imports.\n\nStep 5: Analyze the logic:\nThe code defines a function to read input, parse it properly, initialize necessary constants and sets up vector w.\nMain portion contains loops and conditions for processing based on the input.\n\nStep 6: Check for final output conversion from_u8(\n* String operations and conversion seems properly handled.\n\nBased on the above analysis, there is nothing to indicate a compilation error.\n\nFinal Conclusion: The code should compile without errors.", "answer": "False"}, {"reasoning": "The code provided contains the required imports, module, and macro definitions. The functions are defined correctly without any syntax errors. The function `f` is defined correctly with appropriate type annotations and logic. The `main` function is defined correctly and utilizes the `get!` macro to retrieve input values.\n\nNo compilation errors are detected in this code snippet.", "answer": "False"}, {"reasoning": "1. The code defines two macros (`parse_line` and `parse_line_to_vec`) which seem syntactically correct.\n2. The `solve` function depends on the macro `parse_line` for reading input values.\n3. In `main`, it sets `tests` to 1 directly instead of using `parse_line!(usize)`, which seems intentional.\n4. The `solve` function uses Rust functionalities correctly.\n5. Rust is very strict about type safety and macros are expanded at compile time, given the macros provided seem syntactically correct, and the rest of the code follows Rust's type system strictly.\nThus, the code should compile without errors.", "answer": "False"}, {"reasoning": "The code defines a series of macros, imports necessary libraries, and implements the main program logic within the 'solve' function. The macros are correctly defined and used for input handling and output formatting. The 'solve' function processes the input, performs calculations, and outputs the result using 'puts!'. The main function creates a new thread to run 'solve' and join the thread to ensure execution. There are no apparent syntax errors or undeclared variables. Thus, the code does not generate a compilation error.", "answer": "False"}, {"reasoning": "1. The given Rust code includes several `#![allow(...)]` attributes to suppress compiler warnings about unused imports and non-snake case naming conventions.\n\n2. The code uses multiple essential `use` statements to import functionalities from various standard library modules.\n\n3. The macro `read!` is defined to facilitate input reading operations, but this code doesn't utilize it within the `main()` function.\n\n4. The `debug!` macro is also defined but not used.\n\n5. The function `rl()` is defined and used within `main()` to read a line of input.\n\n6. The `IteratorExt` trait is defined to provide an additional method `vec()` for iterators, enhancing their functionality.\n\n7. The `is_vowel()` function is defined and used within `main()` to check if a character is a vowel.\n\n8. The `main()` function implements logic to check whether the given string of characters conforms to specific rules regarding vowels, the character 'n', and adjacency of vowels.\n\n9. The only potential issue with this code is the `rl().chars().vec()` line. However, the `IteratorExt` trait implementation ensures that `chars()` can call `vec()` without any compilation errors.\n\nBased on these observations, there are no apparent compilation errors in the given code.\n\nFinal Answer: False", "answer": "False"}, {"reasoning": "1. The code imports the `std::io` module, which is correct syntax.\n2. The `main` function is defined correctly.\n3. A mutable `String` variable `s` is created and correctly passed to `io::stdin().read_line(&mut s)`, with `.expect()` used for error handling.\n4. The variable `s` is then trimmed and reassigned to `s` correctly; `s` is shadowed.\n5. The length of `s` is correctly assigned to `n`.\n6. The `res` variable is initialized to `true` correctly.\n7. The `for` loop starts from `0` and goes to `n-1`, which is correct.\n8. The `match` statement correctly checks for various conditions on the characters of `s`.\n9. In the case of a match, it either does nothing (`()`) or sets `res` to `false` correctly.\n10. Finally, `match res` prints `YES` or `NO` based on the value of `res`, which is correct.\n\nAfter checking each part of the code, there are no errors that would cause compilation issues. The code should compile correctly.", "answer": "False"}, {"reasoning": "1. The `input!` macro reads input either from a `source` string or from the standard input. It calls `input_inner!` macro with the parsed tokens and respective types.\n\n2. The `input_inner!` macro processes each token and reads its value using the `read_value!` macro. The `read_value!` macro handles various types of inputs, including primitive types, tuples, vectors, characters, bytes, and `usize1`. It includes type parsing and error handling.\n\n3. The `run` function calls the `input!` macro to parse the input. The macro invocation includes `source = $s:expr` form for custom input source handling. The parsed input is then processed to calculate the final answer using nested loops and dynamic programming.\n\n4. There's no apparent syntax error, and all macros definitions and invocations are correct. The types match accordingly, and Rust's `std` library functions are correctly utilized.\n\n5. Based on the provided code and its structure, there isn't a visible compilation error.\n\nThe reasoning concludes that the provided Rust code does not generate a compilation error.", "answer": "False"}, {"reasoning": "The given code includes macros that facilitate user input reading and processing. This code is primarily structured in Rust, inclusive of the use of the standard library's components such as io::Read and std::cmp. It defines a set of macros: input!, input_inner!, and read_value!. These macros simplify handling multiple patterns of input and parsing them into respective types like chars, bytes, and usize1. The `run` function employs these macros to utilize the parsed input for computation. Lastly, the `main` function calls the `run` function to execute the processed logic. From the understanding, macros in Rust are generally resolved at compile-time and considering the correct usage of Rust standard libraries and appropriate input handling, the code should compile successfully unless there's a subtle syntax error or semantic issue not immediately evident.", "answer": "False"}, {"reasoning": "First, let's analyze the provided code for common causes of compilation errors, such as syntax issues, unresolved symbols, type mismatches, and improper macro usage.\n\nOn inspection, the macro definitions seem to be syntactically correct, and the logic used within the run and main functions does not exhibit any immediate errors. The custom traits \"ChangeMinMax\" and their implementations also appear correct. The macro usage and function definitions follow typical Rust conventions.\n\nThus, from the visible inspection, there are no signs of compilation errors.", "answer": "False"}, {"reasoning": "This Rust code appears to be syntactically correct. It uses standard libraries and adheres to Rust's syntax rules. The functions and structs are defined properly, and there are no immediate signs of syntax errors or incorrect usage of Rust features.\n\nHowever, the code uses deprecated methods like 'description' from the 'Error' trait, which can cause compilation errors in future versions of Rust but should not cause errors currently.\n\nTherefore, based on the current standards, this code should compile successfully without errors.\n\nFinal answer: False (the code does not generate a compilation error).", "answer": "False"}, {"reasoning": "1. The Rust macros used in the code are properly defined and syntactically correct.\n2. The `ChangeMinMax` trait and its implementation for types that implement `PartialOrd` are correctly defined.\n3. The input macro `input!` and the supporting macros `input_inner!` and `read_value!` are properly defined.\n4. The `run` function uses the `input!` macro to read the input, processes the data correctly, and there is no syntax error or type mismatch in the processing steps.\n5. The `main` function calls the `run` function, which is valid as there are no issues related to function calls or visibility.\n6. The use of standard library components such as `std::cmp::*` and `std::io::Read` is correct.\nConsidering these points, the code should compile without any errors.", "answer": "False"}, {"reasoning": "The provided Rust code includes a custom implementation of an input structure `Iinput` (which is essentially a buffered scanner to read the input). The syntax and structure definitions are correct. The usage of `BufWriter` for the output is also correct. Every syntax and built-in function used seems to be correctly placed and named. The only thing to verify is the consistency with Rust's expected behavior and implementation details, which all look to be appropriately followed.\n\nThere is no indication of any compilation error from the code provided.", "answer": "False"}, {"reasoning": "The provided Rust code defines a ModInt struct with various arithmetic operations and associated utility functions. The implementation also includes a Precalc struct for handling precomputed factorials and inverses. The main function reads input values and performs a nested loop calculation using instances of these structs.\n\nSeveral features and traits are implemented within the code, and based on the structure and syntax, the code does not appear to have any immediate syntax or implementation errors that would cause a compilation error. Specifically, all traits for arithmetic operations like Add, Sub, Mul, etc., are correctly implemented for ModInt.\n\nAdditionally, the run and main functions are correctly defined. The input reading macros and their usage in the run function are standard and should not cause any issues.\n\nThere is an unused but commented out implementation for Display which does not affect compilation.\n\nTaking all these points into consideration, the code does not generate any compilation errors.", "answer": "False"}, {"reasoning": "Looking at the code step by step:\n\n1. First, the macro `scanln` is defined, which uses `std::io` to read a line from the standard input and parses it based on the provided type using the `Scan` trait.\n2. The `Scan` trait is defined with a method `scan` which takes an iterator over string slices and returns a parsed type.\n3. The `impl_scan_single` macro is used to implement `Scan` for multiple primitive types.\n4. The constant `__IMPL_SCAN_FOR_VEC` implements `Scan` for `Vec<T>`, where `T` implements `FromStr`.\n5. The `Matrix` struct is defined to store elements in a row-major order, along with various methods for access and mutation based on indices.\n6. The constants `__IMPL_INDEX_FOR_MATRIX` implement `Index` and `IndexMut` traits for `Matrix` to enable index-based access.\n7. In the `main` function, a `Matrix` of size 4x4 is created and populated by reading 4 lines of input. Each cell is filled based on whether the corresponding character is `#` (filled with 1) or `.` (filled with 0).\n8. The code then checks for any 2x2 sub-matrix in the 4x4 matrix where the sum of elements is either 0, 1, 3, or 4, and prints `YES` if found, otherwise prints `NO` at the end.\n\nThere does not seem to be any syntax errors or usage of undefined traits, types, or methods. All elements used are properly defined and all standard library imports are correct.\n\nHence, the code does not generate a compilation error.", "answer": "False"}, {"reasoning": "The code starts with the main function definition. It then creates a mutable string input and imports necessary modules from the standard library for I/O operations. The code reads input from stdin and splits it into whitespace-separated tokens. The tokens are processed, where the first token is parsed as an integer 'n', and subsequent tokens are taken as boolean values based on character '0' or '1'. These boolean values are stored in a vector 'a'. The code then checks two conditions with logical operations to determine the value of 'ans'. Finally, it prints 'Yes' if 'ans' is true, otherwise it prints 'No'. All operations are valid and correctly formatted in Rust.", "answer": "False"}, {"reasoning": "First, we check for any basic syntax errors in the code. The given code seems to follow Rust syntax correctly with proper struct definitions and function implementations. The code includes several features from Rust's standard library, such as `Vec`, `VecDeque`, `assert!`, and macros. Next, we verify the usage and definitions of macros in the code.\nThe macros `input`, `input_inner`, and `read_value` are defined correctly and seem to follow Rust's macro syntax. There's no apparent issue with their usage or definitions. The `run` function and `main` function also follow Rust's standard function syntax and do not appear to have any syntax errors.\nFinally, we check for logical consistency and validity. The functions and their calls are consistent, and there are no type mismatches or undefined variables in the code.\nIn conclusion, after assessing the syntax, macro definitions, function implementations, and logical consistency, we can determine that the code does not generate a compilation error.", "answer": "False"}, {"reasoning": "The provided code is written in Rust. There are no obvious syntactic, type, or borrow checker errors in the code. The code includes proper use of macros, struct and method definitions, and standard library collections like Vec and VecDeque. There doesn't appear to be any misuse of lifetimes or types, and all variables and types seem to be correctly defined and used.\n\nThe code should compile without errors.\n", "answer": "False"}, {"reasoning": "1. Imports: The code starts by importing necessary modules from Rust's standard library, which are correct and would not cause compilation errors.\n\n2. Macros: The code defines two macros, `m!` and `l!`, both of which are syntactically correct and would not cause compilation errors.\n\n3. Struct and Implementation: The code defines a struct `WordReader` and implements necessary methods for it. The methods are correctly implemented, and there are no issues with syntax or logic that would cause a compilation error.\n\n4. Main Function: Inside the `main` function, the code initializes a `String` and uses the `WordReader` methods to read input. The logic within the `main` function is syntactically correct and should not cause any compilation errors.\n\n5. Overall: There is no syntax or logic in the code that would cause a compilation error.\n\nTherefore, the code does not generate a compilation error.", "answer": "False"}, {"reasoning": "Firstly, #![allow(unused_imports)] and #![allow(unused_macros)] allows us to ignore the unused imports and macros without a compilation error.\n\nThe 'use' statements don't have any syntax errors.\n\nThe macro_rules! does not introduce syntax errors.\n\nThe 'solve' function and 'main' function syntax appears correct.\n\nThe BufWriter::new(stdout.lock()) would not return a compilation error.\n\nThe UnsafeScanner::new function syntax is correct and use generics correctly.\n\nThe usage of the UnsafeScanner is fine, but there is a missing 'use' statement for the UnsafeScanner struct, causing a compilation error.\n\nThe missing 'use' statement for the UnsafeScanner struct is the reasoning for the compilation error.", "answer": "True"}, {"reasoning": "1. The code uses standard libraries `std::io` and `std::str::FromStr` which are valid and do not cause any compilation issues.\n2. The function `get_num` is correctly defined to read a line of input, trim it, and convert it to a `usize`. This function does not cause any compilation issues.\n3. The function `get_nums` is correctly defined to read a line of input, split it into whitespace-separated values, convert each to `usize`, and collect them into a `Vec<usize>`. This function does not cause any compilation issues.\n4. In the `main` function, the variable `n` is correctly assigned by calling `get_num`, which returns a `usize`.\n5. The variable `a` is correctly assigned by calling `get_nums`, which returns a `Vec<usize>`.\n6. The main function loops through a range to compute the minimum value of the maximum difference between adjacent elements after removing an element from `a`. The operations in the loop correctly use valid Rust constructs and types.\n7. The code compiles successfully because all functions are correctly implemented and used, and there are no type mismatches or invalid operations.\nConclusion: The code does not generate a compilation error.", "answer": "False"}, {"reasoning": "1. The code defines a struct `Scan` with a `buffer` field of type `std::collections::VecDeque<String>`. This does not cause any compilation errors.\n2. The `impl Scan` block defines three methods: `new`, `next`, and `next_n`. The `new` method creates a new instance of `Scan` and initializes the buffer. This is correct syntax and does not cause any compilation errors.\n3. The `next` method reads the next token from the buffer, and if it's empty, it reads a new line from stdin, splits it into tokens, and adds them to the buffer. This method uses correct syntax and does not cause any compilation errors.\n4. The `next_n` method reads `n` tokens from the buffer using the `next` method. This method is also correctly implemented.\n5. The `_main` function initializes a `Scan` instance, reads three `usize` numbers into a vector, performs some operations on the vector, and prints the result. This function does not cause any compilation errors.\n6. The `main` function creates a new thread with a larger stack size, runs the `_main` function in that thread, and waits for the thread to finish. This is correct syntax and does not cause any compilation errors.\n7. The entire code provided is free from syntax errors and should compile correctly without any compilation errors.", "answer": "False"}, {"reasoning": "Let's analyze the provided Rust code step by step for potential compilation errors:\n\n1. The macro definition appears correct and should not cause compilation errors.\n2. The `WordReader` struct and its methods are defined correctly.\n3. The methods in the `WordReader` implementation are defined correctly, making use of `Parse`, handling errors with unwrap, and parsing streams without any issues.\n4. The main function initializes a `String` and uses `WordReader`, calling its methods without any visible errors.\n5. The `println!` macro is used correctly with a formatted output.\n\nGiven these points, the provided code does not seem to have any compilation errors.", "answer": "False"}, {"reasoning": "Let's examine the provided Rust code step by step to spot any potential compilation errors:\n\n1. `#[allow(unused_imports)]` attributes are used to suppress warnings for unused imports. These do not cause any compilation issues.\n2. The code imports various modules from `std`, which are correctly imported.\n3. The `macro_rules! input` and `macro_rules! input_inner` macros are correctly defined, and they do not contain any syntax errors.\n4. The `macro_rules! read_value` macro is correctly defined, and there are no syntax errors.\n5. The `#[allow(dead_code)]` attribute is used to suppress warnings for unused code. This does not cause any compilation issues.\n6. The function `with_bufwriter` is correctly defined, with proper use of generics and trait bounds.\n7. The `macro_rules! debug` macro is correctly defined and does not contain any syntax errors.\n8. The `main` function uses the `input!` macro to parse input variables `y`, `b`, and `r`, and the parsing logic is correct.\n9. The variables `mr`, `mb`, and `my` are correctly initialized and modified.\n10. There are no type mismatches, missing semicolons, or other syntax issues in the code.\n\nHence, the code should compile correctly without any errors.", "answer": "False"}, {"reasoning": "1. The macro definition for `readln!` includes implementations for three cases - without parameters, with one type parameter, and with multiple type parameters.\n2. The first two cases handle reading input as a string and converting it to the specified type.\n3. The case used in `main` is the third case that reads input and splits it into multiple values. \n4. The macro correctly reads and parses input into (i32, i32, i32) which matches `(y, b, r)` in `main`.\n5. The logic inside `main` uses these parsed values, performs operations, and checks conditions without syntax errors. \n6. The code uses standard library items correctly and follows proper Rust syntax overall.\n\nSince the logic and syntax of the code are correct, it will not generate a compilation error.", "answer": "False"}, {"reasoning": "The code hast two main blocks, the commented code for pow_speedt_with_mod function and the main function.\nThe main function contains several lines of code for file reading and string manipulation.\n\nPossible issues:\n1. s.chars(), rust strings are UTF-8 encoded, the subtraction with 97 could cause an overflow if not handled correctly. Checking the range of the character before the subtraction needs to be done.\n2. Incorrect file input. The file might not exist or might be incorrectly read causing a runtime error.\n3. Crowded if conditions and unwrap calls may cause panics if any assumption is wrong, but wraps return runtime errors not compilation errors.\n\nConsidering this code does not have incorrect syntax usage and the types seem to be consistent, I do not see any apparent compilation error.\nFinal Answer: FALSE", "answer": "False"}, {"reasoning": "1. The PHP code checks if the constant 'STDIN' is defined, and if not, defines it by opening 'php://stdin' for reading.\n2. There is a missing semicolon after the definition of 'STDIN'. This results in a syntax error.\n3. The `fread` function reads up to 80 characters or until a newline from the 'STDIN'.\n4. The `echo` function outputs the input read from 'STDIN'.\n\nSince there is a missing semicolon after defining 'STDIN', the code will produce a syntax error and therefore will not compile correctly.", "answer": "True"}, {"reasoning": "First, checking the syntax and function usage:\n1. The 'echo' statement is used without a semicolon at the end of the statement.\n2. The usage of split() is deprecated, and explode() should be used instead.\n3. Variable 'coly' is declared but later 'colY' is used which is undefined.\n4. fwrite() is being used improperly; it should take at least two parameters (resource and string).\n5. Finally, fwrite() doesn't match the variables used for echo, indicating a possible typo: 'colx' and 'colX'.\nConsidering all these syntax and logical errors, the code will generate a compilation error.", "answer": "True"}, {"reasoning": "There is a compilation error in the provided code. Specifically, the first line contains a redundant '<?php' tag, which causes a syntax error. A PHP file can only have one opening '<?php' tag at the beginning.", "answer": "True"}, {"reasoning": "To determine if the code generates a compilation error, we need to examine it line by line.\n\n1. The 'howMuch' function is defined correctly with two parameters. It uses the ternary operator to return a value.\n2. The 'parseInt' function used inside the 'howMuch' function is incorrect, it should be 'intval' in PHP.\n3. The 'file_get_contents' function and the 'trim' function are used correctly to read the input.\n4. The 'explode' function is used correctly to split the input string.\n5. The last line that calls the 'howMuch' function contains multiple errors: \n    a. Passing 'data[2]' instead of 'data[1]'. \n    b. Incorrect usage with 'data[]' which does not specify an index.\n\nConsidering these points, the code will generate a compilation error due to the invalid array indexing and the wrong use of the 'parseInt' function.\n", "answer": "True"}, {"reasoning": "First, the function name used in the code is 'fsanf,' which seems to be a typo and should be 'fscanf.' Due to the typo, the code will not compile successfully. Additionally, the parameters of 'fscanf' should be in quotes. Based on these observations, the final answer is that this code generates a compilation error.", "answer": "True"}, {"reasoning": "1. The code starts with opening a PHP tag (<?php), which is syntactically correct in PHP.\n2. The code uses the `list` function to assign values from `fgets(STDIN)` to variables `$n`, `$m`, and `$a`. The `fgets` function reads a line from the standard input, and `list` will correctly assign values if the input is properly formatted.\n3. `ceil` is a valid PHP function that rounds numbers up to the nearest integer.\n4. However, the `print` statement uses the wrong format in this context. The correct function to print formatted strings in PHP is `printf`, not `print`. The `print` function does not support formatted string arguments like `printf` does. Therefore, using `print` will result in a compilation error as it has invalid syntax for formatted strings.\n\nFinal Answer: True", "answer": "True"}, {"reasoning": "The code contains a syntax error. In the first line, a closing curly brace is used without a previous opening brace, which is incorrect. This will cause a compilation error. Additionally, the variable $line is used without being defined, which will also cause a compilation error when trying to execute the line explode(\" \",$line).", "answer": "True"}, {"reasoning": "The given PHP code attempts to read three integers from the standard input using fscanf, perform some calculations with these integers using the bcdiv function, and then output the result.\n\n1. The fscanf function will read three integers from the standard input correctly and assign them to the variables $a, $b, and $c.\n2. The bcdiv function is used for arbitrary precision division of the integers. However, bcdiv is a function provided by the BCMath extension in PHP.\n3. If the BCMath extension is not enabled in the PHP environment, the code will generate a compilation error because the bcdiv function will not be recognized.\n\nConsidering the default assumption that the required extension (BCMath) might not be enabled or available, the code will generate a compilation error.\n\nAnswer: True", "answer": "True"}, {"reasoning": "1. The code begins by attempting to read from STDIN using `fscanf`. Ensure that three integer values are read and assigned to variables `$n`, `$m`, and `$a`.\n2. The conditional statements use the modulus and division operators, which are correct for the given logic of checking divisibility.\n3. The division operator `/` is used without integer casting, which should be careful to handle division properly.\n4. There is a syntax error in `else $count = $count * $m / $a);` which should be `else $count = $count * ($m / $a + 1);`. The extra closing parenthesis will produce a compilation error.\n5. Correcting the parenthesis issue would make the code logically coherent.\n\nFinal Answer: True", "answer": "True"}, {"reasoning": "1. The code defines a function called 'flagstone' that takes three arguments ($n, $m, $a) and calculates the number of flagstones required to cover a rectangular area, returning the result.\n2. The function ceil() is used, which is a valid PHP function, so no compilation error arises from this part.\n3. It reads three integers from the standard input (STDIN) using fscanf, which is syntactically correct in PHP.\n4. The issue lies in the line with the echo statement: echo ($result>>16) $result;.\n5. There is a syntax error in this echo statement due to the missing operator between '($result>>16)' and '$result'.\n6. Because of this syntax error, the code will generate a compilation error.\n7. To conclude, the code will produce a compilation error due to the incorrect echo statement.\nFinal answer: True", "answer": "True"}, {"reasoning": "Let's examine the code step by step:\n\n1. The `fscanf` function is used to read three integers $n, $m, and $a$ from the standard input.\n\n2. The first if condition checks if $n$ is divisible by $a$. If true, $count$ is assigned the value of $n / $a$, otherwise it's assigned the value of $n / $a + 1.\n\n3. The second if condition checks if $m$ is divisible by $a$. If true, $count$ is updated to $count * (m / $a)$, otherwise it's updated to $count * ((m / $a) + 1).\n\n4. The `printf number_format($count, 0);` statement aims to format $count with commas and print it, but there is a mistake in the syntax.\n\n5. The correct way to use `printf` with `number_format` is `printf(\"%s\", number_format($count, 0));`.\n\n6. Due to this syntax error, the code will generate a compilation error.\n\nThus, the final answer is True.", "answer": "True"}, {"reasoning": "1. In the initialization of the variable $output, the value assignment syntax is incorrect because a semicolon is missing at the end of the statement. This will generate a compilation error.\n2. The rest of the code uses the correct PHP syntax for the file operations and arithmetic operations.\n3. Correcting the initialization line will likely make the code free of compilation errors.\n\nBased on the issue in step 1, the code will generate a compilation error.", "answer": "True"}, {"reasoning": "1. The code is written in PHP language.\n2. The user has defined three variables n, m, and a which take input from STDIN.\n3. The next two lines use the ceil function to perform some calculations.\n4. On the line `$hasil=$n * *m;`, there is a syntax error: the correct operator for multiplication in PHP is only a single `*`, not double `**`.\n5. Due to the incorrect syntax of the multiplication operator, the code will generate a compilation error.\n\nFinal Answer: True", "answer": "True"}, {"reasoning": "First, let's analyze the PHP code step by step:<br>\n1. <code>list($n, $m, $a) = fgets(STDIN);</code> attempts to split the input from STDIN and assign it to variables $n, $m, and $a. However, <code>fgets</code> returns a string (one line from the file), and <code>list</code> expects an array. This will cause a warning or error.<br>\n2. <code>printf(\"%.0f\", ceil($n/$a)*ceil($m/$a))</code> uses the <code>ceil</code> function to round up the division results and then multiplies them before printing. This part will work if $n, $m, and $a are properly initialized.<br><br>\nTherefore, the primary issue is the use of <code>fgets(STDIN)</code> with <code>list()</code>, which creates a compilation error because <code>fgets</code> needs to be converted into an array before applying <code>list()</code>. Hence, the final answer is True.", "answer": "True"}, {"reasoning": "1. Analyze each line for syntax correctness.\n2. The PHP opening tag is correct.\n3. fopen usage to open php://stdin and php://stdout is correct.\n4. fgets to read from the input is correct.\n5. explode to split the read line is correct.\n6. Proper assignment of values to $n, $m, and $a.\n7. ceil function usage is correct.\n8. number_format usage is correct.\n9. fwrite and fclose usage is correct.\n10. There are extra semicolon in number_format, it's wrong.\nThus, there's a compilation error due to the extra semicolon.\n", "answer": "True"}, {"reasoning": "Analyzing the code step by step: \n1. The code uses PHP syntax, which is correct. \n2. The variable $input is initialized by reading input from STDIN, and exploding it based on spaces, which is valid. \n3. The 'if' conditional uses a comparison operation \"$input[0]==$input[1]==$input[3]\" that attempts to compare three values at once using '=='. \n4. PHP does not support chained comparisons like this. Each comparison should be done separately.\nGiven this mistake, the code contains a syntax error and will not compile.\n\nFinal Answer: True", "answer": "True"}, {"reasoning": "The code is intended to read three integer values from the standard input using `fscanf`, and then it calculates and prints an expression based on those values. However, there are several issues in the code:\n\n1. In the `fscanf` function call, the three variable names `$m $n $a` should be separated by commas.\n2. The use of the `%` symbol before the variable names `$m` and `$a` within the `ceil` function is incorrect.\n3. The `ceil` function needs to be properly referenced with the `math` library.\n\nDue to these issues, the code will generate a compilation error.\n", "answer": "True"}, {"reasoning": "1. The line `$output = 1000000000000000` is missing a semicolon at the end, which causes a syntax error.\n2. Therefore, the code generates a compilation error because of this missing semicolon.\n\nOverall, the final answer is True, as the code does generate a compilation error due to the syntax error identified in step 1.", "answer": "True"}, {"reasoning": "1. The PHP code uses fscanf to read three integers from STDIN: $n, $m, and $a.\n2. The code then checks if $n is divisible by $a, setting $count based on $n and $a.\n3. Similarly, it checks if $m is divisible by $a and calculates the final value of $count.\n4. Finally, the code tries to print the formatted $count using printf with the number_format function.\nHowever, the syntax for printf is incorrect as it should use sprintf format specifications, and number_format should be used separately if needed.\nAdditionally, there is a semicolon missing in the final printf statement.\nConsidering these issues, the code will generate a compilation error.\n\nFinal answer: True", "answer": "True"}, {"reasoning": "Here is step-by-step reasoning for the provided PHP code to determine if it generates a compilation error:\n\n1. `$output = 1000000000000000` is missing a semicolon at the end of the line. This will cause a syntax error, as semicolons are required to terminate statements in PHP.\n2. The subsequent code relies on this assignment being valid. Therefore, even if the rest of the code is syntactically correct, this missing semicolon alone is enough to generate a compilation error.\n\nConsidering the reasoning steps, the final answer is True because of the missing semicolon after the assignment to `$output`.", "answer": "True"}, {"reasoning": "1. The function 'split' is deprecated and should be replaced with 'explode'. \n2. The code is missing a semi-colon at the end of the statement '$answer = $colX * $coly'. \n3. After these fixes, the code should properly parse the input and compute the correct result leading to no compilation error.", "answer": "True"}, {"reasoning": "Examining the provided code step by step:\n\n1. The first line uses `explode` and `fgets(STDIN)` to read space-separated input values and store them in variables `$square_width`, `$square_height`, and `$tile_dimension`. This is correct syntax.\n\n2. The second line intends to calculate the `needed_tiles`. While the arithmetic with `ceil` functions is correct, the `(int)` casting is incorrectly placed. The proper way to cast the entire expression to `int` should be: `$needed_tiles = (int)(ceil($square_width/$tile_dimension)*ceil($square_height/$tile_dimension));`.\n\n3. The third line contains a valid `echo` statement.\n\nBased on the error in the casting syntax on the second line, the code will generate a compilation error.\n\nFinal Answer: True", "answer": "True"}, {"reasoning": "1. The code starts with the PHP opening tag <?php which is correct.\n2. The next line is fscanf(STDIN, %d %d %d, $m, $n, $a);, which has a syntax issue. The correct format for fscanf should use quoted format specifiers (\"%d %d %d\").\n3. The variables $width and $height are correctly calculated using ceil($m/$a) and ceil($n/$a) respectively.\n4. The code correctly prints the result using printf(\"%.0f\", $width*$height).\nConsidering the syntax issue in line 2, the code will generate a compilation error.", "answer": "True"}, {"reasoning": "1. The code uses the 'list' function to get values from 'fgets(STDIN)'. The 'fgets' function returns a single line of string input, so attempting to assign it to a list of values would result in an issue.\n\n2. The code uses 'ceil' function without including the necessary library or fully qualifying the function, which may cause a compilation error.\n\n3. The 'print' statement is incorrectly using C-style formatting, which is not supported in PHP. It should use 'printf' instead.\n\nWhether these points generate a compilation error, it depends on the interpreter, but technically, it would not compile properly due to syntax errors.\n\nTherefore, the code will generate a compilation error.", "answer": "True"}, {"reasoning": "The code contains a syntax error. Specifically, in the following line:\n\n$r = ($n+$a-1)/$a)*(($m+$a-1)/$a);\n\nThere is an extra closing parenthesis ')' before the multiplication operator '*'. This will cause a compilation error as the expression is not well-formed.", "answer": "True"}, {"reasoning": "The PHP code attempts to read three values from the standard input: a count (integer), and two space-separated strings of integers. The code then splits these strings into arrays and compares the sums of these arrays to decide whether to print 'Yes' or 'No'. There doesn't appear to be any syntax errors or issues with variable usage within the code provided. Therefore, it should compile successfully.", "answer": "False"}, {"reasoning": "1. PHP code starts with `<?php` and there is no syntax error in opening tag.\n\n2. `$a`, `$b`, and `$c` are inputted correctly using `fgets` and `trim` functions.\n\n3. Variables `$d` and `$e` are initialized to 0. This is valid syntax.\n\n4. A `for` loop starts with `for($x = 0; $x < $a; $x++)`. This is proper syntax for a loop in PHP.\n\n5. Inside the loop, `if` and `elseif` conditions check and update `$d` and `$e` correctly. No syntax errors.\n\n6. After the loop, an `if` condition compares `$d` and `$e` and prints either \"Yes\" or \"No\". This is also syntactically correct in PHP.\n\n7. The code uses no undeclared variables or mismatched data types in operations.\n\nGiven these points, the code does not generate any compilation errors.", "answer": "False"}, {"reasoning": "1. The PHP code is syntactically correct with matching braces, no missing semicolons, and correct variable initializations.\n2. The expressions within the loop and conditional statements are correct.\n3. There is nothing in the code that would cause a compilation error.", "answer": "False"}, {"reasoning": "The code is written in PHP. Let's go through it step-by-step to see if there are any compilation errors:\n\n1. `file_get_contents('php://stdin')`: This line reads input from stdin.\n2. `explode('\n', $data)`: This line splits the `$data` string into an array using newline as delimiter.\n3. `explode(' ', $data[1])`: This line splits the second element of the `$data` array using space as delimiter.\n4. `explode(' ', $data[2])`: This line splits the third element of the `$data` array using space as delimiter.\n5. `array_sum($first)`: This line calculates the sum of the elements in the `$first` array.\n6. `array_sum($second)`: This line calculates the sum of the elements in the `$second` array.\n7. The `if` statement checks if the sum of `$first` array elements is greater than the sum of `$second` array elements.\n8. Depending on the condition, it prints `Yes` or `No`.\n\nAll the functions used in this code (file_get_contents, explode, array_sum, echo) are valid PHP functions and there are no syntax errors in the code. Hence, it will not generate a compilation error.", "answer": "False"}, {"reasoning": "First, I will break down the code to understand its structure and check for potential compilation errors step by step.\n\n1. The code starts by initializing an empty array $t which is not used anywhere in the code.\n2. The code reads an input and uses the trim and explode functions to extract $n, $x1, $y1, $x2, $y2, $x3, and $y3 from the provided lines of input.\n3. It then performs some arithmetic operations and makes conditional checks using if statements.\n4. Intermediate results for $ans1, $ans2, and $ans3 are computed and printed using echo statements.\n\nOther points to consider:\n- Functions like trim, fgets, explode, and echo are standard PHP functions and should not cause any compilation errors.\n- There are no syntax errors or missing semicolons in the code.\n\nAfter reviewing these points, it is clear that there are no compilation errors in the provided code.", "answer": "False"}, {"reasoning": "1. The code begins by reading inputs from the standard input (STDIN) using `fgets` and `trim` functions, which is correct usage for reading inputs.\n2. The `explode` function is used to split the input strings into arrays `$b, $c`, `$d, $e`, and `$f, $g`. This also appears correct.\n3. Next, various arithmetic operations and non-arithmetic conditions are performed using variables `$a`, `$b`, `$c`, `$d`, `$e`, `$f`, `$g`, and `$h`.\n4. Then, nested if-else conditions are used to check ranges and print appropriate values. The print statements are correct.\n5. Note that the variables `$j` and `$i` are defined and used correctly as required by the code.\n6. However, variable `$g` is defined but never used in the code, which might generate a warning but not a compilation error.\n\nOverall, the code appears syntactically correct for the PHP language and should not generate a compilation error.\nTherefore, the answer is False.", "answer": "False"}, {"reasoning": "\n1. The code uses PHP, so we need to check for PHP syntax and semantic errors.\n2. 'list' is used to assign variables $a, $b, and $c using the 'explode' function, which requires input from 'STDIN'.\n3. The second call to 'explode' assigns the variable $d, using input from 'STDIN'.\n4. The variable $e calculates $b multiplied by $c, which is valid if $b and $c are numeric.\n5. Variable $f is set to 0.\n6. The 'for' loop iterates from 0 to $a - $b, adding $d[$x] to $f each time.\n7. The final print statement outputs the sum of $e and $f.\n8. No syntax errors are apparent. The code assumes valid numeric input from 'STDIN' and expects the correct number of elements on each input line.\nConclusion: The code has no compilation errors.\n", "answer": "False"}, {"reasoning": "1. PHP code is correctly initiated with <?php tag.\n2. fgets(STDIN) is used to read input from standard input which is correct.\n3. trim() function is used to remove whitespace from the input which is also correct.\n4. (int) type casting is correctly done to convert input to integer.\n5. intdiv() function is used for integer division which is correct.\n6. Comparisons and conditional checks are syntactically correct.\n7. while loop and its syntax are correct.\n8. echo statements are correctly used to output text.\n9. Variables are properly declared and used.\n\nNo syntax or compilation errors are present in the code.\n\n", "answer": "False"}, {"reasoning": "1. The code starts with the PHP opening tag: <?php, which is correct.\n2. The list() function is used to assign values $a and $b from the output of the explode() function, which splits a string by spaces.\n3. The trim(fgets(STDIN)) function reads a line from standard input, trims any whitespace from it, and passes it to explode().\n4. The if statement checks if $a is equal to $b.\n5. If they are equal, it prints the value of $a.\n6. If they are not equal, it prints \"2\".\n7. All syntax and functions used are correct and commonly used in PHP.\n8. There is no compilation error in the code.\n\nFinal answer: False, the code does not generate a compilation error.", "answer": "False"}, {"reasoning": "1. The PHP code starts with declaring variables $a, $b, and $c.\n2. It uses trim(fgets(STDIN)) to read input from the standard input for $a and $b.\n3. Variable $c is initialized to 0.\n4. The for loop runs from 0 to $a - 1.\n5. Inside the loop, the conditions check for characters 'U' and 'R' or 'R' and 'U' in the string $b.\n6. If the conditions are met, variable $c is incremented by 1 and the loop index $x is incremented by 1.\n7. After the loop, variable $d is calculated as $a - $c.\n8. Finally, the value of $d is printed.\nAll variables are correctly declared and used, and the logic has no syntax errors.\n", "answer": "False"}, {"reasoning": "1. The function 'suma' calculates the sum of digits of a number passed as a string. It uses a loop to iterate over each character, converts it to an integer, and sums them up. No compilation error here.\n2. The code reads a line from standard input, trims it, and stores it in $line. It calculates strlen($line)*9 and stores it in $strlen. No errors so far.\n3. It initializes $n as $line - $strlen, and an empty array $result. A while loop runs until $i is less than or equal to $strlen. If the condition n + suma(n) == $line is true, it adds $n to the array $result, increments $n and $i on each iteration. No compilation errors detected.\n4. It echoes the count of elements in the result array and each element of the array in a new line. No compilation errors here.\n\nTherefore, since no syntax or semantic errors were found,\n", "answer": "False"}, {"reasoning": "1. Line 1 reads input from the standard input and stores it in variable $a.\n2. Line 2 initializes an empty array $b.\n3. The for loop on line 3 is correctly formed and iterates from $a - 1 to the maximum of 1 or $a - 1 - 100000.\n4. Inside the loop, variables $c, $d, and $e are correctly computed.\n5. The if statement on line 8 checks if $a equals $e and if true, the value of $x is added to the array $b.\n6. After the loop, another if statement checks if the array $b is empty; if true, it prints \"0\".\n7. If the array $b is not empty, it sorts the array and prints the count of $b followed by the elements of $b.\n8. There are no syntax errors or issues with function calls in the provided code.\n\nThe provided code does not generate a compilation error.", "answer": "False"}, {"reasoning": "1. The code is written in PHP and starts with `<?php`, which is correct.\n2. `$a` is assigned the trimmed value from the standard input, which is fine.\n3. An empty array `$b` is initialized correctly.\n4. The for loop starts with `$x = $a - 1` and decreases `$x` until it reaches max(1, $a - 1 - 100000). This is syntactically correct.\n5. Within the loop, `$c` is assigned the value of `str_split($x)`, which splits the number into its digits. This is correct.\n6. `$d` is assigned the sum of the array `$c`, which is correct.\n7. `$e` is the sum of `$x` and `$d`, which is fine.\n8. If `$a` equals `$e`, it assigns `$e` to the last position of array `$b`. This is correct.\n9. After the loop, it checks if the array `$b` is empty, and prints \"0\", which is correct.\n10. If the array `$b` has elements, it prints the count and the elements of the array, which is correct.\n\nThe code does not contain any syntactical errors or issues that would lead to a compilation error.", "answer": "False"}, {"reasoning": "1. The `trim()` and `fgets()` functions are standard PHP functions and will work without error.\n2. The `$b` variable is initialized as an array and used correctly.\n3. The `for` loop is correctly structured and the logic within it is valid in terms of PHP syntax.\n4. The `str_split()`, `array_sum()`, and `count()` functions are all standard PHP functions and used correctly.\n5. The `if` condition checks an integer value against another integer value, which is a valid operation.\n6. The `print` statements are valid for output in PHP.\n7. The logic `implode()` function is used correctly to concatenate array elements into a string.\nThere are no syntax errors or incorrect usage of functions/variables in the provided PHP code.\n", "answer": "False"}, {"reasoning": "1. The code starts by getting input from the standard input using `fgets(STDIN)` and trims it with `trim()` to remove any leading or trailing whitespace.\n2. The input is stored in the variable `$a`.\n3. An `if` condition checks if the length of the string `$a` is equal to 1 using `strlen($a) == 1`.\n4. If the length is 1, it prints the value of `$a`.\n5. If the length is not 1, the code proceeds to calculate the value of `$b`, `$c`, `$d`, `$e`, and `$f`.\n6. Calculations are done using valid PHP functions and syntax: \n   - `$b = strlen($a) - 1` calculates the length of `$a` minus 1.\n   - `$c = implode(array_fill(0, $b, 9))` creates a string of 9s of length `$b`.\n   - `$d = $a - $c` subtracts `$c` from `$a`.\n   - `$e = str_split($d)` splits `$d` into an array of single characters.\n   - `$f = $b * 9 + array_sum($e)` calculates the sum of the digits in `$e` plus `$b * 9`.\n7. The final result is printed using `print $f`.\n\nNo syntax errors or type errors are apparent in this PHP code.\n\nTherefore, the code will not produce a compilation error.", "answer": "False"}, {"reasoning": "The code is PHP and it reads two values from the standard input, $a and $b, using the fgets function. It then calculates $c as $b * log($a) and $d as $a * log($b). The code compares $c and $d and prints '<' if $c is less than $d, '=' if they are equal, and '>' otherwise.\nThe syntax and function usage are correct, and there are no obvious compilation errors in the code. Therefore, the code will not generate a compilation error.", "answer": "False"}, {"reasoning": "1. Namespace: The code is written in PHP, which is correct and should not cause a compilation error related to incorrect language.\n\n2. Functions: The code uses built-in PHP functions such as list(), explode(), trim(), fgets(), and log() correctly. These functions are standard and do not cause compilation errors.\n\n3. Variables: The variables $x and $y are initialized correctly by the list() function in conjunction with explode() and trim(fgets(STDIN)). These variables should be populated with user input and will not cause a compilation error.\n\n4. Conditional Statements: The code contains if-else conditional statements, which are correctly structured and syntactically correct.\n\n5. Output: The echo statement is used correctly to output the results.\n\n6. No syntax errors: There are no missing semicolons, mismatched parentheses, or other syntax errors that would cause a compilation error.\n\nConsidering all the above points, the code does not generate a compilation error.", "answer": "False"}, {"reasoning": "The given PHP code attempts to read two inputs from STDIN, split them into variables $a and $b, calculate $c as $a raised to the power of $b, and $d as $b raised to the power of $a using the bcpow function. It then compares the values of $c and $d and prints '<', '=', or '>' accordingly.\n\nThere are no evident syntax errors or usage errors in the code. The functions and constructs used are correct.\n\nTherefore, the code does not generate a compilation error.", "answer": "False"}, {"reasoning": "First, the syntax will be checked for correctness. The provided code is intended to read two time values from standard input, process them, and print the result.\n\nLet's check each step:\n\n1. `list($a, $b) = explode(\":\", trim(fgets(STDIN)));`: This line reads a line from the standard input, trims any whitespace, splits the string by the colon `:` character, and assigns the resulting values to variables `$a` and `$b`. This line is correct.\n\n2. `list($c, $d) = explode(\":\", trim(fgets(STDIN)));`: This line does the same process as the previous line, but assigns the resulting values to variables `$c` and `$d`. This line is also correct.\n\n3. `$e = (($c * 60 + $d) - ($a * 60 + $b)) / 2;`: This line calculates the half difference in minutes between the two input times and assigns it to the variable `$e`. This line is correct.\n\n4. `if($e >= 60) { ... } else { ... }`: This block contains conditions and blocks for further computation and printing the result. Its initial condition and structure seem correct.\n\n5. Within the `if($e >= 60)` block and `else` block, there are multiple arithmetic and string operations, and they all use valid PHP syntax. The code blocks correctly handle different scenarios of `e` calculation and correct formatting of time values `$a` and `$b`.\n\nAs all lines are using valid syntax and operators, there are no apparent syntax issues in the code.\n\nThus, based on the above reasoning, the final answer is: False", "answer": "False"}, {"reasoning": "The code has a few issues:\n1. Variable 'h' is used but never defined, leading to a compilation error.\n2. There is a missing initialization of '$b' with '+= $h'. This will result in an undefined variable error.\n3. The output format may be incorrect if the minutes exceed 59.", "answer": "True"}, {"reasoning": "1. PHP starts by reading two lines from standard input and splitting them by the colon \":\" character. The trim and fgets functions are correctly used for this purpose, and the explode function properly splits the strings into arrays.\n2. Then, it calculates the difference in time between the two input times in minutes and divides it by 2.\n3. Depending on the value of $e, the code branches into different conditions where it calculates new time values. \n4. In the final conditional block, it prints the formatted time.\n\nAll functions used are standard PHP functions, and all variables seem correctly initialized and used.\n\nTherefore, the code will not generate a compilation error.", "answer": "False"}, {"reasoning": "The PHP code provided reads two times in hours and minutes format from the standard input, calculates the time difference, and prints the result. Here's the code step by step to check for compilation errors:\n1. The functions `list()`, `explode()`, `trim()`, and `fgets()` are all valid and used correctly.\n2. The arithmetic operations are syntactically correct.\n3. The usage of conditionals `if-else` is correct.\n4. The usage of `print` function for output is valid.\n5. The calculations and operations within the conditionals are valid.\n6. Functions `floor()` and modulus `%` operator are used correctly.\n7. The concatenation of strings for printing time is correctly done.\n\nGiven these points, there are no apparent syntax errors in the code.\n", "answer": "False"}, {"reasoning": "To determine if the provided PHP code will generate a compilation error, we need to examine several aspects:\n\n1. **Syntax Errors**: Ensure there are no mistakes in the syntax.\n2. **Variable Usage**: Check that all variables are defined before use and used correctly.\n3. **Function Calls**: Verify the usage of built-in functions like `explode`, `trim`, `fgets`, and `floor`.\n4. **Control Structures**: Inspect the `if` conditions for proper logic and syntax.\n\nLet\u2019s examine the code step by step:\n\n- The code uses the `explode`, `trim`, and `fgets` functions correctly to break down input from stdin. \n- Variables `$a`, `$b`, `$c`, and `$d` are defined using `explode` and `trim` functions.\n- The calculation of `$e` is straightforward and uses arithmetic operations.\n- The `if` condition to check if `$e >= 60` is properly structured.\n- Inside the `if` block, variables `$f`, `$g`, and `$h` are computed using modulo and division operations. They are then correctly used in subsequent operations.\n- The `strlen` function checks and modifies the length of `$a` and `$b` if they are single digits.\n- The `else` block properly handles the condition when `$e` is less than 60.\n- The final `print` statements output the computed time in `HH:MM` format.\n\nGiven the syntax and variable usage seem to be correct, there doesn't appear to be any compilation errors in the code.\n", "answer": "False"}, {"reasoning": "The provided PHP code uses standard functions such as list(), explode(), trim(), fgets(), floor(), and the basic arithmetic operators. These functions and operators are properly utilized. Additionally, the conditional structures and loops seem to be correct. The variable names are unique and properly scoped within the script. However, there is one issue that could lead to a runtime or logical error: the handling of input from STDIN.\n\nWhen using fgets(STDIN), it might be necessary to differentiate between reading from interactive input or piped input, which could affect the behavior; however, this will not cause a compilation error in PHP. Overall, the syntax and code structure do not indicate any compilation errors.", "answer": "False"}, {"reasoning": "1. The code starts by using `fscanf` to read two integers from STDIN. `fscanf(STDIN, '%d %d', $A, $B);` requires variables to store the integers read. In PHP, the `$A` and `$B` should actually be `&$A` and `&$B` to refer to variable references. This will generate a compilation error.\n2. Therefore, this code will fail during the compilation stage due to incorrect usage of `fscanf` function.\n3. The error needs to be fixed by using `fscanf(STDIN, '%d %d', $A, $B);` properly with `&$A` and `&$B`. \n", "answer": "True"}]