<?xml version='1.0' encoding='utf-8'?>
<all_roots><root>
<reasoning>The code is a valid Kotlin program and it does not generate a compilation error.
1. The package declaration `package cf3` is valid.
2. The `import kotlin.math.absoluteValue` statement is correct and imports the necessary function.
3. In the `main` function, `readLine` and `toInt` functions are used properly.
4. The `repeat(testcases)` block correctly reads input and processes it by calling `solve` function.
5. The `solve` function is correctly defined with proper syntax.
6. The `filter`, `map`, `min`, `max`, and `absoluteValue` methods are called correctly on the list.
7. The `joinToString(" ")` method is used properly for the output formatting.

There are no syntax errors present, and all functions and operations are used appropriately.

Thus, the code does not generate any compilation errors.</reasoning>
<answer>False</answer>
</root><root>
<reasoning>The code includes the necessary header files and declares the main function. Inside the main function, it sets up efficient I/O operations using `ios::sync_with_stdio(0)`, `cin.tie(0)`, and `cout.tie(0)`. These are valid C++ commands and there are no syntactic errors in their usage. The `return 0;` statement correctly indicates the successful termination of the program. All lines of code are syntactically correct and do not generate any compilation errors.</reasoning>
<answer>False</answer>
</root><root>
<reasoning>Firstly, the Kotlin code is analyzed for potential compilation errors. The code uses the functions `readInt()` and `readInts()`, but neither of these functions are standard Kotlin library functions. This implies that these functions are either defined elsewhere in the code (not provided) or assumed to be part of some custom implementation/context. Without the definitions of these functions, the code will generate a compilation error. Additionally, the code correctly imports `max` and `min` functions from `java.lang.Integer` and uses proper Kotlin syntax for operations such as `withIndex()`, `sortedByDescending`, and `repeat`. However, the absence of the `readInt()` and `readInts()` functions definitions leads to a conclusion that the code cannot compile as is.</reasoning>
<answer>True</answer>
</root><root>
<reasoning>Firstly, we need to check if the class and function names are correctly declared. The function 'solve' is declared as expected. Furthermore, the code makes use of Kotlin lambda functions for input reading and output displaying, which is correct.
Then, checking for any syntactic errors, we observe that the Kotlin syntax to define and manipulate variables and lists has been used correctly. Edge cases such as handling of null values in the input, using safe call operator `!!` are appropriately addressed.
Lastly, we review the main function and see that it attempts to call `solved.solve(...)` whereas the correct approach is calling `solve(...)`.
Considering this context, the presence of 'solved.solve' leads to a compilation error because 'solved' is undefined or inappropriate.
Thus, the code generates a compilation error.</reasoning>
<answer>True</answer>
</root><root>
<reasoning>This code imports multiple packages, defines several helper functions, and contains a main function that reads some input, processes it, and prints results. Here's how we could reason about potential compilation errors:
1. The import statements are mostly valid (additional import of `Advance.add` without context might be suspicious but does not inherently cause a compilation error).
2. The function definitions (rs, ri, rsl, ril) are correct Kotlin syntax.
3. The main function is correctly defined and contains valid Kotlin code, utilizing proper syntax for loops, conditions, array handling, and printing results.

Considering the above reasoning steps, the code does not contain any syntax issues or known compilation errors. Therefore, no compilation error should be generated.

</reasoning>
<answer>False</answer>
</root><root>
<reasoning>
1. Checking for import statement: The statement "import kotlin.math.absoluteValue" is correct and does not cause any compilation error.
2. Checking the main function: The function definition "fun main()" is correct and does not cause any compilation error.
3. Variable "testcases" is correctly initialized using readLine() and toInt() conversion.
4. Using repeat loop to iterate over test cases is syntactically correct.
5. Variable "bench" is read and converted using readLine() and toInt(), which is syntactically correct.
6. The input "programmers" is read and split using spaces, then converted to list of integers using map and toInt(), which is also correct.
7. The solve function is called and its result is printed correctly using joinToString.
8. Defining a private function "solve" with List of Integers as argument is syntactically correct.
9. Inside solve function, filtering positive integers "contributors" is correct.
10. Finding the minimum of contributors using min() is correct.
11. Filtering negative integers "smallestDistraction" and finding max() is syntactically correct.
12. A boolean "includeDistraction" is correctly calculated using conditions and logical operators.
13. A map transformation is applied on the input "programmers" list with conditions to produce the final output list, which is syntactically correct.
14. No visible syntax or semantic error that would cause the code to fail to compile is found.
</reasoning>
<answer>False</answer>
</root><root>
<reasoning>
1. First, we examine the `main` function where the `readLn` function is called. This indicates an attempt to read input; however, there is no definition or import for `solved`.
2. The `readIntList` function attempts to call `solved.readLn()`, which is undefined and will cause a compilation error because `solved` is not an identified variable or object in the code. 
3. Additionally, `solved.debugEnabled` is used in `debLn` and `deb` functions which also lead to a compilation error due to the undefined `solved`.
4. The mentioned undefined `solved` object or variable in the functions `readIntList`, `readIntArray`, `debLn`, and `deb` imply a missing definition or import which results in a compilation error.
</reasoning>
<answer>True</answer>
</root><root>
<reasoning>
Step 1: Check the imports: The code is importing the `assertTrue` function from the `kotlin.test` package, which is correct and should not cause any issues.
Step 2: Define utility functions: The utility functions `readLn`, `readInt`, `readStrings`, and `readInts` are correctly defined and don't have any compilation issues.
Step 3: Define the `solve` function: The `solve` function is correctly defined using Kotlin syntax. 
Step 4: Check usage of collection functions: The functions `filter`, `sum`, `min`, and `max` are correctly used on lists.
Step 5: Required null safety checks are present: The `min` function has a `!!` at the end to ensure the result is non-null—which is permissible in Kotlin but should be used cautiously.
Step 6: Proper conditional checks: The conditional checks and print statements are correctly structured.
Step 7: `main` function setup: The `main` function correctly utilizes the `repeat` function to call `solve` multiple times.

Considering all reasoning steps, there are no syntactical or compilation issues presented. Therefore, the code does not generate a compilation error.
</reasoning>
<answer>False</answer>
</root><root>
<reasoning>
Step 1: Check the import statement.
The code imports `solved.readLn`. This is incorrect because `readLn` is not referenced from the `solved` package. Instead, `readLn` should be defined in the current scope or properly imported if it exists in another package. This will generate a compilation error.

Step 2: Verify the `go` function and its components.
The `go` function uses destructuring declarations (i.e., `var (greater, less) = ar.withIndex().partition { (i, v) -&gt; v &gt; 0 }`), which is valid Kotlin syntax. However, further operations on the destructured elements assume that they are pairs, which is correct and does not generate a compilation error.

Step 3: Validate the `main` function and its call to `readIntList`.
The `readIntList` calls `solved.readLn()`. This will generate a compilation error because `solved.readLn()` is not a valid reference.

Step 4: Examine the utility functions `readLn`, `readIntList`, `readIntArray`, `debLn`, and `deb`.
The utility functions `readLn`, `readIntArray`, `debLn`, and `deb` refer to `solved` incorrectly, as explained previously. 

Step 5: Presence of `debugEnabled`.
The presence of `debugEnabled` does not generate any compilation error.

Final conclusion:
The code provides several references to `solved.readLn` and `solved.debugEnabled`, which do not exist in the provided scope or imports. Hence, it will generate compilation errors.
</reasoning>
<answer>True</answer>
</root><root>
<reasoning>First, review the code to identify any potential issues that may lead to a compilation error.

1. Import statement: `import java.util.*` is correct and provides common utility classes.
2. Function definitions with `fun` keyword are Kotlin syntax. Functions like `next()`, `nextInt()`, `nextLong()`, `nextInts()`, and `nextLongs()` utilize Kotlin standard functions such as `readLine()` and `split()`. These functions should compile.
3. `val OUT`: declares a mutable list of strings, which is correct.
4. `solve()` function: several potential issues:
    - `tmp[i] = "1"`: `StringBuilder` does not support the index assignment directly. Use `tmp.setCharAt(i, '1')` instead.
    - `ans[i] = "1"`: Strings in Kotlin are immutable, use `ans` as a `CharArray` instead of a String for mutable operations.
    - `lo = Math.min(lo, Math.max(a[i], -a[i]))` uses `Math`, which is part of Java standard library—correct.
5. `main()` function: calls `nextInt()` function and iterates over `solve()`. There are no evident issues in this section.

Addressing indexing and immutability problems:
- Replace `tmp = StringBuilder(n)` with `tmp = CharArray(n) { '0' }`
- Replace `tmp[i]` and `ans[i]` with `tmp[i] = '1'` and `ans = String(tmp)` respectively.

Even with the correction noted above, the provided code will not compile due to the current problems.

Considering these points:
- `tmp[i] = "1"` -&gt; incorrect operation on `StringBuilder`
- `ans[i] = "1"` -&gt; incorrect operation on `String`

Thus:
Final answer: `True`, indicating the code generates a compilation error.</reasoning>
<answer>True</answer>
</root><root>
<reasoning>
The code example provided is using Kotlin. The `generateSequence(::readLine)` function generates a sequence that repeatedly calls the readLine() function. However, the main issue with the code is that `generateSequence` returns a Sequence, not a Stream, and Kotlin's Sequence does not have the `asStream` method. This will result in a compilation error because `asStream()` is not defined for `Sequence` in Kotlin.
</reasoning>
<answer>True</answer>
</root><root>
<reasoning>The given code seems to be a Kotlin program. Let’s go through the code step by step to identify any possible compilation errors.

1. The `main` function is defined correctly.
2. `readLine()!!.toInt()` is used to read an integer `t` from the input. This is correct syntax if we assume the input is properly formatted as integers.
3. The `while` loop is written with `while(t --)`. However, this is incorrect syntax in Kotlin as it tries to use the decrement operator in a `while` condition, which is not valid. The correct way is `while (t-- &gt; 0)`.
4. Inside the `while` loop, `n` is read correctly from input.
5. The expression `max(0, n / 2 - 1)` is syntactically correct but requires the `import kotlin.math.max` to work.
6. The `if` statement checks if `n &gt; 0` and properly adds `n % 2` to `ans`.
7. `println(ans)` prints the result correctly.

The primary issue is with the `while(t --)` syntax. Fixing it to `while (t-- &gt; 0)` would resolve this error. Additionally, there is a missing import for `max` function.

Due to the incorrect `while` loop condition, the code generates a compilation error.

</reasoning>
<answer>True</answer>
</root><root>
<reasoning>
First, let's review the code for potential syntax and semantic errors.
1. The import statement `import java.util.*` is correct. 
2. The declaration of `scan` using `val` and creating an instance of `Scanner` is syntactically correct.
3. The function `main()` is correctly defined as the entry point.
4. Declaring `val b = scan.nextInt()` inside `main()` is correct as it reads an integer from the input.
5. The `for` loop starts incorrectly with `for (i 1..b)`. It should be `for (i in 1..b)` to use the range feature correctly.
6. Inside the loop, the variable `a` is correctly read using `scan.nextInt()`.
7. `print((a-1)/2)` correctly calculates and prints the result.

Thus the code contains a syntax error in the `for` loop declaration.
</reasoning>
<answer>True</answer>
</root><root>
<reasoning>
1. The Kotlin code attempts to use the `Scanner` class from the `java.util` package to get input from the user.
2. A variable `t` is initialized to take the first input as an integer which is the number of test cases.
3. A `for` loop is used to iterate `t` times to process each test case.
4. Inside each iteration, it reads another integer `n`, performs some calculations and assigns a value to the variable `ans`.
5. Then, it attempts to print the value of `ans` but uses a variable `$sum` which is not defined or initialized anywhere in the code.

The main issue in the code is the use of `$sum` instead of `$ans` in the `println` statement. 

This issue will result in a compilation error because `$sum` is not defined.

</reasoning>
<answer>True</answer>
</root><root>
<reasoning>
The given code is written in Kotlin. The code defines a `main` function which reads an integer `n` from the input, then initializes an integer array `a` with size `n`. It proceeds to fill the array with integer input values. Subsequently, the code iterates over the array to perform a calculation and print results based on whether the array values are even or odd.

Key points to check for compilation errors:
1. The `main` function is correctly defined.
2. `readLine()` function is used to read input from the standard input. The `!!` operator will cause a runtime exception if `readLine()` returns `null`, but that will not cause a compilation error.
3. The `toInt()` method is correctly used to convert the input to an integer.
4. `IntArray(n)` creates an integer array of size `n` which is valid.
5. Iterating from `0` to `a.lastIndex` is correct, as `lastIndex` returns the last index of the array.
6. Integer arithmetic operations and modulus operations are correctly used.
7. `println()` method is appropriately used for output.

Therefore, there should be no compilation errors in the provided code.
</reasoning>
<answer>False</answer>
</root><root>
<reasoning>
The code provided contains the following issues:
1. There is a missing semicolon in the import statement for `java.lang.AssertionError`. The correct syntax should be `import java.lang.AssertionError;`.
2. In the `main` function, there is an incorrect assignment to the variable `var`. The assignment `var=0` and `var=(n-1)/2` are incorrect because the proper Kotlin syntax does not allow reassigning the variable `var` within an if-else statement like this. The variable `var` should be declared and initialized properly before being assigned in the if-else block.
3. The variable name `var` is a reserved keyword in Kotlin, using it as a variable name causes a syntax error. We must change the variable name from `var` to something else (e.g., `result`).

Due to these errors, the code generates a compilation error.
</reasoning>
<answer>True</answer>
</root><root>
<reasoning>Upon examining the code, there are several points that need to be evaluated to determine if there are any compilation errors. Firstly, the code includes Kotlin syntax for reading input, which requires running in an environment where input can be provided through standard input. Specifically, the function "readLine()" is used, which returns a nullable String that is forced to non-null with "!!" and then converted to an integer using "toInt()". This part of the code does not generate a compilation error. Next, the operation "(10.0f).pow(9)" attempts to calculate the power of a float number. The Kotlin standard library does not have a direct "pow" function for Float types. If "import kotlin.math.pow" is missing, this will generate a compilation error. The while loop "while (a + b == candies)" should be changed to "while (a &gt; 0)" to prevent an infinite loop because the original code never changes the value of "candies". Despite logic issues, this does not result in a compilation error. After making sure all referenced libraries are correctly imported, there are no compilation errors.</reasoning>
<answer>False</answer>
</root><root>
<reasoning>
1. The code begins by importing Java libraries using Kotlin syntax, which is correct.
2. The main function is defined properly.
3. A Scanner object is created to read input from standard input.
4. The code reads an integer N which denotes the number of iterations in the for loop.
5. Within the for loop, it reads another integer BB.
6. Two variables A and B are assigned correctly.
7. A variable count is initialized with 0.
8. There is a while loop that checks if A is greater than B. However, A and B do not change within the while loop, resulting in an infinite loop if the condition A &gt; B holds true.
9. The infinite loop here does not cause a compilation error but would result in runtime issues.
10. The code syntax and variable declarations are correct for Kotlin and do not generate compilation errors.

Therefore, considering the syntax and declarations, there are no compilation errors in the given Kotlin code.
</reasoning>
<answer>False</answer>
</root><root>
<reasoning>
1. The function `readInts()` returns a list of strings obtained by splitting the input line at spaces.
2. In the `main()` function, `readInts().map { it.toInt() }` converts these strings to integers and assigns them to `tests_cnt`.
3. `tests_cnt` can be accessed by its indices as it is a list of integers.
4. A for loop runs from 1 to `tests_cnt[0]` to process multiple test cases.
5. Inside the loop, `val a = readInts().map { it.toBigInteger() }` attempts to read a line of input and convert it to a list of BigIntegers.
6. `if(a &gt; 2)` contains an incorrect comparison. Since `a` is a list, direct comparison with `2` is invalid. This will cause a compilation error.
7. The print statements try to perform arithmetic on the list `a`, which is not valid as `a` needs to be indexed to access its elements.

Based on these analysis steps, there is indeed a compilation error in the code.
</reasoning>
<answer>True</answer>
</root><root>
<reasoning>
1. The package declaration and import statements are correct.
2. The @JvmField annotations for fields INPUT, OUTPUT, and _reader are correct and should not cause any compilation errors.
3. The function readLine() is correctly defined using the Kotlin syntax.
4. The function readLn() is correctly defined.
5. The @JvmField annotation for the _tokenizer and its initialization is correct.
6. The read() function correctly handles tokenization and should not cause compilation errors.
7. The readInt(), readDouble(), readLong(), and other read functions are correctly defined.
8. The gcd functions for both Int and Long types are correctly defined.
9. The Boolean.toInt() extension function is correct.
10. The constants INF and MOD are correctly declared and should not cause any errors.
11. The main function is correctly structured, reads input using readInt(), and processes the input with appropriate logic.
12. All the functions and fields used within the main function are correctly defined.
Therefore, the code does not generate any compilation errors.
</reasoning>
<answer>False</answer>
</root><root>
<reasoning>The code contains a logical error in the usage of the bitwise AND operator. The bitwise AND operator requires both operands to be of the same type. The expression "n and 1" is intended to check if "n" is odd, but it lacks proper syntax since "n and 1" should be surrounded by parentheses to form a correct comparison statement. Correct usage would be "if ((n and 1) == 1)". Therefore, the code generates a compilation error.</reasoning>
<answer>True</answer>
</root><root>
<reasoning>This code is written in Kotlin. First, it imports java.util.Scanner, which is used later to read input from the console.

In the main method, a Scanner instance 'reader' is created to read input. The variable 'n' is assigned the next integer input. The code then enters a while loop that decrements 'n' in each iteration.

Within the loop, another integer 'x' is read. The code checks whether 'x / 2' as a double is different from 'x / 2' as an integer. Depending on this condition, different sections of the code will print different values.

The syntax and logic of the Kotlin code appear to be correct, and there are no visible type mismatch or incorrect use of Kotlin features. Everything should compile without any compilation errors.

Therefore, the code does not generate a compilation error.</reasoning>
<answer>False</answer>
</root><root>
<reasoning>
First, let's examine the code for any syntax issues:
1. The `import` statement for `java.util.*` is correct syntactically.
2. The `min` function appears to be defined correctly with proper parameters and return type.
3. The `main` function begins with correct syntax, and reads an integer using `readLine()!!.toLong()`.
4. The `while` loop syntax `while(q --&gt; 0)` is correct.
5. Inside the loop, the variable `n` is used without being declared.
6. The code should declare `n` as a `var` for Kotlin, e.g., `var n = readLine()!!.toLong()`.
7. The `println` statement syntax is correct.

Given the above steps, the issue is with the undeclared variable `n`.

Therefore, the code will generate a compilation error due to the undeclared variable `n`.
</reasoning>
<answer>True</answer>
</root><root>
<reasoning>
Firstly, in Kotlin, there is no import statement for java.util.Scanner as this is associated with Java. Instead, Kotlin uses `readLine()` for input, or we should instantiate the Scanner object properly if we decide to use it. 

Secondly, `read` is not a valid object or predefined name in Kotlin without defining it. In this code, there is inconsistency because `read` is used without being initialized.

Thirdly, the `for` loop with `for (i in t)` is incorrect. An integer value cannot be used directly in a for loop. Instead, it should be `for (i in 1..t)` if the intention is to loop `t` times.

Correcting these issues would make the code work, but based on the given code structure, it does lead to compilation errors.
</reasoning>
<answer>True</answer>
</root><root>
<reasoning>The code provided contains a main function in Kotlin that reads an integer input (t) which determines the number of test cases. For each test case, it reads another integer (n) and calculates the variable 'ans' using a max function and some arithmetic operations.

The first line reads an integer from the input using `readLine()!!.toInt()`. The `!!` operator is used to assert that the `readLine()` call is not returning null, which means the program will throw a `NullPointerException` if the input is null, but it will compile correctly.

Next, the `for` loop iterates from 0 until `t`, effectively iterating `t` times. Inside the loop, another integer `n` is read using the same `readLine()!!.toInt()`.

The `max` function used to calculate 'ans' requires importing `kotlin.math.max`, which is not done explicitly in the code. Not having this import results in a compilation error.

The logic then checks if `n` is greater than 0, and if so, it adds `n % 2` to `ans`. Finally, `ans` is printed out.

Since the `kotlin.math.max` import statement is missing, this will result in a compilation error.

</reasoning>
<answer>True</answer>
</root><root>
<reasoning>The code uses Kotlin's standard library functions and syntax. The given code combines characters with the input string, uses a loop with conditionals to find the maximum distance between vowels, and prints the result. All these are valid Kotlin operations. Therefore, there should be no compilation errors in the provided code.</reasoning>
<answer>False</answer>
</root><root>
<reasoning>Step 1: The code starts with a `fun main()` function definition which is correct syntax in Kotlin.

Step 2: The next line declares a `BufferedReader` object, binding it to the variable `r` using `System.`in`.bufferedReader()`. This line is syntactically correct and does not cause any errors.

Step 3: The next line declares a `StringBuilder` object and binds it to the variable `s`. This is also syntactically correct and does not cause any errors.

Step 4: The code has some commented lines which do not affect the compilation process.

Step 5: The code reads a line from the input, assigns it to a non-nullable `str` variable. This is syntactically correct.

Step 6: The code declares a list of characters and assigns it to the `list` variable. This is syntactically correct.

Step 7: The code initializes two integer variables, `dis` and `max`. This is syntactically correct.

Step 8: The code uses a `for` loop to iterate backwards over the characters in the `str` string. The loop seems correctly structured.

Step 9: Inside the loop, the code checks if the current character is in the predefined `list` and updates `dis` accordingly.

Step 10: The code contains conditions to update the value of 'max'.  This is syntactically correct.

Step 11: The code has an `if-else` statement to print out certain values based on the length of `str`. This part does not generate any compilation errors.

All steps indicate that the code is syntactically correct with no compilation errors.
</reasoning>
<answer>False</answer>
</root><root>
<reasoning>First, let's check the imported packages. The code imports `java.util.*` which is unnecessary since no class from `java.util` is being used, but this won’t cause a compilation error. 

Next, let's move to the Kotlin collections import, which imports `ArrayList`. This is correctly used later in the code.

We check the rest of code:

1. Variable `str` reads a line from the console and assumes it is not null.
2. `const` is a constant string "AEIOUY".
3. `list` is an ArrayList of Integers.

The `for` loop iterates from 0 to the length of `str` and checks if each character of `str` is in `const`. If true, it adds the index to `list`.

No compilation errors up to now.

The next `if` block checks the size of `list`. If less than 2, and if the first character of `str` is in `const`, assigns `max` accordingly. Otherwise, the code enters an `else` block and another `for` loop that calculates the difference between consecutive indices in `list` and assigns the maximum step to `max`.

Finally, it prints `max`.

Therefore, there are no compilation errors in the given code.
</reasoning>
<answer>False</answer>
</root><root>
<reasoning>The Kotlin code has a few issues that would generate compilation errors:

1. The import statement for java.util.* is incomplete. It should be "import java.util.*;" as Kotlin requires semicolons when importing Java packages.
2. The function `maxBy` is deprecated in Kotlin and replaced by the `maxByOrNull` function. Using `maxBy` will generate a compilation error.
3. The call to readLine() can return null, and the subsequent usage would result in a NullPointerException, which isn't a compilation error but a runtime one. To ensure safety, one could use a safe call or an Elvis operator.

Therefore, the reasoning steps lead to the conclusion that the code generates a compilation error due to the deprecated function use and incorrect import format.</reasoning>
<answer>True</answer>
</root><root>
<reasoning>
1. The first issue arises from the line `import java.util.*`. In Kotlin, importing java.util.* is not going to work correctly because Kotlin's standard library differs from Java's.
2. There's no import statement for `java.util.ArrayList`, which means `ArrayList` should be spelled out completely as `kotlin.collections.ArrayList`, else the ArrayList initialization might be problematic.
3. On the other hand, the program logic makes calls to `readLine()` and `Math.abs()`.
4. The `Math.abs()` function is correct because Kotlin provides java.lang.Math directly.
5. The logic for reading input, processing: checking for vowels and computing the maximum distance seems viable otherwise.
6. Specifically importing `java.util.ArrayList` to fulfill kotlin.collections.ArrayList requirements and fixing `import java.util.*` could resolve the issues.
</reasoning>
<answer>True</answer>
</root><root>
<reasoning>
The code consists of a main function and two helper functions: `solve` and `digits`. Let's go step by step:
1. Usage of Java's `Scanner` class is correct. The syntax for taking input is correct as well.
2. The `solve` function uses Kotlin anonymous functions and higher-order functions correctly.
3. The `digits` function correctly calculates the sum of the digits of an integer.
4. In the `solve` function, the `filter` function calls the `digits` method of the `Int` class. This requires an extension function, which is correctly defined.

The code does not exhibit any syntax errors or misuse of Kotlin language features. Therefore, no compilation errors are present.
</reasoning>
<answer>False</answer>
</root><root>
<reasoning>The code attempts to use a Kotlin extension function "digits" inside the "filter" function of a sequence pipeline. The "digits" function calculates the sum of the digits of an integer. However, the "filter" function seems to compare an integer with another integer, which is logically incorrect. The criteria (n - it).digits() == it is supposed to filter integers where the sum of their digits equals the value, but this is not logically aligned with the function's intended operation since "it" is each element in the range (0..200). Despite this potential logical error, from a compilation perspective, the code syntax and definitions are correct. There are no misspelled keywords, missing import statements, or mismatched data types that should cause a compilation error. Therefore, the code does not generate a compilation error.</reasoning>
<answer>False</answer>
</root><root>
<reasoning>The code defines a function to solve a problem using Kotlin. The first function is the main function, which reads from the standard input using the Scanner class and then invokes the solve function, passing the integer n obtained from the input. The solve function executes a series of operations on a range of numbers from 1 to 200 to filter and map them based on certain criteria. There is a helper function called digits which calculates the sum of digits of an integer.

Examining each part:
1. The import statement used is correct.
2. The main function is correctly defined.
3. The "solve" function correctly filters and maps the sequence of numbers.
4. The "digits" function is correctly defined.

There is no apparent issue such as syntax error or incorrect usage of language constructs. Therefore, the code does not generate a compilation error.
</reasoning>
<answer>False</answer>
</root><root>
<reasoning>
The code attempts to use Kotlin's features to solve a problem. We need to check if there could be any compilation errors in the code provided.

1. The 'import java.util.*' statement is correct for importing Java utilities.
2. The 'main' function is correctly defined, including its arguments.
3. The 'Scanner' is correctly instantiated to read from the standard input.
4. The 'nextInt' function is valid.
5. In the 'solve' function definition, the range (1..200) is correctly stated.
6. The 'filter' function is valid within the 'solve' function.
7. '.digits()' is a valid extension function defined later.
8. The 'map' function to map results and 'sorted' function for sorting are valid.
9. The defined 'digits' extension function correctly calculates the sum of digits of an integer.

Upon checking these points, no issues are found in the function definitions, data types, or logic used. Therefore, the code does not generate a compilation error.
</reasoning>
<answer>False</answer>
</root><root>
<reasoning>The provided code defines three functions: readB(), solveB(), and main(). 
1. The readB() function calls readLine(), splits the input, and converts it to integers.
2. The solveB() function performs calculations and returns the maximum score.
3. The main() function calls readB().
Each function calls other functions correctly, and the Kotlin syntax is valid. Therefore, there are no compilation errors.</reasoning>
<answer>False</answer>
</root><root>
<reasoning>The code defines three functions: `readB`, `solveB`, and `main`. All functions are properly named and there are no syntax errors. The `readB` function reads input, splits it into the required parameters, and performs the appropriate type conversions. The `solveB` function handles the core logic and returns the desired result without any syntax issues. The `main` function calls `readB`. All functions are correctly defined and there are no undeclared variables or type mismatches. The code does not generate any compilation errors.</reasoning>
<answer>False</answer>
</root><root>
<reasoning>The code provided is written in Kotlin and consists of a simple function main() which reads two numbers n and m, processes them, computes a solution based on some criteria, and prints the result. The code uses Kotlin's readLine(), split(), and map functions appropriately for input handling and conversion to long type. It then initializes a variable sol and uses a for loop to iterate from 1 to n. Inside the for loop, another variable j is calculated based on the current value of i. The logic within the loop is correct and doesn't violate any Kotlin syntax or semantics. The final steps print the result stored in sol.

Given the code does not contain any syntax errors, and all operations are permissible in Kotlin, it does not generate a compilation error.</reasoning>
<answer>False</answer>
</root><root>
<reasoning>
1. The code imports the Kotlin standard library with `import java.util.*`, which is a common import statement and does not cause a compilation error.
2. The `main` function defines a variable pair `(n, m)` that reads a line from the input, splits it by spaces, and maps each value to an integer using `String::toInt`. There is no compilation error in this usage.
3. It initializes `ans` as a `Long` variable and `cnt` as an `IntArray` of size 6. This is syntactically correct.
4. The code iterates from 1 to `m` and updates the `cnt` array based on the modulo operation `i % 5`. This logic is valid.
5. Another loop iterates from 1 to `n` and updates `ans` using the `cnt` array with the expression `(5 - i % 5) % 5`. The use of modulo operations and array indexing is correct.
6. The `print` function outputs `ans`, and there is no issue with this statement either.

Therefore, there are no syntactical errors in the code that would cause a compilation error.
</reasoning>
<answer>False</answer>
</root><root>
<reasoning>
First, the code imports necessary classes and defines the main function. It initializes a bufferedReader and a StringBuilder. The first line from the reader is split into two values, `m` and `n`, which are mapped to `Long` type. The initial variable `ans`, of type `Long`, starts at 0 and has operations performed on it based on the values of `m` and `n`. Several conditional checks within the `when` block further modify `ans`. Finally, `ans` is printed. The Kotlin syntax and type usage are correct, thus this code does not produce any compilation error.
</reasoning>
<answer>False</answer>
</root><root>
<reasoning>The code snippet is written in Kotlin and it does not directly have any compilation errors. Here are the reasoning steps:
1. The necessary import statement `import java.util.*` is present at the beginning.
2. The `main` function is defined correctly.
3. The input is read using `readLine()` and split and mapped to integers without issues.
4. The variable `ans` is defined as `Long` which ensures it can hold large values.
5. The array `cnt` is initialized with zeroes correctly.
6. The for loops are used correctly, and modulo operations are valid.
Therefore, the code does not generate any compilation errors in Kotlin.</reasoning>
<answer>False</answer>
</root><root>
<reasoning>
Step 1: The code starts by importing "java.util.*", which is not utilized and unnecessary. This import does not cause any compilation error, but it is redundant.
Step 2: It defines the main function with the Kotlin specific 'fun' keyword.
Step 3: Inside the main function, it uses readLine() to read input, splits it by space, and maps it to integers. readLine and split functions will work as expected.
Step 4: It initializes a variable 'ans' of type Long to 0.
Step 5: It initializes an IntArray with size 6 assigned to 'cnt'.
Step 6: A for-loop processes the elements from 1 to 'm' and updates the count array 'cnt'.
Step 7: Another for-loop processes the elements from 1 to 'n' and updates 'ans' based on computations with the 'cnt' array.
Step 8: Finally, it prints the result stored in 'ans'.
Step 9: There are no syntax errors or unchecked operations that would result in compilation issues.
Conclusion: The code syntax is correct, and it will compile without errors.
</reasoning>
<answer>False</answer>
</root><root>
<reasoning>
1. In the import statements, there are missing semicolons at the end of each line. Kotlin does not require semicolons at the end of import statements.
2. The function `exit` and its overloaded version are properly defined.
3. The `scan` object with methods to read line, int, long, double and next token are correctly defined.
4. The `xi` function is defined as a lambda function and properly executes the intended logic of producing an array of longs.
5. The `ni` and `mi` arrays are correctly generated using the `xi` function.
6. The calculation of `res` and its format using mapIndexed and sum is correct.
7. The exit function takes the result and ends the program with the output.
8. In Kotlin, `println` is correct and doesn’t need semicolon.
9. System.exit is correctly called in the `exit` functions.
10. A compilation error is not generated by the code provided.
</reasoning>
<answer>False</answer>
</root><root>
<reasoning>The given code contains a compilation error. Specifically, in several places, parentheses are missing after `until` in for-loops, such as `(1 until this.length)` and `(1 until stringLength)`. The correct syntax in Kotlin should be `for (i in 1 until this.length)` and `for (i in 1 until stringLength)`. Additionally, when checking the characters against a set of vowels, the syntax `!in arrayOf('a', 'o', 'y', 'e', 'u', 'i')` used in `TaskK` is incorrect and should be `not in charArrayOf('a', 'o', 'y', 'e', 'u', 'i')`. Due to these issues, the code will not compile as is.</reasoning>
<answer>True</answer>
</root><root>
<reasoning>The code contains a compilation error. Here are the reasoning steps:
1. The import statement does not have a semicolon at the end, which causes a syntax error in Java code.
2. However, the provided code is written in Kotlin, not Java, as indicated by the usage of "fun" and Kotlin-specific constructs.
3. In Kotlin code, import statements do not require a semicolon.
4. The main function, val declarations, and the usage of IntArray, along with functions like readLine()!!.split(' ').map(String::toInt) are all valid Kotlin syntax.
5. There is no syntax or compilation error in this Kotlin code.

Final conclusion: The code does not generate a compilation error as it is valid Kotlin code.

</reasoning>
<answer>False</answer>
</root><root>
<reasoning>
Step 1:
The code begins by importing necessary Java libraries: `java.io.*` and `java.util.*`. This is correct syntax for importing libraries in Kotlin.

Step 2:
The `main` function invokes `solve` function with `System.`in` and `System.out` as parameters. This is syntactically correct.

Step 3:
The first `solve` function initializes a `Reader` object with the input stream, and a `PrintWriter` object with the output stream. This syntax is correct.

Step 4:
The first `solve` function calls another `solve` function with the `Reader` and `PrintWriter` objects as parameters. It then closes the writer. This is correct usage of the writer.

Step 5:
The second `solve` function correctly declares variables and starts an infinite loop that should stop when certain conditions are met. The use of `Math.min()` and `Math.max()` is correct.

Step 6:
The `Reader` class constructor initializes a `BufferedReader` with the given stream, using correct syntax.
- It uses `StringTokenizer` for tokenizing strings, which is correct syntax for Kotlin, although uncommon.

Step 7:
Methods such as `next`, `nextLine`, `toArray`, `nextInt`, `nextDouble`, and `nextLong` are correctly implemented for reading various types of data.

Step 8:
The methods in the `Reader` class handle exceptions correctly using try-catch blocks.

Overall, all syntax and operations used in the code are correct.

Hence, the code does not generate a compilation error. 
</reasoning>
<answer>False</answer>
</root><root>
<reasoning>The code has missing semicolons at the import statements in Java, which causes a compilation error. Kotlin code does not require semicolons for importing libraries; thus, there should be no compilation errors. Additionally, the rest of the Kotlin code is written correctly. Therefore, there is no compilation error.</reasoning>
<answer>False</answer>
</root><root>
<reasoning>
Step 1: The code begins with importing multiple packages but misses semicolons (;). In Kotlin, import statements do not require semicolons and use the `import` keyword followed by the package name. So, the import statements should be corrected as follows:
```
import java.util.*
import java.io.*
import kotlin.math.*
```
Step 2: The `exit` function is overloaded to accept both `String` and `Int` types. This is correct.

Step 3: The main function declares a `scan` object to read inputs. The syntax used to define the object is valid.

Step 4: The next function within the scan object reads the input line and tokenizes it correctly.

Step 5: The `line()` function correctly reads a line from the input.

Step 6: The `int()`, `long()`, and `double()` functions convert the input to respective types properly.

Step 7: The `main` function initializes an integer array `a` and performs computations correctly.

Step 8: The final comparison checks if all elements in the array are equal and exits with a respective message. This part of the code is valid.

Step 9: No syntactic or semantic errors are detected within the code.

Conclusion: The code is syntactically correct, and there are no compilation errors.
</reasoning>
<answer>False</answer>
</root><root>
<reasoning>The provided code snippet is missing semicolons at the end of import statements and must have them to compile properly. Consequently, this generates a compilation error.</reasoning>
<answer>True</answer>
</root><root>
<reasoning>The code provided is written in Kotlin, which is a statically typed language. The main function reads two integers `n` and `m` from the input, then initializes a variable `sol` to 0. It enters a for-loop from 1 to `n`, computes a variable `j` and updates `sol` based on the conditions given. There are no syntax errors, and all operations (splitting string, mapping to integers, arithmetic operations) are valid and correctly handled within the types Kotlin supports. Therefore, the code does not generate a compilation error.</reasoning>
<answer>False</answer>
</root><root>
<reasoning>
First, let's check if all functions and variables are defined and used correctly.

1. The `main` function is properly defined.
2. The input read functions are also properly defined: `readInt`, `readLong`, `readInts`, and `readLongs`.
3. The array `points` is initialized correctly, and a for loop fills it with input values.
4. The function `f` is defined to take three pairs and return a new pair. Since it's called correctly in the main function, there should be no issue in function calls.
5. `sols` mutable set is used correctly to add and remove elements, and the output process is fine.

The source of potential compilation errors could be related to the usage of `readLine()`, but since `readLine()` is a standard function in Kotlin, it won’t cause a compilation error (although it might cause a runtime error if not used in a proper interactive context).

Upon examination, I believe there are no compilation errors in the provided code.

</reasoning>
<answer>False</answer>
</root><root>
<reasoning>The code contains a compilation error due to the incorrect usage of the "var" keyword inside the for loop. The "var" keyword is not required and invalid in the for-loop initialization section in Go. The correct way to declare a variable in the for loop is to omit the "var" keyword.
Additionally, the if statement in the for loop does not have curly brackets around its body, which is required in Go. This further contributes to a compilation error.</reasoning>
<answer>True</answer>
</root><root>
<reasoning>The first issue we encounter is the usage of quotation marks in the package declaration `package "main"`. In Go, the correct syntax does not use quotation marks but rather should be `package main`. This incorrect syntax will lead to a compilation error.

Apart from this, the rest of the code appears to follow Go's syntax and conventions properly:
1. The `import "fmt"` is correctly formatted.
2. The `main` function is defined correctly.
3. Variable declarations and `fmt.Scanf` usage are correct.
4. The `for` loop and `if` condition are also syntactically correct.

However, due to the incorrect `package "main"`, this code will indeed generate a compilation error.

Therefore, the final conclusion is that the code does indeed generate a compilation error due to the mistake in the package declaration.</reasoning>
<answer>True</answer>
</root><root>
<reasoning>
1. First check the package declaration. 
   - The package is incorrectly declared as `"main"`. In Go, package declarations must use the keyword `package` followed by the package name without quotation marks.
2. Correct any obvious syntax errors in the code.
   - The package declaration should be corrected to `package main`.
3. Verify the import statement.
   - The import statement `import "fmt"` is correctly formatted, and `fmt` is a valid package.
4. Review the rest of the code for any syntax errors.
   - The `main` function is correctly declared.
   - Variables `n` and `k` are properly declared and assigned using `fmt.Scanf`.
   - The for loop and if statement are correctly formatted.
   - The `fmt.Println` statements are correctly used.
5. Based on the steps above, the erroneous package declaration will cause a compilation error.

</reasoning>
<answer>True</answer>
</root><root>
<reasoning>First, we examine the package declaration and import statement. The package declaration `package "main"` is erroneous because the quotes are unnecessary. It should be `package main`. This will cause a compilation error. The rest of the code does not contain any further syntax errors, but the initial mistake in the package declaration will result in a compilation failure.</reasoning>
<answer>True</answer>
</root><root>
<reasoning>
Step 1: The code defines multiple helper functions for reading input, performing mathematical operations, and sorting. These functions are typical and do not inherently produce a compilation error.
Step 2: The code contains a function `solve` which utilizes some of these helpers. The logic within `solve` does not contain any syntax errors.
Step 3: The `main` function is defined twice in the code. This will create a compilation error because a Go program cannot have more than one `main` function in the same package.
Step 4: Therefore, the compilation error arises due to the presence of two `main` functions.
</reasoning>
<answer>True</answer>
</root><root>
<reasoning>
First, we observe the overall structure and syntax of the Go code. The code consists of a main package and imports the fmt package. It defines a function `solve339a` that processes an equation.

Inside `solve339a`, the `equation` variable is declared and scanned from input using `fmt.Scan`. Then it counts occurrences of '1', '2', and '3' in the `equation`.

The counts are used to build a resulting string using a helper function `appendNumber`. The code uses `fmt.Sprintf` to create the strings with counted digits.

The reasoning steps:
1. Check for correct imports: The fmt package is correctly imported.
2. Validate variable declarations: `equation`, `one`, `two`, and `three` are declared correctly.
3. Assess loop and switch cases: No issues here; the loop and switch cases are properly implemented.
4. Examine the conditional statement: The control flow constructs are correctly used.
5. Review the `appendNumber` helper function: It correctly appends numbers to the result string.
6. Check for slicing operation: `result[:len(result)-1]` correctly removes the trailing '+'. 

After careful inspection, there are no syntax or logical errors that would cause a compilation error.
</reasoning>
<answer>False</answer>
</root><root>
<reasoning>
The code imports the necessary packages for performing tasks such as formatting output, splitting strings, generating random numbers, sorting integers, synchronizing goroutines, etc. These imports are correct and do not cause compilation errors.

The constant `MAX` is declared correctly and the `Sort` function is implemented properly with correct usage of goroutines and wait groups, although minor improvements could be suggested for better readability and efficiency.

The `main` function starts by defining a `string` variable `input` and using `fmt.Scanln` to read input. The input string is split into digits and each digit is converted into an integer, which is appended to the `ints` slice.

However, there is a problem in the `main` function:
- The variable `A` is used in `len(A)` without being defined before this line. In fact, `A` should be `ints`.

Hence, the compilation error is caused by using an undefined variable, which is `A`.
</reasoning>
<answer>True</answer>
</root><root>
<reasoning>Let's walk through the code step-by-step to see if there are any compilation errors.

1. The `main` package is imported correctly, and the `fmt` package is also imported correctly.
2. The main function is defined correctly.
3. Inside the main function, an integer variable `n` of type `int64` is declared.
4. The `fmt.Scanf` function is used to read an integer from standard input and store it in the variable `n`. The format specifier `%d` is correct for integers.
5. The variable `r` is initialized to `int64(0)`.
6. The for loop is correctly written to iterate from `2` to `n/2` in steps of `2`.
7. Inside the loop, `r` is incremented by `1`.
8. Finally, `fmt.Println` is used to print the value of `r`.

All syntax and calls are correct, so there are no compilation errors in the provided code.</reasoning>
<answer>False</answer>
</root><root>
<reasoning>The provided code is in Go programming language. Let's go through the steps to see if there is any compilation error:

1. Function main() is declared correctly.
2. Three variables n, m, a of type int are declared together correctly.
3. The fmt.Scanln function is used to read input into address of n, m, and a. This function, however, requires the "fmt" package to be imported.
4. The if statements check whether n and m are completely divisible by a, using modulo operation.
5. If not divisible, n and m are adjusted accordingly.
6. Then, the product of n and m is printed using fmt.Println.

The issue here is the missing import of the "fmt" package, which is crucial for functions like fmt.Scanln and fmt.Println to work.

Therefore, the code will generate a compilation error due to the missing import statement for the "fmt" package.

</reasoning>
<answer>True</answer>
</root><root>
<reasoning>
The provided code is written in Go language. The main function starts by declaring the variables `n`, `m`, `a`, `ndiva`, and `mdiva` with the type `float64`. It then uses `fmt.Scanf` to read three float values and assigns them to `n`, `m`, and `a`.

The commented-out section includes conditional statements that calculate `ndiva` and `mdiva` values based on whether the division result has a remainder. However, this section is commented out, so it does not affect the compilation.

Finally, the code calls `math.Ceil` on the division results to round up the values and calculates the product, which is printed to the standard output using `fmt.Println`.

The commented-out section references `ndiva` and `mdiva`, but since it's commented out, those variables are not used later in the code.

Overall, the code uses correctly imported packages, proper variable declarations, and valid functions calls. Therefore, it does not contain any syntax errors or issues that would cause a compilation error.
</reasoning>
<answer>False</answer>
</root><root>
<reasoning>This Go code makes a call to the `fmt.Scanf` function to scan three integer values from standard input, which requires the `fmt` package to be imported. However, the code provided does not include the import statement for the `fmt` package, which will cause a compilation error. Hence, the final conclusion is that the code will generate a compilation error due to the missing import statement.</reasoning>
<answer>True</answer>
</root><root>
<reasoning>
Step 1: The code defines the variables n, m, and a as float64 types, which is appropriate for handling large numbers and decimals.
Step 2: The code uses fmt.Scanf to read the input values. However, the format specifier %b is used which is incorrect for floating-point values. The correct format specifier should be %f.
Step 3: The line `a_in_n_and_m = a_in_n_ceil * a_in_m_ceil` results in an error because `a_in_n_and_m` is not declared with a data type like the other variables.
Step 4: The code calculates the ceiling values using math.Ceil, which is correct.
Step 5: The calculation checks if the flagstone volume is greater than or equal to the square volume, and sets `a_in_n_and_m` to 1 if it is.
Step 6: fmt.Println(a_in_n_and_m) attempts to print the result, but due to its prior error, it won't compile.

So, due to incorrect format specifiers in the input and an undeclared variable, the code will generate a compilation error.
</reasoning>
<answer>True</answer>
</root><root>
<reasoning>
Step-by-Step Reasoning:
1. The code imports several packages which are all correctly declared.
2. The `MyInput` struct and its associated methods are correctly defined.
3. The `main` function initializes a `MyInput` object and calls the `solve` function with the results from `readInt64s`.
4. The `solve` function performs calculations using `math.Ceil` and prints the result.

There is no apparent syntactical or semantic issue with the provided code such as undeclared variables, missing packages, incorrect function calls, or invalid operations that could cause a compilation error.
</reasoning>
<answer>False</answer>
</root><root>
<reasoning>

1. Importing packages: The code imports necessary packages including "bufio", "fmt", "io", "strconv", and "os". All these are valid and do not create any compilation errors.

2. Defining global variables: The code declares a global variable "s" of type "*InOut". It does not generate a compilation error.

3. "main" function:
    - The code invokes "s.NextInt()", "s.NextInt()", and "s.NextInt()" to assign values to "n", "m", and "a". "NextInt()" is not defined in the "InOut" struct, hence a compilation error occurs here.
    - The remaining part of the main function code involves basic arithmetic and conditional checks which are syntactically correct, but these cannot be executed due to the missing "NextInt()" method definition.

4. "init" function: 
    - The code initializes the global variable "s" by calling "NewInOut(os.Stdin, os.Stdout)" which returns a pointer to "InOut".
    - This section does not generate any compilation errors.

5. "InOut" struct:
    - The struct "InOut" is defined embedding "*bufio.Reader" and "*bufio.Writer". This is valid and does not create compilation errors.

6. "NewInOut" function:
    - This function correctly returns "*InOut" initialized with "bufio.NewReader(r)" and "bufio.NewWriter(w)".

7. Defining methods for "InOut" struct:
    - The methods "Next", "NextLine", "NextStr", "Print", "Println", and "PrintlnNow" are defined with correct syntax.
    - These methods do not cause any compilation errors.

8. Missing "NextInt":
    - The method "NextInt" is called thrice in the "main" function but is not defined within the "InOut" struct.
    - As this method is missing, calling it results in a compilation error.

</reasoning>
<answer>True</answer>
</root><root>
<reasoning>
1. The package main and import statements are correct.
2. The fmt.Scan function reads input from standard input, which is suitable for taking multiple values.
3. Variables n, m, and a are declared with uint64 type, which is an unsigned 64-bit integer.
4. The math.Ceil function expects float64 parameters and returns float64. Since n, m, and a are uint64, this causes a type mismatch.
5. The division n/a and m/a are integer divisions, so math.Ceil is applied to the result of integer division, which is incorrect because math.Ceil should be applied to float64 values.
6. There is a compilation error due to the type mismatch between uint64 and float64 when calling the math.Ceil function.
</reasoning>
<answer>True</answer>
</root><root>
<reasoning>The code has a few issues:
1. The package "fmt" is imported correctly.
2. The function "scanln" is incorrectly referenced. The correct function name is "Scanln".
3. Similarly, "print" is not a correctly referenced function. The intended function is "Print".
4. With these corrections, the code should compile and run correctly, provided that the main logic is sound.

Given these issues, trying to compile the code as it stands with "fmt.scanln" and "fmt.print" will generate a compilation error.

Thus, the code as it stands will generate compilation errors due to incorrect function names.</reasoning>
<answer>True</answer>
</root><root>
<reasoning>
The code imports the necessary packages without any issues and defines a `main` package, which is the entry point for a Go program. The `main` function is properly defined. However, inside `main`, the usage of `s.NextInt64()` assumes that `s` is already instantiated, which is done in the `init()` function.

The variable `s` is of type `*InOut` and is correctly instantiated in the `init()` function by calling `NewInOut(os.Stdin, os.Stdout)`. Therefore, `s.NextInt64()` calls should work correctly.

The `InOut` struct and its methods (`Next`, `NextInt64`, `NextLine`, `NextStr`, `Print`, `Println`, `PrintlnNow`) are all properly defined, and the logic within them appears to be correct, using methods from `bufio.Reader` and `bufio.Writer`.

However, the `main` function calls `s.Println(x * y)` and `s.Flush()`, which are not methods of the `InOut` struct. Instead, the correct calls are `s.Writer.Flush()` for flushing the output and `s.Print` or `s.Println` for printing. This would lead to a compilation error since `s.Printf` and `s.Flush` are not defined methods for the `InOut` struct.
</reasoning>
<answer>True</answer>
</root><root>
<reasoning>The code provided is a Go program that compiles correctly. It imports the "fmt" package, declares the main function, and inside the main function, declares multiple variables. The `fmt.Scan` function is used to read user input into those variables. Then, some calculations are performed involving integer division and modulo operations. The results are used to calculate the number of tiles required, and this result is printed using `fmt.Println`. There are no syntax errors or type mismatches in the code.</reasoning>
<answer>False</answer>
</root><root>
<reasoning>The code provided will generate a compilation error due to incorrect syntax in variable declaration. When declaring variables, the `var` keyword is used followed by the variable name and its type, but the correct syntax is to not use the type keyword (int) again after the variable name. Hence `var int n` should be `var n int` and similarly for `m`.

Here's the erroneous code:
```
var int n = i/k
var int m = j/k
```

The correct syntax should be:
```
var n int = i/k
var m int = j/k
```

Additionally, the `%d\n` format should be changed to `%d` for `Scanf` to avoid unnecessary newline issues. However, that wouldn't cause a compilation error but a runtime behavior issue. The primary error is from the incorrect variable declaration syntax.

Thus, this code will generate a compilation error.
</reasoning>
<answer>True</answer>
</root><root>
<reasoning>The provided Go code does not generate a compilation error. To confirm, let's review the code step by step:

1. The program imports the "fmt" package, which is necessary for input/output operations.
2. The main function is defined.
3. Inside the main function:
   - Three int32 variables, a, b, and c, are declared.
   - An integer variable, result, is initialized to 1.
   - The fmt.Scan function is used to take input values for a, b, and c.
   - The first conditional block checks if a%c is equal to 0. If true, result is multiplied by a/c; otherwise, it is multiplied by (a/c)+1.
   - The second conditional block checks if b%c is equal to 0. If true, result is multiplied by b/c; otherwise, it is multiplied by (b/c)+1.
   - Finally, the result is printed using fmt.Println.

All the functions and operations in the code are valid in Go, and the syntax is correct. There are no missing or misplaced elements that could lead to a compilation error.

Therefore, the code does not generate a compilation error.
</reasoning>
<answer>False</answer>
</root><root>
<reasoning>
Step 1: Check for package declaration - The code has a proper 'package main' declaration.
Step 2: Import necessary packages - The code imports "fmt" and "math" packages. Import statements are correct.
Step 3: Define the main function - The main function is defined correctly.
Step 4: Variable declaration - The variables a, b, and c are declared as int64, which is correct.
Step 5: Scan user input - The user input is being scanned into variables a, b, and c, which is implemented correctly using fmt.Scan.
Step 6: Print the result - The code computes a mathematical expression and prints the result using fmt.Println. 
Step 7: Verify the mathematical expression - The expression ((a-1)/c + 1) * ((b-1)/c + 1) is properly structured for int64 variables with necessary arithmetic operations.

All syntax and structural components of the code are correct. The code does not generate any compilation error.
</reasoning>
<answer>False</answer>
</root><root>
<reasoning>Step 1: Package Declaration and Import: The package "main" is correctly declared, and the required packages "fmt" and "math" are imported correctly, so there is no issue here.

Step 2: Variable Declaration: The variables n, m, and a are declared as float64 types correctly.

Step 3: Input Handling: The code uses fmt.Scanf to read three float64 values from the input. The underscore is used to ignore the count of successful conversions, and err is used to capture any errors. This is syntactically correct.

Step 4: Calculation and Output: The code calculates the number of tiles required by dividing m and n by a, using the math.Ceil function to round up the results, and then multiplies these values. Finally, it prints the result using fmt.Println. This is syntactically correct as well.

Conclusion: There are no syntax errors in this code, and it should compile correctly.</reasoning>
<answer>False</answer>
</root><root>
<reasoning>The code contains an error in the variable declarations. The line "var int n = i/k" and "var int m = j/k" are incorrect because the syntax for variable declaration in Go does not allow specifying the type after the keyword "var". The correct syntax would omit the type or use ":=" for type inference. Additionally, there is no need for newline character "\n" in the format string of fmt.Scanf for input. Fixing these issues will resolve the compilation error.</reasoning>
<answer>True</answer>
</root><root>
<reasoning>This code is written in Go language. The `main` function is expected to run the logic of the program. Let's check each step for compilation errors:

1. Import and package declaration: The code imports the "fmt" package which is commonly used for formatted I/O operations in Go. The import statement is correct.

2. Variable declarations: The code declares three integer variables `n`, `m`, and `a` without any errors.

3. Reading input: The code uses `fmt.Scanf` to read values into `n`, `m`, and `a`. This is syntactically correct.

4. Calculations: The code performs integer operations to compute `width` and `height`. The operations use integer division and addition, which are correctly implemented.

5. Output: The code prints the result of the calculation using `fmt.Println`. This is correctly implemented.

However, there is one potential issue: The integer division may not yield correct results if `n` or `m` are exactly divisible by `a`. The calculation for width and height should be `width := (n + a - 1) / a` and `height := (m + a - 1) / a`. This ensures proper ceiling division behavior.

Overall, the code will compile without errors because these logic issues do not cause compilation failures. The potential logic errors will affect the runtime behavior but not the compilation.

Final Answer: False, because there are no syntax errors that would prevent the code from compiling.</reasoning>
<answer>False</answer>
</root><root>
<reasoning>The code provided contains a mistake in the way the variable 'x2' is defined inside the second if-else block. Specifically, there is a redeclaration of 'x2' (`x2 := m / a`) instead of setting its value (`x2 = m / a`). This will lead to a compilation error due to the scope of 'x2' being limited to the else block, leaving the outer 'x2' variable without an assigned value. This error is which results in a compilation error.</reasoning>
<answer>True</answer>
</root><root>
<reasoning>
1. The code begins by importing essential packages.
2. Function `min` is defined, which finds the minimum of two integers.
3. The main function starts by reading integer values `n` and `m`.
4. Two slices `a` and `b` are created with sizes `n` and `m`.
5. The code then reads `n` and `m` integers into these slices respectively.
6. The slices `a` and `b` are sorted.
7. A nested loop checks for common elements between the two slices to find the minimum common element.
8. If no common element is found, it produces a result based on combining the first elements of both slices.
9. This logic appears to be correct, with proper syntax for variable declarations, loops, conditionals, and function calls.
10. There are no undeclared variables or functions used, and all operations are syntactically valid.
11. Therefore, there are no compilation errors in the code.
</reasoning>
<answer>False</answer>
</root><root>
<reasoning>The provided Go code does not contain any syntax errors that would cause a compilation error. All functions and variables are correctly defined and used. The code follows Go programming conventions and successfully compiles.

The reasoning steps leading to this conclusion are:
1. The `import` statement correctly includes necessary packages.
2. The `min` function is correctly defined and used.
3. Variables `n` and `m` are correctly declared and initialized.
4. Arrays `a` and `b` are correctly created using the `make` function.
5. The loops for input and sorting arrays are correctly structured.
6. The nested loops and conditional logic for finding minimum value are correctly implemented.
7. The result is printed correctly using `fmt.Println`.

Therefore, there are no compilation errors in the code.

</reasoning>
<answer>False</answer>
</root><root>
<reasoning>
First, we need to check the "import" statements and ensure that all packages are imported correctly.
The code imports "bufio", "fmt", "os", and "strconv" which are part of the standard library and do not cause compilation errors.

Next, we examine the "func solve()" and its usage of "readInt()" function. The "readInt()" function converts read string to integer successfully using "strconv.Atoi", returning an integer.

The "solve()" function initializes maps "ns" and "ms" without issues, and iterates over inputs using "readInt()" to fill these maps. The iteration over integers from 1 to 99 and usage of map lookups are syntactically correct.

In "main()", the scanner is initialized appropriately, and its buffer size and scanning method set up correctly. Then "solve()" is called within "main()".

Finally, we check the auxiliary functions "readString()" and "readInt64()". Both functions utilize "scanner.Scan()", "scanner.Text()" and "strconv" functions correctly returning strings and integers, respectively.

There are no syntax errors, missing imports, or incorrect method calls. Hence, the code will compile successfully.
</reasoning>
<answer>False</answer>
</root><root>
<reasoning>The given Go code imports necessary packages and defines functions and variables. Let's break down the steps to check for compilation errors:

1. Import statements: The `fmt` and `sort` packages are correctly imported.
   
2. Function `min`: This function correctly compares two integers and returns the smaller value.
   
3. `main` function:
   - Variables `n` and `m` are declared and initialized.
   - Arrays `a` and `b` are created with sizes `n` and `m`, respectively.
   - The first loop correctly scans values into array `a`.
   - The second loop scans values into array `b`, but the loop should iterate `m` times, not `n` times.
   - Arrays `a` and `b` are correctly sorted.
   - No other compilation errors present in the loops or in the rest of the code.

4. Loop for finding the minimum common element between the two arrays works correctly.
5. Condition if `ans == 0`: The condition here looks illogical as `ans` is initialized to 99999999, it can never be 0. Also, accessing `a[0]` and `b[0]` would always be valid given the initial conditions where `n` and `m` are scanned.
6. Print statement: Outputs `ans`.

No syntax errors or type mismatches identified, thus the code will compile successfully.

Therefore, the final answer is False.
</reasoning>
<answer>False</answer>
</root><root>
<reasoning>The code includes the necessary imports and defines the functions `min` and `main` appropriately. Within `main`, variables `n` and `m` are read from input correctly, and arrays `a` and `b` are created and populated with integer values. The arrays are then sorted, and nested loops check for matching elements in both arrays. The logic thereafter, including a check for `ans` to hold a specific large value, appears correct. Therefore, there are no syntax or type issues that would cause a compilation error.</reasoning>
<answer>False</answer>
</root><root>
<reasoning>
1. The `package main` and importing necessary packages are correctly done.
2. Functions `min` and `main` are correctly defined. 
3. The `Scanf` for inputs `n` and `m`, and for array elements `a` and `b` is correctly written.
4. Arrays `a` and `b` are correctly created using `make`.
5. Arrays are sorted correctly using `sort.Ints`.
6. The nested loop to find common elements between `a` and `b` and update `ans` is correctly implemented.
7. The comparison `(ans == 99999999)` and following conditional logic are correctly written.
8. All braces and parentheses are correctly placed and used.
9. There are no syntax errors or missing semicolons in the Go code.

Hence, there are no compilation errors.
</reasoning>
<answer>False</answer>
</root><root>
<reasoning>
Step 1: Check for import and package statements. The code has proper package and import statements.
Step 2: Check function definitions. The min function is defined correctly.
Step 3: Check main function. The main function is defined correctly.
Step 4: Variable declarations and input reading. Declarations are fine and input reading uses fmt.Scanln and fmt.Scanf which are correct.
Step 5: Array declaration and initialization. Arrays 'a' and 'b' are correctly initialized using make.
Step 6: Reading elements into arrays. The loops and fmt.Scanf for reading elements are correct.
Step 7: Sorting arrays. Using sort.Ints(a) and sort.Ints(b) are correct.
Step 8: Nested loops for finding minimum common elements. The logic looks correct with validation of equality and updating 'ans'.
Step 9: Final condition and output. The last if condition and output printing using fmt.Println are correct.
Step 10: Compile and validate. No syntax errors or misuse of functions.

The final code does not have any compilation errors. It will successfully compile and work based on the provided logic.
</reasoning>
<answer>False</answer>
</root><root>
<reasoning>This Go code defines a main package with necessary imports, defines helper functions, reads input values, manipulates arrays, and prints the result. Step-by-step analysis:

1. The package statement and import statements are correct and will not generate compilation errors.
2. The function `min` is defined correctly and will not cause a compilation error.
3. The `main` function starts and declares variables correctly; `fmt.Scanln` is correctly used, and `fmt.Scanf` is correctly used for reading array values.
4. The usage of the `sort.Ints` function to sort `a` and `b` arrays is correct.
5. The final logic to calculate `ans` and print it is correctly implemented. 

There are no syntax errors or issues that will produce compilation errors.

Hence, the code will not produce a compilation error.</reasoning>
<answer>False</answer>
</root><root>
<reasoning>The code begins by importing two packages, `fmt` and `sort`. The `main` function defines several integer variables and reads two input values using `fmt.Scanln`. Then, it initializes two slices, `t` and `res`, with size `n`. The first loop reads integer values into the slice `t`. The second loop iterates over `t`, attempting to calculate cumulative sums and sort sections of the array. The key sections of interest are:
1. The loop `for x, y := range t { ... }`: This loop correctly iterates over the elements of `t`.
2. The sorting operation `sort.Ints(t[:x])`: This correctly sorts sub-slices of `t`.
3. The nested loop `for i := len(t[:x]) - 1; i &gt;= 0; i-- { ... }`: This loop iterates backward through slices, and there is careful handling of indices.
None of the operations throws compilation errors based on syntax and type checks.
Hence, the code does not generate a compilation error.</reasoning>
<answer>False</answer>
</root><root>
<reasoning>Upon inspecting the provided Go code, the package main starts with necessary imports from the standard library. The main function initiates the input/output buffers and reads integer values n and m. The code dynamically creates an array a of size n using make and fills it as expected. A count array cnt of size 101 and sum variable are correctly initialized. The loop iterates over the array a and processes the input as intended. There are utility functions gcd, max, min, abs, and ok defined towards the end, which are not called within the main function and do not cause any issues. Upon reviewing the code, there are no syntax or type errors present nor any undeclared variables used, so the code will compile successfully.</reasoning>
<answer>False</answer>
</root><root>
<reasoning>The code is a Go program that reads input strings and performs certain operations to determine if one string can be rearranged into another based on specific criteria. It consists of correctly used packages, variables, loops, and conditional statements.

1. The package and import declarations are correct.
2. The `main` function is defined correctly.
3. Variable declarations and initializations are correct.
4. The `fmt.Scanln()` functions for input are used correctly.
5. Creation of slices `a` and `b` is correct with `make([]rune, 0)`.
6. The for loops and append operations are syntactically correct.
7. Conditional statements are correctly checking lengths and conditions.
8. There is no issue with incrementing or resetting `index` and `cnt`.
9. The decrementing of `d` in the loop is correct.

After reviewing each part, the code does not contain syntax errors, assuming it runs in an environment where inputs are provided correctly.

Final reasoning: The given code follows Go syntax strictly and does not violate any rules that would result in a compilation error.</reasoning>
<answer>False</answer>
</root><root>
<reasoning>
Firstly, the code imports the necessary Go packages and declares multiple variables with specific data types. The `main` function initializes user input, calculates sums, and handles the logic for determining the number of students within the maximum time constraint. However, upon examination, there are several points to consider.

1. The variable `buffer` is declared as a fixed-size array, but later it is treated as if it can be reassigned with different lengths. This leads to a compilation error because elements of arrays cannot be reassigned like slices.
2. The line `buffer = sum` tries to assign an array to another array which is not allowed in Go because it violates type compatibility.
3. The line `copy(buffer[0:i], t[0:i])` assumes that `copy` can be applied to arrays in the same way it can be applied to slices, which is incorrect.

Due to these incorrect operations with fixed-size arrays, the code definitely will generate a compilation error.
</reasoning>
<answer>True</answer>
</root><root>
<reasoning>This Go code contains logic errors but does not generate compilation errors. The packages are appropriately imported. Variables are properly declared, and syntax is correctly used. However, there are instances of unused variables and commented-out code, which do not affect compilation but would affect runtime execution. Specifically, the presence of commented-out code in variables like "temp2" and unused imports will not lead to compile time errors. Additionally, it is important to note that logical errors, such as incorrect calculations or wrong loops, would cause runtime issues but not compilation errors.</reasoning>
<answer>False</answer>
</root><root>
<reasoning>
First let's check if the necessary packages are imported correctly. In this code, "fmt" is imported, and "math" is commented out, which is fine since "math" is not being used anywhere.

Now, let's examine the main function step by step:
1. Variable `i` is correctly declared as `int`.
2. `fmt.Scanf` is used correctly to read an integer from input.
3. Variable `x` is initialized to `0`.
4. Variable `count` is initialized to `0`.
5. Variable `s` is declared as a slice of integers.

Next, let's check the `for` loop:
1. `temp` is initialized correctly with `x`.
2. `rs` is calculated correctly.
3. Variable `sum` is initialized to `0`.
4. The nested `for` loop correctly iterates while `temp` is greater than `0`, and `temp` is divided by `10` in each iteration.

Inside the nested loop:
1. `xlast` is correctly calculated using `temp % 10`.
2. `sum` is updated correctly.

After the nested loop:
1. It checks if `sum` equals `rs` and appends `x` to slice `s` if true, and increments `count`.

Finally, the if-else block:
1. Checks if `count` is `0`, and prints `0`.
2. If `count` is not `0`, it prints `count` followed by each value in the slice `s`.

There are no variables declared incorrectly, mismatched types or syntax errors in the given code. Thus, the code does not generate a compilation error.
</reasoning>
<answer>False</answer> 
</root><root>
<reasoning>The given Go code consists of various parts which need to be checked for potential compilation errors:

1. Packages and Imports:
   - The code imports "fmt", which is used in the code.

2. The Main function:
   - The main function is defined correctly.

3. Variables declaration:
   - All variables (`i`, `x`, `count`, `s`, `temp`, `rs`, and `sum`) are declared before use.

4. For loop:
   - The for loop syntax is correct.

5. If conditions and continue statement:
   - The continue statement inside the if condition is valid.

6. Printing statements:
   - fmt.Println is correctly used.

Given the above analysis, no obvious compilation errors were detected in the provided Go code.

A detailed look indicates no syntax errors or undeclared variable issues within the scope of conventional Go language rules.

All the lines of code are within functional scope and syntax of Go standards.

Thus, based on the reasoning, the code should compile without errors.</reasoning>
<answer>False</answer>
</root><root>
<reasoning>The provided Go code contains several issues that need to be examined to determine if they lead to compilation errors. 

1. Missing `import` statement format: On line 3, after `import`, the opening parenthesis `(` is given but not directly following `import`. This will cause a compilation error.
2. Inconsistent use of `x` variable: `x` is initialized to `0`, but reused in nested loops and assignments in ways that could lead to logical confusion, although this doesn’t necessarily cause a compilation error.
3. Usage of `math.Pow` and `fmt.Scanf` appear to be correctly imported and used within their respective scopes, hence no issues there.
4. Proper GoLang For loop syntax but the nested control structures within the loop over `x` needs careful attention.

Considering these points, the overarching issue is with the import block format.

</reasoning>
<answer>True</answer>
</root><root>
<reasoning>
First, let's start by analyzing the imported packages. The "math" package is commented out, which does not cause any compilation errors.

Next, in the main function, the variable i is declared as an int and is supposed to be scanned using fmt.Scanf(). Then, some variables like x, count, and s are declared and initialized properly.

In the first for loop, the syntax and logic are correct but there is a potential misuse of the variable 'x' after it is shadowed inside the loop by 'temp'.

The second for loop iterates through the digits of 'temp' and calculates the sum of the digits. This part is logically correct, and there is no syntax error.

Then there's a comparison `if sum==rs {...}` which appends the value of 'x' to the slice 's' and increases the count by one. This logic and syntax are correct too.

Finally, there is another 'for' loop which prints the values stored in the slice 's'. Here, there are two fmt.Println statements which seem logically correct. 

As there aren't any syntax errors, incorrect use of packages, or improper declaration or usage of variables, the code does compile without any errors.
</reasoning>
<answer>False</answer>
</root><root>
<reasoning>
1. Check for the existence of the Scanner type and its methods. All referenced methods are defined.
2. Verify if all necessary packages are imported: bufio, fmt, os, strconv, and strings, which are relevant to the code, are correctly imported.
3. Confirm method names for Scanner struct: `Next`, `NextLine`, `NextInt`, `NextInt64`, `NextIntArray`, `NextInt64Array`, and `NextMap`. All methods are defined.
4. Ensure correct function definitions and their usage:
   - `NewScanner` initializes and returns a Scanner, properly called in `main` function.
   - `NextInt` reads next integer input, properly used afterward.
   - Other utility functions (`max`, `mapToString`, `PrintI`, etc.) are correctly defined and called.
5. Validate that there are no syntax errors or undefined references in the code. All struct fields, method names, and function calls are correctly referenced.
6. The logic functions properly align with expected behavior from the Go language perspective. No unhandled error prone segments identified.
</reasoning>
<answer>False</answer>
</root><root>
<reasoning>Let's break down the code step by step to identify if it generates a compilation error:

1. The package declaration `package main` is correct.
2. The import statement `import ("fmt" // "math")` currently only imports the "fmt" package, which is fine and does not cause a compilation error.
3. The `main` function starts with the declaration of an `int` variable `i`, which is correctly done.
4. The `fmt.Scanf` function is used to read an integer value, which is correctly referenced and will not cause a compilation error.
5. Several other variables are declared correctly within the `main` function.
6. The first `if` statement `if(i&gt;81){ x =x-81 }` is syntactically correct.
7. The `for` loop uses valid syntax and correctly increments `x`.
8. Another `if` statement within the loop `if((i-x)&gt;81){ continue }` is syntactically correct.
9. The nested `for` loop `for;temp&gt;0;temp/=10{}` is correctly structured for iterating and modifying `temp`.
10. The condition `if sum==rs{ s = append(s,x) count++ }` checks if `sum` equals `rs` and then appends `x` to the slice `s`, which is correct.
11. The final `if` condition checks if `count` is 0, and the `else` block prints `count` and the contents of the slice `s`, both syntactically correct.
12. All variables are declared and used correctly.

In summary, there are no syntactic errors, all packages and functions are properly referenced and used, and all loops and conditions are correctly formulated. Therefore, it can be concluded that there are no compilation errors in the provided code.

</reasoning>
<answer>False</answer>
</root><root>
<reasoning>
To determine whether the code generates a compilation error, we need to assess the following points step by step:

1. The code imports three packages: "fmt", "os", and "bufio". These imports are correct and standard in Go language, so there are no errors here.

2. The Max function is defined correctly with appropriate syntax, returning the maximum of two integers.

3. The main function starts with correctly reading from the standard input using bufio.NewReader. There's no syntax error in initializing the reader and writer.

4. Variables n and s are declared. "fmt.Fscanln()" reads n and s from standard input correctly.

5. The maxs array and d slice are initialized properly.

6. The code moves into a loop that processes the string. The operations within the loop, including comparisons, assignments, and updates to the maxs array and d slice are syntactically correct.

7. "fmt.Fprintln()" and "fmt.Fprint()" are correctly used to print output to the buffered writer.

8. Finally, "out.Flush()" is called to ensure any buffered data is written out. This is correct usage.

After evaluating these syntax and semantics points, no compilation errors are detected in the Go code provided. Every step uses Go constructs correctly.

</reasoning>
<answer>False</answer>
</root><root>
<reasoning>
1. The package declaration and imports seem correct.
2. The global function Max is well-defined with proper argument and return types.
3. The main function initializes bufio.Reader and bufio.Writer without issues.
4. The variables "n", "s", "maxs", and "d" are all properly declared and used within the main function scope.
5. The fmt.Fscanln functions have the correct arguments and syntax to read input.
6. The type of "maxs" is an array of length 26 with integer elements, and "d" is a slice of integers, correctly reflecting the types required.
7. The nested loops and their logic within the main function seem syntactically correct.
8. The conditionals and fmt functions within the main function seem properly used.
9. The final fmt.Fprint(out, x - 1) might initially appear concerning due to indexing but correctly adjusts the value for the output.
10. The final out.Flush() call ensures that the output buffer is flushed correctly.

No syntactic errors are apparent in the code, making it compile correctly.
</reasoning>
<answer>False</answer>
</root><root>
<reasoning>The code starts with package declaration and required imports, which are syntactically correct. The functions min and max are defined correctly and have no compilation errors. The Solve function is well-defined and its logic is coherent. The main function reads input using bufio.Reader and prints output using bufio.Writer. The use of fmt.Fscanf and fmt.Fscan is correct for reading integer inputs. The code completes with fmt.Fprintf to output the result from Solve function. All the syntax and usage of functions and methods are correct; hence, there are no compilation errors.</reasoning>
<answer>False</answer>
</root><root>
<reasoning>The provided Go code does not generate any compilation errors. 

1. The package main and import statements are correctly specified.
2. All functions (min, katta, ab, calc, and main) are correctly defined with proper syntax.
3. The variable declarations within the main function are correctly specified.
4. The fmt.Scanf and fmt.Scan functions are used properly to read input.
5. The fmt.Println function is correctly used to print output.
6. The logic within the main function correctly loops through the input values and updates the relevant variables.
7. The recursive function calls and arithmetic computations within the functions do not have syntax issues.

Hence, the code is syntactically correct and does not produce compiler errors.</reasoning>
<answer>False</answer>
</root><root>
<reasoning>1. Analyze the import statements: The code imports "bufio," "fmt," "io," and "os" packages, which are necessary for reading input, writing output, and handling IO operations.
2. Examine the function signature: The function CF1114C(io.Reader, io.Writer) is correctly defined, as it takes two arguments of types io.Reader and io.Writer.
3. Study the variables and data types: The variables n and x are declared as int64, which is appropriate for handling large integer values.
4. Check the use of standard library functions: The functions Fscan and Fprint are used correctly for reading from and writing to the input/output streams.
5. Ensure the variable ans is properly used and updated: The variable ans is initialized to 1e18 and is updated within a nested function appropriately.
6. Verify the nested function: The nested function f correctly handles the logic using the variable p and e, and updates ans.
7. Loop through the factors: The loop correctly iterates over possible factors of x, and correctly updates x and e.
8. Handle the output: The final output statement Fprint(out, ans) is correct and will output the result to the writer.
9. Ensure the main function: The main function correctly calls CF1114C with os.Stdin and os.Stdout.

After analyzing all the components, there are no syntax or type issues in the code. All functions and operations are used correctly according to their definitions.

Final conclusion: False
</reasoning>
<answer>False</answer>
</root><root>
<reasoning>First, examine the imported packages to ensure there are no modules missing. The code includes "bufio", "errors", "fmt", "io", "math", "os", and "strconv", which are all standard packages.

Next, check the global constants and variables to verify they are properly defined. Constants such as MOD, ALPHABET_NUM, INF_INT64, INF_BIT60, INF_INT32, INF_BIT30, NIL, WHITE, GRAY, and BLACK are correctly defined. The global variables 'n' and 'b' are declared as int64 without issues.

Proceed to the initialization function 'init()'. This function sets ReadString with a buffered reader and initializes stdout with a buffered writer. No issues are detected here.

Now, inspect the main function. This function reads two int64 numbers and assigns them to 'n' and 'b' by calling ReadInt64_2(). The code successfully performs prime factorization using the TrialDivision function and calculates the counts for each prime factor.

Finally, check the helper functions like ChMin, TrialDivision, and multiple Read* functions. All functions are using proper argument types and return correct values, and no evident scoping or syntax issues are present.

No syntax or logical errors are identified, meaning the code should compile successfully.
</reasoning>
<answer>False</answer>
</root><root>
<reasoning>The given Rust code attempts to read from the standard input and parse a number from the input string to determine if it is an even number greater than 2. However, there are several issues that may cause compilation errors:

1. The variable `input` is not initialized before it is passed to the `read_to_string` method. Rust requires variables to be initialized before use.
2. The `read_to_string` method returns a `Result` type, which should be handled properly to extract the content of the input. Failing to handle `Result` correctly will result in a compilation error.
3. The code accesses `input[0]`, which assumes that the input is non-empty and uses indexing on a `String`, which is incorrect in Rust. String indexing is not allowed; slicing should be used instead.
4. Parsing the first character of the input to a number might not be the correct approach. The character needs to be converted to a string slice before parsing it.

These errors will prevent the code from compiling correctly.

</reasoning>
<answer>True</answer>
</root><root>
<reasoning>
Step 1: Check the imports. The code uses three imports: `std::io`, `std::io::stdin`, and `term::stdout`. The first two are correct and valid in Rust. However, `term::stdout` is not valid as there is no module called `term` in the standard library.
Step 2: Examine the `main` function. Inside the `main` function, it attempts to read input from `stdin` and parses it into an integer of type `u32`.
Step 3: Check the logic. The `match` statement correctly handles parsing the input string. However, in the `Err` arm, assigning the error (`e`) to `weight` is invalid because `weight` should be of type `u32`, but `e` is an error type.
Step 4: Examine the condition. The condition `if weight%2 = 0` has a syntax error. The equality check should use `==` instead of `=`.
Considering the above steps, there are multiple compilation errors in the code.
</reasoning>
<answer>True</answer>
</root><root>
<reasoning>The code provided has a few notable issues: 
1. The `parse` method of the `String` type returns a `Result`, and the handling of this result is missing. This can lead to a compilation error if not properly handled.
2. The parentheses around the conditions in the `if` statement are unnecessary in Rust, but they do not cause a compilation error.
3. The readability of the message in the `expect` function could be improved, but it does not cause a compilation error. 

The primary problem resides in line 5 where `input.parse();` is used without proper handling of the `Result` type, which would indeed cause a compilation error. It must be handled with either `.expect("error message")`, `.unwrap()`, or matching against `Result`.

Thus, the code is expected to generate a compilation error due to the improper handling of the result from `input.parse();`

</reasoning>
<answer>True</answer>
</root><root>
<reasoning>The code is written in Rust and uses the `std::io::stdin` module to read input from the user. The `unwrap()` method is called on the result of `read_line`, which will panic if an error occurs, but it does not cause a compilation error. The `parse` method is used to convert the input string to an unsigned 32-bit integer (`u32`). However, `parse` returns a `Result` type, which must be handled to avoid a compilation error. Currently, the code does not handle this `Result` type properly, which leads to a compilation error. The correct way to handle the `Result` would be to use `unwrap()` or proper error handling.

Final conclusion: the code generates a compilation error due to improper handling of the `Result` type from the `parse` method.</reasoning>
<answer>True</answer>
</root><root>
<reasoning>
The code has an issue with the placement of the closing brace for the main function, and the else clause. Specifically, the closing brace for the if statement is misplaced, causing a compilation error. The correct placement would require moving the closing brace of the if block to before the else block and then properly closing the main function. The incorrect placement of these braces leads to syntax errors.
</reasoning>
<answer>True</answer>
</root><root>
<reasoning>The code snippet provided attempts to read a string from standard input using `stdin().read_to_string()`. However, the `read_to_string` method is defined for `Read` trait, not directly for `stdin`. Therefore, the correct method to read input from `stdin` is `std::io::stdin().lock().read_to_string()`. 

Secondly, the `s.parse()` method requires a type annotation to specify what type the string should be parsed into. In Rust, parsing must be unwrapped safely, which is missing. 

Thirdly, the `parse` method returns a `Result`, so the correct way to handle it should be `s.parse().unwrap()` to ensure safe unwrapping.

Considering these aspects, the code will indeed generate compilation errors as multiple issues need corrections.

Thus, due to the mismatched method and the missing error handling, the output reasoning confirms that there will be a compilation error.</reasoning>
<answer>True</answer>
</root><root>
<reasoning>
First, the extern crate statement is used to include an external crate, but it should be noted that in the 2018 edition of Rust, the `extern crate` is largely unnecessary unless you're using a custom crate setup or working with certain sys-level crates. This shouldn't result in a compilation error, but can be obsolete syntax depending on the Rust version being used.

Then, we have the use statement for `std::io` and the wildcard import `utils::*`. If `utils` is a valid crate and contains the necessary functions or modules, then there won't be any issues. However, if `utils` isn't a declared dependency in the Cargo.toml or isn't a valid crate, it would result in a compilation error. For this case, the assumption is `utils` is valid and appropriately declared.

Next, the function `read_line` reads input from the standard input and trims the newline at the end. This function is correctly written and syntactically valid.

The `main` function calls `read_line` and parses the input to an integer. If the parsing fails, `unwrap` will panic, but this is runtime behavior, not a compile-time error.

Finally, the conditional block checks the input value and determines the output. This part of the code is syntactically correct.

Given the assumptions about the `utils` crate being valid and properly declared, the code should not generate a compilation error.
</reasoning>
<answer>False</answer>
</root><root>
<reasoning>The code attempts to use a `scan` crate (library) to read input from the standard input. First, it uses a `Scan` trait from this non-standard crate. Since the `scan` crate is not included in the code, this code will generate a compilation error. The `use scan::Scan;` and `let mut scanner = scan::from_stdin();` lines will fail if the appropriate crate is not included in the dependencies, leading to unresolved import errors.</reasoning>
<answer>True</answer>
</root><root>
<reasoning>
1. The code starts by importing the necessary libraries and modules: `std::error::Error` and `std::io::{self, Read, stdin}`.
2. Inside the `main` function, it initializes a mutable `String`.
3. It reads the input from stdin and assigns it to the String `s`, using the `read_to_string` method.
4. The code parses the input string `s` into a `u32` value using the `parse` method.
5. It checks if the parsed number is even or odd and prints "YES" if it is even and "NO" otherwise.
6. Finally, it returns `Ok(())`, signaling successful completion.

Every utilized library and function is correctly used and appropriately handles results and errors as required by Rust syntax.

There are no compilation errors in this code.
</reasoning>
<answer>False</answer>
</root><root>
<reasoning>The code aims to read input as a string and convert it to a u32 integer. However, `stdin().read_to_string().unwrap()` is intended to read an entire input stream into a string, but it requires the `Read` trait which is not in scope. Also, `s.parse()` should be unwrapped or handled for the result type to avoid compilation error. Furthermore, a missing closing brace at the end of the `main` function would also result in a compilation error.</reasoning>
<answer>True</answer>
</root><root>
<reasoning>The code uses the `text_io` crate to read input and assigns it to the variable `w`. Then it performs conditions check and prints "YES" or "NO" accordingly. The macro `lets` is defined but not used in the `main` function. The code does not have any syntax issues and the `main` function will work as expected. Hence, there will be no compilation error.</reasoning>
<answer>False</answer>
</root><root>
<reasoning>
Let's analyze the code step by step:

1. The code defines a macro named `read_line` for reading input and parsing it into different formats.
2. The `parse_token` macro splits a string and maps it to a specified type.
3. The `main` function calls the `read_line!(w;u64)` to read an input line and parse it into a `u64` variable `w`.
4. Based on the value of `w % 2`, the code prints "YES" or "NO".

Checking each step for potential compilation issues:

- The `read_line` macro constructs code snippets to read from stdin and parse input. This should work correctly if used properly.
- Within the `read_line` macro definitions, the code is using `unwrap()` which should succeed if the input is formatted correctly. 
- Macros `read_line` and `parse_token` are syntactically correct and sufficient for their intents in the `main` function.
- The match statement in `main` function properly checks if `w % 2` is 0 or 1, and uses `_` for unreachable cases.

No obvious syntax errors or misuse of Rust's macro system are observed.

Therefore, considering all reasoning steps, the code seems correct and should compile without errors.
</reasoning>
<answer>False</answer>
</root><root>
<reasoning>
The code contains several syntax errors and misunderstandings of Rust's standard library functions. 

1. The `except` method does not exist in Rust's standard library - the correct method is `expect`.
2. The variable `guess` is used instead of `weight` during parsing and trimming, which is a mistake because `guess` is not defined.
3. The condition `(weight % 2 ==0)` should not have parentheses around it, but that does not cause a compilation error in Rust.
4. There should be a space between `==` and `0` for better readability, but it does not cause a compilation error.

Correcting these issues would not result in a compilation error, but in the provided form, it will generate a compilation error due to the incorrect usage of methods and the undefined variable `guess`.
</reasoning>
<answer>True</answer>
</root><root>
<reasoning>This code defines a function `watermelon` which takes a parameter `weight` of type `usize` and returns a `String`. The function uses a match statement on the result of `weight % 2`. If the result is 0, it returns "YES", otherwise "NO". The expected return type `String` is obtained by calling `.to_string()` on the result of the match statement. The code has correct syntax for Rust and matches on integer values, which is valid. Therefore, there should be no compilation errors.</reasoning>
<answer>False</answer>
</root><root>
<reasoning>
Step 1: Check for syntax errors.
- The code is syntactically correct.

Step 2: Analyze the function signature and parameter.
- The function `kd` takes an integer parameter `k` and returns a boolean.

Step 3: Evaluate the logical conditions inside the function.
- The conditions in the `if` statement (`k % 2 != 0 || k &gt; 100 || k-k == 2 * k`) are valid and use correct operators.

Step 4: Verify the return statements.
- The function correctly returns `false` if any of the conditions are true, otherwise it returns `true`.

Conclusion: The given code does not generate a compilation error.
</reasoning>
<answer>False</answer>
</root><root>
<reasoning>
1. The first issue is with using `except` method which does not exist in Rust. The correct method is `expect`.
2. Another issue is with referencing `guess` instead of `weight` when parsing the input string to a `u32`. The variable `guess` is not defined in the code, leading to a compilation error.
3. Also, the `if` condition should not have parentheses around the condition in Rust.
Combining these errors, the code will not compile.
</reasoning>
<answer>True</answer>
</root><root>
<reasoning>Here are the reasoning steps leading to the final conclusion:

1. The function `even_parts` has no syntax errors and compiles correctly. 
2. The `main` function contains code to read input from the user, but it uses the `io` module without importing it, which generates a compilation error.
3. To fix the error, the `std::io` module must be imported, i.e., `use std::io;`.
4. Once the `io` module is imported, the code should compile successfully.

Hence, the code generates a compilation error due to the missing `use std::io;` statement.

</reasoning>
<answer>True</answer>
</root><root>
<reasoning>
First, the code uses the `std::io::stdin` module for reading input. It tries to read a line from standard input into the variable `line`. However, in Rust, variables are not initialized by default, and the code does not initialize the `line` variable before using it. This will cause a compilation error because `line` is used before being initialized.

Furthermore, the function `read_line` expects a mutable reference to a `String` object, but `line` is not declared or initialized as a `String`.

Therefore, we can conclude that the code will generate a compilation error due to the uninitialized variable `line`.
</reasoning>
<answer>True</answer>
</root><root>
<reasoning>The code tries to parse a user input as a `u32` integer and then use the original string variable `melon` for numeric comparison. Specifically, the expression `if melon % 2 == 0` will cause a compilation error because `melon` is a `String`, but `%` only applies to integers. To fix the error, the code should use the parsed variable `_melon` for the numeric comparisons instead of `melon`.</reasoning>
<answer>True</answer>
</root><root>
<reasoning>
Step 1: The code imports the `stdin` function from the `std::io` module, which is correct.
Step 2: In the `main` function, it initializes a mutable `String` called `buffer` correctly.
Step 3: The code reads the input into `buffer` and expects the input to be readable.
Step 4: The code parses the trimmed input to `u32`, expecting the parsing to be successful.
Step 5: The code checks if `i` is even and if `n / 2 &gt; 1`, but `n` is used without being declared or initialized in the program.
The undeclared variable `n` results in a compilation error.
</reasoning>
<answer>True</answer>
</root><root>
<reasoning>First, ensure `std::io` is imported correctly.
Second, ensure the function `main` is correctly defined.
Third, the mutable variable `N` is defined as a `String`.
Fourth, the function `read_line` reads the input, and `ok()` ignores the result.
Fifth, the variable `N` is trimmed and parsed, but there is a missing semicolon after `parse()`.
Sixth, the conditional checking if `N` is even and greater than 2, but there is an error in the `println!` macro inside the conditional statement.
Seventh, fixing the syntax errors identified: missing semicolon after `parse()`, incorrect spacing in `println!` inside the `if` block.
The final conclusion is that the code will generate a compilation error because of the missing semicolon after `parse()` and incorrect use of `println!` inside the `if` block.</reasoning>
<answer>True</answer>
</root><root>
<reasoning>The code contains several potential issues. 
First, there is no use statement used to import the `io` module. 
Second, the `read_line` method returns a `Result` type which should be properly checked for errors, but it's called without handling potential errors. 
Third, `parse` method also returns a `Result` type which should be properly checked.
Fourth, there is a spacing issue in `println !("YES");`, it should be `println!("YES");`.
Considering these factors, the code will generate compilation errors.

</reasoning>
<answer>True</answer>
</root><root>
<reasoning>
1. The code contains a mistake in the usage of the assignment operator within an `if` statement.
	The line `if w = 2` uses the assignment operator `=` instead of the equality operator `==`, which makes it a syntax error in Rust.
2. The code under `main` function uses `io::stdin()`, but `io` module is not imported.
3. The code doesn't properly handle the input conversion in the `main` function, as it may fail if the input is not a valid integer.

These issues will lead to compilation errors.

</reasoning>
<answer>True</answer>
</root><root>
<reasoning>The code appears to be standard Rust syntax. It defines the `main` function, reads a line from standard input, trims and parses it as an `i32`. Then there is an if-else statement to check if the number is even and not equal to 2. If these conditions are met, it prints "YES", otherwise it prints "NO". However, there is a missing closing brace at the end of the `main` function. This will cause a compilation error.</reasoning>
<answer>True</answer>
</root><root>
<reasoning>The provided code has several elements:
1. The `std::io` module is imported.
2. A function `even_parts()` is defined which takes an integer parameter and returns a string literal.
3. The `main()` function reads an input, converts it to an integer, and prints the result of `even_parts()` function.

Looking into the code in detail:
- The `use std::io;` statement is correct and will not cause any compilation error.
- The `even_parts` function correctly uses a match statement to return either a `"yes"` or `"no"` string based on the condition given. This part does not cause any compilation error.
- In the `main()` function:
  - `read_line` is used correctly for reading standard input.
  - `expect` method will also work correctly since it provides an error message if reading the input fails.
  - `trim()` and `parse` are used correctly for input conversion.
  - `unwrap()` will panic on incorrect input types, but it will not cause a compilation error.
  - `println!` is correctly used to print the result of the `even_parts` function.
  
After thorough examination of the code, all syntax and function usage are correct. Hence, the code does not generate a compilation error.

The final answer, taking into account the reasoning steps, is False.</reasoning>
<answer>False</answer>
</root><root>
<reasoning>
The code provided is written in Rust. Let's analyze it step by step:

1. The use of the `std::io::Read` trait suggests that `read_to_string` is being called on `std::io::stdin()`. However, `std::io::stdin()` does not implement `Read`; it is a handle to the standard input. Instead, `std::io::stdin().lock()` should be used to get a handle that implements `Read`. This implies a compilation error.

2. `let mut stdin` is declared twice in the `main` function - once to read the input, and again to split the input into whitespace-separated components. Having two variables with the same name is allowed because shadowing in Rust is permitted, so this line does not cause a compilation issue. 

3. The macro definition and usage are correct and do not cause any compilation error.

4. Reserved container types like `Vec` and the manipulation of values within them are correct.

The primary reason for the compilation error is the incorrect use of `std::io::Read`. This trait is not implemented for `std::io::stdin()`, leading to an immediate compilation error.
</reasoning>
<answer>True</answer>
</root><root>
<reasoning>Step-by-step reasoning:

1. The code starts with multiple `allow` attribute annotations to ignore unused imports and dead code warnings.
2. It imports several modules from the `std` crate, like `cmp`, `collections`, `iter`, and `io`.
3. Defines a `util` module with functions for reading input from the standard input (`stdin`), specifically `line` and `gets` functions.
4. Defines macros `get` and `debug` for simplifying input reading and debugging.
5. Implements a function `f` that recursively searches for a character based on defined string patterns.
6. The `main` function initializes a large vector `ll`, simulates reading from `stdin`, calls the `f` function, and prints the results.

The checks:
- All functions, modules, imports are correctly declared and used.
- No syntax errors in macro definitions and function implementations.
- Proper parsing and input processing logic based on the `stdin`.

Considering the above points, the code does not generate a compilation error.

Final answer: False</reasoning>
<answer>False</answer>
</root><root>
<reasoning>
1. Let's examine the code step by step to check for compilation errors.
2. The macro_rules! parse_line appears to be well-formed and valid for parsing a single type or multiple types.
3. The macro_rules! parse_line_to_vec also appears to be well-formed for parsing a line into a vector.
4. The solve function uses the parse_line! macro to parse two u64 values (a, b). The logic within solve seems correct for solving the given problem.
5. In the main function, the tests variable is hard-coded to 1 which is acceptable and calls the solve function in a loop.
6. No syntax errors, mismatched types, or unresolved references are visible.
7. The macros and functions defined here should compile successfully without any errors.
</reasoning>
<answer>False</answer>
</root><root>
<reasoning>
First, let's check if the imports and macro definitions are valid:
- `#[allow(unused_imports)]` and the import statements are syntactically correct.
- The macro definition for `input!` is valid as it correctly defines a pattern for input parsing.
- The macro `input_inner!` and `read_value!` are also correctly defined.
- There's no issue with the `puts!` macro definition or the implementation of `solve()` function.

Next, let's analyze the `solve()` function:
- The declaration of `BufWriter` with `out.lock()` is valid.
- The `input!` macro correctly parses three variables: `n`, `p`, and `s`.
- The for-loop with `(0..n).rev()` and string comparison with "halfplus" is within bounds of the vector `s`.
- The calculation logic employing `a` and `tot` is correct.
- The `puts!` macro correctly prints the output.

Finally, we'll check the `main()` function:
- The `main()` function sets up stack size and correctly spawns a new thread to call `solve()`.

Given the above code structure and syntax analysis, there are no compilation errors.
</reasoning>
<answer>False</answer>
</root><root>
<reasoning>The given code starts with declarations allowing unused imports and non-snake case. It uses several modules from the standard library including collections and IO. It defines macro rules for reading, debugging, and some auxiliary functions and traits for completion. The solution part includes a function to check if a character is a vowel and the main function that reads input and processes it to determine if a condition is met and prints 'YES' or 'NO'. The code does not contain any syntactical or type-related issues that would cause a compilation error.</reasoning>
<answer>False</answer>
</root><root>
<reasoning>The code starts by importing the `std::io` module and defining the `main` function. It then creates a mutable `String` object and reads a line from standard input.

After reading the input, the string is trimmed to remove any leading or trailing whitespace, and its length is assigned to the variable `n`.

The code is meant to iterate through the string characters from the start to the second-last character, using a `for` loop, and apply pattern matching within a `match` statement to determine if `res` should be set to `false`.

However, Rust strings cannot be indexed directly using `[]`. To access string slices, methods like `.chars()` or `.bytes()` need to be used, or more explicitly use `get` method with an appropriate range.

The incorrect indexing of strings inside the `match` statement will lead to a compilation error.

Thus, the final conclusion is that the code generates a compilation error.</reasoning>
<answer>True</answer>
</root><root>
<reasoning>
1. The given code snippet appears to be a Rust program with macro definitions and several functions.
2. The code includes an import statement `use std::cmp::*`. This is correct, as Rust's `std::cmp` module provides useful comparison functions.
3. Next, macros `input`, `input_inner`, and `read_value` are defined, which are used to parse input in a flexible manner. These align with Rust macro definitions syntax.
4. Function `run` uses `input!` macro to parse the input values.
5. Inside `run`, there is a vector manipulation and dynamic programming section to perform some computations, followed by printing the result using `println!`. All these follow correct Rust syntax.
6. The `main` function simply calls the `run` function, which is standard for a Rust program entry point.
7. There are no obvious syntax issues like mismatched braces, missing semicolons, or incorrect types.

Conclusively, the code aligns with correct Rust syntax and semantics, and all required standard library modules are imported.
</reasoning>
<answer>False</answer>
</root><root>
<reasoning>
To determine if this Rust code generates a compilation error, we need to examine each part of the code provided.

1. **Macro Declarations**:
   - `input!` macro: defines two ways to handle input either from a source string or standard input.
   - `input_inner!` macro: processes the split input by iterating through the tokens.
   - `read_value!` macro: reads values of different types from the iterator (`$iter`).

These macros seem properly defined and do not inherently cause compile errors.

2. **Import Statements**:
   - `use std::cmp::*;`: Imports everything from the `std::cmp` module, which should not cause any compilation issues.

3. **Function Definition**:
   - `fn run()`: This function uses the macros for input processing and then does computations using the parsed input.
   - The function looks for occurrences of characters and performs bit manipulation to map and minimize the result.
   - `println!("{}", ans);`: The final result is printed.

4. **Main Function**:
   - `fn main()`: This function simply calls `run()` to execute the defined logic.

5. **Potential Issues**:
   - All syntactic elements in the code (macros, function calls, import statements) are correctly defined and used.
   - There are no improper data type usages, and the standard library functions used appear correctly.

Based on the above examination, each part of the code is syntactically correct, and there are no issues with logic that would cause a compile-time error.

</reasoning>
<answer>False</answer>
</root><root>
<reasoning>
The code provided appears well-structured. Let's analyze it step-by-step to identify if any compilation errors exist:

1. **Macro Definitions:**
  - `input`, `input_inner`, and `read_value` macros are defined well and should not cause compilation issues.
2. **Trait Implementation:**
  - The trait `ChangeMinMax` and its implementation for any type `T` that supports `PartialOrd` are correct.
3. **Function `run`:**
  - This function uses the input macro to read values, processes them and calculates the answers which seem logical and error-free.
4. **Function `main`:**
  - Calls `run()` which is correct.

After careful inspection, no syntax issues, type mismatches, or undeclared dependencies are detected. 

Thus, The code should compile without errors.
</reasoning>
<answer>False</answer>
</root><root>
<reasoning>
First, the `std::io`, `std::str`, `std::error`, and `std::cmp` modules are correctly imported. Other non-standard modules or functions such as `thread` are correctly imported. The constant `INF` is correctly defined.
The `exec` function doesn't have any syntax errors. The `main` function is correctly setting up a thread and running the `exec` function within the specified stack size.
The `Scanner` struct and its associated functions are correctly defined. However, the `Scanner::next_line` function uses `why.description()`, which is deprecated and should be replaced with `why.to_string()`. This line of code will cause a compilation error.
</reasoning>
<answer>True</answer>
</root><root>
<reasoning>
The code uses macros in Rust for input handling and includes traits and implementations for performing specific operations. It appears to be standard Rust syntax without any apparent issues. By examining each part of the code:

1. Macros (`input`, `input_inner`, `read_value`) are properly defined and used.
2. The `ChangeMinMax` trait and its implementation on generic type `T` with `PartialOrd` is valid.
3. The `run` function utilizes Rust idiomatic constructs like `Vec`, `for` loops, and conditional statements correctly.
4. Usage of `std::cmp::*` and `use std::i32;` namespaces is correct.
5. The `main()` function simply calls `run()`, which is a common pattern in Rust.

All parts adhere to Rust's syntax and semantics without any apparent compilation errors.
</reasoning>
<answer>False</answer>
</root><root>
<reasoning>
1. First, let's examine the `use` statements. They correctly import necessary modules and should not cause any compilation issues.

2. Next, we observe that a constant `m` of type `i64` is defined, which is syntactically correct and should not cause any compilation errors.

3. The `main` function is included, and inside it, various constructs like `let` statements, loop, and conditionals are used correctly.

4. A 2D vector `nCr` is initialized correctly, and then filled using nested loops. The code within these loops appears syntactically valid.

5. Another vector `dp` and `pow2` are initialized and manipulated, with correct syntax.

6. The loops to iterate over `_row` and the nested loop within it also seem correct in syntax.

7. The `writeln!` macro is used correctly to write the final output.

8. Finally, the `Iinput` struct and its implementation are correctly defined, including a method scan for reading input.

After analyzing all the portions of the code, there are no apparent syntactic errors or misused constructs that could cause a compilation error.
</reasoning>
<answer>False</answer>
</root><root>
<reasoning>The code defines a constant MOD, a struct ModInt with various operator implementations, and several functions for modular arithmetic. It seems comprehensive and correctly implemented. In addition, there is code for input handling using macros. 

Major points to check for compilation errors:
1. Constant declaration: `const MOD: u32` is correctly declared.
2. Struct definition: `struct ModInt(u32)` is correctly defined.
3. Implementation of traits for ModInt: The implementations for `Add`, `AddAssign`, `Sub`, `SubAssign`, `Mul`, `MulAssign`, and `Neg` traits appear correct. There are no apparent syntax errors.
4. Methods for ModInt struct: Methods `new`, `zero`, `one`, `pow`, `inv`, and `comb` are correctly defined.
5. Precalc struct: Correct definition and implementation of methods.
6. Input handling: The macros and functions for input handling don't show any immediate syntax errors.
7. Function `run`: Correctly defines input variables and carries out the logic with no obvious syntax errors or type mismatches.
8. Function `main`: Correctly calls `run`.

Thus, no immediate issues leading to compilation errors are identified.

There are no unresolved references, misdeclared variables, or syntax errors that would cause a compilation error.

</reasoning>
<answer>False</answer>
</root><root>
<reasoning>The provided code contains Rust syntax for macro definitions, trait implementation, struct definition, and function definitions. To determine if this code will compile successfully or not, we need to verify the following:
1. Syntax correctness.
2. Module imports and usage.
3. Macro usage and expansion.
4. Trait implementations and their usage.
5. Correct handling of matrix indexing and row-major order.
6. Correct usage of the `scanln` macro for scanning input.

Upon inspection:
- The `scanln` macro is defined correctly.
- The `Scan` trait is implemented correctly for various types.
- The Matrix struct and its methods are properly defined.
- Index and IndexMut traits are correctly implemented for Matrix.
- The logic in the `main` function looks valid for the given problem.

Based on the analysis and inspection of the code components, there appear to be no evident syntax errors, incorrect module usages, or logic issues in the provided code.

Therefore, the provided code does not generate a compilation error.

</reasoning>
<answer>False</answer>
</root><root>
<reasoning>Firstly, the code uses Rust's standard library to read input from the standard input (stdin) and ensures the entire input is read by using `read_to_string`. The use statement for `std::io` and `std::io::prelude::*` is syntactically correct and does not cause any issues.

Next, it processes the input by splitting the input string into whitespace-delimited tokens and attempts to parse the first token into a `usize` which is expected to be successful as long as the first token is valid. Then, it maps characters of the following token into boolean values, depending on whether they are '0' or '1'. A `panic` will occur if any of the characters are neither '0' nor '1', but this is runtime behavior, not a compilation error.

The code then computes two logical values (`ans`) based on the vector `a` and checks certain conditions. These computations use iterators and closures correctly combined. Finally, the code prints "Yes" or "No" based on the computed answer.

Considering no syntax or type errors are present in the code, it does not generate compilation errors.</reasoning>
<answer>False</answer>
</root><root>
<reasoning>This code does not appear to generate a compilation error. The `main` function calls `run` which utilizes custom macros to parse input and uses a custom `Graph` data structure with `solve` and `add_edge` methods. The code is syntactically correct, uses proper imports from the standard library, and ensures type safety with Rust's strict type system.</reasoning>
<answer>False</answer>
</root><root>
<reasoning>
1. The code first defines a constant `INF`.
2. A `Graph` struct is defined with its associated methods: `new`, `add_edge`, and `solve`.
3. Several macro rules are defined to simplify input operations.
4. The `run` function is defined for implementing the main logic of the program.
5. The `main` function calls the `run` function.
6. The code within these components makes use of Rust's language features.
7. There are no syntax errors and all types are compatible with their uses.
Therefore, the code does not generate a compilation error.
</reasoning>
<answer>False</answer>
</root><root>
<reasoning>
1. The code includes necessary imports from the standard library for I/O operations, string manipulations, and debugging.
2. A macro `m!` is defined which can successfully compare and assign values as needed.
3. Another macro `l!` is defined which also seems syntactically correct.
4. The `WordReader` struct is defined with appropriate methods for initializing and using it to read different types of inputs from a string split by ASCII whitespace.
5. The macro definitions and struct implementations do not have any syntax issues.
6. In the `main` function, an instance of `WordReader` is created and used to read inputs.
7. The `WordReader` methods `u` and `vi` are used correctly to read the input values `n` and `a`.
8. There are two loops within the `main` function that use the macro `m!` for operations. These loops also seem syntactically correct.
9. Rust's input/output handling, arithmetic operations, and macro usage are respected, and all operations are correctly performed within the bounds of Rust's type system.

Thus, syntactically and semantically, the code is correct and executable without any compilation errors.
</reasoning>
<answer>False</answer>
</root><root>
<reasoning>
Step 1: Analyze the use of crate attributes (#![allow(unused_imports)] and #![allow(unused_macros)]) - These are compiler directives to allow unused imports and macros, not causing any errors.
Step 2: Examine imports - All libraries imported (std::cmp::Ordering::*, std::collections::{BTreeMap, BTreeSet}, std::io::{self, BufWriter, Write}, std::str::{self, SplitAsciiWhitespace}) are valid and do not cause compilation errors.
Step 3: Define and examine the macro - The macro "answer!" is correctly defined and utilized without causing compilation errors.
Step 4: Check function "solve" - This function operates correctly on a vector and uses valid Rust methods for vector manipulation. No compilation errors.
Step 5: Review the main function - There is use of "UnsafeScanner". The "UnsafeScanner" struct and its methods are detailed after the main function. All operations in the main function are valid.
Step 6: Validate UnsafeScanner struct and methods - The struct and methods are correctly defined using traits and standard library functions. Although unsafe blocks are present, they do not prevent compilation.
Thus, after evaluating all parts of the code, there are no compilation errors.
</reasoning>
<answer>False</answer>
</root><root>
<reasoning>
Step 1: Check the use of `std::io` and `std::str::FromStr` modules.
Step 2: Review the `get_num` function for errors. No errors found.
Step 3: Review the `get_nums` function for errors. No errors found.
Step 4: Review the `main` function for any errors:
  - Variable `n` is assigned using `get_num()`.
  - Variable `a` is assigned using `get_nums()`.
  - A loop is initiated using `for i in 1..n - 1`.
  - Inside the loop, another loop runs using `for j in 0..v.len() - 1`.
  - Both loops have valid bounds.
Step 5: Check for logic errors. None affect compilation.
Step 6: Confirm all external calls (e.g., `println!`, `unwrap`, `map`) are correctly used.

Based on these reasoning steps, the code does not contain any syntax errors or incorrect module usage that would cause a compilation error.
</reasoning>
<answer>False</answer>
</root><root>
<reasoning>1. The defined struct `Scan` initializes correctly with the `VecDeque` type.
2. The `impl Scan` block defines an `new` method which constructs a `Scan` instance without compilation errors.
3. The `next` method inside `impl Scan` uses the `pop_front` method on `VecDeque` safely, and while loop with the condition parsing converted types correctly.
4. The `next_n` method inside `impl Scan` uses the next method correctly to create a vector of parsed elements without compilation issues.
5. Function `_main` initializes an instance of `Scan` and calls `next_n` to retrieve a vector of size 3 which is perfectly fine.
6. The usage of `min` function in `nums` vector elements does not invoke any compilation issues.
7. The `main` function creates a thread and sets `stack_size`, spawns it calling `_main`, and finally waits for the thread to join - all operations performed correctly without compilation.
8. The usage of standard library, VecDeque, and threading are correct without missing imports or misunderstands in scope resolution.

Considering all steps mentioned: the code is syntactically correct and does not contain any compilation errors.
</reasoning>
<answer>False</answer>
</root><root>
<reasoning>The code follows standard Rust syntax and does not contain any obvious compilation errors. Each part of the code appears to be properly defined and used according to Rust programming principles, reinforcing that the code compiles without issues.</reasoning>
<answer>False</answer>
</root><root>
<reasoning>
1. The code includes various `use` declarations, importing necessary modules from the standard library. These imports do not cause any compilation errors.
2. Several unused `macro_rules!` are defined. As these macros are not used, the `#[allow(unused_macros)]` attribute ensures no warnings or errors arise from their inclusion.
3. The `with_bufwriter` function is defined with the `#[allow(dead_code)]` attribute to suppress any warnings about the function being unused. This definition does not cause any compilation errors.
4. The `main` function uses a custom `input!` macro to read input values for `y`, `b`, and `r` as `u64` types. Assuming the `input!` macro works correctly (based on the provided definitions), this part does not cause any errors either.
5. Inside the `main` function, mutable variables `mr`, `mb`, `my` are defined and manipulated based on conditions involving `b` and `y` compared to initially set values derived from `r`. The logic is correct and there are no type mismatches or syntactical errors.
6. Lastly, a `println!` macro is used to print the sum of `my`, `mb`, and `mr`, which should compile without errors.

Thus, considering all parts of the code, there is no indication of any compilation errors.
</reasoning>
<answer>False</answer>
</root><root>
<reasoning>First, check the `use std::io` statement, which is valid, so no error there. Next, examine the `macro_rules! readln` declaration, which is syntactically correct and does not generate any compilation error.

Check the `main` function:

1. The `readln!(i32, i32, i32)` macro invocation correctly matches the macro definition, which expects multiple types and returns a tuple. No syntax error here.
2. The tuple destructuring and assignments to `(y1, b1, r1)`, `(y2, b2, r2)`, and `(y3, b3, r3)` are valid operations for tuples.
3. The `if`, `else if`, and `else` statements contain valid conditional expressions and print statements.

Overall, there are no syntax errors; all usages and constructs are correct. Therefore, the code does not generate a compilation error.</reasoning>
<answer>False</answer>
</root><root>
<reasoning>Step-by-step reasoning:
1. The code begins by importing the required modules: `std::char`, `std::fs::File`, and `std::io::Read`.
2. A function named `main` is defined.
3. Inside `main`, the code initializes `inputstatus` to 1 and a mutable string buffer `buf`.
4. It sets `filename` as "inputrust.txt" and then checks the `inputstatus`.
5. Depending on `inputstatus`, it either reads from the file or standard input into `buf`.
6. It splits `buf` into whitespace-separated tokens and parses the first token into a usize `n`.
7. It initializes several variables (`p`, `q`, `s`, `v`, and `words`), where `v` is a vector of size 26 initialized with zeros.
8. It then iterates through the characters of `s`, populating the `words` vector based on certain conditions.
9. Finally, it prints "YES" and the contents of `words` if `q` equals `n`. Otherwise, it prints "NO".
10. The code has commented-out sections that do not affect compilation.

Considering all the mentioned steps, the code should compile without error as:
- The syntax is correct.
- All necessary imports are available.
- No undeclared or improperly used variables exist.
- No type mismatches are present in operations.

Final conclusion: False, the code does not generate a compilation error.</reasoning>
<answer>False</answer>
</root><root>
<reasoning>
The code provided defines STDIN as the file stream 'php://stdin' if it is not already defined, reads up to 80 characters from this input stream, and echoes the read input. However, there is a missing semicolon at the end of the `define` statement inside the `if` block. This will generate a compilation error.
</reasoning>
<answer>True</answer>
</root><root>
<reasoning>
The PHP code provided generates several compilation errors:
1. Missing semicolon at the end of `echo $input_line`.
2. The `split` function is deprecated, and `explode` should be used instead.
3. Variables `$colX` and `$coly` are used inconsistently with different case (i.e., `$colX` and `$colx`, `$coly` and `$colX`).
4. `fwrite` is called without specifying a required file pointer and has incorrect argument `$colx * $coly`, which should be `$colX * $coly`.

Correcting these would resolve the compilation errors.
</reasoning>
<answer>True</answer>
</root><root>
<reasoning>The code provided does not generate any compilation errors for the following reasons:
1. The syntax of the PHP code is correct.
2. Each function and statement is properly defined and closed.
3. The regular expressions and string manipulation functions used are valid.
4. The script properly handles input and output within its defined structure.
Given these points, the code will execute without compilation errors.</reasoning>
<answer>False</answer>
</root><root>
<reasoning>
1. The function howMuch uses parseInt function which does not exist in PHP.
2. The last line of the code tries to access $data[] which is syntactically incorrect in PHP.
3. PHP's correct integer division is done using floor() function, and the last line requires fixing to correctly access array elements.
4. A corrected function would use floor($side / $plate) instead of parseInt($side/$plate), and the last echo should reference $data[0], $data[1], and $data[2] properly.
Thus, the original code will result in a compilation error due to these issues.
</reasoning>
<answer>True</answer>
</root><root>
<reasoning>
1. The function `fsanf` should be `fscanf`. The correct function name is essential for reading the input correctly.
2. The format specifier in `fscanf` should be a string enclosed in quotes. Hence, `%d` should be `"%d"`.
3. The corrected lines should be:
   ```php
   fscanf(STDIN, "%d", $m);
   fscanf(STDIN, "%d", $n);
   fscanf(STDIN, "%d", $a);
   ```
4. The `ceil` function and the division operations are correctly used.
5. The corrected and final code would be:
   ```php
   
   ```
6. With the corrections, the code will not generate a compilation error.
</reasoning>
<answer>True</answer>
</root><root>
<reasoning>
The PHP code provided contains a few issues that lead to a compilation error:

1. The `fgets` function is used to read a line from STDIN, but the way it is assigned to the list of variables is incorrect. `fgets(STDIN)` will return a string, but the list() construct expects an array. Therefore, this line will result in an error.
2. To correctly read and parse the input into variables `$n`, `$m`, and `$a`, we should use `fscanf` or explode the string into parts.
3. Additionally, the `print` statement uses a format specifier, but the correct function to use in this context is `printf` for formatted output.
Combining these issues results in code that will not compile correctly.
</reasoning>
<answer>True</answer>
</root><root>
<reasoning>
1. The code starts by disabling error reporting with `error_reporting(0);`.
2. It then attempts to open a file descriptor to standard input using `fopen("php://stdin", 'r');` which is valid as `php://stdin` is a standard input stream.
3. However, there is an extra closing brace `}` immediately after the `fopen` statement, which does not have a matching opening brace.
4. This extra closing brace causes a syntax error as it breaks the proper structure of the code.
5. Due to this syntax error, PHP will generate a compilation error and not execute any further part of the code.
</reasoning>
<answer>True</answer>
</root><root>
<reasoning>
Step 1: The PHP function `fscanf()` is used correctly to read three integers from the standard input (STDIN) and assign them to variables $a, $b, and $c.
Step 2: The `bcdiv()` function in PHP is used to perform arbitrary precision division. The correct syntax for `bcdiv` is `bcdiv(string $dividend, string $divisor [, int $scale = 0])` where the inputs need to be strings.
Step 3: However, the values $a, $b, and $c are integers and need to be cast to strings before being passed to `bcdiv()`. Not converting them to strings will not lead to a compilation error but can lead to unexpected behavior since the `bcdiv()` function expects string arguments.
Step 4: Despite the type mismatch, PHP will not throw a compilation error.
Thus, the provided code does not generate a compilation error but could have unexpected runtime behavior due to argument types for `bcdiv()`.
</reasoning>
<answer>False</answer>
</root><root>
<reasoning>
1. The function `fscanf` reads data from the `STDIN` stream. Providing input in the format of `%d %d %d\n`, it reads and assigns three integers to the variables `$n`, `$m`, and `$a`.
2. The first if-else condition checks whether `$n` is divisible by `$a` and assigns a corresponding value to `$count`.
3. The second if-else condition checks whether `$m` is divisible by `$a`. 
4. There is a syntax error in the code at the line `if ($m / $a == 0) $count = $count * $m / $a);`. There is an extra closing parenthesis `)` at the end of the line which is not needed and will generate a compilation error.
5. Additionally, in both instances, the results of division should be typecasted or handled as integers to avoid potential errors in PHP. But the main issue here is the syntax error.

Considering these steps, the code will generate a compilation error due to the syntax mistake.
</reasoning>
<answer>True</answer>
</root><root>
<reasoning>
Step 1: The code starts with the definition of the `flagstone` function which takes three parameters: `$n`, `$m`, and `$a`.
Step 2: Inside the function, the variable `$r` is calculated using the `ceil` function applied to the divisions `$n/$a` and `$m/$a`. Then these results are multiplied.
Step 3: The `flagstone` function returns the value of `$r`.
Step 4: The `fscanf(STDIN, "%d %d %d", $n, $m, $a)` reads three integers from standard input and stores them in the variables `$n`, `$m`, and `$a`.
Step 5: The `flagstone` function is called with `$n`, `$m`, and `$a`, and the result is stored in `$result`.
Step 6: The code attempts to `echo` the expression `($result&gt;&gt;16)$result`. Here lies the issue: `($result&gt;&gt;16)` is an integer expression and it is immediately followed by `$result` which is another variable without any operator between them. This leads to a syntax error.
</reasoning>
<answer>True</answer>
</root><root>
<reasoning>This PHP code attempts to read three integers from the standard input, perform some computations, and print the result. Let's break it down to identify any possible compilation errors:
1. The `fscanf` function is used to read three integers from STDIN, but there's an issue with how the variables are provided. They should be passed by reference. The correct usage would be `fscanf(STDIN, "%d %d %d\n", $n, $m, $a)`.
2. The `printf` function is used to print the output, but the format `number_format` is used improperly within `printf`. Instead, `echo number_format($count, 0)` should be used.
3. If these issues are corrected, the code does not contain any syntax errors that would prevent compilation.

Therefore, based on the provided code, it does generate compilation errors due to the misuse of `fscanf` and `printf`.

Final answer: True</reasoning>
<answer>True</answer>
</root><root>
<reasoning>The code has several issues that would result in a compilation error. Firstly, the semicolon is missing at the end of the line `$output = 1000000000000000`. This will cause a syntax error. Secondly, the `bcmod` function is used, but the bcmath extension may not be enabled by default in PHP, potentially causing a runtime error. However, since we're focusing on compilation errors, the missing semicolon alone is sufficient to cause a compilation error.</reasoning>
<answer>True</answer>
</root><root>
<reasoning>
The code contains a syntactical mistake in the operation `$n * *m`, which is invalid and will cause a compilation error. The correct syntax should be `$n * $m` to perform multiplication in PHP. As a result, the current syntax will lead to a compilation error.
</reasoning>
<answer>True</answer>
</root><root>
<reasoning>Let's analyze the given PHP code step by step. The code reads three values from the standard input and then performs some calculations using these values.

Step 1: `list($n, $m, $a) = fgets(STDIN);`
- The `list()` function is used here to assign values to `$n`, `$m`, and `$a`.
- `fgets(STDIN)` reads a string from the standard input. This string should contain three values separated by spaces.
- The `list()` function splits the string into three parts and assigns them to `$n`, `$m`, and `$a`. 

Step 2: `printf("%.0f", ceil($n/$a)*ceil($m/$a));`
- The `ceil()` function rounds a number up to the next highest integer.
- `$n/$a` and `$m/$a` are the divisions that will be rounded up.
- The `printf()` function prints the formatted result.

Potential issues:
1. The `fgets()` function reads an entire line as a single string. The `list()` function does not automatically split the string by spaces; it will simply assign the entire string to `$n` and make `$m` and `$a` `NULL`, which could cause issues in calculations.
2. Functions like `ceil()` and `printf()` require numeric arguments. If the arguments passed are not numeric, this will cause issues.

Given these points, the code will likely fail to compile due to incorrect assignment of values from the `fgets(STDIN)` to `$n`, `$m`, and `$a`. A proper approach would be to split the string.

Conclusion: The code will generate a compilation error.</reasoning>
<answer>True</answer>
</root><root>
<reasoning>
1. The PHP opening tag is correct.
2. The `fopen` function call on "php://stdin" is correct, it opens a stream ready for reading.
3. The `fgets` function call reads a line from the provided input stream.
4. The `explode` function call correctly splits the fetched line into an array.
5. The variables `$n`, `$m`, and `$a` are correctly assigned values from the exploded array.
6. The `ceil` function calls correctly calculate the ceiling value of the divisions `$n / $a` and `$m / $a`.
7. The multiplication operation to calculate `$rs` is syntactically correct.
8. The `fwrite` function call to write formatted `rs` to the output stream is correct in its intention, but the semicolon inside `fwrite(...);` will result in a syntax error.
9. The next `fwrite` function call to write a newline to the stream is correct.
10. The last `fclose` function call closes the output stream correctly.

Considering all above steps, the main source of error is the presence of the semicolon inside the `fwrite` function call. This will lead to a syntax error during compilation.
</reasoning>
<answer>True</answer>
</root><root>
<reasoning>
The `if` statement `if($input[0]==$input[1]==$input[3])` is incorrect because it attempts to compare three values using `==` sequentially. In PHP, the comparison chaining as shown is not valid. The `==` operator will result in a boolean, making the comparison effectively be `bool == $input[3]` after the first pair comparison. This leads to unpredictable behavior and thus generates a compilation error.
</reasoning>
<answer>True</answer>
</root><root>
<reasoning>The code snippet has issues that will lead to compilation errors. 

1. The `fscanf` function expects a variable list following the format string, but the variables are separated by spaces without commas which will result in a syntax error.
2. The `printf` function uses `%d` as a placeholder for integer values. In the provided code, it uses `%m` which is incorrect as `%` should be followed by a format specifier like `d`, `f`, etc.
3. The variables `$m` and `$n` should be used correctly in operations, but `%m/$a` is syntactically incorrect.

These syntax errors will prevent the code from compiling correctly.

</reasoning>
<answer>True</answer>
</root><root>
<reasoning>The code defines a variable `$output` without a semicolon at the end of the line, which is a syntax error in PHP. Statements in PHP must end with a semicolon. This will lead to a compilation error. Additionally, the `fopen`, `fgets`, `explode`, and `floor` functions are used correctly according to PHP syntax, and the logic follows proper control structures and functions usage. The compilation error arises specifically due to the missing semicolon after the assignment to `$output`.</reasoning>
<answer>True</answer>
</root><root>
<reasoning>The code provided appears to be written in PHP. The approach starts by using the `fscanf` function to read three integer values from the standard input. Then, it calculates some values based on the modulus and integer division operations. Finally, it prints the calculated count using `number_format`. 

Step-by-step review:
1. The `fscanf` function is correctly used to read integer values, but the usage syntax with three variables might be incorrect depending on the PHP version.
2. The modulus `%` and integer division `/` operations used appear correct.
3. There is a logical mistake in how the result is being printed using `printf number_format($count, 0)."\n";`. The `printf` function requires a format string and corresponding arguments.

Given these details, the main issue appears to be with the usage of `printf number_format` which can lead to a compilation error.

Final conclusion: The syntax error in the `printf number_format` usage is the cause for a compilation error.

</reasoning>
<answer>True</answer>
</root><root>
<reasoning>
Step 1: Let's inspect the syntax of the code. 
  - First line: `$output = 1000000000000000`, This is correct syntax.
  - However, at the end of the first line, a semi-colon (";") is missing. 
  A missing semi-colon causes a syntax error.

Since there is an obvious syntax error due to the missing semi-colon after the declaration of the `$output` variable, the code will generate a compilation error.

No need to proceed with further checking, as the code will not compile with this error present.
</reasoning>
<answer>True</answer>
</root><root>
<reasoning>First, let's examine the code step by step to identify any compilation errors:

1. Opening and reading from the standard input using `fopen` and `fgets`. This part is syntactically correct.
2. Using `split` function to split the input string. Note that `split` is deprecated and removed as of PHP 7.0. Instead, `explode` should be used.
3. Casting variables `$n`, `$m`, and `$a` to integers using `(int)`. This is syntactically correct.
4. Calculating `$colX` and checking if `$n % $a` is not zero. Correct syntax.
5. Calculating `$colY` and checking if `$m % $a` is not zero. Correct syntax.
6. Closing the file handle using `fclose`. Correct syntax.
7. Attempting to print the answer. There is a missing semicolon after the `$answer = $colX * $coly` statement.
8. Correct usage of `echo`.

Taking all steps into consideration, the final answer is that the code contains a compilation error due to the deprecated `split` function and a missing semicolon after assigning `$answer`.

</reasoning>
<answer>True</answer>
</root><root>
<reasoning>The code provided is intended to take three space-separated numeric inputs from the standard input, then calculate the number of tiles needed to cover a rectangular area using the given tile dimensions. However, there is a syntax error in the line where $needed_tiles is defined. The expression "(ceil($square_width/$tile_dimension) * ceil($square_height/$tile_dimension)) (int);" is incorrect because it attempts to perform a type casting after the computation, which is not a valid PHP syntax. The correct approach would be to cast the result to an integer before assigning it to $needed_tiles.</reasoning>
<answer>True</answer>
</root><root>
<reasoning>
Step 1: Identify the PHP tags, which are correctly used to start and end the PHP code.
Step 2: Check the `fscanf` function. It reads from standard input (STDIN) and assigns values to variables $m, $n, and $a. The syntax for the format in `fscanf` should be a string within quotes. However, `%d %d %d` is not within quotes, which is a syntax error.
Step 3: The `ceil` function usage is correct for mathematical ceiling operations.
Step 4: Check the `printf` function. It prints a formatted string. The format string "%.0f" is correct for printing an integer without fractional digits.
Step 5: Since there is a syntax error in the `fscanf` function due to missing quotes around the format string, this code will generate a compilation error.
</reasoning>
<answer>True</answer>
</root><root>
<reasoning>The code snippet provided is written in PHP. The `fgets(STDIN)` function reads a line from the standard input, and it returns a string. Here's the step-by-step check for compilation errors:

1. `fgets(STDIN)` reads a line from the standard input and returns a string. This string needs to be split into three components `$n`, `$m`, and `$a` appropriately.
2. `list($n, $m, $a)` expects an array with three elements on the right-hand side, but `fgets(STDIN)` returns a single string. There should be an additional step to split the input string on spaces to produce an array.
3. The format for `print` is incorrect. The correct way to format and print a floating-point number is using `printf` instead of `print`.

There are multiple issues here: 
- Splitting the input correctly is missing.
- Correctly formatting the output.

Corrected code should look something like:
```php
list($n, $m, $a) = explode(' ', fgets(STDIN));
printf("%.0f", ceil($n/$a) * ceil($m/$a));
```
The current code certainly yields a compilation error due to these reasons.

</reasoning>
<answer>True</answer>
</root><root>
<reasoning>The code provided has a syntax error in the expression used to calculate `$r`. Specifically, there is an extra parenthesis after the first division operation, which causes a syntax error. The correct expression should be:
$r = (($n + $a - 1) / $a) * (($m + $a - 1) / $a);
If this correction is applied, the code will not generate a compilation error.

Step-by-step reasoning:
1. The `fgets` function reads a line from standard input (STDIN) for each variable: `$n`, `$m`, and `$a`.
2. The calculation of `$r` uses an arithmetic expression to perform the operations.
3. The expression `($n + $a - 1) / $a)` has an extra closing parenthesis which leads to a syntax error.
4. Correcting the expression will fix the syntax error.

The syntax error is evaluated based on PHP's rules for expression parsing and parenthesis matching.

Because of the syntax error, the code generates a compilation error.

</reasoning>
<answer>True</answer>
</root><root>
<reasoning>
Step 1: Check the fopen() function: The code uses fopen() to read from "php://stdin". This should work without issues and does not generate a compilation error.
Step 2: Reading the values: fscanf($stdin, "%d\n", $ar_count); reads an integer value. The syntax and format are correct and should not cause a compilation error.
Step 3: Reading strings: fscanf($stdin, "%[^\n]", $first); and fscanf($stdin, "%[^\n]", $second); are correctly formatted to read strings. No compilation errors here.
Step 4: Using explode() function: Both explode() functions are used correctly to split the strings into arrays. No issues found here.
Step 5: array_sum() function: The array_sum() function sums the values in the array. Assuming the input is proper numeric values in string array, it should work fine without errors.
Step 6: Conditional check: The syntax used for the conditional check is valid PHP code and will not cause a compilation error.
Final step: Considering all the code parts, there are no syntax or functionality issues that will cause a compilation error.
</reasoning>
<answer>False</answer>
</root><root>
<reasoning>The provided PHP code involves reading input values and processing them in a for-loop. The main consideration for compilation errors in PHP includes syntax errors, undeclared variables, and type mismatches.

1. `$a = trim(fgets(STDIN));`: This reads a line from standard input, trims whitespace, and assigns it to `$a`.
2. `$b = explode(" ", trim(fgets(STDIN)));`: Reads a line, trims whitespace, splits it by spaces into an array, and assigns it to `$b`.
3. `$c = explode(" ", trim(fgets(STDIN)));`: Similar to `$b`, but assigns the array to `$c`.
4. Initializing `$d` and `$e` to 0.
5. The for-loop iterates from 0 to `$a-1` based on the value of `$a`.
6. Inside the loop, there are comparisons and arithmetic operations on `$b[$x]` and `$c[$x]`.
7. Finally, there's a conditional block printing "Yes" or "No" based on the comparison of `$d` and `$e`.

Since PHP dynamically handles types and array accesses, there are no strict type or array index checks at compile time. Based on the reasoning, the code does not contain syntax errors or undeclared variables. Therefore, it should not generate any compilation errors.

</reasoning>
<answer>False</answer>
</root><root>
<reasoning>
Let's analyze the code step by step to determine if there are any compilation errors.
1. The code begins by reading input using `fgets(STDIN)`, which is valid and retrieves a string from the standard input.
2. `trim` is used to remove any whitespace from the input, which is valid.
3. `explode` is used to split the input strings into arrays, which is valid.
4. Variables `$d` and `$e` are initialized to 0, which is valid.
5. The `for` loop iterates from 0 to `$a`, which is read correctly from the input.
6. Inside the loop, there are conditional checks and mathematical operations that are syntactically correct.
7. Lastly, there's an `if` statement that prints either "Yes" or "No" based on the comparison.

All operations (reading input, using loops, conditionals, printing output) are valid in PHP and adhere to correct syntax. Therefore, there are no compilation errors in this code.

</reasoning>
<answer>False</answer>
</root><root>
<reasoning>Firstly, the code tries to read STDIN using file_get_contents. This function successfully reads data from STDIN. Then, this data is split into lines using the explode function with '\n' as the delimiter. Each line is further split by spaces into an array using another explode function call. The given code then compares the sum of the first and second arrays using array_sum and prints either 'Yes' or 'No' accordingly. All functions used are part of PHP standard library, and their usage appears to be correct. Additionally, there are no syntactic errors on the code lines. Therefore, the code does not generate a compilation error.</reasoning>
<answer>False</answer>
</root><root>
<reasoning>To determine if the code generates a compilation error, we must consider several factors:

1. The `$t` array is initialized but never used; it does not cause an error.
2. The `list()` construct is used to parse values from `explode()` function calls, which are necessary to read input values. This is syntactically correct.
3. The `$n`, `$x1`, `$y1`, `$x2`, `$y2`, `$x3`, `$y3` variables are assigned values from the standard input, but `$x1`, `$y1` are assigned without usage afterward which is not causing an error, only inefficient.
4. `$ans1`, `$ans2`, and `$ans3` values are correctly calculated and echo statements are right.

There are no forbidden constructs nor undefined variables. The PHP code provided does not result in any compilation errors.

Thus, considering all reasoning steps, the final answer is False.</reasoning>
<answer>False</answer>
</root><root>
<reasoning>The code provided:
1. Takes multiple inputs from STDIN using fgets() and trim(), which is legit.
2. Uses explode() to split the inputs into different variables.
3. Performs arithmetic operations and conditional checks, which are also correct.
4. In the nested "else" block, there is a logical operation involving variable assignments and comparisons which seem correct.

Since all syntactical elements are correctly used and the logic appears coherent, there are no apparent compilation errors indicated.

Considering these points, we conclude the code does not generate a compilation error.

Note that runtime errors or logical errors might exist, but they do not cause compilation failures.</reasoning>
<answer>False</answer>
</root><root>
<reasoning>Let's test the given PHP code step by step:

1. The PHP code starts by reading a line from the standard input using `fgets(STDIN)`, then trimming any trailing whitespace and splitting it into an array using `explode(" ", ...)`.
2. The `list($a, $b, $c)` syntax is used to assign the first three elements of this array to the variables `$a`, `$b`, `$c`.
3. The code reads another line from the standard input, trims it, and splits it into an array `$d`.
4. The code then performs a multiplication operation `$e = $b * $c`.
5. The variable `$f` is initialized to 0.
6. A `for` loop is used to iterate from 0 to `$a - $b`, and in each iteration, the value of `$d[$x]` is added to `$f`.
7. The final result, `$e + $f`, is printed out.

The code does not have any syntax errors and seems to logically perform correct operations based on valid assumptions (i.e., inputs provided are correct and the indexing in the loop does not exceed the array bounds).
Therefore, the code does not generate a compilation error.

Final answer: False</reasoning>
<answer>False</answer>
</root><root>
<reasoning>
Step-by-step reasoning to determine if the PHP code generates a compilation error:
1. The code checks if the provided values for `$m`, `$a`, and `$b` can fulfill a specific condition.
2. The input functions used (`fgets(STDIN)`) and type casting (`(int)`) are correct for accepting and converting input data.
3. The `intdiv()` function is used correctly to perform integer division.
4. The conditional statements and comparison operators are correctly employed.
5. Block of code inside `if` and `else` statements use the `echo` function correctly for producing output.
6. Variable initialization and arithmetic operations are used properly.

The syntax follows PHP language rules, hence, no compilation errors are expected.
</reasoning>
<answer>False</answer>
</root><root>
<reasoning>
The provided code is a PHP script that attempts to read two space-separated values from the standard input, compare them, and print either the first value if they are equal or "2" if they are not.

Step-by-step reasoning:
1. The function `trim(fgets(STDIN))` is used to read a line from standard input and remove any leading/trailing whitespace.
2. `explode(" ", trim(fgets(STDIN)))` splits the trimmed string into an array using a space as the delimiter.
3. The `list($a, $b)` construct is used to assign the first and second elements of the array to variables `$a` and `$b`.
4. An `if` condition is used to compare `$a` and `$b`. If they are equal, the script prints `$a`; otherwise, it prints "2".

Now, verifying if there would be any compilation errors:
- The functions `trim()`, `fgets()`, `explode()`, and `list()` are native PHP functions and are used correctly.
- The comparison operator `==` and the corresponding syntax are correct.
- The script does not have any syntax errors and follows proper PHP conventions.

Therefore, based on the analysis, there are no compilation errors present in the code.

</reasoning>
<answer>False</answer>
</root><root>
<reasoning>The code reads two input values using `fgets` and stores them in `$a` and `$b`. It then initializes a variable `$c` to 0 and uses a `for` loop to iterate through the string `$b`. Inside the loop, it checks for specific pairs of characters ("U" and "R", "R" and "U") and updates `$c` and the loop variable `$x` accordingly. Finally, it calculates the value of `$d` and prints it. 

The key elements that could lead to a compilation error include:
1. Syntax errors.
2. Incorrect data type usage.
3. Incorrect array index access.

Upon reviewing the code:
1. The syntax is correct.
2. The data types for `$a` and `$b` are strings, which is handled correctly by `trim`.
3. `$b[$x]` is properly accessed.

Since the code does not exhibit any syntax errors, data type issues, or incorrect array accesses, it does not generate a compilation error. 

The reasoning leads to the conclusion that the code does not generate a compilation error.</reasoning>
<answer>False</answer>
</root><root>
<reasoning>
Step 1: Analyze the function suma($number).
- This function calculates the sum of the digits of the input $number.
- The logic inside the function appears correct for summing digits.

Step 2: Analyze the code outside the function.
- Code reads input from STDIN.
- Initialization of variables $i, $strlen, $n, and $result.
- While loop runs based on the length of the line of input.
- Conditional check if $n + suma($n) equals $line.
- Increment $n and $i.

Step 3: Compilation Checks
- PHP code starts and ends correctly.
- All variables are properly defined.
- No missing semicolons.
- Proper loop structures.
- Function calls are properly made.

Step 4: Verify logic does not cause type issues.
- substr() and strlen() functions correctly used.
- All logic operations (addition, comparison) properly handled.

Step 5: Output Operations.
- Proper output via echo statements for the count and individual results.

Based on the analysis, the PHP code does not present syntax errors that would cause compilation issues.
</reasoning>
<answer>False</answer>
</root><root>
<reasoning>
There is no obvious compilation error in the code. The code uses PHP functions and syntactical elements correctly, such as the `fgets`, `array`, `str_split`, `array_sum`, `sort`, `count`, `print` functions, and a `for` loop structure. The variables are properly defined, and there are no syntax errors. The code reads an input, processes the input to generate an array based on certain conditions, and prints the results accordingly.
</reasoning>
<answer>False</answer>
</root><root>
<reasoning>This PHP code reads an integer from stdin, processes it to generate the assortment "b", and prints output based on the contents of "b." The code uses standard PHP functions like `trim`, `fgets`, `str_split`, `array_sum`, `implode`, and conditional statements, as well as loops. It correctly handles cases including zero elements found, and thus follows PHP syntax without errors. Therefore, the code does not generate any compilation errors.</reasoning>
<answer>False</answer>
</root><root>
<reasoning>1. The code is written in PHP.
2. The `trim(fgets(STDIN))` function reads a line from standard input and trims any trailing whitespace.
3. The variable `$b` is initialized as an empty array.
4. The `for` loop iterates, which appears to be valid logic to fill the `$b` array.
5. There are no syntax errors within the code regarding the use of functions such as `str_split`, `array_sum`, and `implode`.
6. The `if` statement to check the count of `$b` array and subsequent print statements are syntactically correct.
7. Therefore, there are no syntax or compilation issues in the presented code. It is valid PHP code.

Based on these reasoning steps, the final answer is derived.</reasoning>
<answer>False</answer>
</root><root>
<reasoning>
Step 1: Analyze the syntax of the PHP code to ensure there are no syntax errors or mismatched parentheses/braces.

Step 2: Review each line of code for proper variable initialization and usage.

Step 3: Confirm the presence of necessary functions and their correct usage:

- `trim` and `fgets` are used correctly to read input from standard input.
- `strlen` correctly gets the length of the string.
- `print` is properly used to output a value.
- `implode` and `array_fill` are correctly used for creating a string of repeating nines.
- Arithmetic operations and subtraction used with `$a - $c` are valid.
- `str_split` correctly splits the string of the result of the subtraction.
- `array_sum` correctly sums the array elements.

Step 4: Check type constraints and assumptions:

- The subtraction operation (`$a - $c`) between a string and a string of nines is valid in PHP because PHP will automatically convert strings to numbers if they are numeric.

Step 5: Evaluate the final output logic and ensure there are no run-time issues or uninitialized variables causing errors.

Conclusion: After examining the code and ensuring all steps, functions, and conversions are properly handled, there are no compilation errors.
</reasoning>
<answer>False</answer>
</root><root>
<reasoning>
1. Analyze the overall syntax: The provided PHP code is syntactically correct.
2. Input handling: `list($a, $b) = explode(" ", trim(fgets(STDIN)));` reads a line from standard input and splits it by spaces into `$a` and `$b`. This is valid input handling.
3. Mathematical operations: `$c = $b * log($a); $d = $a * log($b);` These lines perform mathematical operations correctly and store the results in `$c` and `$d`.
4. Conditional statements: The `if`, `elseif`, and `else` statements are properly used to compare `$c` and `$d` and print the corresponding results.
5. The rest of the code structure appears correct with no apparent syntax errors or semantic mistakes.

Given these checks, the code does not contain any syntactical or typographical errors that would lead to a compilation error.
</reasoning>
<answer>False</answer>
</root><root>
<reasoning>
The code uses PHP functions like `list()`, `explode()`, `trim()`, `fgets()`, `log()` for performing various operations. 
1. The `list()` function is used to assign the values returned by `explode()` directly to variables `$x` and `$y`.
2. The `explode(" ", trim(fgets(STDIN)))` part reads input from the standard input, trims any whitespace, and splits the input by space into an array.
3. The `log()` function is for computing the natural logarithm of a number.
4. Comparison operations are performed using if-else conditions and appropriate result is echoed.

None of these functions or syntaxes have issues that could cause a compilation error.

The entire code is syntactically and semantically correct in PHP.
</reasoning>
<answer>False</answer>
</root><root>
<reasoning>
Step 1: Analyze the 'explode' function usage - It splits the input string by the delimiter and assigns values to $a and $b. This function is syntactically correct.
Step 2: The 'trim' and 'fgets' functions are used correctly for standard input processing.
Step 3: Use of 'bcpow' - This function performs arbitrary precision power calculations. It is part of the 'BC Math' extension in PHP.
Step 4: Verify 'BC Math' extension usage - If the extension is not enabled/installed, the code will generate a compilation error.
Step 5: Control flow - The 'if', 'elseif', and 'else' structures are properly closed and correctly handle the comparison between $c and $d.
Step 6: No other syntax errors are present in the code.

Conclusion: If the 'BC Math' extension is enabled, the code does not generate a compilation error. If it is not enabled, the code will generate a compilation error. By default, assume standard PHP environment settings.
</reasoning>
<answer>False</answer>
</root><root>
<reasoning>First, we examine whether the code is syntactically correct and does not contain any typographical errors. The provided code uses standard PHP functions and constructs, such as `list()`, `explode()`, `trim()`, `fgets()`, `floor()`, `strlen()`, and so on. These functions are correctly written and used as per their standard definitions.

Next, we analyze the logical flow and ensure that variable names and operations are consistent. The code reads two sets of input times from STDIN, performs calculations, and updates variables accordingly with proper conditions and arithmetic operations. No undefined variables or misused operations are found.

Lastly, we check the matching of curly braces in the conditional blocks to confirm that the code structure is intact:
- The `if` statement blocks open and close correctly.
- All nested `if` statements are correctly constructed.

Therefore, the reasoning steps indicate that there are no compilation errors in this code.</reasoning>
<answer>False</answer>
</root><root>
<reasoning>In the given PHP code, there is a mistake on line 11 where the variable `$h` is used, but it is never defined. This will cause a compilation error due to an undefined variable.</reasoning>
<answer>True</answer>
</root><root>
<reasoning>
The provided PHP code appears to aim at calculating the mid-point between two given times formatted as "HH:MM". It uses the `explode()` function to parse the input times, perform arithmetic operations, and then format the result. The overall structure of the code appears sound and compliant with PHP syntax rules. 

Here are the detailed reasoning steps:
1. `list($a, $b) = explode(":", trim(fgets(STDIN)));` and `list($c, $d) = explode(":", trim(fgets(STDIN)));` both read and parse input correctly.
2. `$e = (($c * 60 + $d) - ($a * 60 + $b)) / 2;` correctly computes the difference in minutes and halves it.
3. The `if($e &gt;= 60)` conditional block and its accompanying operations involve valid arithmetic and control structures.
4. The `floor()` function is correctly used to compute the hours and `%` for minute remainder.
5. `$a` and `$b` are correctly manipulated and formatted with zero padding for single digit values.
6. The final `print` statements are correctly formatting the result string.

Upon reviewing the syntax and operations involved, there doesn't appear to be any syntactical or logical error that would cause compilation errors in PHP.

</reasoning>
<answer>False</answer>
</root><root>
<reasoning>
The given PHP code reads two time values from the standard input, performs some calculations, and prints a resulting time value. 
Here are the detailed reasoning steps:

1. `list($a, $b) = explode(":", trim(fgets(STDIN)));` 
   This line reads a line from standard input, trims it, splits it by `:` into an array, and assigns the elements of the array to `$a` and `$b`.
   This is valid PHP syntax.

2. `list($c, $d) = explode(":", trim(fgets(STDIN)));` 
   This line does the same as the previous line but assigns the values to `$c` and `$d`. Again, valid PHP syntax.

3. The calculation for `$e`:
   `$e = (($c * 60 + $d) - ($a * 60 + $b)) / 2;`
   This calculation is valid as it converts the time into minutes and computes the difference, then divides by 2.

4. The `if` condition and subsequent calculations:
   The code checks if `$e` is greater than or equal to 60 and properly handles assigning and formatting the calculated values.
   All mathematical operations and conditional checks are valid.

5. Formatting and printing the resulting time:
   Inside the if-else blocks, if the minutes `$a` or `$b` are less than 10, it pads them with a leading zero. These operations are valid.

6. The final `print` statement:
   The code concatenates the formatted `$a` and `$b` with a colon and prints them. This is valid PHP syntax.

The logic appears to be consistent, and there are no syntactical errors or issues that would cause a compilation error.
Therefore, the code does not generate a compilation error.
</reasoning>
<answer>False</answer>
</root><root>
<reasoning>
The code provided is generally well-formed, but there are a few potential pitfalls that need to be checked to determine if they cause compilation errors in PHP:

1. **Variable Type Handling**: PHP automatically manages variable types. However, since `$a, $b, $c`, and `$d` are initially strings from `explode()`, operations with them assume correct type conversion (e.g., `$c * 60 + $d`).

2. **User Inputs**: `trim(fgets(STDIN))` reads from Standard Input. If the input is not formatted as expected (for example, "12:30"), it may cause unforeseen issues but not compilation errors.

3. **Implicit Type Casting**: `$e = (($c * 60 + $d) - ($a * 60 + $b)) / 2;` involves arithmetic operations. If `$c, $d, $a, $b` are valid numbers as input, PHP will handle it correctly due to implicit type casting.

4. **String Length Check**: `strlen($a)` and `strlen($b)` will correctly handle string lengths and potential padding operations.

On reviewing these critical steps, there are no syntax errors or violations that would cause a PHP compilation error (reserved keyword, incorrect use of functions, etc.). PHP's loosely typed nature ensures implicit conversions are handled adequately for this script.

Therefore, the script should compile successfully.
</reasoning>
<answer>False</answer>
</root><root>
<reasoning>
Let's evaluate the code step by step to determine if there are any compilation errors:

1. The code starts with `list($a, $b) = explode(":", trim(fgets(STDIN)));` which is valid and uses `explode` to split the input.

2. The second next line `list($c, $d) = explode(":", trim(fgets(STDIN)));` is similar and valid.

3. The calculation `$e = (($c * 60 + $d) - ($a * 60 + $b)) / 2;` is valid and calculates the difference in terms of minutes divided by 2.

4. The `if($e &gt;= 60)` condition and subsequent block are syntactically correct.

5. The rest of the code inside the `if` block and `else` block are logically attempting to handle different conditional scenarios and update `$a` and `$b`.

6. The statements like `floor($e / 60);`, `strlen($a)`, and `strlen($b)` are all correct and valid.

7. The print statements `print $a . ":" . $b;` correctly prints the formatted time.

Upon reviewing the code exhaustively, there are no syntax errors present. Therefore, the code does not generate any compilation errors.
</reasoning>
<answer>False</answer>
</root><root>
<reasoning>The code snippet provided is written in PHP and aims to read from `STDIN`, process input into arrays, and evaluate conditions based on array values. Let's analyze it step-by-step:

1. `fscanf(STDIN, "%d %d", $A, $B);` - This statement reads two integers $A and $B from `STDIN`. Valid.
2. `$arrA = explode(" ", trim(fgets(STDIN)));` - This reads a line from `STDIN`, trims it, and splits it into an array $arrA based on spaces. Valid.
3. `$arrB = explode(" ", trim(fgets(STDIN)));` - Similarly, this reads another line from `STDIN`, trims it, and splits it into an array $arrB based on spaces. Valid.
4. First `if (array_sum($arrA) == 0) exit("Yes\n");` - Checks if the sum of elements in $arrA is zero and exits with "Yes\n" if true. Valid.
5. The `for` loop and nested `if` conditions - Loop through $arrA and perform multiple conditions and potential exits. 

The logic hooks into the correct indices and evaluates array values; there are no syntax errors here.

Therefore, there should be no compilation error. The primary concern regarding performance and handling edge cases doesn't affect compilation.

Final Answer: False.</reasoning>
<answer>False</answer>
</root></all_roots>