[{"reasoning": "Let's analyze the provided code step-by-step to understand if there will be a compilation error.\n\n1. Package Declaration:\n   - `package cf3`: The code starts with a package declaration which should be acceptable as long as this is the correct directory structure.\n\n2. Import Statement:\n   - `import kotlin.math.absoluteValue`: This imports the absolute value function from the kotlin.math package. This should not cause any compilation issues.\n\n3. Main Function:\n   - `fun main()`: This defines the main entry point of the program. Kotlin requires a main function for program execution which is correctly defined here.\n   - `val testcases = readLine()!!.toInt()`: Reads input from the console and converts it to an integer. This is allowed, assuming proper input will be provided during execution.\n   - `repeat(testcases)`: Repeats the enclosed block of code for the number of test cases provided. This is valid in Kotlin.\n   - Inside repeat block:\n     - `readLine()!!.toInt()`: Reads and converts the next line to an integer.\n     - `val programmers = readLine()!!.split(\" \").map { it.toInt() }`: Reads a line, splits it by spaces, and maps it to a list of integers. This is valid.\n     - `println(solve(programmers).joinToString(\" \"))`: Prints the result of the solve function.\n\n4. Solve Function:\n   - `private fun solve(programmers: List<Int>): List<Int>`: Defines a private function that takes a list of integers and returns a list of integers. This is well-defined.\n   - Filtering, mapping, and other list operations inside the solve function are syntactically correct and use Kotlin collections and functions appropriately.\n   - One potential issue might arise from the usage of `contributors.min()` and `smallestDistraction.absoluteValue`. In more recent versions of Kotlin, `min()` has been deprecated in favor of `minOrNull()`. If using a more recent version, this may cause a compilation error.\n\nGiven the potential for the deprecated function issue, I conclude that the provided code may generate a compilation error if an updated Kotlin version is used.\n\nFinal Answer: True", "answer": "True"}, {"reasoning": "Let's approach this code with the eyes of an artist, examining each brushstroke and color choice to uncover if the symphony of code will compile flawlessly or falter with a compilation error.\n\nStep 1: \nThe preprocessor directive includes the <bits/stdc++.h> header file. This file contains many standard C++ libraries and is often used for competitive programming. While this file is non-standard and compiler-specific, it does not cause compilation errors in environments where it is supported (such as most competitive programming platforms).\n\nStep 2: \nWe see the use of 'using namespace std;'. This statement brings all the entities in the 'std' namespace into the current global namespace, simplifying the usage of standard library functions and classes. This does not cause a compilation error, though it might lead to naming conflicts in more extensive projects.\n\nStep 3: \nIn the main function, 'ios::sync_with_stdio(0);' is called, which disables the synchronization between C++ and C streams. This is often used to speed up input and output in competitive programming. It is followed by 'cin.tie(0), cout.tie(0);', which unties cin from cout and vice versa, further optimizing I/O operations. These lines are syntactically correct and should not cause a compilation error.\n\nStep 4: \nFinally, the main function returns 0. This signifies the successful completion of the program and does not cause any issues.\n\nSumming up all the points, the given code is syntactically correct and should compile successfully without errors.", "answer": "False"}, {"reasoning": "I'll start by checking if all imported functions and constants are correctly used. The imports for `java.lang.Integer.max` and `java.lang.Integer.min` are unusual and not in idiomatic Kotlin. Kotlin doesn't need direct import of `max` and `min` from Java. Instead, Kotlin provides its own `kotlin.math.max` and `kotlin.math.min`. This might not compile because `java.lang.Integer` defines `MAX_VALUE` and `MIN_VALUE` but they are not methods. Therefore, the imports `java.lang.Integer.max` and `java.lang.Integer.min` are incorrect and will cause a compilation error. Secondly, `readInt()` and `readInts()` are presumed to be custom functions as they are not standard Kotlin functions, which might also add to the compilation issues if they are not predefined elsewhere. The code will generate a compilation error.", "answer": "True"}, {"reasoning": "Let's break down the code step-by-step.\n\n1. The function `solve` is being defined with parameters: `inputReader` (a function that returns a nullable String) and `output` (a function that takes a String and returns Unit).\n2. Inside the function, the variable `testCaseCount` is assigned the integer value obtained by converting the non-null return of `inputReader()` to Int.\n3. A loop runs from 0 to `testCaseCount - 1`.\n4. Inside the loop, several variables are being declared (`developerCount`, `developers`, `maxSum`, `greatestNegativeDeveloper`, and `weakestPositiveDeveloper`). These variables are used to store results from various operations on the `developers` list.\n5. The code checks if the absolute value of `greatestNegativeDeveloper` is less than `weakestPositiveDeveloper` and assigns result accordingly.\n6. The results are printed using the `output` function.\n7. The main function calls `solved.solve` instead of `solve`.\n\nThe likely resulting compilation error will be that `solved.solve` is not defined or declared anywhere in the code.\n\nThus, the code generates a compilation error.", "answer": "True"}, {"reasoning": "1. Import statements are present at the top for various packages, but 'import Advance.add' seems suspicious because 'Advance.add' is not a standard Java library or Kotlin library import. If 'Advance' is a user-defined package, it should be defined or added to the project, otherwise this will cause a compilation error.\n2. Import statements for standard libraries like java.util, kotlin.collections, and kotlin.math are correct and will not cause any errors.\n3. Function definitions for rs(), ri(), rsl(), and ril() are syntactically correct in Kotlin.\n4. The main function starts correctly with 'fun main(args: Array<String>)'. \n5. Inside the main function, various variables are assigned and a while loop is used to process multiple test cases.\n6. Variable 'maxneg' is assigned 'Int.MIN_VALUE' which is a valid Kotlin expression.\n7. Variable 'minpos' is assigned 'Int.MAX_VALUE' which is also a valid Kotlin expression.\n8. The array 'brr' is initialized with zeroes, which is valid Kotlin code.\n9. There is a check inside the loop to find the maximum negative number and minimum positive number, which is logically correct.\n10. The sum calculation and array modification are logically correct.\n11. Finally, it prints the sum and binary array.\n12. However, the suspicious import 'import Advance.add' is likely to cause a compilation error unless 'Advance' is defined elsewhere in the project.\n\nConsidering all these points, the reasoning concludes that the code will generate a compilation error because of the invalid import statement 'import Advance.add'.", "answer": "True"}, {"reasoning": "First, I observe the code structure. It includes the correct package declaration, import statement, and main function. Second, I focus on Kotlin syntax used in the code, and it appears appropriate. Third, I examine whether required methods and properties exist and are used correctly within the code.\n\nLet's break it down:\n1. The package declaration `package cf3` is correct.\n2. The `import kotlin.math.absoluteValue` statement is valid and properly used.\n3. The main function contains `readLine()!!`, which assumes non-null input and should work correctly \n4. The `solve()` function filters lists and uses built-in Kotlin functions like `.filter`, `.joinToString`, `.map` correctly.\n5. Property access and conditional statements are valid Kotlin syntax.\n\nAnalyzing the full code and based on the above steps, I do not see any compilation errors. Thus, overall, the code should compile successfully.", "answer": "False"}, {"reasoning": "To determine if the code generates a compilation error, we need to examine it step by step, focusing on common issues such as syntax errors, missing or incorrect function calls, and variable scoping.\n\n1. In the `main` function, there is a call to `readLn`. However, `readLn` is defined globally after the `main` function. In Kotlin, the order of function definitions doesn't influence their visibility, so this isn't an issue.\n2. The `readLn` function calls results in `toInt`. This should not pose a problem if valid integer input is provided.\n3. In the `go` function:\n   a. `ar.withIndex().partition { (i, v) -> v > 0 }` is correctly used, yielding pairs (index, value).\n   b. `val maxNeg = less.maxBy { (i, v) -> v }` and `val minPositive = greater.minBy { (i, v) -> v }!!` are correctly used, though they might be deprecated. But replacement functions are compatible.\n   c. `maxNeg?.value` and `minPositive.value` will cause a compilation error because tuples (i, v) don't offer `.value`. They should reference the second element in the pairs, using `maxNeg?.second` and `minPositive.second`.\n\nConclusion: The code will generate a compilation error due to accessing nonexistent `.value` properties on pairs.", "answer": "True"}, {"reasoning": "Let's go through the code step by step:\n\n1. `import kotlin.test.assertTrue`\n   - This line imports the `assertTrue` function from the Kotlin test library.\n\n2. Function declarations for reading input: `readLn`, `readInt`, `readStrings`, and `readInts`.\n   - These functions rely on `readLine` which reads input from the standard input. However, `readLine` may return null if the end of input is reached.\n   - In the provided inline functions, `!!` non-null assertion is used after `readLine()`. This will throw a `KotlinNullPointerException` if `readLine()` results in `null`.\n\n3. The `solve` function logic performs operations on integers and prints results based on certain conditions.\n   - It reads integers and performs checks on these values. Specifically, it checks for values greater than 0 and less than 0, filters lists, and calculates sums and minimum/maximum values.\n\n4. The `main` function reads an integer `t` then calls `solve` `t` times.\n\nGiven these steps, though there may be runtime logic exceptions depending on input, syntax-wise there doesn't seem to be any issue here that would result in a compilation error.\n\nThe final answer is `False`.", "answer": "False"}, {"reasoning": "1. The import statement imports a function 'readLn' from a package 'solved' which does not exist.\n2. The rest of the code uses this 'readLn' function to get inputs.\n3. As 'solved.readLn' does not exist, it will cause a compilation error due to an unresolved reference.\n\nFinal Answer: True.", "answer": "True"}, {"reasoning": "Step 1: Identify the imports and variables.\nThe Java import 'java.util.*' is omitted in Kotlin but overall seems acceptable.\n\nStep 2: Analyze 'next', 'nextInt', 'nextLong', 'nextInts', 'nextLongs' functions.\nThese functions seem proper as they use Kotlin's standard library functions.\n\nStep 3: Check top-level variables and functions.\nval OUT is properly declared as a mutable list.\n\nStep 4: Inspect the 'solve' function.\nIn 'solve', both String and MutableList modification methods are used. The usages of 'tmp' may cause IndexOutOfBoundsException for using i directly on StringBuilder without appending.\n\nStep 5: Analyze the 'main' function.\nThe 'main' function properly calls 'solve'.\n\nFinal conclusion: Code is highly likely to generate compilation errors in the 'solve' function due to inappropriate usage of StringBuilder and modifying string directly as ans[i]='1'.", "answer": "True"}, {"reasoning": "1. The code is written in Kotlin: The syntax and structure of the code align with the Kotlin programming language.\n2. Import statement: The code imports 'kotlin.streams.asStream', which is not a part of any standard Kotlin library.\n3. Main function definition: The 'main' function initializes a sequence 'input' using 'generateSequence(::readLine)'. This part of the code uses proper syntax to create a sequence by reading lines from standard input.\n4. Error in 'asStream' usage: The 'asStream()' function is being called, but Kotlin's standard library does not include this function. This will generate a compilation error.\n5. Loop processing: The 'input' sequence is processed by skipping the first element and iteratively processing the remaining lines. This part assumes correct syntax but is not reached due to the compilation error in 'asStream()'.\nFinal conclusion: The code generates a compilation error due to the incorrect usage of 'asStream()' which does not exist in Kotlin's standard library.", "answer": "True"}, {"reasoning": "1. The code starts with the main function which uses `var t = readLine()!!.toInt()`.\n2. The `readLine()` function in Kotlin is used to read a line of input and `!!` is used to assert that the value is non-null. `toInt()` converts the input to an integer.\n3. The `while(t --)` loop indicates a conditional decrement; however, it should be `while(t-- > 0)` to ensure it decrements t until it is greater than zero.\n4. In each iteration, it reads another integer `n`.\n5. The code calculates `ans` using `max(0, n / 2 - 1)`. The `max` function is correct.\n6. It checks if `n > 0`, adds `n % 2` to `ans`, and prints `ans`.\n7. The main issue is the incorrect syntax `t --` in the while loop.\n8. This would cause a compilation error as `t --` is not a valid boolean expression.", "answer": "True"}, {"reasoning": "Let's break down the code:\n1. The code begins with importing the `java.util.*` package, which contains the `Scanner` class.\n2. A `Scanner` object named `scan` is created to read input from `System.in`.\n3. The `main` function is defined.\n4. Inside the `main` function, an integer `b` is read from the input using `scan.nextInt()`.\n5. The `for` loop syntax is incorrect. The correct syntax should be `for (i in 1..b)`.\n6. If the syntax is corrected, the code reads the integer `a` inside the loop and prints `(a-1)/2`.\n\nDue to the incorrect loop syntax, the code will generate a compilation error.", "answer": "True"}, {"reasoning": "Let's go through each line to check for compilation errors:\n\n1. `import java.util.Scanner` - This is a valid import statement in Java, but the code is written in Kotlin.\n2. `fun main(args: Array<String>) {` - This is a valid function declaration in Kotlin.\n3. `val reader = Scanner(System.\n)` - A valid statement to take input in Kotlin.\n4.  `var t:Int = reader.nextInt()` - A valid statement to read an integer in Kotlin.\n5.  `for(index in 1..t){` - A valid for loop in Kotlin.\n6.  `var n:Int = reader.nextInt()` - A valid statement to read an integer in Kotlin.\n7.  `var ans:Int` - This is a valid variable declaration in Kotlin.\n8.  `if((n+1)/2>n/2){` - Valid if condition in Kotlin.\n9.  `ans=n-(n+1)/2` - Valid assignment in Kotlin.\n10. `}else{` - Valid else statement in Kotlin.\n11. `ans=n-n/2-1` - Valid assignment in Kotlin.\n12. `println(\"$sum\")` - Here lies the issue. There is no variable `sum` declared anywhere in the code.\n\nHence, the code will generate a compilation error due to the undeclared variable `sum`.\n\nFinal answer: True", "answer": "True"}, {"reasoning": "Let's dissect this code step by step to determine if it will generate a compilation error or not. \n\n1. The main method is defined in the package `kotlinBasics`. The syntax appears correct.\n2. The code reads an integer `n` from the input and then initializes an integer array `a` of size `n`. This also appears correct.\n3. A for-loop is used to fill the array with integers read from the input. The syntax `0..a.lastIndex` correctly creates a range from 0 to the last index of the array.\n4. Another for-loop iterates over the array to process each integer. The calculation and the if-else condition to print the correct value seem logical.\n5. No syntax or type errors are immediately noticeable in the code provided.\n\nTherefore, after carefully reviewing each step, it is determined that the code does not generate a compilation error.", "answer": "False"}, {"reasoning": "Let us break down the code and pay attention to the finer details of this artistic creation:\n\n1. **Imports and Helper Functions**:\n    - The code imports `java.lang.AssertionError`.\n    - The code defines multiple private functions for reading input data of various types.\n    - The function `myAssert` is defined to throw an `AssertionError` if the provided condition is `false`.\n\n2. **Main Function**:\n    - The `main` function reads an integer `tt`, which is assumed to be the number of test cases.\n    - A `for` loop iterates from `0` to `tt`.\n    - Inside the loop, it reads an integer `n`.\n    - An integer `ans` is initialized to `0`.\n    - A conditional block checks if `n` is less than or equal to `2` and assigns the value `0` to a variable named `var`.\n    - Otherwise, the value `(n-1)/2` is assigned to `var`.\n    - Finally, it prints the value of `var`.\n\n3. **Identification of Compilation Error**:\n    - The Kotlin language does not allow naming variables as `var`, which is a reserved keyword.\n    - Therefore, the assignments `var=0` and `var=(n-1)/2` will cause a compilation error.\n\nHence, the code generates a compilation error due to the invalid use of the reserved keyword `var` as a variable name.", "answer": "True"}, {"reasoning": "Let's first visualize the code and break down every section to understand it better:\n\n1. In the `main` function, it reads an integer `tests` from the user input. There's a null safety operator (`!!`) which means it will throw an exception if the input is null.\n2. Check if `tests` falls within the range 1 to 10000.\n3. Inside this condition, another integer `candies` is read from the user input.\n4. Initialize the variable `noOFPossibilities` to 0.\n5. Check if `candies` is within the range 3 to 2 * 10^9 (incorrectly written as `10.0f.pow(9)`). This is incorrect syntax for Kotlin and should be `Math.pow(10.0, 9.0).toInt()`.\n6. Initialize `a` to `candies - 1` and `b` to 1.\n7. There's a while loop that runs while `a + b` equals `candies`, which will always be true for initial values but `a` and `b` are changing. However, increment and decrement in the loop are incorrectly formatted. \n\nDue to the incorrect syntax at step 5 (`2 * (10.0f).pow(9)`) and incorrect loop condition in the while loop, the code will indeed generate a compilation error.\n\n", "answer": "True"}, {"reasoning": "Let's break down the code from a higher perspective and see if any compilation errors are present.\n1. The code starts by importing necessary packages from Java (java.util.*, java.io.*, java.math.*).\n2. The main function is defined with 'fun main(args : Array<String>)' which is correct Kotlin syntax.\n3. A Scanner object is created to read from standard input.\n4. An integer N is read using 'nextInt()' method.\n5. A for loop runs from 1 to N, which is correct Kotlin syntax as well.\n6. Inside the loop, an integer BB is read from the input.\n7. Variables A, B, and count are defined and initialized appropriately.\n8. The while loop checks if A is greater than B and increments count, which is syntactically correct but can lead to logic issues, not compilation errors.\n9. Finally, the count value is printed to the standard output.\n\nHence, no compilation errors are found in the code.", "answer": "False"}, {"reasoning": "First, let's understand the code by breaking it down.\n\n1. `fun readInts() = readLine()!!.split(' ')`\nThis function reads a line from the input, splits it by spaces, and returns a list of strings.\n\n2. `fun main()`\nThis is the main function where execution begins.\n\n3. `val tests_cnt = readInts().map { it.toInt() }`\nThis line reads a line of input, splits it into strings, and maps each string to an integer. The result is stored in `tests_cnt`.\n\n4. `for (i in 1..tests_cnt[0]) {`\nA loop is used to iterate from 1 to the first element of `tests_cnt`.\n\n5. `val a = readInts().map { it.toBigInteger() }`\nInside the loop, another line of input is read, split into strings, and each string is mapped to a BigInteger. The result is stored in `a`.\n\n6. `if(a > 2) println((a/2).toBigInteger())`\nThere is a condition checking if `a` is greater than 2. If true, it prints `a` divided by 2 converted to BigInteger.\n\n7. `else println(0)`\nIf the condition is false, it prints 0.\n\nExamining the code closely, we realize the main mistake:\n\n- The comparison `if(a > 2)` will fail because `a` is a list, and lists cannot be directly compared to integers.\n- Also, `a/2` will not work as division is not directly supported on lists.\n\nThese errors will prevent the code from compiling. Hence, the code will generate a compilation error.\n\nBased on this reasoning, the final answer is True.", "answer": "True"}, {"reasoning": "First, let's break down the code step by step to ensure every detail is captured:\n\n1. **Package Declaration and Imports:** The code imports multiple libraries including `java.util.*` and `kotlin.math.*`. There is no error here; these are valid imports for the functionalities specified.\n2. **Input Declarations:** The code sets up `@JvmField` variables for `INPUT`, `OUTPUT`, and `_reader`. This is standard practice and should not cause any issues.\n3. **Reading Functions:** The functions for reading various types of input (e.g., `readLine`, `readLn`, `readInt`, `readDouble`, `readLong`, etc.) are correctly defined. They utilize the `_tokenizer` for parsing input, which is correctly instantiated.\n4. **Helper Functions:** Functions such as `gcd` and `Boolean.toInt` are correctly implemented without syntax errors.\n5. **Constants:** The constants `INF` and `MOD` are correctly declared.\n6. **Main Function:** The primary logic of reading an integer `t` and then processing `t` test cases in a loop is correctly implemented based on provided functions.\n\nConclusion: Every aspect of the code, from imports to function definitions to the main logic, appears syntactically correct and logically sound. \n\nTherefore, there is no compilation error in the provided code.\n", "answer": "False"}, {"reasoning": "1. The Kotlin code begins with the main function, which is the entry point for the program execution.\n2. Inside the main function, there is a repeat statement that executes the block of code inside it based on the integer value read from the input.\n3. Variable 'n' is read from the input as an integer and stored.\n4. Variable 'ans' is initialized to 0.\n5. The code attempts to use the bitwise AND operator 'and' incorrectly with an if statement without parentheses around 'n and 1'. In Kotlin, 'and' is a bitwise operation that requires proper syntax for conditional statements.\n6. The rest of the code, including division operations, an additional if check, and printing the result, appears syntactically correct, assuming 'n' is properly read as an integer.\n7. Given this, the misuse of 'and' in the conditional statement will generate a compilation error.\n\nThe final conclusion is that the code generates a compilation error.", "answer": "True"}, {"reasoning": "The code appears to use elements from both Java and Kotlin. Scanner is a Java utility, and usage of `fun` keyword and intermingling with Kotlin syntax is evident. The usage of Java's Scanner and Kotlin's main function within the same code block is likely causing a compilation error. Combining Java and Kotlin syntax in this way is not valid and hence will generate a compilation error.", "answer": "True"}, {"reasoning": "1. First, I notice the import statement of java.util.* is not necessary in Kotlin. Kotlin does not need explicit imports for its standard library components.\n\n2. Next, I see the custom min function. This is correctly defined with the proper syntax for a Kotlin function and should not cause any issues.\n\n3. When examining the main function:\n  - The first line var q = readLine()!!.toLong() is correct for reading input and converting it to Long.\n  - Inside the while loop, there is a missing var declaration for the variable n. It should be var n = readLine().toLong().\n  - The operator '-->' is a unique syntax and does not exist in Kotlin. The decrement operation in Kotlin should be q-- instead of q --> 0.\n\n4. Summing up these observations, the code will indeed result in a compilation error due to the missing variable declaration and incorrect decrement operation syntax.", "answer": "True"}, {"reasoning": "Let us break down the code step by step to identify any compilation errors. \n\n1. The code imports the 'Scanner' class, which is standard in Java for reading input. This is correct.\n2. The code seems to be written in Kotlin, indicated by 'fun main(args: Array<String>)', which is the standard way to declare the main function in Kotlin. Hence, importing the Scanner class is not relevant because Kotlin typically uses 'readLine()' for input reading.\n3. The main function should use 'readLine()' or 'Scanner(System.`in`)' to read input in Kotlin instead of 'read.nextInt()'. Therefore, 'read.nextInt()' is incorrect.\n4. The 'for' loop is also problematic because 'for (i in t)' should be 'for (i in 0 until t)'.\n\nBased on these observations, the code will generate compilation errors because of improper usage of the read function and incorrect syntax around the for loop.\n\nThe final answer is True.", "answer": "True"}, {"reasoning": "To determine if the provided code snippet will generate a compilation error, let's break down each part of the code:\n\n1. The `main` function is defined correctly, which is the entry point for Kotlin programs.\n\n2. The `readLine()` function is used to read input from the standard input, and `!!` operator is used to assert that the input is not null. The input is then converted to an integer using the `toInt()` function. This is syntactically correct.\n\n3. A for-loop is used (`for(i in 0 until t)`) which is valid Kotlin syntax. The loop runs from 0 to `t-1`.\n\n4. Inside the loop, another integer is read using `readLine()!!`. This is similar to step 2 and is syntactically correct.\n\n5. The `max` function is used, but it must be imported. By default, `max` is not available without importing it from `kotlin.math` package. This is where a compilation error arises.\n\n6. The conditional `if(n> 0)` and the subsequent addition operation followed by printing the result using `println(ans)` are all correct and do not cause any compilation errors.\n\nConsidering all the steps, the only potential issue is the use of the `max` function without importing it. This will lead to a compilation error.\n\nThe final answer, taking into account the reasoning steps, is: True", "answer": "True"}, {"reasoning": "Let's break down the code and check for compilation errors:\n1. The 'import' statement looks correct.\n2. Inside the main function:\n   a. The variable 's' uses single quotes to concatenate characters, which is valid.\n   b. The 'readLine()!!' reads a line from standard input and concatenates it.\n   c. Then, 'a' (a char) is concatenated before and after the input string, which is valid.\n3. Variable initialization (sol and last) looks fine.\n4. Initialization of set vowels appears correct.\n5. The 'for' loop iterates and checks whether each position in 's' contains a vowel, which is valid syntax.\n6. The 'if' condition inside the loop seems correct.\n7. The 'max' function from the 'kotlin.math' package compares sol and (pos - last) and updates sol.\n8. 'last' is updated with pos.\n9. Finally, the 'print' statement prints the result.\n\nThere's no evident syntactical mistake in the provided code.\nTherefore, the code does not generate a compilation error.", "answer": "False"}, {"reasoning": "Breaking down the code step by step:\n\n1. The main function is defined correctly and there are no syntax errors in its structure.\n2. A buffered reader object 'r' is created from the system input, and a StringBuilder object 's' is also created. These lines are syntactically correct.\n3. There are multiple lines of code commented out, but comments do not affect the execution or compilation of the code.\n4. The variable 'str' is assigned a non-null input line read from the buffered reader. This is a valid operation.\n5. A list of characters 'list' is initialized correctly, containing specified vowels.\n6. Variables 'dis' and 'max' are initialized to 0, which is valid.\n7. A for loop iterates through the characters of the string in reverse order. This loop structure is syntactically correct.\n8. Within the loop, the characters are checked against the list of vowels and the variables 'dis' and 'max' are updated accordingly. This logic and syntax are valid.\n9. After the loop, an if-else block correctly checks the length of the input string and prints the appropriate max value.\n\nGiven that all lines of code are syntactically correct and logically valid, there are no compilation errors expected in this code.\n", "answer": "False"}, {"reasoning": "To determine if the code generates a compilation error, we need to scrutinize each component of the code for potential problems. Firstly, the import statements appear correct (`java.util.*` and `kotlin.collections.ArrayList`). Then, the variables and functions follow standard Kotlin syntax.\n\nThe main function is defined correctly, using `readLine()!!` to capture input, which will throw an exception if input is null, but this is not a compilation error. The constants and variables like `const`, `list`, and `max` are correctly initialized. The for-loop and if-else conditions are correctly set up, and the steps within them follow logical constraints. The use of `Math.abs` function is apt within the scope, and `println(max)` is a valid statement.\n\nGiven all the above observations, the code is syntactically correct and should not result in a compilation error.", "answer": "False"}, {"reasoning": "1. Import statements for `java.util.*` and `kotlin.collections.ArrayList` are included but seem to be unused in the current code. Unused imports generally do not cause compilation errors but may generate warnings.\n2. `var const = \"AEIOUY\"` declares a variable with the name `const`, which is a reserved keyword in Kotlin. Using reserved keywords as variable names will cause a compilation error.\n3. `readLine()!!` reads a line from standard input and cannot itself cause a compilation error.\n4. `split(\"A\",\"E\",\"I\",\"O\",\"U\",\"Y\")` splits the string into substrings. This is valid syntax.\n5. Usage of `maxBy` for finding the max length in the list is correct.\n6. `println(str1!!.length+1)` prints the length of the longest substring plus one. This method chaining is valid.\n\nTherefore, the critical issue here that leads to compilation error is the use of `const` as a variable name.\n", "answer": "True"}, {"reasoning": "The code is a Kotlin program, so we need to examine it for any potential syntactical or semantical issues that might cause compilation errors.\n\n1. The code imports java.util.* and kotlin.collections.ArrayList. These imports are correct and won't cause an error.\n2. The code defines the main function. This is a valid Kotlin function.\n3. Variables str, const, and list are properly declared and initialized. The syntax appears correct.\n4. The for loop iterating over the string's indices is syntactically correct.\n5. The contains method and list.add(i) method are used correctly.\n6. The second for loop iterating over list's indices also appears correct.\n7. Math.abs function is used, but it should be replaced with kotlin.math.abs since it is a Kotlin program.\n8. No apparent syntax errors in print statement.\n\nIn summary, the code has a minor issue with the usage of Math.abs which should be replaced with kotlin.math.abs. This would generate a compilation error.\nThus, the code generates a compilation error.", "answer": "True"}, {"reasoning": "Initially, the map within the solution function receives a range from 0 to 200 and filters based on whether the difference remains positive and the digits sum matches the subtracted value. Crucially, `digits` function is being called on an integer within a filter, but the `digits` function is an extension function which can be called directly on integer values within the same scope.\n\nTo confirm, the solve method attempts to filter values from 0 to 200 based on specific criteria. The digits function is defined as an extension on Int, which should be accessible in this context. Considering the given code structure, it appears valid in Kotlin and should not produce any compilation error.\n\nNo aspect of the code stands out as problematic for compilation. Thus, the final conclusion is that the code does not produce a compilation error.", "answer": "False"}, {"reasoning": "Let's break down the code step by step:\n\n1. The code imports the `java.util.*` package, which is necessary for the Scanner class.\n2. The main function initializes the Scanner to take input from the standard input.\n3. The program reads an integer `n`.\n4. The `solve` function is called with `n`, and its return value is stored in variable `x`.\n5. The program prints the size of `x` and then iterates over `x` to print each element.\n6. The `solve` function generates numbers from 0 to 200, filters them based on a condition, and maps the results.\n7. The `digits` function calculates the sum of digits of an integer. \n\nThe potential issue lies in the condition within the `filter` function. `filter { (n - it).digits() == it }`. Here, the expression `(n - it)` returns an integer, and the `digits()` function should work correctly. Thus, there should be no compilation error stemming from the logic.\n\nHowever, Kotlin's type inference and generic handling should ensure everything is in order.\n\nConclusion: The code will not generate a compilation error.\n\nThe final answer is: False", "answer": "False"}, {"reasoning": "Let's break this code down step by step and reason if it will generate a compilation error or not.\n\n1. Import Statement: The code imports the `java.util.*` package which is unusual in Kotlin, but might be allowed if Java interop is enabled.\n2. Main Function: The `main` function is defined correctly with parameters as `args: Array<String>`.\n3. Scanner Object: A Scanner object `sc` is created to read the input from System.in. Kotlin supports interoperability with Java, so this is acceptable.\n4. Read Input: `val n = sc.nextInt()` correctly reads an integer input.\n5. Solve Function Call: The `solve` function is called with `n` as an argument and the result is stored in `val x`.\n6. Print Size: `println(x.size)` attempts to print the size of the returned value from `solve` which is expected to be a list or collection.\n7. For-Each Loop: The code correctly iterates over the collection `x` and prints each element.\n8. Solve Function Definition: The `solve` function is defined to take an integer `n` and return a collection result after filtering and mapping.\n9. Digits Function Definition: The `digits` function is defined as an extension function on `Int` which calculates the sum of its digits.\n10. Compilation Issue: Within the `solve` function, the filter expression contains a call to `(n - it).digits() == it`. This call is expected to compare integer values but `digits()` returns an `Int` while `it` belongs to the range `1..200`. Comparison remains valid.\n\nI do not find any syntax errors or invalid Kotlin constructs in the given code.\n\nConclusion: The code does not generate a compilation error.", "answer": "False"}, {"reasoning": "The code includes multiple Kotlin functions. 'solve' is a function that takes an integer and returns a list of integers. The main function reads an integer from the input and then calls 'solve' with this integer. Finally, it prints the size of the returned list and each element in it. The 'digits' function, which 'solve' calls, computes the sum of the digits of an integer.\n\nPotential issues include:\n1. In 'solve', the range (1..200) returns a range object, which is filtered and mapped as expected.\n2. Check if (n - it).digits() == it is a comparison error between an integer and the sum of its digits which might not be intended.\n3. The syntax and logical structure seem correct.\n\nAfter reviewing, there are no syntax errors or compilation issues in the code.\n\nThus, the final conclusion is:", "answer": "False"}, {"reasoning": "Let's break down the code step by step and examine if there are any issues that could lead to a compilation error.\n\n1. The `readB` function is defined and uses `readLine()!!` to read input. It expects input in specific formats. If there is any issue with the input format, this might lead to runtime errors but not compilation errors.\n\n2. The `solveB` function is defined with parameters `n: Int`, `m: Int`, and `times: List<Int>`. It contains logic to compute scores and time left. The logic involves loops and conditional statements, which seem syntactically correct.\n\n3. The `main` function calls `readB`, which is valid in Kotlin.\n\nOverall, considering the syntax and structure, there doesn't seem to be any compilation errors in the provided code.", "answer": "False"}, {"reasoning": "First, let's examine the code step by step to identify any potential compilation errors.\n\n1. This code defines three functions: `readB`, `solveB`, and `main`.\n2. `readB` reads input from the console, splits it into three variables `n`, `k`, `m`, and reads another line of integers as `times`.\n3. `solveB` calculates the maximum score for the tasks based on the given inputs `n`, `m`, and `timesRaw` using a series of nested loops and conditionals.\n4. `main` calls the `readB` function with command line arguments.\n\nCheck for potential issues in the following areas:\n- Variable declarations and definitions\n- Function calls and parameters\n- Logic and flow control\n\nExamining the code:\n- All variable types are correctly declared.\n- Functions `readB` and `solveB` are correctly defined and called.\n- No syntax errors are present.\n- the variable `k` is unused, which can be ignored as it doesn't lead to a compilation error\n\nThus, the code does not appear to generate a compilation error.", "answer": "False"}, {"reasoning": "Let's start by examining the code provided step by step.\n\n1. The function `main` is defined.\n2. In the first line inside the function, the variables `n` and `m` are initialized using input from `readLine()`, which is split and converted to `Long` type.\n3. A variable `sol` is initialized to `0L`.\n4. A `for` loop runs from `1` to `n`.\n5. Inside this loop, the value of `j` is calculated based on `i % 5`. \n6. If `j` equals `0L`, it is set to `5L`.\n7. The value of `j` is then adjusted to `m - j`.\n8. If `j` is greater than or equal to `0L`, the value of `sol` is incremented. \n9. Finally, the value of `sol` is printed.\n\nThere are no syntax issues in the code presented. The functions and operations used are valid in Kotlin, and there are no type mismatches or incorrect uses of language constructs. Therefore, the code does not generate a compilation error.", "answer": "False"}, {"reasoning": "Let's analyze the given code snippet step by step.\n\n1. Imports: The code begins with `import java.util.*`, which imports all the classes from the `java.util` package. This looks fine and should not cause any compilation errors.\n\n2. `main` function: The function `main(args: Array<String>)` is defined, which is the entry point for the Kotlin application. This part is also correct.\n\n3. `readLine` and `split`: The code uses `readLine()` to read a line of input and `split(' ')` to split the input string by spaces. This should work correctly for multiline input.\n\n4. `map(String::toInt)`: The `split` function returns a list of strings that is transformed into a list of integers using the `map` function. This is syntactically correct and should not lead to a compilation error.\n\n5. `var ans: Long = 0` and `var cnt: IntArray = IntArray( 6 )`: The variables `ans` and `cnt` are declared and initialized properly. No compilation issues here.\n\n6. `for` loops: There are two `for` loops that iterate over the range `1 .. m` and `1 .. n`. The usage of these loops and index calculations inside the loops is syntactically correct.\n\n7. `print(ans)`: The final line prints the result `ans`. This is also correct.\n\nUpon reviewing all these steps, the code does not seem to have any syntactical issues that would lead to a compilation error.\n\nFinal conclusion: False (the code does not generate a compilation error).", "answer": "False"}, {"reasoning": "The provided Kotlin code appears to be syntactically correct. Here's the step-by-step analysis to ensure there are no compilation errors:\n\n1. The `main` function is defined properly.\n2. The `val r = System.\nin\bufferedReader()` statement reads the input properly.\n3. The `val s = StringBuilder()` initializes a `StringBuilder` object, though `s` is unused.\n4. The input values `m` and `n` are read and split, then mapped to `Long` type properly.\n5. The variable `ans` is initialized as `0L` and is appropriately updated with arithmetic operations.\n6. The `when` statement checks conditions correctly without any syntax errors.\n7. The final output is printed using `println(ans)`.\n\nAfter examining the code, I conclude that it does not contain any syntax errors that would lead to a compilation error. The code should compile and run correctly.\n", "answer": "False"}, {"reasoning": "The code provided is written in Kotlin. Let's evaluate it step by step to check for any compilation errors:\n\n1. Importing the `java.util.*` package.\n2. Defining the `main` function with a `String` array argument called `args`.\n3. Reading a line of input and splitting it into two integers `n` and `m` using `readLine()!!` and mapping the result to integers.\n4. Initializing a Long variable `ans` to 0.\n5. Declaring and initializing an `IntArray` called `cnt` with a size of 6.\n6. Looping from 1 to `m` (inclusive) and incrementing the respective indices of `cnt` with the modulo 5 of the index.\n7. Looping from 1 to `n` (inclusive) and updating `ans` by adding the value of `cnt` at the calculated index and the modulo of `(5 - i % 5) % 5`.\n8. Printing the value of `ans`.\n\nAll provided code lines are using correct syntax, and there are no use of incorrectly spelled language syntax or library functions. Therefore, the code does not generate a compilation error.", "answer": "False"}, {"reasoning": "1. The code imports 'java.util.*' but does not use any classes or functions from this import, which is unnecessary but does not cause a compilation error.\n2. The main function takes 'args' as an argument but does not use it, which is also fine.\n3. The code reads a line of input and splits it into 'n' and 'm', converting them to integers.\n4. It declares 'ans' as a Long and 'cnt' as an IntArray of size 6.\n5. A for loop iterates from 1 to 'm', incrementing the count for 'i % 5'.\n6. Another for loop iterates from 1 to 'n', adding to 'ans' the count from the 'cnt' array.\n7. Finally, it prints 'ans'.\n\nAll steps are syntactically correct and follow Kotlin's conventions. Hence, the code does not generate a compilation error.", "answer": "False"}, {"reasoning": "Let's break down the reasoning steps to determine if the code generates a compilation error or not:\n\n1. **Imports and Package Usage**: The code imports several packages namely `java.util.*`, `java.io.*`, and `java.lang.Math.*`. These imports seem fine and do not cause compilation issues.\n\n2. **Function Definitions**: The code defines two `exit` functions which handle messages of type `String` and `Long`. These function definitions are correct, and the overloaded nature does not cause any compilation issues.\n\n3. **Main Function and Scan Object**: The `main` function uses a custom `scan` object to read input values which is well-defined using `BufferedReader` and `StringTokenizer`. There are no apparent compilation issues here.\n\n4. **Variable Declarations and Lambda**: The code correctly declares variables `n`, `m`, `xi`, `ni`, `mi`, and `res`. The lambda function `xi` has a clear definition iterating over a range and filling a `LongArray`. This is correctly done.\n\n5. **Integration and System Call**: Finally, it calculates `res` correctly and calls the `exit` function with the result, which works without any compilation errors.\n\nAfter examining all steps, I can conclude that the code does not generate a compilation error.", "answer": "False"}, {"reasoning": "The code provided is primarily Kotlin code, with elements of Java incorporated. However, there are some significant issues that will lead to compilation errors.\n\n1. **Imports**: In the statement \"import java.io.*\", the wildcard character \"*\" is not properly handled by Kotlin, which doesn't support wildcard imports in the same manner as Java.\n2. **Lambda Expression Syntax**: Kotlin does use lambda expressions, but one of them is utilizing Java-like syntax, which needs to be corrected. Specifically, the forEach loop: \n   ```\n   (1 until stringLength) {\n    val char = scanner.nextChar()\n   ```\n   should be like:\n   ```\n   for (i in 1 until stringLength) {\n    val char = scanner.nextChar()\n   ```\n3. **Illegal Function Names**: The method \"fuckExceptions\" contains a vulgar word. Kotlin identifiers should follow Java\u2019s identifier naming rules, so this should be renamed.\n4. **Extension Function Issues**: The code is using Java-style methods inside Kotlin interfaces. It does not align with Kotlin's style and may lead to issues.\n\nTaking into consideration these issues, the code is highly likely to cause a compilation error.", "answer": "True"}, {"reasoning": "Let's break down the code step by step to identify any issues that might cause a compilation error:\n\n1. Import statement: `import java.util.*`\n   - This is commonly used in Java but in the given code, it is irrelevant because the code is written in Kotlin.\n2. Function definition: `fun main(args: Array<String>)`\n   - This is a valid Kotlin function definition for the main method.\n3. Reading input: `val ( n, m ) = readLine()!!.split(' ').map(String::toInt)`\n   - This line is correct for reading and parsing space-separated integers in Kotlin.\n4. Variable declaration: `var ans: Long = 0`\n   - Declares a long integer variable initialized to 0, which is valid.\n5. Array initialization: `var cnt: IntArray = IntArray( 6 )`\n   - Initializes an array of integers of size 6, which is valid.\n6. Loop: `for( i in 1 .. m ) cnt[i % 5]++`\n   - This loop increments elements in the array `cnt`, which is valid.\n7. Loop and calculation: `for( i in 1 .. n ){ ans += cnt[( 5 - i % 5 ) % 5] }`\n   - This calculates the answer correctly using the `cnt` array.\n8. Output: `print( ans )`\n   - This prints the result, which is correct.\n\nReviewing these steps, the code does not have any compilation errors. The syntax is correct for Kotlin, and all the steps follow the language rules.\n\nTherefore, the final answer is:\nFalse.", "answer": "False"}, {"reasoning": "To determine if the provided code snippet generates a compilation error, I will break down the critical elements and see if they adhere to the Java and Kotlin syntax and semantics rules.\n\nFirst, the `Printer` constructor requires the use of a BufferedOutputStream, which is correct as provided. However, the `Reader` constructor appears incomplete, requiring further scrutinization.\n\nSecond, check if `solve()` with the signature `solve(reader, writer)` matches the function definition with identical parameters, ensuring it does. Third, examine how `Reader` facilitates input reading, confirming `Buffered` is established correctly. Further, `nextMostToken()` and `nextInt()` methods verify tokenizer setup.\n\nFourth, enforce accurate loop iteration, accurate Math methods utilization, proper `try-catch` blocks for exception handling.\n\nFifth, final scope validation ensures all class and method definitions are adequately closed.\n\nThus, examining all evident elements meticulously, one confirms the snippet compiles without errors.", "answer": "False"}, {"reasoning": "Let's begin by analyzing the code step by step:\n1. Import statements: `import java.io.BufferedReader`, `import java.io.InputStreamReader`, `import kotlin.math.max`, and `import kotlin.math.min`. Import statements look correct.\n2. The `main` function: It starts by initializing a `BufferedReader` object to read from standard input.\n3. Reading and splitting inputs: The code reads a line of input, splits it by spaces, and maps the split strings to Long values, assigning them to `n` and `m`.\n4. Compute minimum and maximum bounds: The code computes the minimum and maximum values between `n` and `m` using `min` and `max` functions.\n5. Print result: It uses `println` to print the result of a fold operation on a range from 1 to `minBound`, accumulating and computing the result.\n\nLet's check if there are syntax issues with the code:\n1. The import statements do not include a semicolon.\n2. The code is missing a semicolon at the end of import statements.\n\nFrom the above steps, we can reason that the code will throw a compilation error due to missing semicolons.\n\nFinal answer: True", "answer": "True"}, {"reasoning": "To approach analyzing the provided code creatively, let's paint a metaphorical picture of logical steps we could take to unlock the mysteries hidden within the code:\n\n1. First, we want to capture the essence of the imported libraries: \"java.util.*, java.io.*, and java.lang.Math*.\" These libraries offer us a vast palette of functionalities, from utility classes to input-output operations, and mathematical operations.\n\n2. Then, we move on to the foundational strokes, which encompass the functions defined: \n   - Specifically, the \"exit\" function cleverly overloaded to handle both String and Int parameters via dynamic dispatch.\n   - This function crafts a narrative where it prints the message and gracefully exits the program.\n\n3. As we progress, the \"main\" function emerges with the powerful val \"scan\" using the majestic BufferedReader and StringTokenizer classes from the previously imported libraries.\n\n4. The \"main\" function's composition involves scanning and processing input values using the \"scan\" object, placing a harmonious blend of data within an array.\n\n5. The conditional climax checks if all elements in the processed array are identical and accordingly invokes the \"exit\" function with either \"Yes\" or \"No.\"\n\n6. While we took time to appreciate this logical artwork, doubts linger whether such a magnificent code is free of compilation errors. Through examining each brushstroke (import libraries, and syntactic constructs) it becomes clear there are neither syntax errors nor unresolved references.\n\nThus, the final conclusion, endorsed by the artistic validation, deems the code free from compilation errors: False.", "answer": "False"}, {"reasoning": "1. The code begins by importing necessary classes from both Java and Kotlin standard libraries. The import of classes from Java standard library in a Kotlin environment indicates an intent to utilize Java's I/O capabilities.\n\n2. The main function is defined, which is the entry point of the Kotlin program.\n\n3. A BufferedReader is created to read input from the standard input stream. This requires importing 'java.io.BufferedReader' and 'java.io.InputStreamReader'. However, the 'import' statements for these Java classes are incomplete; they need to end with a semicolon.\n\n4. The BufferedReader reads a single line of input, which contains two integers 'n' and 'm'. These integers are split and mapped to their integer values. This part is properly implemented.\n\n5. The variables 'minBound' and 'maxBound' are calculated using the 'min' and 'max' functions from the 'kotlin.math' package. The 'import' statements for these functions are complete and correct.\n\n6. The program calculates the required result and prints it using println(). The logic inside the fold operation seems correct, and there is no evident issue related to this part of the code.\n\nHowever, as the 'import' statements for Java classes are incomplete, this will cause a compilation error.\n\nFinal Answer: True", "answer": "True"}, {"reasoning": "The code provided is written in Kotlin. The steps to determine if there will be any compilation error are as follows:\n1. The main function is defined correctly using 'fun main()'.\n2. The readLine() function is used to take input from the user, which is split into two parts and mapped to integers (n and m). This syntax is correct.\n3. A variable 'sol' is initiated with the value 0.\n4. A for loop is defined to iterate from 1 to n, which is the correct syntax in Kotlin ('for (i in 1..n)').\n5. Inside the loop, the variable 'j' is calculated correctly with '5 - i % 5', and then adjusted if 'j' is 0.\n6. Another calculation is done for 'j', and if j is greater than or equal to 0, 'sol' is incremented with the appropriate value.\n7. Finally, the 'sol' value is printed.\n\nThe provided code does not have any syntax errors and follows the correct Kotlin syntax. Therefore, it will not generate any compilation errors.", "answer": "False"}, {"reasoning": "Let's dissect the code step-by-step to uncover any potential compilation error.\n\n1. The `main` function contains nested functions: `readInt`, `readLong`, `readInts`, and `readLongs`. All these functions use `readLine` and its methods appropriately.\n2. The `points` array is defined next with three default pairs of `(0, 0)`. During the for-loop iteration, values from `readInts` are correctly assigned to respective elements in the `points` array.\n3. The `f` function defined outside the `main` function correctly computes the new pairs based on the inputs. \n4. Inside the `main` function, the `sols` set collects six pairs after invoking the function `f`\n5. The original `points` are removed from the `sols` set\n6. Finally, the set size and its contents are correctly printed.\n\nEvery aspect appears syntactically and semantically correct. There are no undeclared variables or incorrect types.\n\nTherefore, the code does not generate a compilation error.\n", "answer": "False"}, {"reasoning": "Let's explore the code line by line:\n\n1. Package and imports: \n```Go\npackage main\nimport \"fmt\"\n``` These lines are correct and should not cause any compilation errors.\n\n2. Variable declarations and input scan: \n```Go\nvar n,k int\nfmt.Scanf(\"%d%d\",&n,&k)\n``` These lines are correct and should not cause any compilation errors.\n\n3. Calculations and for loop: \n```Go\nremain := 240 - k\nsum := 0\nvar ans int = 0\nfor var i int = 1;i<=n&&sum<=remain;i++{\n\tsum += 5*i\n\tif sum<=remain\n\t\tans = i\n}\nfmt.Println(ans)\n``` \n- `remain`, `sum`, and `ans` variable initializations are correct.\n- The issue arises with `for var i int = 1;`.\n      - You cannot declare a variable inside the for loop's initialization statement using `var`. You should use `i := 1`.\n- Next, in the conditional statement `if sum<=remain`, there is a missing `{` to start the if block.\n\nConsidering the above points, the code contains compilation errors.\n\nFinal answer: `True`", "answer": "True"}, {"reasoning": "Let's break down this code piece by piece to check for any potential compilation errors.\n\n1. **Package Declaration:** The code begins with `package \"main\"`, which is the correct way to start a Go program.\n\n2. **Import Statement:** The code imports the \"fmt\" package, which is properly declared using `import \"fmt\"`.\n\n3. **Function main():** The code correctly declares the main function using `func main() {` and includes the closing brace at the end.\n\n4. **Variable Declaration:** The code declares two integer variables, `n` and `k`, using `var n,k int`, which is correct.\n\n5. **Input Scanning:** The code uses `fmt.Scanf` to read input values for `n` and `k`. The format specifier `%d%d` and the address-of operators `&n` and `&k` are used correctly.\n\n6. **For Loop:** The code uses a for loop `for i := 1; i <= n; i++ {`. The loop is correctly formed.\n\n7. **If Condition and Output:** The code has an if condition to check `if 5 * i * (i + 1) / 2 + k > 240 {` which is correctly formed. Inside the if block, it prints `i - 1` and returns from the function which is correct.\n\n8. **Final Print Statement:** The code prints `n` if the for loop completes without hitting the return statement.\n\nTaking all these points into consideration, there are no syntax errors or issues that would cause a compilation error in the provided code.", "answer": "False"}, {"reasoning": "Step 1: Check the package declaration. The package declaration is correct.\n\nStep 2: Check the import statement. The import statement is correct.\n\nStep 3: Analyze the main function. Within the main function, variables n and k are declared correctly.\n\nStep 4: Evaluate the use of fmt.Scanf. The fmt.Scanf function is used correctly to scan two integers.\n\nStep 5: Investigate the for loop and the conditions within it. The loop starts from i=0 to less than n and checks an if condition. The loop, condition, and the print statements are logically correct.\n\nNone of the steps indicate any compilation errors. The code follows strict syntax and logical correctness.\n\nConclusion: The code does not generate a compilation error.", "answer": "False"}, {"reasoning": "First, I will analyze the first line of the code to check for any syntactical errors.\nThe line `package \"main\"` should be written as `package main`. Quotation marks are not used with the package declaration in Go.\nThis mistake in the package declaration will cause a compilation error.\nHence, the code will not compile.", "answer": "True"}, {"reasoning": "Step 1: Analyze the code for any syntax errors.\nThe code appears to be well-structured with functions and variable declarations aligning to Go standards. The presence of helper functions for sorting, math operations, and IO suggests comprehensive handling of input and output operations.\n\nStep 2: Identify potential code duplicities or conflicts.\nThere is a definite duplication with the 'main' function. The 'main' function is defined twice, which is not allowed in Go. This will lead to a compilation error.\n\nFinal Step: Conclude if there is a compilation error.\nDue to the duplicate 'main' function, the code will generate a compilation error.\n", "answer": "True"}, {"reasoning": "Step 1: Analyzing the code setup.\nThe package 'main' is imported so the code has a main entry point and necessary imports for its execution.\n\nStep 2: Analyzing the function signatures.\nThe main function 'solve339a' is defined correctly which encapsulates the logic intended to solve a specific problem.\nAnother helper function 'appendNumber' is defined to modularly support the main logic.\n\nStep 3: Checking the parsing from standard input.\nThe 'fmt.Scan(&equation)' function will read input and as long as it is a string without spaces within 100 characters, it can parse correctly.\n\nStep 4: Counting digit occurrences.\nCorrect implementation to count '1', '2', '3' from the input string with suitable increments within the loop.\n\nStep 5: Conditional logic after counting.\nIf the sum of counts of '1', '2', '3' is less than or equal to one, print the equation directly, which is correct.\n\nStep 6: String construction and printing.\nThe 'appendNumber' function is called to construct the result string and append the digits, maintaining the respective counts.\n\nStep 7: Compilation checks.\nNo syntactical errors or type mismatches seen.\nString handling and fmt package usage are correct.\nThus, the code should compile without errors.", "answer": "False"}, {"reasoning": "Let's break down the code, like sketching out a rough outline before painting.\n\n1. We begin with the import statements. We import several packages: \"fmt\", \"strings\", \"math/rand\", \"sort\", and \"sync\". These packages are standard and should not cause any compilation errors.\n\n2. We define a constant `MAX` with the value 3. This is perfectly valid and should not cause any compilation errors.\n\n3. We define a function `Sort` that takes an array of integers `A` and an integer `N`. This function splits the array into smaller segments, sorts each segment concurrently using goroutines, and then merges the sorted segments. The function uses the `sync.WaitGroup` from the `sync` package for synchronization. The logic seems correct, and there should not be any compilation errors here.\n\n4. We then define the `main` function. It reads a string input using `fmt.Scanln`, splits the string into substrings based on the \"+\" character, converts each substring into an integer, and stores these integers in the `ints` slice. Up to this point, the code appears correct and should not produce any compilation errors.\n\n5. The `main` function sets `N` to a random integer between 1 and the length of array `A`. Here is where the flaw lies: \n\na. The array `A` is not defined in the `main` function, so referencing `A` will cause a compilation error.\n\nAfter evaluating all steps, the code indeed generates a compilation error due to the undefined variable `A`.\n\nFinal Answer: True", "answer": "True"}, {"reasoning": "The main task is to check if the given code generates a compilation error or not. \n\nStep 1: The package 'main' and the import of 'fmt' are standard and do not cause any errors.\n\nStep 2: The main function begins which is correctly defined. \n\nStep 3: A variable 'n' of type 'int64' is declared, and it is used in the 'fmt.Scanf' function. The usage of '%d' format specifier is proper for reading integer values, and 'fmt.Scanf' does not cause any compilation error.\n\nStep 4: Another variable 'r' of type 'int64' is declared and initialized. This is correctly done and does not cause any errors.\n\nStep 5: The `for` loop is correctly used to iterate, it begins from 2 and goes up to 'n/2' with a step increment of 2, and there is no syntax error in this loop.\n\nStep 6: The variable 'r' is incremented inside the loop, which is syntactically correct.\n\nStep 7: Finally, 'fmt.Println(r)' is used to print the value of 'r', which is correctly used and does not produce any error.\n\nConsidering all the steps, the code does not contain any syntax errors or issues that would result in a compilation error.", "answer": "False"}, {"reasoning": "To determine if there's a compilation error in the provided code, we should break down the code structure and components: \n1. The code seems to be written in Go programming language.\n2. The 'main' function is declared correctly.\n3. The 'fmt' package is being used, however, it's not imported. This will cause a compilation error.\n4. The variables 'n', 'm', and 'a' are declared correctly.\n5. The 'fmt.Scanln' function requires the 'fmt' package, which again is missing from the imports.\n6. The if conditions and the operations performed are syntactically correct. \n7. The final 'fmt.Println' function is also correct, but due to the missing 'fmt' package import, it will cause a compilation error.\n\nBased on the above steps, the absence of the necessary 'fmt' package import will cause the code to generate a compilation error.", "answer": "True"}, {"reasoning": "Let's start by analyzing the provided code step-by-step to identify if it will generate a compilation error:\n\n1. The code declares the main package and imports the necessary 'fmt' and 'math' packages.\n2. Inside the 'main' function, it declares several variables of type float64: n, m, a, ndiva, and mdiva.\n3. The code uses 'fmt.Scanf' to scan user input into n, m, and a. This part looks fine.\n4. The code then attempts to print the result of a mathematical operation using 'math.Ceil'. The 'math' package import will allow usage of its functions without any issue.\n5. The commented section checks for floating-point modulo operations and assigns to ndiva and mdiva based on the condition. While commented, it won't affect compilation.\n6. Lastly, the code prints the result using 'fmt.Println'. This function correctly accesses 'math.Ceil'.\n\nIn conclusion, no compilation errors are in the provided code.\nFinal Answer: False", "answer": "False"}, {"reasoning": "To determine if the code generates a compilation error, let's break down the steps:\n\n1. **Function Declaration**:\nThe main function is declared correctly using `func main() {}`.\n\n2. **Variable Declarations**:\nThe variables `a`, `m`, and `n` are declared as integers without initialization, which is syntactically correct.\n\n3. **Input Scanf Function**:\nThe `fmt.Scanf` function is used to read input values and store them in `m`, `n`, and `a`. However, there might be a missing import of the `fmt` package required for using `fmt.Scanf`.\n\n4. **Arithmetic Operations and Conditions**:\nThe code performs arithmetic operations and conditional checks on the variables. These operations are syntactically correct.\n\n5. **Print Function**:\nThe code uses `fmt.Println` to print the result, but if the `fmt` package isn't imported, this would cause a compilation error.\n\nBased on these steps, the missing import of the `fmt` package likely results in a compilation error.\n\nTherefore, the answer is True.", "answer": "True"}, {"reasoning": "The key to determining whether this code will result in a compilation error lies in carefully examining the variable types and syntax. \n\n1. The input format string is incorrect with %b instead of %f for float64 values in fmt.Scanf(). This will cause a compilation error. \n2. The expression `a_in_n_and_m = a_in_n_ceil * a_in_m_ceil` is missing the variable declaration `var a_in_n_and_m uint64`. \n3. In the condition `if flagstone_volume >= square_volume`, the types being compared (float64 and float64) are compatible. \n4. Although the variable `a_in_n_and_m` is reassigned within the if statement, the previous error regarding the undeclared variable would cause a compilation error first. \n\nConsidering these points, the verdict is that the code will indeed result in a compilation error.", "answer": "True"}, {"reasoning": "Let's examine the code step by step to determine if it contains any compilation errors.\n\nFirst, we import several packages: `bufio`, `io`, `os`, `strconv`, `strings`, `fmt`, `time`, `log`, `math`. All of these imports are standard Go packages and should not cause any issues on their own.\n\nNext, we define the `MyInput` struct and start implementing its methods.\n\nThe `start` method initializes a buffered reader and reads input line by line. It sends each line (trimmed of whitespace) to a channel `lineChan` and signals when initialization is complete by sending a struct to the `done` channel. If reading from the `rdr` encounters an error, it panics, unless the error is `io.EOF`, in which case the loop breaks.\n\nThe `readLine` method reads from `lineChan`, initializing it if necessary, and panics if the channel is closed.\n\nThe `readInt` method reads a line and converts it to an integer, panicking if the conversion fails.\n\nThe `readInt64` method reads a line and converts it to an int64, panicking if the conversion fails.\n\nThe `readInts` method reads a line, splits it into segments by spaces, and converts each segment to an integer, appending it to a result slice. It panics if any conversion fails.\n\nThe `readInt64s` method works similarly but converts each segment to an int64.\n\nThe `readWords` method reads a line and splits it by spaces into a slice of strings.\n\nThe main function initializes a `MyInput` struct with `os.Stdin` as the reader and calls the `solve` function with the result of `mi.readInt64s()`.\n\nFinally, the `solve` function computes the number of tiles needed to cover a rectangular area (`w` by `h`) with tiles of size `p`. It then prints the result as an integer.\n\nAll functions and methods appear to be correctly defined and used. There are no missing imports, and the types of arguments passed between functions are consistent.\n\nThus, the code does not generate any compilation errors.", "answer": "False"}, {"reasoning": "Let's break down the given code step by step to determine if it would generate a compilation error:\n1. Package Declaration: The package 'main' is correctly declared.\n2. Imports: All imported packages (bufio, fmt, io, strconv, and os) exist and are correctly imported.\n3. Main Function: The main function tries to read integers using 's.NextInt()'. However, 's' is declared as a pointer to 'InOut' but 'NextInt()' is not a method of 'InOut'. It should use 'Next()' instead.\n4. Division and Modulus Operations: These operations are correct.\n5. Print and Flush: 's.Println()' and 's.Flush()' are correctly called on the 'InOut' object which embeds 'bufio.Writer'.\n6. Global Variable 's': The 's' variable is declared outside functions.\n7. Init Function: The 'init' function initializes 's' correctly.\n8. 'InOut' Type: The 'InOut' type embeds 'bufio.Reader' and 'bufio.Writer', and the methods 'Next', 'NextLine', 'NextStr', 'Print', 'Println', and 'PrintlnNow' are declared correctly.\n\nAfter analyzing these steps, we conclude that the code will generate a compilation error because 'NextInt()' is not a method of 'InOut'. The correct method to use for fetching integers is 'Next()'.\n\nThus, the final answer is True.", "answer": "True"}, {"reasoning": "Let's analyze the code step by step:\n1. The \"main\" package is being imported successfully.\n2. The \"fmt\" and \"math\" libraries are being imported successfully.\n3. In the main function, three variables n, m, and a are declared with uint64 type.\n4. fmt.Scan function is used to take input from the user for n, m, and a. This part is correct.\n5. The fmt.Println function is used to print the result of a mathematical computation. Here lies the issue, math.Ceil() function returns a float64 and the variables are uint64, a type mismatch occurs causing a compilation error.\n\nTherefore, the code does indeed generate a compilation error.\n\nFinal answer: True.", "answer": "True"}, {"reasoning": "First, check the capitalization. 'fmt.scanln' should be 'fmt.Scanln' and 'fmt.print' should be 'fmt.Println'. Go is case-sensitive, and standard library functions use capital letters.\nSecond, check for syntax errors and missing details. Go uses camelCase for function names, hence 'scanln' and 'print' should be correctly capitalized.\nThird, ensure the logic itself is solid. Correct capitalization errors will resolve any compilation issues because Go's compiler expects specific standard library calls to be properly referenced.\nTherefore, these capitalization errors in 'fmt.scanln' and 'fmt.print' will cause a compilation error.", "answer": "True"}, {"reasoning": "1. This Go code defines a package `main` and imports necessary libraries.\n2. In the `main` function, three variables n, m, and a are assigned values using an `InOut` object's `NextInt64` method. The `InOut` object is referenced as `s`, but there is no `InOut` object named `s` defined in the scope of the main function.\n3. These variables are used to calculate values x and y, which represent the number of blocks required to cover an area defined by n, m and a. The results of these calculations are then printed with `s.Println` and `s.Flush`.\n4. The code does define a global variable `s` of *InOut type, but it's initialized in the `init` function, which might not be executed before requiring `s` in the `main` function.\n5. There's an issue because the `s` is used before the `init` function runs and initializes it.\n6. Overall, the scope of the issue is that `s` is referenced in the `main` function before being properly initialized, causing a potential nil pointer dereference.\nThus, the code as it stands will generate a compilation error due to these logical issues.", "answer": "True"}, {"reasoning": "1. The code starts with the 'main' package declaration which is correct and necessary for a standalone Go program.\n2. The 'fmt' package is imported for formatted I/O operations and it is correctly done.\n3. Inside the 'main' function, three integer variables 'n', 'm', and 'a' are declared and then used with 'fmt.Scan' to read input values from the user, which is valid.\n4. The next line declares two unsigned integer variables 'tiles1' and 'tiles2' and initializes them with the result of integer division of 'n' by 'a' and 'm' by 'a' respectively. This is incorrect because Go does not allow implicit type conversion between int and uint.\n5. The if conditions and increment operations for 'tiles1' and 'tiles2' are all syntactically correct.\n6. 'hasil' is declared as an unsigned integer and initialized with the product of 'tiles1' and 'tiles2', which is accurate.\n7. Finally, 'hasil' is printed using 'fmt.Println', which is correct.\n\nDue to the type mismatch error between 'int' and 'uint' in the `tiles1` and `tiles2` variables assignment, the code will not compile.", "answer": "True"}, {"reasoning": "Consider each element step by step.\n1. The import of fmt package is correctly done.\n2. Inside the main function, variables i, j, k are correctly declared and input is scanned properly.\n3. The line 'var int n = i/k' errors as 'var' should not be used with 'int' in this manner, the correct usage is 'var n int = i / k'.\n4. Similarly for 'var int m = j/k', 'var' should not be used with 'int', the correct usage is 'var m int = j / k'.\n5. The rest of the code is logically sound.\nTherefore, the code generates a compilation error due to incorrect variable declaration syntax in lines \"var int n = i/k\" and \"var int m = j/k\".", "answer": "True"}, {"reasoning": "Let's dissect the code step by step like an artist creating a masterpiece. \n\n1. **Initialization:** The package 'main' is imported followed by the import of the 'fmt' package for formatted I/O operations. \n\n2. **Function Definition:** The main function is defined, indicating the entry point of the program. \n\n3. **Variable Declaration:** Three int32 variables 'a', 'b', and 'c' are declared. Additionally, an integer variable 'result' is initialized with the value 1. \n\n4. **User Input:** The fmt.Scan command is used to collect input values for 'a', 'b', and 'c'. \n\n5. **Conditional Logic:** The code checks if 'a' and 'b' are divisible by 'c' without leaving a remainder. Depending on this check, it either multiplies 'result' by the integer division of 'a'/'c', or the integer division of 'a'/'c' + 1. Similar operations are performed for the variable 'b'. \n\n6. **Output:** Finally, the 'result' is printed using fmt.Println.\n\nUpon analyzing all the steps, I don't see any syntactical errors or misuses of language constructs. \nThus, the code does not generate a compilation error.\n", "answer": "False"}, {"reasoning": "The code might generate a compilation error due to a missing import for 'math', which is not used within the code. All used components are correctly imported (fmt). The logic of the code is also correct, and the types match properly. Therefore, it should compile without errors. \n\n The final answer is: False", "answer": "False"}, {"reasoning": "Let's break down the code step by step:\n\n1. The package declaration `package main` is correct for an executable Go program.\n2. Importing the `fmt` and `math` packages is also correct.\n3. Within the `main` function, three float64 variables `n`, `m`, and `a` are declared.\n4. The `fmt.Scanf` function is used to read three float64 values from the standard input. The function returns two values: the number of successfully scanned items (which is ignored using `_`) and an error value `err`.\n5. Finally, the result of `math.Ceil(m/a) * math.Ceil(n/a)` is calculated and printed, which is a valid operation as both `math.Ceil(m/a)` and `math.Ceil(n/a)` would return float64 values.\n\nThere are no obvious issues with the code that would cause a compilation error. Therefore, the code does not generate a compilation error.", "answer": "False"}, {"reasoning": "Step 1: Importing the package\nThe code starts by importing the \"fmt\" package. This is correct as it does not produce any compilation error.\n\nStep 2: Declaring and initializing variables\nIn the main function, we declare three integer variables i, j, and k. This is also correct.\n\nStep 3: Scanf function call\nThe code uses fmt.Scanf to read three integers. This is fine and does not produce any compilation error.\n\nStep 4: Declaring variables n and m\nThe code attempts to declare 'n' and 'm' using 'var int n = i/k' and 'var int m = j/k'. This is incorrect syntax in Go. The correct way to declare and initialize variables simultaneously is using ':=' operator. For example, 'n := i/k'. Because of this incorrect syntax, the code will generate a compilation error.\n\nStep 5: If conditions to increment n and m\nThe conditions 'if i%k!=0' and 'if j%k!=0' are correct and do not produce any compilation errors.\n\nStep 6: Println function call\nThe code uses fmt.Println(n*m) to print the result. This is syntactically correct and does not produce any compilation error.\n\nFinal Conclusion: The error in declaring and initializing variables n and m causes the compilation error.", "answer": "True"}, {"reasoning": "Let's break down the code step by step to identify if it generates a compilation error:\n\n1. The package import section `import (\"fmt\")` is correct.\n2. The `main` function is correctly defined. However, Go requires the `main` function to be part of the `main` package, which is not specified here. This will lead to a compilation error.\n3. Inside the `main` function:\n   - Variables `n, m, a` are correctly declared with `var`.\n   - The `fmt.Scanf()` function is used correctly to read input values.\n   - The variable `width` is calculated as `n/a + 1`. While this is correct in terms of syntax, it might not produce the expected logical result if `n` is exactly divisible by `a`.\n   - The variable `height` is calculated similarly.\n   - The `fmt.Println()` function is used correctly to print the result.\n\nThe primary issue here is the missing `package main`, which will cause a compilation error. There are no other syntax errors in the code.\n\nFinal Conclusion: The code will generate a compilation error due to the missing `package main` statement.", "answer": "True"}, {"reasoning": "1. Step into the world of package 'main' and embrace the imports of fmt package.\n2. Delve into the 'main' function, where we declare multiple int64 variables.\n3. Observe the use of fmt.Scan to take inputs.\n4. Notice the first 'if' block checks for n % a and assigns value to x1 appropriately.\n5. The second 'if' block checks for m % a and assigns value to x2. Here lies a twist: inside the 'else' block, instead of assigning value to existing x2, it declares a new variable x2 within the block (shadowing the original x2).\n6. This results in the compiler losing track of the outer x2 within the expression used to calculate 'result'.\n7. Finally, the format of x2 in 'result = x1 * x2' causes an unresolved reference hence leading to a compilation error.\n\nThus, the code generates a compilation error.", "answer": "True"}, {"reasoning": "Step 1: Importing necessary packages: The code imports the fmt and sort packages without errors. \n\nStep 2: Define function min: The min function is defined correctly and without errors.\n\nStep 3: Define main function: The main function is defined correctly. However, we need to check the inner logic.\n\nStep 4: Scanning inputs: fmt.Scanln and fmt.Scanf are used correctly to read inputs. \n\nStep 5: Initializing arrays: Arrays a and b are initialized correctly. \n\nStep 6: Sorting arrays: sort.Ints is correctly used to sort arrays.\n\nStep 7: Logic for finding the minimum common element: This part of the code is correct.\n\nStep 8: Logic for handling no common elements: The final if condition correctly handles the case of no common elements. \n\nConclusion: The code does not contain any compilation errors and adheres to correct syntax and logic.", "answer": "False"}, {"reasoning": "To determine if the code generates a compilation error, we need to follow several steps. First, check for any syntax errors in the Go code such as missing brackets, incorrect use of symbols, etc. Next, analyze whether all imports are correctly stated and used. Thirdly, ensure that variables are correctly declared and used within functions. Lastly, make sure that all functions are correctly defined and called.\n\nStep 1: Check syntax.\nThe syntax seems correct: brackets match, semicolons are properly used, no misplaced symbols.\n\nStep 2: Verify imports.\nThe 'fmt' and 'sort' packages are correctly imported and used in the code.\n\nStep 3: Check variable declaration and usage.\nVariables 'n', 'm', 'a', 'b', 'ans' are correctly declared and used. There are no signs of misuse or redevelopment.\n\nStep 4: Check functions.\nThe 'main' function and 'min' function are correctly defined and called. Their usage and logic look sound.\n\nAfter reviewing all these steps, we can conclude that the code does not generate any compilation errors, as all parts appear correctly implemented.", "answer": "False"}, {"reasoning": "To determine if the provided code generates a compilation error, we will break down the essential components and inspect each one.\n\n1. Package Declaration: The code starts with declaring the \"main\" package. This is correct.\n2. Import Statements: The code imports multiple libraries (\"bufio\", \"fmt\", \"os\", and \"strconv\"). All of these libraries are valid.\n3. Function solve(): This function appears well-formed, using standard Go syntax.\n4. Variable scanner Declaration: The variable scanner is declared globally as a *bufio.Scanner, which is valid.\n5. Function main(): This defines the scanner with buffer settings and calls the solve() function.\n6. Supporting Functions: This includes readString(), readInt(), and readInt64(). All of these are functional.\n\nNone of the components indicate a syntax or compilation error. The code exhibits correct usage of Go's standard library functions and structure.", "answer": "False"}, {"reasoning": "1. The code starts by importing the required packages, fmt and sort.\n2. The `min` function is defined correctly to return the minimum of the two integers.\n3. The `main` function begins by declaring two integers n and m.\n4. The values for n and m are scanned using `fmt.Scanf`.\n5. Two slices, `a` and `b`, with lengths `n` and `m` respectively, are created using `make`.\n6. There are loops to scan values into these slices, but there is a small mistake: the second loop should iterate over m instead of n. This results in index out of range error for slice b.\n7. After populating the slices, they are sorted using `sort.Ints`.\n8. The variable `ans` is initialized to a large value.\n9. A nested loop checks for common elements in slices `a` and `b`, updating `ans` accordingly.\n10. A conditional block is provided to adjust `ans` if it's zero, though it seems it rarely will be zero given the above logic.\n11. Finally, the value of `ans` is printed.\n12. The code has an issue in the second for loop where it scans values for slice b. The index goes out of range since it uses n instead of m.\n\nConclusion: The code generates a compilation error due to the incorrect loop length in the second loop (index out of range).", "answer": "True"}, {"reasoning": "Looking at the code provided, there are no obvious syntax errors. The code includes imports and function declarations, assignments, loops and conditions, among other typical constructs.\n\nThe 'main' function correctly uses fmt.Scanf to read input values, it assigns variables and uses slices and it also ensures sorting with sort.Ints()\n. The code does not have any visible problems that would lead to a compilation error.", "answer": "False"}, {"reasoning": "The provided code is written in the Go programming language. Let's break down the code:\n\n1. Package main is defined.\n2. Import statements are included for fmt and sort packages, which are required for formatted I/O and sorting slices respectively.\n3. A min function is defined to return the smaller of two integers.\n4. The main function starts with initializing two integer variables n and m.\n5. fmt.Scanf is used for taking input for two integers n and m.\n6. Two slices a and b of lengths n and m respectively are created.\n7. A loop is used to take input for each element of slice a.\n8. Another loop is used to take input for each element of slice b.\n9. The sort.Ints method is used to sort slices a and b.\n10. An integer variable ans is initialized with a large number 99999999.\n11. Nested loops are used to find the minimum common element in slices a and b using the min function.\n12. A check is performed if ans is still 99999999, which indicates no common element was found, and ans is set to the minimum of two possible combinations using the first elements of slices a and b.\n13. Finally, the value of ans is printed using fmt.Println.\n\nAnalyzing the code, it seems syntactically correct and logically sound. There are no visible errors such as missing imports, incorrect variable types, or syntax issues. Therefore, it can be concluded that the code does not generate a compilation error.", "answer": "False"}, {"reasoning": "The code provided is syntactically correct Go code. The functions and variables are defined properly, and the logic for reading input, sorting arrays, and finding the minimum value is correctly implemented. Go is a statically typed language, so any issues with types would have been flagged immediately. Therefore, the code will compile successfully.\n\nFinal Answer: False", "answer": "False"}, {"reasoning": "To determine if the provided code generates a compilation error, let's break down the code into steps and analyze it:\n\nStep 1: Package Declaration and Imports\nThe code begins with declaring the package 'main' and imports 'fmt' and 'sort'. These are standard packages and should not generate any compilation errors.\n\nStep 2: Function Definition\nThe code defines a 'min' function that takes two integers and returns the minimum of the two. The syntax and implementation are correct and should not cause any compilation error.\n\nStep 3: Main Function\nInside the main function, variables 'n' and 'm' of type 'int' are declared. The code uses 'fmt.Scanln' to read inputs for 'n' and 'm', which is correct.\n\nStep 4: Array Declaration\nTwo arrays 'a' and 'b' are declared using 'make', indicating dynamic allocation of integer slices. The 'make' function is correctly used and should not generate any error.\n\nStep 5: Input Reading\nThe 'for' loops to read integers into arrays 'a' and 'b' use 'fmt.Scanf'. The use of '%d' and '%d\\n', although unconventional, are correct and should not cause any compilation issues.\n\nStep 6: Sorting Arrays\nThe 'sort.Ints' function is used correctly to sort arrays 'a' and 'b'.\n\nStep 7: Nested Loops and Comparison\nNested loops are used to compare values of arrays 'a' and 'b' and find the minimum common element. The logic and syntax are correct.\n\nStep 8: Condition and Final Output\nA condition checks if 'ans' equals 99999999, and derives 'ans' from the arrays accordingly before printing the final result.\n\nOverall, the code follows correct syntax, logic, and usage of Go functions and packages. There are no apparent mistakes that could lead to compilation errors.\nTherefore, the final answer is False.", "answer": "False"}, {"reasoning": "Let's break down the code step by step:\n\n1. The given code is a Go program, which begins with a 'package main' declaration. This indicates that it is meant to be executable, as all standalone Go programs must define the main package.\n\n2. The code imports the 'fmt' and 'sort' packages. These packages are standard libraries in Go, and importing them does not cause any compilation errors.\n\n3. Within the 'main' function, several variables are declared. Go variable declarations, such as 'var n, m, z, cnt, cnt1, cnt2 int', are syntactically correct.\n\n4. The code uses 'fmt.Scanln' to read user input for 'n' and 'm', which is a valid operation.\n\n5. The slice 't' is created with 'make', with a length of 'n'. Similarly, another slice 'res' is created with the same length, which are both correct usages of the 'make' function for creating slices.\n\n6. Inside the loop 'for i := 0; i < n; i++', 'fmt.Scanf' reads integers into the variable 'z'. The values are then assigned to the slice 't'. This is a valid and correct usage of 'fmt.Scanf'.\n\n7. The code iterates over 't' using 'for x, y := range t', and performs various operations including conditional checks, sorting a sub-slice using 'sort.Ints', and manipulating integer variables. These operations are all valid and correctly syntaxed in Go.\n\n8. The final loop 'for _, y := range res' prints the contents of 'res', which is also correct.\n\nSince all the elements of the code are syntactically correct and the operations performed are valid, there is no indication of any compilation errors.\n\nTherefore, the final conclusion is:\n\nFalse (the code does not generate a compilation error)", "answer": "False"}, {"reasoning": "Let's begin by carefully examining the provided Go code step by step to ensure that there are no compilation errors present.\n\n1. **Package and Imports:** The code starts with the declaration of the main package and the necessary imports. This part does not have any errors.\n\n2. **Main Function:** The `main` function is defined, and variables are initialized. According to the Go syntax, `bufio.NewReader(os.Stdin)` and `bufio.NewWriter(os.Stdout)` are valid statements. The `defer out.Flush()` statement is correct for buffered writing.\n\n3. **Reading Inputs and Initializing Slice:** The `fmt.Fscanf` function is correctly used to read integers `n` and `m`. The slice `a` of length `n` is properly created to store integers. The for loop correctly reads integers into the slice `a`.\n\n4. **Processing Input:** Another for loop initializes a `cnt` slice and processes the input array. The logic includes conditional statements and internal loops to compute the results. It correctly updates the count of elements and prints the results using `fmt.Fprintf`.\n\n5. **Additional Functions:** Several other functions (`gcd`, `max`, `min`, `abs`, `ok`) are defined. They are correctly and independently implemented.\n\nAfter carefully reviewing the code, it appears to be syntactically correct and logically sound. There are no apparent compilation errors.\n\nTherefore, the final answer is", "answer": "False"}, {"reasoning": "Let's start by examining the code line by line:\n1. The 'main' package is imported along with the 'fmt' library, which is correct.\n2. In the 'main' function, variables 'd', 'cnt', and 'index' are declared as integers, and 'st' and 'st1' as strings. No issue here.\n3. The 'fmt.Scanln' function is called to input values into 'd', 'st', and 'st1'. Again, this is correct.\n4. The 'for' loop starts, and several other variables are declared correctly as slices of runes.\n5. Inner 'for' loops correctly process the strings 'st' and 'st1', and logical conditions are used to compare them and update variables accordingly.\n6. After the conditions are checked, results are printed using 'fmt.Println'.\n7. Variables 'cnt' and 'index' are reset, and 'd' is decremented to continue the loop.\nThe code seems syntactically correct and logically coherent.\n\nTherefore, the code does not generate a compilation error.", "answer": "False"}, {"reasoning": "Let's break down the code systematically:\n\n1. **Package and Imports**:\n   - The code imports \"fmt\" and \"sort\" packages, which are essential for input/output operations and sorting functionalities, respectively. This is correct and should not cause any compilation errors.\n\n2. **Variable Declarations**:\n   - Variables are declared correctly with package-level scope, implying they are accessible throughout the package.\n\n3. **Main Function**:\n   - The `main` function is properly defined.\n   - The input operations with `fmt.Scanf` are used effectively to read values into `n`, `M` and integer slice `t`.\n\n4. **Sum Calculation**:\n   - The `sum` array is populated correctly from `t`.\n\n5. **Buffer Assignment**:\n   - The line `buffer = sum` implies assignment, but since `buffer` and `sum` are arrays, this is not allowed in Go. This will generate a compilation error.\n\n6. **Loop for Answer Calculation**:\n   - The nested loop iterates through each student's time and calculates the answer.\n   - `buffer` is sorted correctly.\n   - Calculation of `ans` inside the nested loop also looks correct.\n\n**Conclusion**: The code will generate a compilation error due to the incorrect assignment of arrays in Go. Arrays cannot be assigned to one another directly. Instead, a loop should be used to copy elements one by one.\n\nThus, the final answer is **True** (the code generates a compilation error).", "answer": "True"}, {"reasoning": "Let's dissect the code piece by piece:\n\n1. **Package and Imports:**\n   - The package declaration `package main` is present, which is needed for the Go program to run.\n   - Import statement and imports themselves are correct overall; commented out import does not affect compilation.\n\n2. **Main Function:**\n   - The main function is defined correctly.\n\n3. **Variable Declarations**\n   - Variables are declared correctly.\n\n4. **Loops and Conditionals:**\n   - The logic in the loops and conditionals doesn't present any syntax errors.\n\n5. **Functions & Printing:**\n   - The use of `fmt.Println` and `fmt.Scanf` are correct.\n\nGiven the analysis, there don\u2019t appear to be syntax errors that would cause the code to fail to compile. The only detail was the commented out code, which does not impede compilation.\n\nFinal Answer: False", "answer": "False"}, {"reasoning": "Let's break down the code step-by-step and look for potential compilation errors.\n\n1. Package declaration: The code starts with `package main`, which is correct.\n2. Imports: The `fmt` package is correctly imported, and there is a comment for the `math` package. This is fine and will not cause any compilation errors.\n3. main function: The main function is declared correctly with `func main() {`.\n4. Variable declarations: Variables are declared correctly with `var i int`, `x`, `count`, and `s`. However, `s` is a slice of integers and is used later within the code.\n5. Loop Constructs: The loops are correctly constructed with the usage of the for-loop syntax.\n6. Scanner Function: The `fmt.Scanf` is used correctly for scanning integer inputs.\n7. If conditions: `if` conditions are used correctly.\n8. Indentation and Syntax: Generally, the syntax and indentations appear correct.\n\nNothing seems to be incorrect or missing majorly that can lead to a compilation error. However, there are several commented lines, but they will not affect compilation.\n\nConclusion: The code is expected to compile successfully.\nFinal Answer: False", "answer": "False"}, {"reasoning": "Let's break down the code and identify potential compilation errors step by step.\n\n1. **Package Declaration and Import Statements**:\n   ```\n   package main\n   import\n   (\n     \"fmt\"\n     // \"math\"\n   )\n   ```\n   - The package declaration and import statements look correct. The `fmt` package is imported and used in the code. The `math` package is commented out and does not affect compilation.\n\n2. **Function Declaration**:\n   ```\n   func main(){\n   ```\n   - The `main` function declaration is correctly defined.\n\n3. **Variable Declarations and Initializations**:\n   ```\n   var i int\n   fmt.Scanf(\"%d\", &i)\n   x := 1\n   count := 0\n   var s []int\n   ```\n   - Variables `i`, `x`, `count`, and slice `s` are correctly declared and initialized.\n\n4. **For Loop and Conditional Statements**:\n   ```\n   for ;x<i;x++{\n     if ((i-x)>81){\n       continue\n     }\n     temp := x\n     rs := (i-x)\n   \n     sum := 0\n     for ;temp>0;temp/=10{\n       xlast := temp%10\n       sum += xlast\n     }\n     if sum == rs {\n       s = append(s, x)\n       count++\n     }\n   }\n   ```\n   - The for loop and nested loop logic are correctly structured without any obvious syntax errors.\n\n5. **Result Output**:\n   ```\n   if (count == 0){\n     fmt.Println(0)\n   } else {\n     for x := 0; x < count; x++ {\n       fmt.Println(count)\n       fmt.Println(s[x])\n     }\n   }\n   ```\n   - Conditional and for loop to print the results are correctly structured.\n\nAfter examining the code, there appears to be no syntax errors that would cause compilation errors.\n\nFinal Conclusion: The code does not generate a compilation error.", "answer": "False"}, {"reasoning": "Let's take this code step by step:\n\n1. The package main and import statements are correctly defined.\n2. The fmt and math packages are imported.\n3. The main function is initiated.\n4. Variable declarations and initialization seem okay.\n5. The main logic starts with a for loop, which seems alright.\n6. The nested for loop and the logic of coefficient calculation using math.Pow function is in place.\n7. Use of slices s and appending elements seems fine.\n\nUpon careful examination, there are no syntax errors or problematic constructs present (not considering logic errors, focusing only on compilation). All the statements (including printing and arithmetic operations) use appropriate syntax.\nTherefore, I conclude that the code does not generate a compilation error.", "answer": "False"}, {"reasoning": "The process of determining if the code generates a compilation error involves examining the following steps: \n\n1. **Package Declaration**: The code begins with the package main declaration, which is correct for defining a standalone executable program. \n\n2. **Import Statement**: The import statement includes an import block with the \"fmt\" package commented with // \"math\", which is correct syntax for importing libraries. \n\n3. **Definition of the main function**: The main function is defined correctly as func main(){...}.\n\n4. **Variable Declarations**: Various variable declarations are done with correct syntax: `var i int`, `x := 1`, `count := 0`, `var s []int`. \n\n5. **Usage of fmt.Scanf Function**: The usage of `fmt.Scanf(...)` is correct for scanning formatted input.\n\n6. **For Loop Syntax**: The for loops are structured properly with the correct syntax: `for ;x<i;x++{....}` and `for ;temp>0;temp/=10{....}`.\n\n7. **If Statement and Variable Manipulations**: The usage of if statements and variable manipulations within the loops is correct. \n\n8. **Appending to Slice**: The slice `s` is appended correctly using `s = append(s,x)`. \n\n9. **Print Statements**: Usage of `fmt.Println(...)` is correct for outputting values to the console.\n\nGiven these steps and the code, it doesn't generate a compilation error.", "answer": "False"}, {"reasoning": "The code provided defines a main package with necessary import statements, and defines several functions and methods to read inputs and perform calculations.\n\n1. Imports: `bufio`, `fmt`, `os`, `strconv`, and `strings` are imported correctly.\n2. The `main` function initializes a `Scanner`, reads an integer `N`, calculates certain values, stores results in `ans`, and prints the length of `ans` and the values inside `ans`as integers.\n3. The helper functions `mapToString`, `PrintI`, and `max` are defined correctly with proper logic and types.\n4. The `Scanner` struct and its methods (`Next`, `NextLine`, `NextInt`, `NextInt64`, `NextIntArray`, `NextInt64Array`, `NextMap`, `pre`, and `readLine`) are defined to read various types of input correctly.\n5. All functions and methods contain proper logic and implementation, with no apparent syntax or type errors.\n\nGiven the analysis, the code does not contain any compilation errors and seems to be correctly implemented.", "answer": "False"}, {"reasoning": "Let's analyze the code step by step.\n\n1. The package declaration 'package main' is correct and necessary for a Go program.\n\n2. The import block imports the required standard library packages, but the commented-out 'math' package won't affect the compilation.\n\n3. The 'main' function is correctly defined.\n\n4. Variable 'i' is declared but not initialized; the 'fmt.Scanf' function reads its value from the standard input, which is valid.\n\n5. Variables 'x', 'count', and slice 's' are declared. The slice 's' does not need initialization; it uses the zero value of the slice type.\n\n6. There's a condition that checks if 'i' is greater than 81, setting 'x' accordingly. So far, no compilation errors here.\n\n7. The 'for' loop starts, iterating from 'x' to 'i'. This is valid syntax.\n\n8. Inside the loop, checks and operations are performed for each 'x'. The commented-out 'fmt.Println' statements won't affect the program's compilation.\n\n9. The inner 'for' loop divides 'temp' by 10 until it reaches 0, summing each digit. These operations are syntactically correct.\n\n10. If the sum of the digits equals 'rs', 'x' is appended to the slice 's', and 'count' is incremented. This is valid syntax.\n\n11. After the loops, an 'if' statement checks the 'count', printing '0' if it is 0 or printing the values in 's'. This is correct.\n\n12. The code contains extensive comments which do not affect compilation.\n\nUpon review, no compilation errors are present, and the code is syntactically correct.\n\nFinal Answer: False", "answer": "False"}, {"reasoning": "Let's break down the code to ensure we understand if it generates a compilation error or not:\n\n1. The package declaration `package main` is correct.\n2. The import statements `fmt`, `os`, and `bufio` are valid.\n3. The `Max` function is correctly defined with the proper syntax.\n4. The `main` function is correctly structured.\n5. Variables `in`, `out`, `n`, and `s` are correctly declared and assigned.\n6. The `fmt.Fscanln` function is used correctly to read input.\n7. The array `maxs` and slice `d` are correctly declared.\n8. The nested loop for updating `d` and `maxs` is correctly structured.\n9. The `fmt.Fprintln` and `fmt.Fprint` functions are correctly used for output.\n10. The `out.Flush` method is correctly used to flush the buffer.\n\nAfter analyzing all these components, it appears that the code does not contain any syntax errors or misuse of functions.\n\nTherefore, the code does not generate a compilation error.", "answer": "False"}, {"reasoning": "Let's analyze the given code step by step:\n\n1. The required packages \"fmt\", \"os\", and \"bufio\" are correctly imported.\n2. The Max function is defined correctly to return the maximum of two integers.\n3. The main function uses a bufio Reader and Writer to handle input/output, which are correctly initialized.\n4. Variables are defined for storing input and processing: 'n' (an integer), 's' (a string), 'maxs' (an array of integers), 'd' (a slice of integers), and 'ans' (an integer).\n5. The code reads the input values for 'n' and 's' correctly.\n6. The nested loop logic processes the string 's' and calculates the required values in the 'd' slice and updates 'maxs' and 'ans' accordingly.\n7. The final conditional statement checks the value of 'ans' and prints the appropriate result along with the contents of 'd'.\n8. The output buffer is flushed at the end to ensure all output is written.\n\nThe code appears to be logically correct and there are no syntax errors or type mismatches.\n\nHence, the code does not generate a compilation error.", "answer": "False"}, {"reasoning": "The code appears to be syntactically correct, making use of standard library functions and appropriate variable declarations. There does not seem to be any missing elements or syntax errors that would lead to a compilation error.", "answer": "False"}, {"reasoning": "The code appears to define multiple functions (such as min, katta, ab, calc) and then uses them in the main function which processes input data. The code is properly formatted, and all functions seem to have correct syntax. It does not seem to contain any immediate syntactical errors or other issues that would prevent compilation.\n\nTherefore, the final answer is False.", "answer": "False"}, {"reasoning": "Let's unfold each line with an artistic perspective to check if the code will compile without errors. \n\n1. The main package is declared first, ensuring we're in the Go environment. \n2. Import statements for required packages (bufio, fmt, io, and os) are correct and should not lead to compilation errors. \n3. The CF1114C function seems well-defined, taking io.Reader and io.Writer interfaces as arguments.\n4. 'in' and 'out' variables are assigned with correct initializations. \n5. The variable declarations for 'n' and 'x' are correct.\n6. The 'f' function defined within CF1114C looks correct according to Go syntax.\n7. The loop operations for extracting prime factors of 'x' and applying 'f' are logically and syntactically correct.\n8. The 'main' function correctly calls CF1114C with os.Stdin and os.Stdout.\n\nGiven all these points, the code should compile successfully.", "answer": "False"}, {"reasoning": "The given Go code has proper package and import declarations, and all functions and variables are correctly defined. The syntax and logic appear sound without missing or misplaced tokens. Package initialization and I/O operations are designed and used correctly. Therefore, the code should not generate a compilation error.", "answer": "False"}, {"reasoning": "The code provided aims to determine whether a given number can be expressed as the sum of two even numbers, and then print \"YES\" or \"NO\" accordingly. Upon closer inspection, several potential issues could lead to compilation errors:\n\n1. The `input` variable is declared but not properly initialized before being used in the `read_to_string` method.\n2. The `read_to_string` method expects a `&mut String` argument, but `input` is not initialized as a `String`.\n3. The `parse::<u8>` method is called on `input[0]`, which attempts to access the first element, risking a possible indexing error depending on how `input` is defined and populated.\n\nGiven these issues, the code is highly likely to generate compilation errors.\n", "answer": "True"}, {"reasoning": "First of all, the \"term\" crate is not included by default in Rust's standard library, so it needs to be specified as a dependency in the Cargo.toml file. This omission will generate a compilation error.\nSecondly, the assignment operator \"=\" is incorrectly used in the if statement instead of the comparison operator \"==\". The assignment operator will cause a syntax error when used in this context.\nThirdly, when handling the Err case of the match statement, assigning an error value directly to a variable type (u32) is incorrect syntax and will lead to a compilation error. Instead, an appropriate error-handling mechanism should be used.\nConsidering these three factors, the code will generate a compilation error.", "answer": "True"}, {"reasoning": "Let's break down the code step by step:\n1. We start by declaring the `main` function, which is the entry point of the Rust program.\n2. Inside the main function, we declare a mutable variable `input` of type `String`.\n3. We use `std::io::stdin().read_line(&mut input)` to read a line of input from the standard input and store it in the `input` variable. If an error occurs during this process, the program will panic with the message \"Bleh.\".\n4. We try to parse the `input` string into a variable named `number` of type `i32`. \n5. We then check if the `number` is even and not equal to 2. If these conditions are met, we print \"YES\", otherwise we print \"NO\".\n\nThe problem lies in step 4: `let number : i32 = input.parse();`. The `parse` method returns a `Result` which indicates success or failure. The code does not handle the potential error if the parse fails, which leads to a compilation error.\n\nThus, considering the reasoning steps, the code indeed generates a compilation error.", "answer": "True"}, {"reasoning": "The code attempts to read a line of input from stdin, parse it as a 32-bit unsigned integer, and print \"YES\" if the number is even and \"NO\" if it is odd. However, there seems to be a problem in parsing the input. The `parse` method expects a type annotation indicating what type to parse into, but it is missing the `unwrap` method which handles potential errors in parsing.", "answer": "True"}, {"reasoning": "Step 1: Review the code structure: The code defines a main function, reads a line of input, parses it as an integer, and then checks specific conditions to print 'YES' or 'NO'.\n\nStep 2: Check for syntax errors: The code contains an extra closing brace '}' before the else statement. This will cause a compilation error.\n\nStep 3: Summarize findings: The misplaced '}' will result in a compilation error.\n\nFinal answer: True", "answer": "True"}, {"reasoning": "1. The program imports the `std::io::stdin` module.\n2. In the main function, it attempts to read from standard input using `stdin().read_to_string().unwrap()` which expects a mutable reference but does not provide one.\n3. The `unwrap()` function is called to handle the Result, which can cause a panic if there is an error, but it does not cause a compilation error.\n4. The parsed input `s` is attempted to be parsed into an `u32` type without proper error handling.\n5. The `parse` method returns a `Result`, so using `unwrap()` here would avoid the compilation error.\n6. The number `n` is checked for evenness using the modulus operator.\nBased on the analysis, there is a problem with the mutable reference in `stdin().read_to_string()`, causing a compilation error.", "answer": "True"}, {"reasoning": "1. The code begins by declaring an external crate `utils`. The `extern crate` directive is used to link to an external crate and import its functionality.\n2. The `use` statement imports the `std::io` module as well as the full contents of the `utils` crate into the current scope.\n3. The code defines a function `read_line` that reads a line from the standard input and returns it as a `String`.\n4. The `main` function reads user input, converts it to an `i32`, and checks for specific conditions to print either 'YES' or 'NO'.\n5. We must check if the `utils` crate is available and if all functions it provides are correctly used. Without knowing the exact contents of `utils`, an unresolved import could cause a compilation error.\n6. Furthermore, the import of `utils::*` might cause naming conflicts if the external crate has common names as those in the current scope.\n7. Hence, due to the potential for unresolved import or naming conflicts, it is likely that the code will have a compilation error.", "answer": "True"}, {"reasoning": "Let's break this down step by step:\n\n1. The 'use scan::Scan;' indicates that the code requires an external crate named 'scan' and is attempting to use it in the program.\n2. The code is trying to instantiate 'scanner' using 'scan::from_stdin();' which suggests a method from the 'scan' crate.\n3. The 'let n = scanner.next::<i32>();' tries to fetch the next integer input from the 'scanner'.\n4. The code then checks if 'n' is even or odd using the modulo operator and prints 'YES' or 'NO' accordingly.\n\nFor the above code to compile successfully, it is essential that the 'scan' crate is included in the dependencies in the Cargo.toml file. If the crate is missing, Rust will throw a compilation error indicating 'scan' crate is not found.\n\nTaking these points into account, it is reasonable to say that the code will generate a compilation error unless the 'scan' crate is included in the dependencies.\n\nFinal Answer: True", "answer": "True"}, {"reasoning": "First, we carefully inspect the import statements: `use std::error::Error;`, `use std::io::{self, Read, stdin};`\u2014these are all valid and imported correctly.\nNext, we focus on the `main()` function, which returns a `Result<(), Box<dyn Error>>`. The function's return type is properly defined to handle potential errors using the `Result` type.\nWithin the `main()` function, the `let mut s = String::new();` statement is correctly defined to create a new, mutable string.\nThe next line `stdin().read_to_string(&mut s)?;` reads from standard input and stores the input string in `s`. The question mark operator `?` is used to handle potential errors, which is acceptable since the function returns a `Result`.\nThe following line `let n : u32 = s.parse()?;` attempts to parse the input string into a `u32`. Again, the question mark operator is used to propagate any errors upwards.\nThe `if` statement `if n % 2 == 0` checks if the number is even and prints `YES` if it is, and `NO` if it is not.\nFinally, the function returns `Ok(())`, indicating successful execution.\nAfter breaking down and analyzing each part of the code, there appears to be no syntax or semantic errors. Hence, there should be no compilation errors.", "answer": "False"}, {"reasoning": "Let's analyze the code step by step to identify any potential compilation errors:\n\n1. The code uses the \"use std::io::stdin;\" statement to import the stdin module from std::io.\n2. There is a \"main\" function defined in the code.\n3. The code attempts to read a string from the standard input using \"stdin().read_to_string().unwrap();\". However, \"read_to_string\" requires a mutable reference to a String, and this line misses creating a mutable String variable to pass to it.\n4. The parse() method is used to parse the string to a u32 integer.\n5. The parse() method returns a Result type, but the code doesn't handle the Result returned by the \"parse\" method.\n6. The if-else statement checks if the number \"n\" is even or odd and prints \"YES\" or \"NO\" accordingly.\n\nSummary of compilation errors:\n- Missing mutable String variable to pass to \"read_to_string\".\n- Result type from \"parse\" method not handled.\n\nTherefore, the code will generate a compilation error.", "answer": "True"}, {"reasoning": "Let's examine this code step by step to determine if a compilation error occurs:\n\n1. The `extern crate text_io` declaration imports the `text_io` crate, allowing the `read!()` macro to be used in the code.\n2. The `macro_rules! lets` macro is defined with a flexible ability to create multiple `let` bindings in various forms.\n3. The `main` function declares a variable `w` of type `u8` and assigns it a value read from input using the `read!()` macro.\n4. A conditional statement evaluates if `w` is greater than 3 and even. If true, it prints \"YES\"; otherwise, it prints \"NO\".\n\nAll macros and syntax appear correct, and there are no obvious errors in the code.\n\nGiven this careful step-by-step breakdown, we conclude that the code should compile without errors.", "answer": "False"}, {"reasoning": "Let's break down the given code step by step to determine if it will generate a compilation error.\n\n1. The `read_line!` macro is defined with multiple patterns to handle different ways of reading input. Its first pattern reads a line into a variable using `std::io::stdin().read_line()`. The second pattern reads multiple values of the same type from a line into variables using the `parse_token!` macro. The third pattern reads multiple values into a vector. The fourth pattern reads multiple values with different types into variables.\n2. The `parse_token!` macro is defined to convert a line of input into an iterator of parsed values based on a specified type.\n3. The `main()` function uses the `read_line!(w;u64)` macro invocation to read a `u64` value into variable `w`.\n4. The `match` statement checks if the value of `w` is even or odd and prints `YES` or `NO` accordingly.\n\nConsidering all the steps:\n- The macros are defined correctly and follow Rust macro definition syntax.\n- The `read_line!` macro is used correctly in the `main()` function.\n- The error handling with `.unwrap()` is appropriately used after reading the line and parsing the input.\n\nThere do not appear to be any issues that would cause a compilation error.\nFinal answer: False", "answer": "False"}, {"reasoning": "First, I observe the code structure and syntax. The 'use std::io;' statement is correct for importing the library needed for I/O operations. The 'main' function is properly declared. The string 'weight' is initialized correctly with 'String::new()'. The method 'read_line' is called on 'io::stdin()', but the method 'except' does not exist; it should be 'expect'. The next line attempts to parse 'guess.trim()', but the variable 'guess' is undefined; it should be 'weight.trim()'. Also, the 'expect' method is used incorrectly again. Inside the if statement, the condition 'weight % 2 == 0' should have no parentheses.\n\nGiven these observations, the code definitely has compilation errors.", "answer": "True"}, {"reasoning": "Inspecting the function definition step-by-step:\n1. The function `watermelon` takes a parameter named `weight` of type `usize`.\n2. Inside the function, there is a match expression based on `weight % 2`.\n3. The match arms return string literals \"YES\" and \"NO\" for the conditions.\n4. The match expression is followed by a `.to_string()` method call, which will return a `String`. This means the function's return type `String` matches with the return type.\nBased on the above steps, the code appears to be correct and should not generate a compilation error.", "answer": "False"}, {"reasoning": " Let's embark on a journey to dissect this code, understanding each element like a painter working through layers on a canvas.\n\n First, consider the role of the function definition: `fn kd(k: i32) -> bool`. Here, the artistic choice is correct -- the function is named `kd`, it accepts an integer parameter `k`, and it promises to return a boolean value. This foundational layer of our painting stands firm and solid.\n\n Next, let's delve into the intricate brush strokes of the `if` statement: `if k % 2 != 0 || k > 100 || k-k == 2 * k { return false; }`. This statement conjures complexity through its logical operators and mathematical operations. While peculiar, it is valid; it checks if `k` is odd, greater than 100, or if the miraculous equation `k-k == 2 * k` holds true.\n\n Then, our art shows a simple and clear `return true` statement after the `if` block, which completes the narrative without adding any turbulence to our artistic vision.\n\n Upon careful inspection, every element from the syntax to the logical structure of this piece seems to dance harmoniously. No compilation error rears its ugly head, thus allowing our code to compile seamlessly.\n\n After this thorough and creative breakdown, let's conclude our artistic analysis:\n\n", "answer": "False"}, {"reasoning": "First, let's examine the code for any syntax errors. In the read_line method chain, the method .except() does not exist; it should be .expect().\nSecond, we use the variable name 'guess' in weight.trim().parse().except(\"No Number\"); however, the correct variable name should be 'weight'.\nAdditionally, there is a syntax error in the 'if' statement, there should be a space between '==' and '('.\nFinally, there's a missing semicolon after completing the let weight parse line.\nTaking these reasoning steps into account, a compilation error is expected.", "answer": "True"}, {"reasoning": "Let's break down the code into logical steps to determine if it generates a compilation error or not:\n1. The function `even_parts` is defined, which takes an integer `w` as a parameter and returns a static string slice `&'static str`.\n2. The function uses a for loop to iterate over the range `0..101`, checking if `w/2` is equal to `2*k` or `2*k+1`. Depending on these conditions, it returns different string slices.\n3. The function `main` is defined, which reads a line of input from the standard input (stdin) and parses it to an integer, then calls the `even_parts` function with this integer.\n4. There is an issue with the `main` function: it tries to use `io::stdin()` without importing the `std::io` module, which will result in a compilation error.\n5. Importing `std::io` could fix the compilation error.\n\nConsidering the issue mentioned in step 4, the code generates a compilation error due to the missing `std::io` import.\n\nFinal Answer: True", "answer": "True"}, {"reasoning": "To determine if this code generates a compilation error, we need to carefully review each part of the code for potential syntax and logical errors. Let's break it down:\n\n1. `use std::io::stdin;` - This line imports the `stdin` function from the `std::io` module. There should be no issues here.\n\n2. The `main` function is defined with `fn main() {`. The function syntax seems correct.\n\n3. Inside the `main` function, the line `let line = stdin().read_line(&mut line).unwrap();` attempts to read a line of input using the `stdin` function. However, there is a mistake here. The variable `line` is being used before it is declared. We should declare a mutable `String` variable to store the input line.\n\n4. The corrected line should be: `let mut line = String::new();`, followed by `stdin().read_line(&mut line).unwrap();`.\n\n5. The line `let n: u8 = line.trim().parse().unwrap();` attempts to parse the input line into an `u8` integer. This seems correct and should not cause any issues.\n\n6. The conditional check `if n > 3 && n % 2 == 0 {` checks if `n` is greater than 3 and even. This logic is correct.\n\n7. The `println!` macros are used correctly to print either \"YES\" or \"NO\".\n\nGiven the error in step 3, this code will not compile successfully until the issue is fixed.", "answer": "True"}, {"reasoning": "1. The code defines the entry point of the program using `fn main()`. This part of the code is correct and should not generate any compilation errors.\n\n2. The `let mut melon = String::new();` line initializes a mutable string variable named `melon`. This is valid and does not cause any compilation errors.\n\n3. The `std::io::stdin().read_line(&mut melon)` line reads a line of input from the standard input and stores it in the `melon` variable. This is a correct usage of the `read_line` function and should not cause any compilation errors.\n\n4. The `let _melon = melon.trim().parse::<u32>().unwrap();` line trims the whitespace from the input string and attempts to parse it as an unsigned 32-bit integer. The `unwrap()` function will cause the program to panic if the input is not a valid `u32`, but it does not cause a compilation error.\n\n5. The code then attempts to use the `melon` variable in an arithmetic operation `if melon % 2 == 0`. However, `melon` is a `String`, and this operation is invalid. This will cause a compilation error.\n\nBased on the above reasoning, the code will generate a compilation error due to the invalid arithmetic operation on a `String`.\n\nAnswer: True", "answer": "True"}, {"reasoning": "1. The code includes a necessary library `std::io::stdin` imported.\n2. The main function is correctly defined.\n3. A mutable string variable `buffer` is created.\n4. The program reads a line from the standard input and stores it in the buffer.\n5. The buffer is trimmed and parsed into an unsigned 32-bit integer, stored in `i`.\n6. The code checks if `i` is even and if `n / 2` is greater than `1`. However, `n` is not defined anywhere in the code.\n\nSince `n` is not defined, the code will result in a compilation error.", "answer": "True"}, {"reasoning": "First, let's analyze the syntax for potential errors:\n1. The code declares a mutable string variable `N` to store user input and reads a line of input into it.\n2. It then attempts to parse `N` and trim any whitespace to convert the value into an integer (`i32`).\n 3. The parsing and trimming step appear to be missing a semicolon.\n4. The `if` condition checks if `N` is even and greater than 2, and prints \"YES\" if true, or \"NO\" otherwise.\n5. There is also a noticeable syntax error in `println` which should have parentheses right after \"println!\".\n\nTaking into account the semicolon and proper `println!` syntax, the final code should look like this:\n```rust\nuse std::io;\nfn main() {\n    let mut N = String::new();\n    io::stdin().read_line(&mut N).ok();\n    let N: i32 = N.trim().parse().expect(\"Failed to parse\");\n    if N % 2 == 0 && N > 2 {\n        println!(\"YES\");\n    } else {\n        println!(\"NO\");\n    }\n}\n```\nBased on the analysis, there are definite syntax errors in the provided code.\nTherefore, the code generates a compilation error.", "answer": "True"}, {"reasoning": "1. The code begins by importing the `std::io` module, which is standard practice for handling input in Rust.\n2. It defines the main function, which is the entry point for any Rust program.\n3. Inside the main function, a mutable String `N` is created to store the user input.\n4. The `read_line` method is called on `io::stdin()` to read the input into `N`. The `ok()` function is used to handle potential errors.\n5. The input string `N` is then trimmed and parsed into an integer of type `i32`.\n6. This is where the issue lies: the `parse` method used here returns a `Result` type, which means it should be handled using methods like `expect()`, `unwrap()`, or pattern matching to avoid a compilation error.\n7. Finally, an `if-else` statement checks if the parsed number `N` is even and greater than 2, and prints \"YES\" if true and \"NO\" otherwise. There is a minor syntax error in `println!`, which should not contain a space before the '!' character.\n\nTherefore, due to the incorrect handling of the `Result` returned by the `parse` method and the syntax error in `println!`, this code will generate a compilation error.", "answer": "True"}, {"reasoning": "First, analyzing the first conditional block within the loop in the `even_parts` function. The condition `w / 2` will always be evaluated as an integer, and compared to `2 * k`, a result yielding an integer as well. So far, structurally sound.\nNext, an additional condition within our loop compares `w / 2` to `2 * k + 1`, also reasonable.\nHowever, in the third condition, we use `if w = 2`, an assignment rather than a comparison. This is where our first compilation error will arise.\nBeyond this, another potential pitfall lies in the `io::stdin().read_line(&mut input)` call within the `main` function. Crucially, no import of the `io` module transpires at any point.\nThus, two highlighted compilation errors indeed exist.", "answer": "True"}, {"reasoning": "Let's break down the code to determine if it generates a compilation error.\n\n1. The function `main` is defined.\n2. A mutable variable `input` of type `String` is created.\n3. The standard input is read into `input`. This involves a call to `std::io::stdin().read_line(&mut input)`.\n4. If reading the input fails, an error with the message \"Bleh.\" will be printed.\n5. The input is trimmed of any whitespace and converted back to a `String`.\n6. The trimmed input is parsed into an `i32` number. If parsing fails, it will panic with `unwrap`.\n7. A conditional checks if the number is even and not equal to 2, printing 'YES' if true and 'NO' if false.\n8. The code block ends but lacks a closing brace for the `main` function.\n\nThe closing brace for `main` is missing, which will generate a compilation error.\n\nThe final answer is True.", "answer": "True"}, {"reasoning": "First, let's inspect the code for any obvious syntax errors. The code begins with importing the `std::io` module, which is correct. The function `even_parts` is defined to take an integer and return a static string slice based on a simple condition, and this also appears correct.\n\nThe `main` function follows, creating a mutable string `input` and then using `io::stdin().read_line(&mut input).expect(\"Failed to read input\");` to read a line of input from the user, which is standard Rust I/O handling. Next, it trims the string of any whitespace, attempts to parse it into an integer (`i32`), and stores this value in `rinput`. Finally, it prints the result of `even_parts(rinput)`.\n\nThere are no evident syntax or logic errors in this code; the Rust compiler should be able to compile it without any issues.\n\nFinal Answer: False", "answer": "False"}, {"reasoning": "Embark on this creative review of the given code, stitching together insights step by step.\n\nFirst, step into the artistic domain and behold the vision of the code. It's a scene crafted in the Rust programming language.\n\n1. The code opens, invoking `main`, a precisely defined entry point in Rust.\n2. Stroll through the initialization of `stdin`, a mutable string to capture input data.\n3. Explore how `stdin` is enriched by reading input, followed by splitting the input into whitespace-separated tokens.\n4. The `get` closure radiates its utility, fetching the next token and parsing it.\n5. Marvel at the macro `get`, extending the elegance of the `get` closure.\n\n6. Embrace the defined byte content `f0`, `f1a`, `f1b`, and `f1c`, evoking specific messages.\n7. Witness the birth of a vector `w`, ready to unravel into required lengths.\n8. Observe the loop that stitches the sizes into `w`.\n\n9. `q` arrives to capture the count of queries.\n10. Step into the vector `v`, embodying a collection of characters.\n\n11. Engage in the loop, iterating over queries.\n12. Initialize and parse `n` and decrement `k`.\n13. Traverse the nested loop, recording ways to break and add specific bytes or dots to `v`.\n14. Finally, unveil the result by converting `v` from bytes to a string, illuminating it with `println`.\n\nThe code breathes methodically. It does not stumble upon compilation errors; every piece seems meticulously placed.\n\nThus emerges the artistic conclusion:\n", "answer": "False"}, {"reasoning": "Firstly, we note that the entire code is enclosed within a valid Rust module and main function. The code starts by importing necessary traits and defining a module `util`. This module contains definitions for reading input lines and converting them to different data types. Custom macros `get!` and `debug!` are also defined for ease of operations.\n\nThe function `f` is defined to process some logic involving strings and indices, and it uses vectors and other concepts correctly. The `main` function initializes some variables and processes inputs using the defined `get!` macro and functions.\n\nSince all imports, statements and function calls are valid, and no syntax errors or undefined identifiers are present, this code does not produce a compilation error.", "answer": "False"}, {"reasoning": "Let us first examine the macros defined: `parse_line` and `parse_line_to_vec`. Both macros are syntactically correct, and their usage is appropriate for reading from standard input and parsing the input. Following the macros, we analyze the `solve` function, which uses these macros to read and parse input values into variables `a` and `b`. There appear to be no syntax errors in the function. Finally, the `main` function is set to run only one test, where it calls the `solve` function. All elements of the code are syntactically correct and there are no visible errors.\nBased on this reasoning, the code does not generate a compilation error.", "answer": "False"}, {"reasoning": "The given code contains both library imports and various macros which are expected to function correctly within the Rust programming environment. However, it is essential to check for potential compilation errors related to the following aspects:\n\n1. Proper use of `macro_rules!` for defining macros.\n2. Correct match expressions and type handling in macros.\n3. Correctly implemented parsing logic and type casting.\n4. Ensuring all imported libraries and functions are used appropriately in the code.\n5. Correct thread spawning, thread joining, and avoiding stack overflow using custom stack size.\n\nUpon examining the code block, it appears that all the macros are defined correctly and used appropriately. The `solve` function handles input with nicely designed macros for parsing. The `thread` spawning and joining is also correct in usage. Therefore, the code does not contain any apparent issues that would cause a compilation error.", "answer": "False"}, {"reasoning": "First, the code initializes some settings and imports multiple modules from the standard library using the wildcard `*`. It then defines a `read!` macro to handle different input formats, a `debug!` macro for debugging, the `rl` function for reading input, and an extension trait `IteratorExt` to add a `vec` method to iterators. Finally, it defines a function `is_vowel` and the main function `main`.\n\nEverything here is syntactically correct, and the provided code should compile without any errors. The code includes useful allowances for unused imports, non-snake-case naming, and dead code which ensures that no unexpected compilation errors would arise from these aspects. Therefore, the code does not generate a compilation error.", "answer": "False"}, {"reasoning": "Let's approach solving this problem step-by-step in a creative and concise manner:\n\nStep 1: Importing the required module\n- The code imports the `std::io` module, which is a standard Rust library and syntax is correct for Rust programming language. \n\nStep 2: Declaring main function\n- The `fn main()` syntax is also correct. \n\nStep 3: Reading input from the user\n- The code uses `io::stdin().read_line(&mut s)` to read input from the user and store it in variable `s` which is a mutable string. The usage is correct and the '\n.expect(\"Deu Ruim\")' is proper error handling. \n\nStep 4: Manipulating string and calculating length\n- trimming the string `let s = s.trim();` and calculating the length `let n = s.len();` are syntactically correct.\n\nStep 5: Setting initial value of res\n- The initialization ` let mut res = true;` is correct.\n\nStep 6: Iterating over the string\n- For loop `for i in 0..n-1` seems correct but it may cause an issue if n is zero the `n-1` will cause underflow/overflow, but it's valid in many scenario. \n\nStep 7: Matching characters using pattern matching\n- The match expression uses correct tuples and pattern matching \n\nStep 8: Printing the result\n- This section contains minor typo of comma inside println. In rust comma is not required.\n\nThus code majorly is syntactically correct except a minor typo. This would not cause compilation error but a runtime behavior or logical error. ", "answer": "False"}, {"reasoning": "Let's consider the provided Rust code in several stages:\n\n1. **Macro Definitions**: The macros `input`, `input_inner`, and `read_value` are defined for input parsing. These macros are syntactically correct and do not induce any compilation errors.\n\n2. **Usage of Macros**: These macros are then utilized within the `run` function to streamline the input handling. They correctly parse the input into a structured format.\n\n3. **Function Definitions**: The `run` function performs various operations including transformations and computations on the input. The syntax and logic within this function appear consistent with Rust's requirements, with no immediate signs of syntactic errors.\n\n4. **Main Function**: The `main` function simply calls the `run` function. This is standard practice in Rust and should not cause any compilation issues.\n\nGiven that all components appear properly defined and utilized according to Rust's syntax and rules, there should be no compilation errors in this code.", "answer": "False"}, {"reasoning": "Step by step reasoning to determine if the code generates a compilation error:\n\n1. **Macro Definitions**: The provided code uses multiple macro definitions, namely `input`, `input_inner`, and `read_value`. These macros are intricately tied together to process input data.\n\n2. **Macro Usage**: The `input!` macro is used within the `run` function to read the input values.\n\n3. **Read Values with Macros**: The macros handle different types of reading values (`chars`, `bytes`, `( )`, `usize1`, etc.). Each type is comprehensively covered by the `read_value!` macro.\n\n4. **Standard Library Imports**: The code imports `std::cmp::*`, which provides standard comparison functions such as `max()` and `min()` used within the function.\n\n5. **Collecting Values**: The code collects parsed input values into a vector to perform operations on them.\n\n6. **Iterating and Comparing**: The code iterates through the input values and performs various comparisons and computations using `max`, `min`, and other functions.\n\n7. **Final Computation and Output**: The final computed value is printed out using `println!`.\n\nAfter reviewing these steps, there's no indication that any compilation errors would be present in this code. The logic seems consistent, and all required components are in place.\n\nFinal Answer: False", "answer": "False"}, {"reasoning": "The code contains some special syntax (macros in Rust), complex trait implementations, and nested logic which can lead to compilation issues. However, the individual elements like macro definitions, trait implementations, use statements, and function definitions appear to be correctly structured and follow Rust's syntax rules. Hence, the code does not seem to generate any compile-time errors.", "answer": "False"}, {"reasoning": "The code contains multiple components including imports, struct definitions, and function implementations. It makes use of several language features and libraries in Rust. To determine if the code generates a compilation error, we begin by examining each section for potential issues:\n\n1. Imports: Standard library imports seem fine as they include io, str, error, cmp, and thread.\n2. Constants: The constant INF is well defined.\n3. Function exec: This function appears to be syntactically correct; it successfully iterates and performs computations.\n4. Function main: Uses threading to spawn a function and join it. The syntax looks correct.\n5. Struct Scanner: Scanner structure and its impl block seems correctly defined, and the methods implemented are fine.\n\nHowever, the use of `why.description()` in the `next_line` function is deprecated. It should be replaced with `why.to_string()`. This change is necessary for compiling in newer versions of Rust.\n\nThus, considering the deprecated method usage, the code would indeed generate a compilation error.", "answer": "True"}, {"reasoning": "First, the macro definitions must be correct and used appropriately. The `input!` macro reads from the standard input and transforms the data as specified. The `input_inner!` and `read_value!` macros handle the iteration and parsing of input values. Next, the `ChangeMinMax` trait extends generic types that implement `PartialOrd` to include `chmin` and `chmax` methods. The `run` function utilizes these macros and methods to process input data and perform various computations. The code appears to correctly follow Rust syntax and semantics, including the use of macros, trait implementations, and type checking. There are no obvious issues or misuses that would lead to a compilation error.", "answer": "False"}, {"reasoning": "Let's review the code step by step:\n\n1. The code utilizes several Rust modules via the `use` statement, such as `BufReader`, `BufWriter`, `stdin`, `stdout`, `Write`, `min`, `max`, and collections like `VecDeque`, `HashMap`, `BTreeMap`, `HashSet`, `BTreeSet`, and `BinaryHeap`. All of these imports are valid.\n\n2. The code defines a constant `m` with value `1000000007`.\n\n3. The `main` function is defined, within which:\n  - A mutable variable `inp` is instantiated from the `Iinput` struct using `::default()` method.\n  - `BufWriter` is set up to write output to `stdout`.\n  - Values are scanned for variables `n` (of type `usize`) and `k` (of type `i64`).\n  - A 2D vector `nCr` of size `(n+1)x(n+1)` and type `i64` is initialized with zeros and its first element is set to `1`.\n  - The code uses nested loops to calculate binomial coefficients, storing results in `nCr` array and applying modulus `m`.\n  - A vector `dp` of size `n+1` is initialized with the first element set to `1`.\n  - A vector `pow2` is initialized and populated with powers of `(k-1) mod m`.\n  - A nested loop structure iterates over `n` rows, updating the `dp` array.\n  - The final result stored in `dp[n]` is written to the output using `writeln!` macro.\n\n4. The `Iinput` struct and its implementation are defined, providing a `scan` method to read input tokens and parse them to the desired type.\n\nThe code does not have any syntax errors or issues with Rust's borrowing rules. All types and operations appear to be used correctly. Therefore, the code should compile without errors.", "answer": "False"}, {"reasoning": "The provided code defines many functionalities for a ModInt structure, which operates with modular arithmetic. Additionally, the code includes macros for input handling and a run function which performs calculations based on user inputs.\n\nUpon examining the code, there is a commented part `// ---------- begin ModInt ----------` which actually does not contain a missing part required for compilation. Furthermore, the use of the `input` macro and the `run` function seems proper. `main` function is correctly calling the `run` function.\n\nGiven the overall structure, syntax, and usage of Rust features, there is no apparent compilation error in the provided code.", "answer": "False"}, {"reasoning": "1. The code starts by importing the necessary macros, traits, and other modules. No syntax errors are visible in these parts.\n2. The scanln macro is defined to read input from the console. There are no syntax errors here.\n3. The trait Scan and its implementations are properly defined. No syntax errors are visible here.\n4. Constants and implementations for scanning Vec and matrix are included. These parts have no syntax errors.\n5. The Matrix struct and its relevant methods are defined properly. No syntax errors are visible here.\n6. The main function includes reading input and initializes a 4x4 matrix. The logic follows correctly.\n7. Loops and conditions inside the main function are correctly checking the problem-specific conditions.\n8. The overall structure and syntax of the code are correct without any compilation errors.\n\nFinal Answer: False", "answer": "False"}, {"reasoning": "Let's break down the code step by step to ensure it does not generate a compilation error.\n\n1. The main function is declared correctly.\n\n2. The `input` variable is declared as a mutable String.\n\n3. The `use std::io;` and `use std::io::prelude::*;` statements are included for IO operations.\n\n4. The code reads input from stdin and assigns it to the `input` variable, using `unwrap()` to handle potential errors.\n\n5. The code splits the input into whitespace-separated words and stores the iterator in `it`.\n\n6. The code parses the first word from the iterator into a `usize`.\n\n7. The code maps each character of the next word to a boolean based on whether it is '0' or '1', and collects these booleans into a vector `a`.\n\n8. The code defines a boolean `ans` by checking certain conditions on the vector `a`.\n\n9. Another boolean `ans` is defined with additional conditions.\n\n10. The code prints \"Yes\" if `ans` is true, otherwise it prints \"No\".\n\nConsidering all the steps, the code is syntactically correct and follows Rust's compilation rules. Therefore, it should not produce any compilation errors.", "answer": "False"}, {"reasoning": "1. The code is written in Rust programming language.\n2. The code defines a struct called `Graph` and implements several methods for this struct including `new`, `add_edge`, and `solve`.\n3. There is also a macro defined, `input!`, which helps in reading input from the standard input.\n4. Another macro `read_value!` is defined to parse different types of input values.\n5. A function `run` is provided which reads input values and solves a problem using the `Graph` structure.\n6. The `main` function simply calls the `run` function.\n7. The code is syntactically correct and follows Rust's standard conventions.\n\nThere are no apparent compilation errors in the code.", "answer": "False"}, {"reasoning": "The provided code is written in Rust and involves defining and implementing a graph structure with methods to solve a certain problem. Below is a breakdown of the components:\n\n1. **Constants and Structs**:\n    - `INF` is defined as a large constant value.\n    - A `Graph` struct is defined with fields `size` and `edge`.\n    - The `Graph` struct has methods `new`, `add_edge`, and `solve`.\n\n2. **Methods**:\n    - `new`: Initializes a new `Graph` instance.\n    - `add_edge`: Adds an edge to the graph with assertions to ensure validity.\n    - `solve`: Implements a solution using a graph algorithm (likely the Minimum Cost Flow algorithm).\n\n3. **Macros**:\n    - `input`, `input_inner`, `read_value`: These macros simplify input handling, which is common in competitive programming.\n\n4. **Main Function (`run`)**:\n    - It takes inputs and constructs the graph accordingly.\n    - It uses the `solve` method from the `Graph` struct to compute the answer and prints it.\n\nConsidering the components provided, the code adheres to the Rust syntax and structure. There are no apparent syntax errors or misuse of language features. Thus, the code should compile successfully.", "answer": "False"}, {"reasoning": "Step 1: Check for syntax errors: The code does not have any syntax errors as all the brackets are correctly matched and there is no misuse of reserved keywords.\nStep 2: Check for missing dependencies: All necessary items are imported from the standard library at the beginning of the code.\nStep 3: Check for improper use of macros: The macros defined are used correctly in the main function without any issues.\nStep 4: Check for type mismatches: All variable types are correctly identified and used accordingly throughout the code.\nStep 5: Ensure correct usage of iterators and slices: The code uses iterators and slices properly without any errors.\nThe code does not generate any compilation errors.", "answer": "False"}, {"reasoning": "1. The first two lines are attribute macros to allow unused imports and macros, meaning the code is flexible with the imports and macros.\n2. The `use` statements import various modules from the Rust standard library but do not cause any compilation errors.\n3. A macro `answer` is defined which is used to write an answer to the output buffer.\n4. The `solve` function is defined and implemented correctly, which calculates the maximum difference between consecutive elements after removing an element at a specified index.\n5. The `main` function is defined to use the `UnsafeScanner` to read input and calculate the answer using the `solve` function.\n6. There is no issue with the `main` function\u2019s structure; it calls `solve`, processes the results, and uses the macro `answer` to write the results.\n7. The `UnsafeScanner` definition and implementation at the bottom are correct and do not cause any compilation issues.\n\nGiven this breakdown, there doesn't seem to be a compilation error in the code.", "answer": "False"}, {"reasoning": "Step 1: The code imports the necessary modules: std::io for I/O operations and std::str::FromStr for parsing strings into numbers.\n\nStep 2: The function get_num() reads a line from standard input, trims any whitespace, and parses it into a usize. This function does not have any compilation issues.\n\nStep 3: The function get_nums() reads a line from standard input, trims any whitespace, splits the line by whitespace, parses each part into a usize, and collects the results into a Vec<usize>. This function does not have any compilation issues.\n\nStep 4: The main function calls get_num() to read a number n and calls get_nums() to read a vector of numbers a. These functions are called correctly, and their usages are appropriate.\n\nStep 5: In the main function, the variable mn is initialized to the maximum possible usize value (std::usize::MAX). This is valid syntax.\n\nStep 6: The code contains a for loop that iterates from 1 to n-1. During each iteration, another variable mx is initialized to the minimum possible usize value (std::usize::MIN). A clone of the vector a is created, and an element is removed from this cloned vector. This part of the code is syntactically correct.\n\nStep 7: An inner for loop iterates through the modified vector v, updating the variable mx to the maximum difference between consecutive elements. The logic here is correct and does not contain any syntax errors.\n\nStep 8: The minimum value between mn and mx is computed and stored in mn. This part also has valid syntax.\n\nStep 9: Finally, the value of mn is printed. Since all steps are syntactically correct and there are no issues with the usage of variables or function calls, the code does not generate any compilation errors.", "answer": "False"}, {"reasoning": "The code defines a struct `Scan` with methods to read input and parse it. The method `next` reads from standard input until it finds a valid token, and `next_n` reads multiple tokens. The `_main` function initializes the struct and uses it to read three numbers, performs some operations on these numbers, and then prints their sum. The `main` function sets a custom stack size for running the `_main` function in a new thread, handling any errors that might occur. However, using `std::io::stdin().read_line(&mut line)` in a threaded context without handling possible panics or race conditions can potentially lead to runtime errors. But in terms of compilation, the code itself does not have syntax or type issues that would prevent it from compiling. Therefore, the final conclusion is that the code does not generate a compilation error.", "answer": "False"}, {"reasoning": "The provided Rust code involves a macro definition, a struct with several methods, and a main function. The first step is to check if the syntax for defining the macro and struct is correct. Next, check the methods within the struct for correct implementation and usage. Finally, verify that the main function correctly calls these methods.\n\n1. The macro `a` uses syntactically correct macro definitions.\n2. The struct `WordReader` and its implementation are syntactically correct, employing appropriate methods for reading and parsing input.\n3. The `main` function correctly creates a `WordReader` instance and calls several of its methods. The program structure appears correct, and the logic for reading and printing values should work.\n\nUpon reviewing the code, no syntax errors or obvious semantic errors were found.\nThe code does not generate a compilation error.", "answer": "False"}, {"reasoning": "First let's start our creative journey with understanding what compilation error means in Rust. A compilation error occurs when the Rust compiler encounters code that it cannot understand or execute. These errors can be due to syntax issues, type mismatches, and other such reasons.\n\nNow, referring to the given code, we see multiple `#[allow(unused_imports)]` and `#[allow(unused_macros)]` attributes. These will not cause compilation errors, even if the imports and macros are not used.\nNext is the core part of the code: the `main` function. Inside the `main` function, we see a correctly defined `input!` macro being called to take certain inputs for `y`, `b`, and `r`.\nThe part where the code manipulates and calculates `my`, `mb`, and `mr` seems syntactically correct and adheres to logical constructs of Rust.\nFinally, the call to `println!` will print the final answer correctly without causing any compilation issue.\nTherefore, analyzing all parts of the code step-by-step, we can conclude that the code does not generate any compilation error.", "answer": "False"}, {"reasoning": "To determine if the given code generates a compilation error or not, we need to analyze the code step by step.\n\n1. **Macro Definition**: The `readln!` macro is defined with three different patterns. It appears to allow reading input as a string, parsing a single value of a specified type, or parsing multiple whitespace-separated values of specified types. The use of nested macros is a bit non-standard, but it's syntactically correct.\n\n2. **Imports and Main Function**: The `main` function uses the `readln!` macro to read three `i32` values. The macro invocation syntax is correct. The values `y`, `b`, and `r` should be read correctly if the input is formatted as expected.\n\n3. **Tuple Assignments and Conditionals**: Several tuple assignments compute modified versions of `y`, `b`, and `r`. The code then checks conditions and prints the sums of selected tuples.\n\n4. **Type Checking**: The variables are all `i32`, and the operations performed are valid for `i32`.\n\n5. **Standard Library Usage**: The code uses `std::io::stdin().read_line`, which is correctly imported and used.\n\nAfter reviewing the code, there are no syntax or type errors. All Rust-specific constructs, like macros and tuples, are correctly implemented.\n\nHence, the code does not generate any compilation errors.", "answer": "False"}, {"reasoning": "Let's evaluate the code step by step from a creative perspective:\n\n1. The code begins with importing the necessary standard libraries: `std::char`, `std::fs::File`, and `std::io::Read`. These ensures that handling of character operations, file operations, and reading capabilities are supported.\n\n2. Next, the code contains a commented-out function `pow_speedt_with_mod`. Since it's commented out, it is inert in terms of execution and won't affect the compilation process.\n\n3. The `main` function defines some initial variables: `inputstatus`, `buf`, and `filename`. It then contains conditional file reading logic based on `inputstatus`. If `inputstatus` is 0, it attempts to open and read from `filename`, otherwise reads from `stdin`.\n\n4. It then processes the string `buf` by splitting into whitespace-separated components, extracts numeric `n`, initializes some counters and vectors. It proceeds with a transformation on string `s` and fills the `words` vector.\n\n5. Finally, the code contains conditionals to print ", "NO": ", correctly.\n\nThere don't appear to be any syntactical or logical errors that would prevent compilation based on the given code.\n\nThus, the final conclusion is that the code doesn't generate a compilation error.", "answer": "False"}, {"reasoning": "The code defines and ensures the stdin constant is set. However, there is a missing semicolon at the end of the define function. This will generate a syntax error during compilation.\n\nStep-by-step reasoning:\n1. The code snippet starts with a comment and then an if statement.\n2. The if statement checks if 'STDIN' is not defined and, if so, defines 'STDIN'.\n3. Inside the define function, there is a missing semicolon at the end.\n4. This missing semicolon will cause a syntax error during compilation.\n\nTherefore, the code will generate a compilation error.", "answer": "True"}, {"reasoning": "First, I see if there is any missing semicolon in code. I spot that after echo $input_line, it is missing, which will raise a syntax error.\nSecond, I verify if function 'split' can be used. In PHP 7.0.0 it's deprecated and may raise error.\nThird, fwrite should have second argument of 'stream' which is missing here.\nFourth, $coly is declared but echoed as $colx, hence variable mismatch error.\nHence, I found multiple errors which will raise compilation errors.", "answer": "True"}, {"reasoning": "The PHP code provided contains two opening PHP tags, which is incorrect syntax. Specifically, the code has '<?php' twice at the beginning. This will cause a compilation error as PHP will interpret this as an unexpected token.", "answer": "True"}, {"reasoning": "Let's break down the analysis into steps:\n\n1. **Check function `howMuch` definition**: The function is defined correctly but it uses `parseInt()` which is not a valid PHP function. This should be `intval()`. This will cause a compilation error.\n\n2. **Check use of `file_get_contents`**: This function call is correct and valid in PHP for reading from standard input.\n\n3. **Check `explode` function call**: This function is used correctly to split a string by spaces.\n\n4. **Check usage of `$data` array**:\n- Correct access of `$data[0]` and `$data[2]`.\n- Incorrect access of `$data[]`. `$data[]` is not valid syntax and will cause a compilation error. This should be `$data[1]`.\n\nBased on these steps, the code contains syntax and function call errors which will prevent it from compiling.", "answer": "True"}, {"reasoning": "To determine whether the code generates a compilation error, let's break it down step by step:\n\n1. The `<?php` and `?>` tags are correctly placed at the beginning and end of the PHP code, indicating that this is indeed a PHP script.\n\n2. The `fsanf(STDIN, %d, $m);`, `fsanf(STDIN, %d, $n);`, and `fsanf(STDIN, %d, $a);` lines have a typo. The correct function name in PHP is `fscanf`, not `fsanf`. This typo will generate a compilation error.\n\n3. The rest of the code appears to be syntactically correct. It reads three integers from standard input and uses `ceil()` to calculate and print a mathematical expression.\n\nBased on the above reasoning, the code will generate a compilation error due to the typos in the `fscanf` function name.", "answer": "True"}, {"reasoning": "To determine if the PHP code generates a compilation error, we must first analyze the code step by step. \n\nThe code begins with list($n, $m, $a) = fgets(STDIN); which attempts to read input from STDIN and assign the values to $n, $m, and $a. However, fgets(STDIN) returns a single string value, not an array, which causes an inconsistency when trying to unpack into multiple variables.\n\nThen the print statement has incorrect syntax for formatting; PHP uses a different syntax for printing formatted strings.\n\nGiven these issues, it is clear the code will generate a compilation error. \n\nFinal answer: True", "answer": "True"}, {"reasoning": "Step 1: Analyze the given PHP code for syntax errors.\nStep 2: Identify that there is an extra closing curly brace '}' after the fopen statement, which is incorrect syntax.\nStep 3: Recognize that due to this syntax error, the code will generate a compilation error.\n\nConclusion: The code has a compilation error due to an extra closing curly brace '}' after the fopen statement.", "answer": "True"}, {"reasoning": "Breaking down the code step by step:\n\n1. `list($a,$b,$c) = fscanf(STDIN,\"%d %d %d\");` - This line attempts to read three integer values from the standard input. The function fscanf() returns the values required and assigns them to $a, $b, and $c.\n\n2. `bcdiv($a,$c,0)` - This function performs division using the `BCMath` library, which is used for arbitrary precision mathematics in PHP. The third parameter, `0`, is the scale, which specifies the number of digits after the decimal point in the result. Here, it means rounding the result to the nearest integer (this behavior is correct). The same applies to `bcdiv($b,$c,0)`.\n\n3. The arithmetic operations in the statement `($a/$c + 1) * ($b/$c + 1)` are correctly formatted and in line with PHP syntax.\n\n4. `echo $fin` - This line outputs the final result.\n\nUpon combining all these steps, the code is syntactically correct and does not generate any compilation errors.\n\nFinal answer: False", "answer": "False"}, {"reasoning": "Let's examine the PHP code step by step: \n\n1. The function `fscanf(STDIN, \"%d %d %d\\n\", $n, $m, $a);` reads three integers from standard input into variables $n, $m, and $a. This line is syntactically correct.\n\n2. The first `if` statement checks if $n is perfectly divisible by $a. If true, $count is set to $n / $a. Otherwise, $count is set to $n / $a + 1. This logic is correct, but there could be a need to type cast to an integer.\n\n3. The second `if` statement seems logically flawed. Instead of comparing `$m / $a == 0`, it should be comparing `$m % $a == 0` to correctly check for perfect divisibility. The statement inside `if` has a syntax error: there is an extra closing parenthesis `)`.\n\n4. There's a semantic error in the else statement: it may require using integer division for proper logic. Additionally, the multiplication operation inside might need an explicit type cast for preventing floating-point results.\n\n5. Lastly, `echo $count.\"\\n\";` correctly prints the calculated $count value followed by a newline.\n\nThus, the code contains both syntax and logical errors that will cause a compilation error.\n", "answer": "True"}, {"reasoning": "Let's first break down the process and reason if the code generates a compilation error or not:\n1. Analyze the function definition: The function 'flagstone' is correctly defined with three parameters, and it uses the 'ceil' function which is part of PHP's standard library.\n2. Check the input reading: The 'fscanf' function is used to read inputs from 'STDIN', which is valid in PHP for command-line programs.\n3. Analyze the function call and print statement: The 'flagstone' function is called correctly with the proper arguments, and its return value is stored in '$result'. However, there's an issue in the 'echo' statement. The correct way to print a value after performing bitwise operations is using parentheses properly for the operation first, then concatenation in PHP. This part of the code seems to be missing the correct syntax.\n4. The 'echo' statement 'echo ($result>>16)$result;' should result in a parsing error due to incorrect syntax used for concatenation with the bitwise operation.\nTherefore, the code will generate a compilation error due to the improper 'echo' statement.\n", "answer": "True"}, {"reasoning": "Let's dive into the beauty of code as an artist. We start by carefully studying the canvas (the PHP code) to identify any splashes that could create a compilation error.\n\n1. Open the main frame with '<?php', and close with '?>'. This is perfect.\n2. Examine the fscanf function which reads three integers from STDIN into variables $n, $m, $a. It appears well-structured.\n3. Next, check the logic for calculating $count. It logically handles the modulo and division operations with proper typecasting to integer. Beautifully executed.\n4. Finally, inspect the printf statement. We see 'printf number_format($count, 0);', which is incorrect because there is no comma between 'printf' and 'number_format' and the syntax for using 'printf' with 'number_format' is not used correctly.\n\nThus, the paintbrush pauses here and we realize there is a compilation error due to the incorrect 'printf' statement.\n\nThe final stroke:\n", "answer": "True"}, {"reasoning": "First, looking at the initialization of variables.\nThe variable `$output` is assigned a value of `1000000000000000` without a semicolon at the end of the line. This is a syntax error.\nDue to this syntax error, the code will generate a compilation error.", "answer": "True"}, {"reasoning": "Let's look at the flow of the code step by step:\n\n1. Read and trim the input values for variables `n`, `m`, and `a` from `STDIN`.\n2. Use the `ceil` function to round up the results of some calculations for variables `n` and `m`.\n3. Calculate `$hasil` by multiplying `$n` and `$m`.\n4. Output the value of `$hasil`.\n\nUpon closer inspection, it\u2019s clear that there is a minor syntax error in the code at line 10 where `$hasil=$n * *m;` should be `$hasil=$n * $m;`.\n\nThis leads to a conclusion that the code will generate a compilation error.", "answer": "True"}, {"reasoning": "Let's start by examining the code step by step:\n\n1. `list($n, $m, $a) = fgets(STDIN);` - This line reads a line of input from the standard input (STDIN) and attempts to assign it to the variables `$n`, `$m`, and `$a` using the `list()` function.\n2. `fgets(STDIN);` - The `fgets` function reads a line from the standard input. It returns the line as a string.\n3. `list($n, $m, $a) = ...` - The `list()` function is used to assign values to multiple variables in one operation. However, `fgets` returns a single string, not an array. This will cause a compilation error because `list()` expects an array.\n\nDue to this, the code will generate a compilation error.\n\nFinal answer: True", "answer": "True"}, {"reasoning": "Let's break down the provided PHP code step by step to see if it generates a compilation error.\n\n1. The code begins with the declaration of input and output file handlers (`$fileIN` and `$fileOut`) using `fopen`. This part of the code is correct.\n2. There's commented-out code which doesn't affect the compilation.\n3. The values for `$n`, `$m`, and `$a` are fetched using `fgets` and `explode`. This is valid.\n4. The result `$rs` is calculated using `ceil` functions on `$n` and `$m`, and the multiplication result is written to `$fileOut` using `fwrite`. These functions are correctly implemented.\n5. There's a minor syntax error in the `number_format` function usage. The ending semicolon within `fwrite` should be removed.\n\nBecause the ending semicolon inside `fwrite` usage in the `number_format` function causes a syntax error, the code will not compile.\n\nTherefore, the code generates a compilation error.", "answer": "True"}, {"reasoning": "Let's break down the checking process into creative steps:\n1. Analyzing syntactic structure: The code contains a PHP opening tag `<?php`, and a closing tag is not required, so it's fine syntactically.\n2. Variable initialization: The `$input` variable is declared and initialized using `explode` and `trim` functions which are correctly used for reading and splitting input.\n3. Condition checking: The condition `if($input[0]==$input[1]==$input[3])` seems incorrect. In PHP, the comparison `==` does not work in chains. It should be split into two separate conditions like `$input[0] == $input[1] && $input[1] == $input[3]`.\n4. Function usage: The `ceil` and `echo` functions are correctly used and should work fine. Therefore, the code has a logical error in the conditional statement.\n\nFinal conclusion is that the code generates a compilation error.", "answer": "True"}, {"reasoning": "The code provided has multiple issues:\n1. There is a missing comma between the variables `$m`, `$n`, and `$a` in the `fscanf` function. It should be `fscanf(STDIN, \"%d %d %d\", $m, $n, $a);`.\n2. The `ceil(%m/$a)` is incorrect syntax. It should be `ceil($m/$a)`.\n3. The same error is repeated: `ceil(%m/$a)` should be `ceil($n/$a)`.\n\nDue to these syntax errors, the code will generate a compilation error.", "answer": "True"}, {"reasoning": "First step is to examine the code line by line for potential syntax errors.\nOn line 3, we see $output = 1000000000000000 which is missing a semicolon, resulting in a syntax error.\nSubsequent lines up to the end involve valid operations including file handling, condition checks with modulo and floor functions, array manipulations, and calculations.\nGiven the absence of a semicolon on line 3, it is clear that this line will generate a compilation error.\nTherefore, the final answer is True.", "answer": "True"}, {"reasoning": "First, we read the input for three integers $n, $m, and $a using the fscanf function. This step does not generate a compilation error as the syntax is correct.\n\nNext, the code computes the number of times $a fits into $n while considering the leftover part.\n\nSimilarly, it calculates the number of times $a fits into $m, adjusting for any leftover part.\n\nFinally, the printf function attempts to use number_format to output the result, which is a potential source of error since number_format should be used inside the printf function.\n\nHowever, there is an issue in the use of printf as it does not call the correct formatting method number_format correctly.\n\nGiven the correct syntax to handle printf, an error will occur.\nThe use of printf does not correctly call the number_format method.", "answer": "True"}, {"reasoning": "Let's examine the provided PHP code step-by-step to check if it generates a compilation error.\n\n1. The first line sets $output to a large integer value.\n2. The next line attempts to open a standard input (stdin) stream for reading.\n3. Then, it reads a line from stdin and splits it into an array by spaces using 'explode()'.\n4. The first 'if' statement checks if the first element of $input is divisible by the third element and performs some arithmetic operations.\n5. The second 'if' statement does a similar check and divides the second element of $input by the third.\n6. Finally, $output is set to the product of the modified first and second elements of $input, and it prints the binary equivalent of $output using 'printf()'.\n\nThe key issue here is that line 2 is missing a semicolon at the end, which will lead to a compilation error. Therefore, the code has a compilation error.", "answer": "True"}, {"reasoning": "Let's break down the code into steps and identify potential compilation errors:\n1. Opening a handle to stdin using fopen() should not cause a compilation error.\n2. Reading a line from the input using fgets() should not cause a compilation error.\n3. Using list() to assign variables from split() is problematic because split() is deprecated in PHP and should be replaced with explode().\n4. Converting the split strings to integers should not cause a compilation error. \n5. Calculating the values of $colX and $coly using floor division and the conditional increment should not cause a compilation error.\n6. Closing the handle using fclose() should not cause a compilation error.\n7. Missing semicolon after the statement \"$answer = $colX * $coly\" causes a compilation error.\n8. The echo statement should not cause a compilation error.\n\nTaking these steps into account, the code as presented does generate a compilation error due to the use of split() and the missing semicolon.\n\nFinal answer: True", "answer": "True"}, {"reasoning": "First, we see that the code is a PHP script. It reads three space-separated values from the standard input and splits them into three variables: `square_width`, `square_height`, and `tile_dimension`. The code then attempts to calculate the number of tiles needed to cover the defined square area.\n\nThe expression to calculate the number of needed tiles uses the `ceil` function to determine the number of tiles required for each dimension. However, there's a syntax error in the line where `$needed_tiles` is assigned. The (int) type casting is incorrectly placed within the line instead of being correctly applied to the final value. It should be cast after the calculation, rather than at the end of the calculation as a separate expression. Therefore, this code will generate a compilation error.\n\nFinal answer: True", "answer": "True"}, {"reasoning": "Let's break down the code to determine if it will compile successfully:\n\n1. The `fscanf(STDIN, %d %d %d, $m, $n, $a);` line is intended to read three integers from the standard input. However, the correct format specifier in PHP for `fscanf` should be within quotes, like `%d %d %d`.\n2. The variables `$width` and `$height` are calculated using the `ceil` function, which is correct.\n3. Lastly, the `printf` function is used to output the result, which is also correct.\n\nThe mistake in the `fscanf` function format specifier will cause a compilation error.\n\nFinal Answer: True", "answer": "True"}, {"reasoning": "First, let's break the code into meaningful pieces:\n\n1. `list($n, $m, $a) = fgets(STDIN);`\nThis statement reads a line from the standard input (STDIN) and attempts to assign its values to the variables $n, $m, and $a. However, `fgets(STDIN)` returns a single string instead of an array of elements. The `list` function would not be able to split this string as intended.\n\n2. `print(\"%.0f\", ceil($n/$a)*ceil($m/$a));`\nEven if the first issue is fixed, this line tries to format the output using a comma instead of a period, which is incorrect in PHP.\n\nDue to these errors, the code will generate a compilation error.\n\nFinal answer: True", "answer": "True"}, {"reasoning": "The code provided has a simple syntax error in the arithmetic expression for calculating the variable $r. Specifically, there is a misplaced parenthesis in the expression. The corrected expression should be: $r = (($n+$a-1)/$a)*(($m+$a-1)/$a);.\nWith this correction, the code will not generate a compilation error as PHP allows arithmetic operations and output statements with echo.\nThe final answer depends on whether this correction is made or not.\nThe given code indeed has a compilation error due to the syntax mistake.\n", "answer": "True"}, {"reasoning": "Let's break down the code step by step:\n\n1. The code opens a stream to read input from stdin and stores it in the variable `$stdin`.\n2. It reads an integer value from stdin and stores it in the variable `$ar_count`.\n3. It reads two lines from stdin and stores them in the variables `$first` and `$second`.\n4. It then explodes the strings `$first` and `$second` into arrays.\n5. It calculates the sum of the elements in the arrays `$first` and `$second` using `array_sum`.\n6. It compares the sums and prints 'Yes' if the sum of `$first` is greater than or equal to the sum of `$second`, otherwise it prints 'No'.\n\nThere are no syntax or logical errors in the code. It should compile and run correctly.", "answer": "False"}, {"reasoning": "Let's review the different components of the PHP code to determine if it would lead to a compilation error:\n\n1. **Input Statements**: The code reads three pieces of input from `STDIN`:\n   - `$a = trim(fgets(STDIN));`: An integer value.\n   - `$b = explode(\" \", trim(fgets(STDIN)));`: An array of space-separated values.\n   - `$c = explode(\" \", trim(fgets(STDIN)));`: Another array of space-separated values.\n\n2. **Variable Declarations**: Variables `$d` and `$e` are initialized to `0`.\n\n3. **For Loop**: The code contains a `for` loop that iterates from `0` to `$a-1`.\n\n4. **Conditionals Inside the Loop**: The loop contains `if-else` statements that compare corresponding elements of arrays `$b` and `$c` and update the values of `$d` and `$e` based on these comparisons.\n\n5. **Final Conditional and Output**: After the loop, the code checks if `$d` is less than or equal to `$e` and prints \"Yes\"; otherwise, it prints \"No\".\n\nLet's check for potential compilation issues:\n   - **Syntax**: The syntax appears to be correct.\n   - **Variable Types**: The variable `$a` is correctly assumed to be an integer, while `$b` and `$c` are arrays. \n   - **Array Indexing**: The code correctly assumes that the arrays will have at least `$a` elements.\n\nBased on this analysis, the code should not generate a compilation error.\n", "answer": "False"}, {"reasoning": "Let's dissect the given PHP code step by step to determine if it generates a compilation error.\n1. The code begins by reading three lines of input.\n   - `$a` is assigned the first input, trimmed.\n   - `$b` and `$c` are arrays created by splitting the second and third inputs, respectively.\n2. It initializes two variables `$d` and `$e` to zero.\n3. A for loop runs from zero to `$a-1`, comparing elements of arrays `$b` and `$c`.\n   - If an element in `$b` is less than the corresponding element in `$c`, `$d` is incremented.\n   - If an element in `$b` is greater than the corresponding element in `$c`, `$e` is incremented.\n4. After the loop, an if-else structure prints \"Yes\" if `$d` is less than `$e`, otherwise it prints \"No\".\n---\nThere are no syntax errors, type mismatches, or undefined variables/functions. The code should compile and run correctly in a PHP environment.\nThe final answer, considering the reasoning steps, is:", "answer": "False"}, {"reasoning": "Step 1: The code begins by using file_get_contents to read data from 'php://stdin'. This is valid syntax and will not cause a compilation error.\n\nStep 2: The data is exploded into an array using the newline character as the delimiter. Again, this is valid syntax and will not cause a compilation error.\n\nStep 3: The variables $first and $second are created by exploding the strings from the $data array at index 1 and index 2, respectively, using a space as the delimiter. This will not cause a compilation error.\n\nStep 4: The array_sum() function is used to sum the values of the $first and $second arrays, and an if-else statement determines whether to echo 'Yes' or 'No' based on the comparison. This is all valid syntax and will not cause a compilation error.\n\nIn conclusion, the provided PHP code does not contain any syntax errors that would lead to a compilation error.", "answer": "False"}, {"reasoning": "Let's review the code step by step for any potential issues that might result in compilation errors.\n\n1. The code starts by defining an empty array `$t`, but does not use it anywhere in the script. While this is unnecessary, it will not result in a compilation error.\n\n2. The `list($n)` function call obtains the first value from the STDIN input split by a space. This assumes that the input is well-formed and contains at least one value. If the input is malformed, this function call may result in an error, but not a compilation error.\n\n3. The code expects four lines of input, each split into appropriate variables using `list`. This will only result in an error if the input format is incorrect.\n\n4. The core logic involves variable assignments and conditional checks regarding `$ans1`, `$ans2`, and `$ans3`. These are straightforward and valid.\n\n5. The code correctly employs `echo` to output the results.\n\nThere are no syntactical errors in the code provided. Therefore, it will not generate a compilation error.\n\nFinal conclusion: False", "answer": "False"}, {"reasoning": "Let's break down the given code step by step and identify potential issues that could lead to a compilation error in PHP:\n\n1. The PHP tags at the beginning and end of the code are correctly placed.\n2. The uses of `trim` and `fgets` are correctly placed to read inputs from STDIN. \n3. The uses of `explode` to split the input variables are correctly used.\n4. The arithmetic operations and comparisons (`>=` and `<=`) are syntactically correct.\n5. The print statement is correctly used to output the variables.\n6. The variables are being read from STDIN and seem properly assigned before usage.\n7. There is no syntax error or misplaced brackets or parentheses.\n\nTherefore, the given PHP code should not generate any compilation errors.", "answer": "False"}, {"reasoning": "Let's break down the PHP code step by step to see if any compilation errors are present.\n\n1. The `list` function is used to assign variables from an array of values produced by splitting the input string. This seems correct syntactically.\n2. The variable `$d` is assigned another array by splitting the next input string. This also looks syntactically correct.\n3. The variable `$e` is assigned the product of `$b` and `$c`, which should work fine as long as `$b` and `$c` are valid numeric values.\n4. The variable `$f` is initialized to `0`, which is syntactically correct.\n5. A for loop runs from `0` to `$a - $b - 1`, adding values from array `$d` to `$f`. This seems correct provided that the indices accessed are within the bounds of array `$d`.\n6. Finally, the sum of `$e` and `$f` is printed. This is syntactically correct.\n\nConsidering all the steps mentioned, there are no compilation errors in the code.\n\nThe final answer is: False", "answer": "False"}, {"reasoning": "1. The code uses PHP syntax and constructs.\n2. Variables are initialized and used correctly, using appropriate PHP syntax and functions.\n3. The logical structure of the code (if-else conditions, while loop) follows appropriate PHP practices.\n4. The code makes use of built-in PHP functions like 'trim', 'fgets' and 'intdiv', which are valid and correctly used.\n5. There are no syntax errors identified in the provided PHP code.\nThus, the code does not generate a compilation error based on the given analysis.", "answer": "False"}, {"reasoning": "Let's analyze the PHP code provided step by step: \n1. The code reads a line from standard input (STDIN) using 'fgets'.\n2. It trims any whitespace from the input using 'trim'.\n3. The 'explode' function splits the trimmed input into parts divided by a space.\n4. The variables '$a' and '$b' are assigned the first and second parts of the exploded array respectively.\n5. It checks whether the two variables are equal.\n6. If they are equal, it prints the value of '$a'. Otherwise, it prints '2'.\nThe code uses valid PHP syntax and logic for the operations described. Since the code does not have any syntactic errors or invalid operations, it will not generate a compilation error.", "answer": "False"}, {"reasoning": "Let's break down the reasoning into steps to determine if the given PHP code generates a compilation error or not:\n\n1. Checking Syntax: The PHP syntax appears to be correct. The code uses standard PHP constructs such as variable assignment, `for` loop, `if` and `elseif` conditions, and the `print` statement.\n\n2. Input Handling: The code makes use of `trim(fgets(STDIN))` to read inputs. This function is used to read input from the standard input and trim any whitespace characters. It is valid and commonly used in PHP scripts.\n\n3. Variable Initialization: The variables `$a`, `$b`, and `$c` are initialized properly. The variable `$d` is calculated as `$a - $c`, which is a simple arithmetic operation.\n\n4. Loop Logic: The `for` loop iterates from `0` to `$a - 2`. The conditions inside the loop check pairs of characters in the string `$b` and increment the counter `$c` when the specified pairs are found. The loop implementation is correct.\n\n5. String Access: The code accesses characters in the string `$b` using the array index notation. This is a valid way to access individual characters in a string in PHP.\n\nBased on the above analysis, there are no apparent syntax errors or misuses of PHP constructs in the given code. Therefore, the code should not produce a compilation error.\n\nFinal Answer: False", "answer": "False"}, {"reasoning": "The given PHP code defines a function `suma` to calculate the sum of the digits of a number, reads input from STDIN, and performs a calculation based on the input. Let's break down the code to check for compilation errors:\n\n1. The `suma` function uses `strlen($number)` and `substr($number, $u, 1)` to sum the digits of `$number`. Since `$number` is expected to be a string, this is correct.\n\n2. The `$line` variable reads input using `fgets(STDIN)`, which is correct for reading input in a CLI PHP script.\n\n3. Other calculations and loops are correctly formatted without syntax errors.\n\n4. Echo statements and loops to print results are correctly used.\n\nConsidering the above steps, there shouldn't be any compilation errors in the given PHP code.", "answer": "False"}, {"reasoning": "Let's break down the given PHP code and examine if it generates any compilation errors.\n\n1. The code starts by reading input using trim and fgets functions. This is a normal and valid use case in PHP for getting input from stdin.\n2. An empty array $b is initialized. No issues here.\n3. The for loop runs from $a-1 to the maximum of 1 or $a-1-100000. This syntax is correct and should not generate any compilation errors.\n4. Inside the loop, str_split and array_sum functions are used, which are valid functions in PHP for splitting a string into an array and summing the elements of an array, respectively.\n5. The if condition checks the equality of $a and $e, and pushes elements into the array $b. Valid syntax and operations.\n6. After the loop, another conditional statement checks the count of the array $b and performs print operations accordingly, which is valid.\n\nConsidering all these steps, there are no apparent syntax errors or invalid operations in the code. Therefore, the code should not generate any compilation errors.", "answer": "False"}, {"reasoning": "The code performs various operations such as reading input from STDIN, performing loops, manipulating arrays, and printing output. The syntax used in the code is valid PHP syntax. Variables are correctly declared, and functions such as trim(), fgets(), str_split(), array_sum(), and implode() are standard PHP functions. There are no syntax errors or missing semicolons that would cause a compilation error. Therefore, the code does not generate a compilation error.", "answer": "False"}, {"reasoning": "Let's break down the code step-by-step to determine if it generates a compilation error.\n\n1. The code starts with `<?php`, indicating that it's a PHP script. PHP is a scripting language that doesn't require compilation but runs interpretively.\n\n2. The line `$a = trim(fgets(STDIN));` reads input from the standard input and trims any whitespace. This line does not cause any compilation errors.\n\n3. `$b = array();` initializes an empty array. This is syntactically correct in PHP.\n\n4. The `for` loop is correctly structured in PHP. It decrements `$x` from `$a - 1` to either 1 or `$a - 100000`, whichever is greater. The loop structure does not cause any errors.\n\n5. Within the `for` loop, `$c = str_split($x);` splits the number into its individual digits. This is valid.\n\n6. `$d = array_sum($c);` calculates the sum of the digits, which is valid PHP code.\n\n7. `$e = $x + $d;` adds the sum of the digits to the original number. This is valid.\n\n8. The `if` statement `if($a == $e)` checks if the condition holds true and adds `$x` to the array `$b` if it does. This is syntactically correct.\n\n9. The condition `if(count($b) == 0)` checks if the array `$b` is empty and prints `0` if true. Otherwise, it prints the count of elements in `$b` and the elements joined by spaces. This is all valid PHP syntax.\n\nSince there are no syntax errors or misused functions or constructs, the code does not generate a compilation error.\n\nThe final answer is False.", "answer": "False"}, {"reasoning": "Let's break down the PHP code step by step and check for any potential compilation errors:\n1. The function `trim(fgets(STDIN))` reads input from the standard input and trims any whitespace from it. This should not cause a compilation error.\n2. The `if` statement checks if the length of the input string is 1. This is a valid condition and should not produce any errors.\n3. Inside the `if` block, it simply prints the input string. This is a valid operation.\n4. Inside the `else` block, the code performs several operations:\n   - `$b = strlen($a) - 1;` calculates the length of the input string minus 1. This is valid.\n   - `$c = implode(array_fill(0, $b, 9));` fills an array with the digit 9, for `$b` times, and then joins this array into a string. This is valid.\n   - `$d = $a - $c;` subtracts the string `$c` from the variable `$a`. This operation might cause an issue if `$a` and `$c` are not properly converted to integers. However, in PHP, the interpreter usually handles such conversions in arithmetic operations without causing a compilation error.\n   - `$e = str_split($d);` splits the resulting difference (`$d`) into an array of its digits. This is valid.\n   - `$f = $b * 9 + array_sum($e);` calculates a final result by adding the sum of the array `$e` to `$b` multiplied by 9. This is valid.\n   - `print $f;` prints the final result. This is valid.\nIn conclusion, the code does not have any syntax errors, and PHP's implicit type conversions should handle any potential issues with arithmetic operations.\n\nThus, the code does not generate a compilation error.", "answer": "False"}, {"reasoning": "The provided PHP code reads two values as input, calculates $c and $d, and compares them. The syntax and functions used seem correct.\n\nSteps:\n1. Uses `explode` and `trim` functions correctly to read and split input.\n2. Calculates $c and $d using mathematical operations.\n3. Compares $c and $d and prints the result correctly.\n\nThere are no syntax errors in the code, and it should compile and execute without errors.", "answer": "False"}, {"reasoning": "Let's embark on an artistic journey to understand whether the PHP code generates a compilation error.\n\n1. We begin our adventure by inspecting the 'list' function which splits the given values into $x and $y from the input stream. This function is valid and correctly used.\n\n2. Next, we analyze 'explode' which also works perfectly, breaking a string into an array. This function is also valid and used correctly here.\n\n3. We see 'fgets(STDIN)' capturing input from the standard input stream, a common technique for reading user input in PHP, and it's also used correctly.\n\n4. The 'log' functions are mathematics-perfect and used accurately to gather the logarithmic values of $x and $y.\n\n5. The 'if-else' ladder seems to be crafted with precision, evaluating mathematical expressions and echoing the respective output correctly.\n\nEach step is like a brushstroke painting a canvas perfectly. There are no syntax errors or forbidden constructs, making our final conclusion harmonious.\n\nThus, this artistic investigation concludes that the PHP code does not generate a compilation error.", "answer": "False"}, {"reasoning": "Let's analyze the given PHP code step by step to check for any compilation errors.\n\n1. The function `explode()` is used correctly. It splits the input based on the space character.\n2. `trim(fgets(STDIN))` gets a trimmed input from the user, which is correct.\n3. Assigning the result of `explode()` to the list variables `$a` and `$b` using `list()` is correct.\n4. Using `bcpow($a, $b)` and `bcpow($b, $a)` to calculate the power of big integer values is syntactically correct.\n5. The conditional statements `if`, `elseif`, and `else` are correctly formed to compare `$c` and `$d`.\n6. The `print` statements to output `<`, `=` or `>` are syntactically correct.\n\nBased on this analysis, the code does not have any compilation errors.", "answer": "False"}, {"reasoning": "1. Begin by analyzing each line to ensure all PHP syntax rules are adhered to.\n2. The `list` function is used to assign values to variables, and it correctly uses the `explode` function.\n3. The `trim` and `fgets` functions are used to get standard input, which is valid.\n4. Arithmetic operations and variable assignments are handled properly.\n5. Conditional statements and loops are correctly formatted.\n6. Every `if` statement has a matching closing bracket.\n7. There are no syntax errors or missing semicolons.\n8. Considering all above points, the code appears correct and thus does not produce a compilation error.", "answer": "False"}, {"reasoning": "Let's approach this code step by step, like an artist carefully examining each stroke of a painting.\n\n1. The initial step takes input from the user and splits it into components $a, $b and $c, $d using explode and trim functions.\n2. Variable $e is calculated by finding the difference in minutes between the two times and dividing that by 2.\n3. A conditional check evaluates whether $e is greater than or equal to 60.\n4. Inside the if block, $f is assigned the remainder of $e divided by 60, while $g is calculated using floor of $e divided by 60.\n5. Two potential issues become apparent: Firstly, $h upon inspection is not defined anywhere in the code.\n6. Secondly, variable $b is incremented by $h which is not initialized leading to a further compilation error.\n\nThus given the analysis, there are errors in the code stemming from the use of an undefined variable.", "answer": "True"}, {"reasoning": "Step 1: The code starts with reading two line inputs using fgets() function and the output of fgets() is then trimmed before being processed by the explode() function.\n\nStep 2: The explode() function will split these input strings based on colons and assign values to variables $a, $b, $c, and $d. This suggests that the input should be formatted in the HH:MM format.\n\nStep 3: A new variable $e is calculated which is the half of the difference in minutes between time $c:$d and time $a:$b.\n\nStep 4: Based on the value of $e, which is the midpoint in minutes, calculations are performed to update the values of $a and $b, ensuring proper time formatting and considering possible overflow of minutes into hours.\n\nStep 5: The final output is formatted and printed as HH:MM.\n\nThere do not appear to be any syntax or logical errors that would result in a compilation error. The variables and functions are properly used, and the code adheres to the PHP language rules.\n\nConclusion: The code does not generate a compilation error.", "answer": "False"}, {"reasoning": "First, we need to analyze the code to identify any syntactical errors.\n1. The code starts with '<?php' indicating the beginning of a PHP script.\n2. Using the 'list()' function, the code assigns values from the 'explode()' function to $a, $b, $c, and $d.\n3. 'explode()' function breaks the string using ':' as delimiter. 'trim(fgets(STDIN))' is used to read input from the standard input.\n4. '$e' is calculated using arithmetic expressions involving the variables.\n5. The 'if' condition checks if $e >= 60 and appropriate conversions are done inside the block.\n6. 'floor()' is used to get the integer part of a division.\n7. The code modifies $a and $b accordingly and prints the result using 'print'.\n8. The 'else' block modifies $b and the formatted values of $a and $b are printed.\n9. There are no missing semicolons or syntax errors in the code.\nThe code follows correct PHP syntax and logic without errors or inconsistencies.\n", "answer": "False"}, {"reasoning": "To determine if the code generates a compilation error, we should analyse the following aspects step by step:\n1. Syntax: Verify if the PHP code contains any syntax errors.\n2. Variables: Ensure all variables are defined and used correctly.\n3. Functions: Verify that all functions used are available and correctly implemented.\n4. Flow: Check if the logical flow is coherent and does not lead to errors.\n5. Edge cases: Verify that the code handles edge cases adequately.\n\nLet's proceed with the analysis:\n1. Syntax: PHP has a defined syntax for variable assignments, functions, and conditional structures. The code here uses these constructs correctly.\n2. Variables: From $a, $b, $c, $d, $e, $f, $g, to $h, all variables are defined and used properly within the code.\n3. Functions: The code relies on 'explode', 'trim', 'fgets', 'floor', 'strlen', and 'print', which are all valid PHP functions and implemented correctly.\n4. Flow: The logical flow is based on time calculations and conditionals. The code encompasses valid operations and condition handling.\n5. Edge Cases: The code handles minute additions and formatting correctly, including cases where minutes equal 60.\n\nConsidering all these aspects, the code does not contain elements that would trigger a compilation error.", "answer": "False"}, {"reasoning": "To determine if the code generates a compilation error, we need to examine its syntax closely. PHP code will generate a compilation error if there are syntax issues like missing semicolons, mismatched brackets or incorrect function calls. In the provided code: \n1. The 'list' and 'explode' functions are used correctly. \n2. Mathematical operations and logical conditions are accurately executed. \n3. String manipulation using 'strlen' and concatenation is properly handled. \nAfter examining the code, we conclude that there are no syntax errors. Thus, it doesn't generate a compilation error.", "answer": "False"}, {"reasoning": "1. The code reads two integers $A and $B using the fscanf function.\n2. The code reads two lines from STDIN and stores them in $arrA and $arrB arrays after exploding the space-separated strings respectively.\n3. The code checks if the sum of elements in $arrA is 0 and exits with \"Yes\\n\" if true.\n4. The code then starts a for loop, which should run from 0 to $A-1.\n5. However, there's a mistake in the for loop condition as $A is an integer input and the loop condition should be: for ($i = 0; $i < count($arrA); $i++) {\n6. This mistake will lead to a compilation error.\n7. The rest of the code involves various nested conditions and loops to check certain conditions in $arrA and $arrB, but it won't be reached due to the compilation error in the for loop.\n\nFinal Answer: True", "answer": "True"}]